-- The C compiler identification is GNU 12.3.0
-- The CXX compiler identification is GNU 11.4.0
-- Detecting C compiler ABI info
-- Detecting C compiler ABI info - done
-- Check for working C compiler: /usr/bin/cc - skipped
-- Detecting C compile features
-- Detecting C compile features - done
-- Detecting CXX compiler ABI info
-- Detecting CXX compiler ABI info - done
-- Check for working CXX compiler: /usr/bin/c++ - skipped
-- Detecting CXX compile features
-- Detecting CXX compile features - done
-- Found ament_cmake: 1.3.14 (/opt/ros/humble/share/ament_cmake/cmake)
-- Found Python3: /usr/bin/python3 (found version "3.10.12") found components: Interpreter 
-- Configuring done
-- Generating done
CMake Warning:
  Manually-specified variables were not used by the project:

    DISTRO_ROS
    LIVOX_LIDAR_SDK_ROOT
    ROS_EDITION


-- Build files have been written to: /home/sangyuwan/lidar/build/lidar_bringup
-- Install configuration: "Release"
-- Installing: /home/sangyuwan/lidar/install/lidar_bringup/share/lidar_bringup/config
-- Installing: /home/sangyuwan/lidar/install/lidar_bringup/share/lidar_bringup/config/mid360_config.json
-- Installing: /home/sangyuwan/lidar/install/lidar_bringup/share/lidar_bringup/launch
-- Installing: /home/sangyuwan/lidar/install/lidar_bringup/share/lidar_bringup/launch/mid360_pointcloud.launch.py
-- Installing: /home/sangyuwan/lidar/install/lidar_bringup/share/lidar_bringup/launch/mid360_custom_msg.launch.py
-- Installing: /home/sangyuwan/lidar/install/lidar_bringup/share/lidar_bringup/rviz
-- Installing: /home/sangyuwan/lidar/install/lidar_bringup/share/lidar_bringup/rviz/mid360.rviz
-- Installing: /home/sangyuwan/lidar/install/lidar_bringup/share/ament_index/resource_index/package_run_dependencies/lidar_bringup
-- Installing: /home/sangyuwan/lidar/install/lidar_bringup/share/ament_index/resource_index/parent_prefix_path/lidar_bringup
-- Installing: /home/sangyuwan/lidar/install/lidar_bringup/share/lidar_bringup/environment/ament_prefix_path.sh
-- Installing: /home/sangyuwan/lidar/install/lidar_bringup/share/lidar_bringup/environment/ament_prefix_path.dsv
-- Installing: /home/sangyuwan/lidar/install/lidar_bringup/share/lidar_bringup/environment/path.sh
-- Installing: /home/sangyuwan/lidar/install/lidar_bringup/share/lidar_bringup/environment/path.dsv
-- Installing: /home/sangyuwan/lidar/install/lidar_bringup/share/lidar_bringup/local_setup.bash
-- Installing: /home/sangyuwan/lidar/install/lidar_bringup/share/lidar_bringup/local_setup.sh
-- Installing: /home/sangyuwan/lidar/install/lidar_bringup/share/lidar_bringup/local_setup.zsh
-- Installing: /home/sangyuwan/lidar/install/lidar_bringup/share/lidar_bringup/local_setup.dsv
-- Installing: /home/sangyuwan/lidar/install/lidar_bringup/share/lidar_bringup/package.dsv
-- Installing: /home/sangyuwan/lidar/install/lidar_bringup/share/ament_index/resource_index/packages/lidar_bringup
-- Installing: /home/sangyuwan/lidar/install/lidar_bringup/share/lidar_bringup/cmake/lidar_bringupConfig.cmake
-- Installing: /home/sangyuwan/lidar/install/lidar_bringup/share/lidar_bringup/cmake/lidar_bringupConfig-version.cmake
-- Installing: /home/sangyuwan/lidar/install/lidar_bringup/share/lidar_bringup/package.xml
