[0.008s] Invoking command in '/home/sangyuwan/lidar/build/lidar_bringup': AMENT_PREFIX_PATH=/home/sangyuwan/lidar/install/livox_ros_driver2:${AMENT_PREFIX_PATH} CMAKE_PREFIX_PATH=/home/sangyuwan/lidar/install/livox_ros_driver2:/opt/ros/humble LD_LIBRARY_PATH=/home/sangyuwan/lidar/install/livox_ros_driver2/lib:${LD_LIBRARY_PATH} PYTHONPATH=/home/sangyuwan/lidar/install/livox_ros_driver2/local/lib/python3.10/dist-packages:${PYTHONPATH} /usr/bin/cmake /home/sangyuwan/lidar/src/lidar_bringup -DROS_EDITION=ROS2 -DDISTRO_ROS=humble -DLIVOX_LIDAR_SDK_ROOT=/home/sangyuwan/lidar/third_party/Livox-SDK2/install -DCMAKE_BUILD_TYPE=Release -DCMAKE_INSTALL_PREFIX=/home/sangyuwan/lidar/install/lidar_bringup
[0.055s] -- The C compiler identification is GNU 12.3.0
[0.097s] -- The CXX compiler identification is GNU 11.4.0
[0.104s] -- Detecting C compiler ABI info
[0.162s] -- Detecting C compiler ABI info - done
[0.167s] -- Check for working C compiler: /usr/bin/cc - skipped
[0.167s] -- Detecting C compile features
[0.167s] -- Detecting C compile features - done
[0.169s] -- Detecting CXX compiler ABI info
[0.238s] -- Detecting CXX compiler ABI info - done
[0.243s] -- Check for working CXX compiler: /usr/bin/c++ - skipped
[0.243s] -- Detecting CXX compile features
[0.243s] -- Detecting CXX compile features - done
[0.244s] -- Found ament_cmake: 1.3.14 (/opt/ros/humble/share/ament_cmake/cmake)
[0.346s] -- Found Python3: /usr/bin/python3 (found version "3.10.12") found components: Interpreter 
[0.446s] -- Configuring done
[0.449s] -- Generating done
[0.449s] CMake Warning:
[0.449s]   Manually-specified variables were not used by the project:
[0.449s] 
[0.449s]     DISTRO_ROS
[0.449s]     LIVOX_LIDAR_SDK_ROOT
[0.449s]     ROS_EDITION
[0.449s] 
[0.449s] 
[0.450s] -- Build files have been written to: /home/sangyuwan/lidar/build/lidar_bringup
[0.455s] Invoked command in '/home/sangyuwan/lidar/build/lidar_bringup' returned '0': AMENT_PREFIX_PATH=/home/sangyuwan/lidar/install/livox_ros_driver2:${AMENT_PREFIX_PATH} CMAKE_PREFIX_PATH=/home/sangyuwan/lidar/install/livox_ros_driver2:/opt/ros/humble LD_LIBRARY_PATH=/home/sangyuwan/lidar/install/livox_ros_driver2/lib:${LD_LIBRARY_PATH} PYTHONPATH=/home/sangyuwan/lidar/install/livox_ros_driver2/local/lib/python3.10/dist-packages:${PYTHONPATH} /usr/bin/cmake /home/sangyuwan/lidar/src/lidar_bringup -DROS_EDITION=ROS2 -DDISTRO_ROS=humble -DLIVOX_LIDAR_SDK_ROOT=/home/sangyuwan/lidar/third_party/Livox-SDK2/install -DCMAKE_BUILD_TYPE=Release -DCMAKE_INSTALL_PREFIX=/home/sangyuwan/lidar/install/lidar_bringup
[0.456s] Invoking command in '/home/sangyuwan/lidar/build/lidar_bringup': AMENT_PREFIX_PATH=/home/sangyuwan/lidar/install/livox_ros_driver2:${AMENT_PREFIX_PATH} CMAKE_PREFIX_PATH=/home/sangyuwan/lidar/install/livox_ros_driver2:/opt/ros/humble LD_LIBRARY_PATH=/home/sangyuwan/lidar/install/livox_ros_driver2/lib:${LD_LIBRARY_PATH} PYTHONPATH=/home/sangyuwan/lidar/install/livox_ros_driver2/local/lib/python3.10/dist-packages:${PYTHONPATH} /usr/bin/cmake --build /home/sangyuwan/lidar/build/lidar_bringup -- -j16 -l16
[0.492s] Invoked command in '/home/sangyuwan/lidar/build/lidar_bringup' returned '0': AMENT_PREFIX_PATH=/home/sangyuwan/lidar/install/livox_ros_driver2:${AMENT_PREFIX_PATH} CMAKE_PREFIX_PATH=/home/sangyuwan/lidar/install/livox_ros_driver2:/opt/ros/humble LD_LIBRARY_PATH=/home/sangyuwan/lidar/install/livox_ros_driver2/lib:${LD_LIBRARY_PATH} PYTHONPATH=/home/sangyuwan/lidar/install/livox_ros_driver2/local/lib/python3.10/dist-packages:${PYTHONPATH} /usr/bin/cmake --build /home/sangyuwan/lidar/build/lidar_bringup -- -j16 -l16
[0.493s] Invoking command in '/home/sangyuwan/lidar/build/lidar_bringup': AMENT_PREFIX_PATH=/home/sangyuwan/lidar/install/livox_ros_driver2:${AMENT_PREFIX_PATH} CMAKE_PREFIX_PATH=/home/sangyuwan/lidar/install/livox_ros_driver2:/opt/ros/humble LD_LIBRARY_PATH=/home/sangyuwan/lidar/install/livox_ros_driver2/lib:${LD_LIBRARY_PATH} PYTHONPATH=/home/sangyuwan/lidar/install/livox_ros_driver2/local/lib/python3.10/dist-packages:${PYTHONPATH} /usr/bin/cmake --install /home/sangyuwan/lidar/build/lidar_bringup
[0.499s] -- Install configuration: "Release"
[0.499s] -- Installing: /home/sangyuwan/lidar/install/lidar_bringup/share/lidar_bringup/config
[0.499s] -- Installing: /home/sangyuwan/lidar/install/lidar_bringup/share/lidar_bringup/config/mid360_config.json
[0.499s] -- Installing: /home/sangyuwan/lidar/install/lidar_bringup/share/lidar_bringup/launch
[0.500s] -- Installing: /home/sangyuwan/lidar/install/lidar_bringup/share/lidar_bringup/launch/mid360_pointcloud.launch.py
[0.500s] -- Installing: /home/sangyuwan/lidar/install/lidar_bringup/share/lidar_bringup/launch/mid360_custom_msg.launch.py
[0.500s] -- Installing: /home/sangyuwan/lidar/install/lidar_bringup/share/lidar_bringup/rviz
[0.500s] -- Installing: /home/sangyuwan/lidar/install/lidar_bringup/share/lidar_bringup/rviz/mid360.rviz
[0.500s] -- Installing: /home/sangyuwan/lidar/install/lidar_bringup/share/ament_index/resource_index/package_run_dependencies/lidar_bringup
[0.500s] -- Installing: /home/sangyuwan/lidar/install/lidar_bringup/share/ament_index/resource_index/parent_prefix_path/lidar_bringup
[0.500s] -- Installing: /home/sangyuwan/lidar/install/lidar_bringup/share/lidar_bringup/environment/ament_prefix_path.sh
[0.500s] -- Installing: /home/sangyuwan/lidar/install/lidar_bringup/share/lidar_bringup/environment/ament_prefix_path.dsv
[0.501s] -- Installing: /home/sangyuwan/lidar/install/lidar_bringup/share/lidar_bringup/environment/path.sh
[0.501s] -- Installing: /home/sangyuwan/lidar/install/lidar_bringup/share/lidar_bringup/environment/path.dsv
[0.501s] -- Installing: /home/sangyuwan/lidar/install/lidar_bringup/share/lidar_bringup/local_setup.bash
[0.501s] -- Installing: /home/sangyuwan/lidar/install/lidar_bringup/share/lidar_bringup/local_setup.sh
[0.501s] -- Installing: /home/sangyuwan/lidar/install/lidar_bringup/share/lidar_bringup/local_setup.zsh
[0.501s] -- Installing: /home/sangyuwan/lidar/install/lidar_bringup/share/lidar_bringup/local_setup.dsv
[0.501s] -- Installing: /home/sangyuwan/lidar/install/lidar_bringup/share/lidar_bringup/package.dsv
[0.501s] -- Installing: /home/sangyuwan/lidar/install/lidar_bringup/share/ament_index/resource_index/packages/lidar_bringup
[0.501s] -- Installing: /home/sangyuwan/lidar/install/lidar_bringup/share/lidar_bringup/cmake/lidar_bringupConfig.cmake
[0.501s] -- Installing: /home/sangyuwan/lidar/install/lidar_bringup/share/lidar_bringup/cmake/lidar_bringupConfig-version.cmake
[0.501s] -- Installing: /home/sangyuwan/lidar/install/lidar_bringup/share/lidar_bringup/package.xml
[0.503s] Invoked command in '/home/sangyuwan/lidar/build/lidar_bringup' returned '0': AMENT_PREFIX_PATH=/home/sangyuwan/lidar/install/livox_ros_driver2:${AMENT_PREFIX_PATH} CMAKE_PREFIX_PATH=/home/sangyuwan/lidar/install/livox_ros_driver2:/opt/ros/humble LD_LIBRARY_PATH=/home/sangyuwan/lidar/install/livox_ros_driver2/lib:${LD_LIBRARY_PATH} PYTHONPATH=/home/sangyuwan/lidar/install/livox_ros_driver2/local/lib/python3.10/dist-packages:${PYTHONPATH} /usr/bin/cmake --install /home/sangyuwan/lidar/build/lidar_bringup
