/home/sangyuwan/lidar/install/lidar_localization/lib/python3.10/site-packages/lidar_localization/__init__.py
/home/sangyuwan/lidar/install/lidar_localization/lib/python3.10/site-packages/lidar_localization/pose_math.py
/home/sangyuwan/lidar/install/lidar_localization/lib/python3.10/site-packages/lidar_localization/pose_from_odom.py
/home/sangyuwan/lidar/install/lidar_localization/lib/python3.10/site-packages/lidar_localization/print_lidar_pose.py
/home/sangyuwan/lidar/install/lidar_localization/lib/python3.10/site-packages/lidar_localization/__pycache__/__init__.cpython-310.pyc
/home/sangyuwan/lidar/install/lidar_localization/lib/python3.10/site-packages/lidar_localization/__pycache__/pose_math.cpython-310.pyc
/home/sangyuwan/lidar/install/lidar_localization/lib/python3.10/site-packages/lidar_localization/__pycache__/pose_from_odom.cpython-310.pyc
/home/sangyuwan/lidar/install/lidar_localization/lib/python3.10/site-packages/lidar_localization/__pycache__/print_lidar_pose.cpython-310.pyc
/home/sangyuwan/lidar/install/lidar_localization/share/ament_index/resource_index/packages/lidar_localization
/home/sangyuwan/lidar/install/lidar_localization/share/lidar_localization/package.xml
/home/sangyuwan/lidar/install/lidar_localization/share/lidar_localization/config/lidar_pose_interface.yaml
/home/sangyuwan/lidar/install/lidar_localization/share/lidar_localization/launch/lidar_pose_from_odom.launch.py
/home/sangyuwan/lidar/install/lidar_localization/lib/python3.10/site-packages/lidar_localization-0.1.0-py3.10.egg-info/PKG-INFO
/home/sangyuwan/lidar/install/lidar_localization/lib/python3.10/site-packages/lidar_localization-0.1.0-py3.10.egg-info/zip-safe
/home/sangyuwan/lidar/install/lidar_localization/lib/python3.10/site-packages/lidar_localization-0.1.0-py3.10.egg-info/dependency_links.txt
/home/sangyuwan/lidar/install/lidar_localization/lib/python3.10/site-packages/lidar_localization-0.1.0-py3.10.egg-info/entry_points.txt
/home/sangyuwan/lidar/install/lidar_localization/lib/python3.10/site-packages/lidar_localization-0.1.0-py3.10.egg-info/requires.txt
/home/sangyuwan/lidar/install/lidar_localization/lib/python3.10/site-packages/lidar_localization-0.1.0-py3.10.egg-info/top_level.txt
/home/sangyuwan/lidar/install/lidar_localization/lib/python3.10/site-packages/lidar_localization-0.1.0-py3.10.egg-info/SOURCES.txt
/home/sangyuwan/lidar/install/lidar_localization/lib/lidar_localization/pose_from_odom
/home/sangyuwan/lidar/install/lidar_localization/lib/lidar_localization/print_lidar_pose
