[0.095s] DEBUG:colcon:Command line arguments: ['/usr/bin/colcon', 'build', '--base-paths', '/home/sangyuwan/lidar/src', '--cmake-args', '-DROS_EDITION=ROS2', '-DDISTRO_ROS=humble', '-DLIVOX_LIDAR_SDK_ROOT=/home/sangyuwan/lidar/third_party/Livox-SDK2/install', '-DCMAKE_BUILD_TYPE=Release']
[0.096s] DEBUG:colcon:Parsed command line arguments: Namespace(log_base=None, log_level=None, verb_name='build', build_base='build', install_base='install', merge_install=False, symlink_install=False, test_result_base=None, continue_on_error=False, executor='parallel', parallel_workers=16, event_handlers=None, ignore_user_meta=False, metas=['./colcon.meta'], base_paths=['/home/sangyuwan/lidar/src'], packages_ignore=None, packages_ignore_regex=None, paths=None, packages_up_to=None, packages_up_to_regex=None, packages_above=None, packages_above_and_dependencies=None, packages_above_depth=None, packages_select_by_dep=None, packages_skip_by_dep=None, packages_skip_up_to=None, packages_select_build_failed=False, packages_skip_build_finished=False, packages_select_test_failures=False, packages_skip_test_passed=False, packages_select=None, packages_skip=None, packages_select_regex=None, packages_skip_regex=None, packages_start=None, packages_end=None, allow_overriding=[], cmake_args=['-DROS_EDITION=ROS2', '-DDISTRO_ROS=humble', '-DLIVOX_LIDAR_SDK_ROOT=/home/sangyuwan/lidar/third_party/Livox-SDK2/install', '-DCMAKE_BUILD_TYPE=Release'], cmake_target=None, cmake_target_skip_unavailable=False, cmake_clean_cache=False, cmake_clean_first=False, cmake_force_configure=False, ament_cmake_args=None, catkin_cmake_args=None, catkin_skip_building_tests=False, verb_parser=<colcon_defaults.argument_parser.defaults.DefaultArgumentsDecorator object at 0x74e2c8a1b790>, verb_extension=<colcon_core.verb.build.BuildVerb object at 0x74e2c8a1b2b0>, main=<bound method BuildVerb.main of <colcon_core.verb.build.BuildVerb object at 0x74e2c8a1b2b0>>)
[0.224s] Level 1:colcon.colcon_core.package_discovery:discover_packages(colcon_meta) check parameters
[0.224s] Level 1:colcon.colcon_core.package_discovery:discover_packages(recursive) check parameters
[0.224s] Level 1:colcon.colcon_core.package_discovery:discover_packages(ignore) check parameters
[0.224s] Level 1:colcon.colcon_core.package_discovery:discover_packages(path) check parameters
[0.224s] Level 1:colcon.colcon_core.package_discovery:discover_packages(recursive) discover
[0.224s] INFO:colcon.colcon_core.package_discovery:Crawling recursively for packages in '/home/sangyuwan/lidar/src'
[0.224s] Level 1:colcon.colcon_core.package_identification:_identify(/home/sangyuwan/lidar/src) by extensions ['ignore', 'ignore_ament_install']
[0.224s] Level 1:colcon.colcon_core.package_identification:_identify(/home/sangyuwan/lidar/src) by extension 'ignore'
[0.224s] Level 1:colcon.colcon_core.package_identification:_identify(/home/sangyuwan/lidar/src) by extension 'ignore_ament_install'
[0.224s] Level 1:colcon.colcon_core.package_identification:_identify(/home/sangyuwan/lidar/src) by extensions ['colcon_pkg']
[0.224s] Level 1:colcon.colcon_core.package_identification:_identify(/home/sangyuwan/lidar/src) by extension 'colcon_pkg'
[0.224s] Level 1:colcon.colcon_core.package_identification:_identify(/home/sangyuwan/lidar/src) by extensions ['colcon_meta']
[0.224s] Level 1:colcon.colcon_core.package_identification:_identify(/home/sangyuwan/lidar/src) by extension 'colcon_meta'
[0.224s] Level 1:colcon.colcon_core.package_identification:_identify(/home/sangyuwan/lidar/src) by extensions ['ros']
[0.224s] Level 1:colcon.colcon_core.package_identification:_identify(/home/sangyuwan/lidar/src) by extension 'ros'
[0.234s] Level 1:colcon.colcon_core.package_identification:_identify(/home/sangyuwan/lidar/src) by extensions ['cmake', 'python']
[0.234s] Level 1:colcon.colcon_core.package_identification:_identify(/home/sangyuwan/lidar/src) by extension 'cmake'
[0.234s] Level 1:colcon.colcon_core.package_identification:_identify(/home/sangyuwan/lidar/src) by extension 'python'
[0.234s] Level 1:colcon.colcon_core.package_identification:_identify(/home/sangyuwan/lidar/src) by extensions ['python_setup_py']
[0.234s] Level 1:colcon.colcon_core.package_identification:_identify(/home/sangyuwan/lidar/src) by extension 'python_setup_py'
[0.234s] Level 1:colcon.colcon_core.package_identification:_identify(/home/sangyuwan/lidar/src/FAST_LIO) by extensions ['ignore', 'ignore_ament_install']
[0.234s] Level 1:colcon.colcon_core.package_identification:_identify(/home/sangyuwan/lidar/src/FAST_LIO) by extension 'ignore'
[0.234s] Level 1:colcon.colcon_core.package_identification:_identify(/home/sangyuwan/lidar/src/FAST_LIO) by extension 'ignore_ament_install'
[0.234s] Level 1:colcon.colcon_core.package_identification:_identify(/home/sangyuwan/lidar/src/FAST_LIO) by extensions ['colcon_pkg']
[0.234s] Level 1:colcon.colcon_core.package_identification:_identify(/home/sangyuwan/lidar/src/FAST_LIO) by extension 'colcon_pkg'
[0.234s] Level 1:colcon.colcon_core.package_identification:_identify(/home/sangyuwan/lidar/src/FAST_LIO) by extensions ['colcon_meta']
[0.234s] Level 1:colcon.colcon_core.package_identification:_identify(/home/sangyuwan/lidar/src/FAST_LIO) by extension 'colcon_meta'
[0.234s] Level 1:colcon.colcon_core.package_identification:_identify(/home/sangyuwan/lidar/src/FAST_LIO) by extensions ['ros']
[0.234s] Level 1:colcon.colcon_core.package_identification:_identify(/home/sangyuwan/lidar/src/FAST_LIO) by extension 'ros'
[0.237s] DEBUG:colcon.colcon_core.package_identification:Package '/home/sangyuwan/lidar/src/FAST_LIO' with type 'ros.ament_cmake' and name 'fast_lio'
[0.237s] Level 1:colcon.colcon_core.package_identification:_identify(/home/sangyuwan/lidar/src/lidar_bringup) by extensions ['ignore', 'ignore_ament_install']
[0.237s] Level 1:colcon.colcon_core.package_identification:_identify(/home/sangyuwan/lidar/src/lidar_bringup) by extension 'ignore'
[0.237s] Level 1:colcon.colcon_core.package_identification:_identify(/home/sangyuwan/lidar/src/lidar_bringup) by extension 'ignore_ament_install'
[0.237s] Level 1:colcon.colcon_core.package_identification:_identify(/home/sangyuwan/lidar/src/lidar_bringup) by extensions ['colcon_pkg']
[0.237s] Level 1:colcon.colcon_core.package_identification:_identify(/home/sangyuwan/lidar/src/lidar_bringup) by extension 'colcon_pkg'
[0.237s] Level 1:colcon.colcon_core.package_identification:_identify(/home/sangyuwan/lidar/src/lidar_bringup) by extensions ['colcon_meta']
[0.237s] Level 1:colcon.colcon_core.package_identification:_identify(/home/sangyuwan/lidar/src/lidar_bringup) by extension 'colcon_meta'
[0.237s] Level 1:colcon.colcon_core.package_identification:_identify(/home/sangyuwan/lidar/src/lidar_bringup) by extensions ['ros']
[0.237s] Level 1:colcon.colcon_core.package_identification:_identify(/home/sangyuwan/lidar/src/lidar_bringup) by extension 'ros'
[0.237s] DEBUG:colcon.colcon_core.package_identification:Package '/home/sangyuwan/lidar/src/lidar_bringup' with type 'ros.ament_cmake' and name 'lidar_bringup'
[0.237s] Level 1:colcon.colcon_core.package_identification:_identify(/home/sangyuwan/lidar/src/lidar_localization) by extensions ['ignore', 'ignore_ament_install']
[0.238s] Level 1:colcon.colcon_core.package_identification:_identify(/home/sangyuwan/lidar/src/lidar_localization) by extension 'ignore'
[0.238s] Level 1:colcon.colcon_core.package_identification:_identify(/home/sangyuwan/lidar/src/lidar_localization) by extension 'ignore_ament_install'
[0.238s] Level 1:colcon.colcon_core.package_identification:_identify(/home/sangyuwan/lidar/src/lidar_localization) by extensions ['colcon_pkg']
[0.238s] Level 1:colcon.colcon_core.package_identification:_identify(/home/sangyuwan/lidar/src/lidar_localization) by extension 'colcon_pkg'
[0.238s] Level 1:colcon.colcon_core.package_identification:_identify(/home/sangyuwan/lidar/src/lidar_localization) by extensions ['colcon_meta']
[0.238s] Level 1:colcon.colcon_core.package_identification:_identify(/home/sangyuwan/lidar/src/lidar_localization) by extension 'colcon_meta'
[0.238s] Level 1:colcon.colcon_core.package_identification:_identify(/home/sangyuwan/lidar/src/lidar_localization) by extensions ['ros']
[0.238s] Level 1:colcon.colcon_core.package_identification:_identify(/home/sangyuwan/lidar/src/lidar_localization) by extension 'ros'
[0.238s] DEBUG:colcon.colcon_core.package_identification:Package '/home/sangyuwan/lidar/src/lidar_localization' with type 'ros.ament_python' and name 'lidar_localization'
[0.238s] Level 1:colcon.colcon_core.package_identification:_identify(/home/sangyuwan/lidar/src/livox_ros_driver2) by extensions ['ignore', 'ignore_ament_install']
[0.238s] Level 1:colcon.colcon_core.package_identification:_identify(/home/sangyuwan/lidar/src/livox_ros_driver2) by extension 'ignore'
[0.238s] Level 1:colcon.colcon_core.package_identification:_identify(/home/sangyuwan/lidar/src/livox_ros_driver2) by extension 'ignore_ament_install'
[0.238s] Level 1:colcon.colcon_core.package_identification:_identify(/home/sangyuwan/lidar/src/livox_ros_driver2) by extensions ['colcon_pkg']
[0.238s] Level 1:colcon.colcon_core.package_identification:_identify(/home/sangyuwan/lidar/src/livox_ros_driver2) by extension 'colcon_pkg'
[0.238s] Level 1:colcon.colcon_core.package_identification:_identify(/home/sangyuwan/lidar/src/livox_ros_driver2) by extensions ['colcon_meta']
[0.238s] Level 1:colcon.colcon_core.package_identification:_identify(/home/sangyuwan/lidar/src/livox_ros_driver2) by extension 'colcon_meta'
[0.238s] Level 1:colcon.colcon_core.package_identification:_identify(/home/sangyuwan/lidar/src/livox_ros_driver2) by extensions ['ros']
[0.238s] Level 1:colcon.colcon_core.package_identification:_identify(/home/sangyuwan/lidar/src/livox_ros_driver2) by extension 'ros'
[0.239s] DEBUG:colcon.colcon_core.package_identification:Package '/home/sangyuwan/lidar/src/livox_ros_driver2' with type 'ros.ament_cmake' and name 'livox_ros_driver2'
[0.239s] Level 1:colcon.colcon_core.package_discovery:discover_packages(recursive) using defaults
[0.254s] Level 1:colcon.colcon_core.package_discovery:discover_packages(prefix_path) check parameters
[0.254s] Level 1:colcon.colcon_core.package_discovery:discover_packages(prefix_path) discover
[0.256s] DEBUG:colcon.colcon_installed_package_information.package_discovery:Found 273 installed packages in /opt/ros/humble
[0.270s] Level 1:colcon.colcon_core.package_discovery:discover_packages(prefix_path) using defaults
[0.293s] Level 5:colcon.colcon_core.verb:set package 'lidar_localization' build argument 'cmake_args' from command line to '['-DROS_EDITION=ROS2', '-DDISTRO_ROS=humble', '-DLIVOX_LIDAR_SDK_ROOT=/home/sangyuwan/lidar/third_party/Livox-SDK2/install', '-DCMAKE_BUILD_TYPE=Release']'
[0.293s] Level 5:colcon.colcon_core.verb:set package 'lidar_localization' build argument 'cmake_target' from command line to 'None'
[0.293s] Level 5:colcon.colcon_core.verb:set package 'lidar_localization' build argument 'cmake_target_skip_unavailable' from command line to 'False'
[0.293s] Level 5:colcon.colcon_core.verb:set package 'lidar_localization' build argument 'cmake_clean_cache' from command line to 'False'
[0.293s] Level 5:colcon.colcon_core.verb:set package 'lidar_localization' build argument 'cmake_clean_first' from command line to 'False'
[0.293s] Level 5:colcon.colcon_core.verb:set package 'lidar_localization' build argument 'cmake_force_configure' from command line to 'False'
[0.293s] Level 5:colcon.colcon_core.verb:set package 'lidar_localization' build argument 'ament_cmake_args' from command line to 'None'
[0.293s] Level 5:colcon.colcon_core.verb:set package 'lidar_localization' build argument 'catkin_cmake_args' from command line to 'None'
[0.293s] Level 5:colcon.colcon_core.verb:set package 'lidar_localization' build argument 'catkin_skip_building_tests' from command line to 'False'
[0.293s] DEBUG:colcon.colcon_core.verb:Building package 'lidar_localization' with the following arguments: {'ament_cmake_args': None, 'build_base': '/home/sangyuwan/lidar/build/lidar_localization', 'catkin_cmake_args': None, 'catkin_skip_building_tests': False, 'cmake_args': ['-DROS_EDITION=ROS2', '-DDISTRO_ROS=humble', '-DLIVOX_LIDAR_SDK_ROOT=/home/sangyuwan/lidar/third_party/Livox-SDK2/install', '-DCMAKE_BUILD_TYPE=Release'], 'cmake_clean_cache': False, 'cmake_clean_first': False, 'cmake_force_configure': False, 'cmake_target': None, 'cmake_target_skip_unavailable': False, 'install_base': '/home/sangyuwan/lidar/install/lidar_localization', 'merge_install': False, 'path': '/home/sangyuwan/lidar/src/lidar_localization', 'symlink_install': False, 'test_result_base': None}
[0.293s] Level 5:colcon.colcon_core.verb:set package 'livox_ros_driver2' build argument 'cmake_args' from command line to '['-DROS_EDITION=ROS2', '-DDISTRO_ROS=humble', '-DLIVOX_LIDAR_SDK_ROOT=/home/sangyuwan/lidar/third_party/Livox-SDK2/install', '-DCMAKE_BUILD_TYPE=Release']'
[0.294s] Level 5:colcon.colcon_core.verb:set package 'livox_ros_driver2' build argument 'cmake_target' from command line to 'None'
[0.294s] Level 5:colcon.colcon_core.verb:set package 'livox_ros_driver2' build argument 'cmake_target_skip_unavailable' from command line to 'False'
[0.294s] Level 5:colcon.colcon_core.verb:set package 'livox_ros_driver2' build argument 'cmake_clean_cache' from command line to 'False'
[0.294s] Level 5:colcon.colcon_core.verb:set package 'livox_ros_driver2' build argument 'cmake_clean_first' from command line to 'False'
[0.294s] Level 5:colcon.colcon_core.verb:set package 'livox_ros_driver2' build argument 'cmake_force_configure' from command line to 'False'
[0.294s] Level 5:colcon.colcon_core.verb:set package 'livox_ros_driver2' build argument 'ament_cmake_args' from command line to 'None'
[0.294s] Level 5:colcon.colcon_core.verb:set package 'livox_ros_driver2' build argument 'catkin_cmake_args' from command line to 'None'
[0.294s] Level 5:colcon.colcon_core.verb:set package 'livox_ros_driver2' build argument 'catkin_skip_building_tests' from command line to 'False'
[0.294s] DEBUG:colcon.colcon_core.verb:Building package 'livox_ros_driver2' with the following arguments: {'ament_cmake_args': None, 'build_base': '/home/sangyuwan/lidar/build/livox_ros_driver2', 'catkin_cmake_args': None, 'catkin_skip_building_tests': False, 'cmake_args': ['-DROS_EDITION=ROS2', '-DDISTRO_ROS=humble', '-DLIVOX_LIDAR_SDK_ROOT=/home/sangyuwan/lidar/third_party/Livox-SDK2/install', '-DCMAKE_BUILD_TYPE=Release'], 'cmake_clean_cache': False, 'cmake_clean_first': False, 'cmake_force_configure': False, 'cmake_target': None, 'cmake_target_skip_unavailable': False, 'install_base': '/home/sangyuwan/lidar/install/livox_ros_driver2', 'merge_install': False, 'path': '/home/sangyuwan/lidar/src/livox_ros_driver2', 'symlink_install': False, 'test_result_base': None}
[0.294s] Level 5:colcon.colcon_core.verb:set package 'fast_lio' build argument 'cmake_args' from command line to '['-DROS_EDITION=ROS2', '-DDISTRO_ROS=humble', '-DLIVOX_LIDAR_SDK_ROOT=/home/sangyuwan/lidar/third_party/Livox-SDK2/install', '-DCMAKE_BUILD_TYPE=Release']'
[0.294s] Level 5:colcon.colcon_core.verb:set package 'fast_lio' build argument 'cmake_target' from command line to 'None'
[0.294s] Level 5:colcon.colcon_core.verb:set package 'fast_lio' build argument 'cmake_target_skip_unavailable' from command line to 'False'
[0.294s] Level 5:colcon.colcon_core.verb:set package 'fast_lio' build argument 'cmake_clean_cache' from command line to 'False'
[0.294s] Level 5:colcon.colcon_core.verb:set package 'fast_lio' build argument 'cmake_clean_first' from command line to 'False'
[0.294s] Level 5:colcon.colcon_core.verb:set package 'fast_lio' build argument 'cmake_force_configure' from command line to 'False'
[0.294s] Level 5:colcon.colcon_core.verb:set package 'fast_lio' build argument 'ament_cmake_args' from command line to 'None'
[0.294s] Level 5:colcon.colcon_core.verb:set package 'fast_lio' build argument 'catkin_cmake_args' from command line to 'None'
[0.294s] Level 5:colcon.colcon_core.verb:set package 'fast_lio' build argument 'catkin_skip_building_tests' from command line to 'False'
[0.294s] DEBUG:colcon.colcon_core.verb:Building package 'fast_lio' with the following arguments: {'ament_cmake_args': None, 'build_base': '/home/sangyuwan/lidar/build/fast_lio', 'catkin_cmake_args': None, 'catkin_skip_building_tests': False, 'cmake_args': ['-DROS_EDITION=ROS2', '-DDISTRO_ROS=humble', '-DLIVOX_LIDAR_SDK_ROOT=/home/sangyuwan/lidar/third_party/Livox-SDK2/install', '-DCMAKE_BUILD_TYPE=Release'], 'cmake_clean_cache': False, 'cmake_clean_first': False, 'cmake_force_configure': False, 'cmake_target': None, 'cmake_target_skip_unavailable': False, 'install_base': '/home/sangyuwan/lidar/install/fast_lio', 'merge_install': False, 'path': '/home/sangyuwan/lidar/src/FAST_LIO', 'symlink_install': False, 'test_result_base': None}
[0.294s] Level 5:colcon.colcon_core.verb:set package 'lidar_bringup' build argument 'cmake_args' from command line to '['-DROS_EDITION=ROS2', '-DDISTRO_ROS=humble', '-DLIVOX_LIDAR_SDK_ROOT=/home/sangyuwan/lidar/third_party/Livox-SDK2/install', '-DCMAKE_BUILD_TYPE=Release']'
[0.294s] Level 5:colcon.colcon_core.verb:set package 'lidar_bringup' build argument 'cmake_target' from command line to 'None'
[0.294s] Level 5:colcon.colcon_core.verb:set package 'lidar_bringup' build argument 'cmake_target_skip_unavailable' from command line to 'False'
[0.294s] Level 5:colcon.colcon_core.verb:set package 'lidar_bringup' build argument 'cmake_clean_cache' from command line to 'False'
[0.294s] Level 5:colcon.colcon_core.verb:set package 'lidar_bringup' build argument 'cmake_clean_first' from command line to 'False'
[0.294s] Level 5:colcon.colcon_core.verb:set package 'lidar_bringup' build argument 'cmake_force_configure' from command line to 'False'
[0.294s] Level 5:colcon.colcon_core.verb:set package 'lidar_bringup' build argument 'ament_cmake_args' from command line to 'None'
[0.294s] Level 5:colcon.colcon_core.verb:set package 'lidar_bringup' build argument 'catkin_cmake_args' from command line to 'None'
[0.294s] Level 5:colcon.colcon_core.verb:set package 'lidar_bringup' build argument 'catkin_skip_building_tests' from command line to 'False'
[0.294s] DEBUG:colcon.colcon_core.verb:Building package 'lidar_bringup' with the following arguments: {'ament_cmake_args': None, 'build_base': '/home/sangyuwan/lidar/build/lidar_bringup', 'catkin_cmake_args': None, 'catkin_skip_building_tests': False, 'cmake_args': ['-DROS_EDITION=ROS2', '-DDISTRO_ROS=humble', '-DLIVOX_LIDAR_SDK_ROOT=/home/sangyuwan/lidar/third_party/Livox-SDK2/install', '-DCMAKE_BUILD_TYPE=Release'], 'cmake_clean_cache': False, 'cmake_clean_first': False, 'cmake_force_configure': False, 'cmake_target': None, 'cmake_target_skip_unavailable': False, 'install_base': '/home/sangyuwan/lidar/install/lidar_bringup', 'merge_install': False, 'path': '/home/sangyuwan/lidar/src/lidar_bringup', 'symlink_install': False, 'test_result_base': None}
[0.294s] INFO:colcon.colcon_core.executor:Executing jobs using 'parallel' executor
[0.295s] DEBUG:colcon.colcon_parallel_executor.executor.parallel:run_until_complete
[0.296s] INFO:colcon.colcon_ros.task.ament_cmake.build:Building ROS package in '/home/sangyuwan/lidar/src/livox_ros_driver2' with build type 'ament_cmake'
[0.296s] INFO:colcon.colcon_cmake.task.cmake.build:Building CMake package in '/home/sangyuwan/lidar/src/livox_ros_driver2'
[0.298s] INFO:colcon.colcon_core.plugin_system:Skipping extension 'colcon_core.shell.bat': Not used on non-Windows systems
[0.298s] INFO:colcon.colcon_core.shell:Skip shell extension 'powershell' for command environment: Not usable outside of PowerShell
[0.298s] DEBUG:colcon.colcon_core.shell:Skip shell extension 'dsv' for command environment
[0.300s] INFO:colcon.colcon_ros.task.ament_python.build:Building ROS package in '/home/sangyuwan/lidar/src/lidar_localization' with build type 'ament_python'
[0.300s] Level 1:colcon.colcon_core.shell:create_environment_hook('lidar_localization', 'ament_prefix_path')
[0.300s] INFO:colcon.colcon_core.shell:Creating environment hook '/home/sangyuwan/lidar/install/lidar_localization/share/lidar_localization/hook/ament_prefix_path.ps1'
[0.301s] INFO:colcon.colcon_core.shell:Creating environment descriptor '/home/sangyuwan/lidar/install/lidar_localization/share/lidar_localization/hook/ament_prefix_path.dsv'
[0.302s] INFO:colcon.colcon_core.shell:Creating environment hook '/home/sangyuwan/lidar/install/lidar_localization/share/lidar_localization/hook/ament_prefix_path.sh'
[0.302s] INFO:colcon.colcon_core.shell:Skip shell extension 'powershell' for command environment: Not usable outside of PowerShell
[0.302s] DEBUG:colcon.colcon_core.shell:Skip shell extension 'dsv' for command environment
[0.308s] DEBUG:colcon.colcon_core.event_handler.log_command:Invoking command in '/home/sangyuwan/lidar/build/livox_ros_driver2': CMAKE_PREFIX_PATH=/opt/ros/humble /usr/bin/cmake --build /home/sangyuwan/lidar/build/livox_ros_driver2 -- -j16 -l16
[0.457s] INFO:colcon.colcon_core.task.python.build:Building Python package in '/home/sangyuwan/lidar/src/lidar_localization'
[0.458s] INFO:colcon.colcon_core.shell:Skip shell extension 'powershell' for command environment: Not usable outside of PowerShell
[0.458s] DEBUG:colcon.colcon_core.shell:Skip shell extension 'dsv' for command environment
[0.703s] DEBUG:colcon.colcon_core.event_handler.log_command:Invoking command in '/home/sangyuwan/lidar/src/lidar_localization': PYTHONPATH=/home/sangyuwan/lidar/build/lidar_localization/prefix_override:/usr/lib/python3/dist-packages/colcon_core/task/python/colcon_distutils_commands:/home/sangyuwan/lidar/install/lidar_localization/lib/python3.10/site-packages:${PYTHONPATH} /usr/bin/python3 -W ignore:setup.py install is deprecated -W ignore:easy_install command is deprecated setup.py egg_info --egg-base ../../build/lidar_localization build --build-base /home/sangyuwan/lidar/build/lidar_localization/build install --record /home/sangyuwan/lidar/build/lidar_localization/install.log --single-version-externally-managed install_data
[0.912s] DEBUG:colcon.colcon_core.event_handler.log_command:Invoked command in '/home/sangyuwan/lidar/src/lidar_localization' returned '0': PYTHONPATH=/home/sangyuwan/lidar/build/lidar_localization/prefix_override:/usr/lib/python3/dist-packages/colcon_core/task/python/colcon_distutils_commands:/home/sangyuwan/lidar/install/lidar_localization/lib/python3.10/site-packages:${PYTHONPATH} /usr/bin/python3 -W ignore:setup.py install is deprecated -W ignore:easy_install command is deprecated setup.py egg_info --egg-base ../../build/lidar_localization build --build-base /home/sangyuwan/lidar/build/lidar_localization/build install --record /home/sangyuwan/lidar/build/lidar_localization/install.log --single-version-externally-managed install_data
[0.914s] Level 1:colcon.colcon_core.environment:checking '/home/sangyuwan/lidar/install/lidar_localization' for CMake module files
[0.915s] Level 1:colcon.colcon_core.environment:checking '/home/sangyuwan/lidar/install/lidar_localization' for CMake config files
[0.915s] Level 1:colcon.colcon_core.environment:checking '/home/sangyuwan/lidar/install/lidar_localization/lib'
[0.915s] Level 1:colcon.colcon_core.environment:checking '/home/sangyuwan/lidar/install/lidar_localization/bin'
[0.915s] Level 1:colcon.colcon_core.environment:checking '/home/sangyuwan/lidar/install/lidar_localization/lib/pkgconfig/lidar_localization.pc'
[0.915s] Level 1:colcon.colcon_core.environment:checking '/home/sangyuwan/lidar/install/lidar_localization/lib/python3.10/site-packages'
[0.915s] Level 1:colcon.colcon_core.shell:create_environment_hook('lidar_localization', 'pythonpath')
[0.916s] INFO:colcon.colcon_core.shell:Creating environment hook '/home/sangyuwan/lidar/install/lidar_localization/share/lidar_localization/hook/pythonpath.ps1'
[0.916s] INFO:colcon.colcon_core.shell:Creating environment descriptor '/home/sangyuwan/lidar/install/lidar_localization/share/lidar_localization/hook/pythonpath.dsv'
[0.916s] INFO:colcon.colcon_core.shell:Creating environment hook '/home/sangyuwan/lidar/install/lidar_localization/share/lidar_localization/hook/pythonpath.sh'
[0.916s] Level 1:colcon.colcon_core.environment:checking '/home/sangyuwan/lidar/install/lidar_localization/bin'
[0.917s] Level 1:colcon.colcon_core.environment:create_environment_scripts_only(lidar_localization)
[0.917s] INFO:colcon.colcon_core.shell:Creating package script '/home/sangyuwan/lidar/install/lidar_localization/share/lidar_localization/package.ps1'
[0.918s] INFO:colcon.colcon_core.shell:Creating package descriptor '/home/sangyuwan/lidar/install/lidar_localization/share/lidar_localization/package.dsv'
[0.918s] INFO:colcon.colcon_core.shell:Creating package script '/home/sangyuwan/lidar/install/lidar_localization/share/lidar_localization/package.sh'
[0.919s] INFO:colcon.colcon_core.shell:Creating package script '/home/sangyuwan/lidar/install/lidar_localization/share/lidar_localization/package.bash'
[0.920s] INFO:colcon.colcon_core.shell:Creating package script '/home/sangyuwan/lidar/install/lidar_localization/share/lidar_localization/package.zsh'
[0.920s] Level 1:colcon.colcon_core.environment:create_file_with_runtime_dependencies(/home/sangyuwan/lidar/install/lidar_localization/share/colcon-core/packages/lidar_localization)
[9.925s] DEBUG:colcon.colcon_core.event_handler.log_command:Invoked command in '/home/sangyuwan/lidar/build/livox_ros_driver2' returned '0': CMAKE_PREFIX_PATH=/opt/ros/humble /usr/bin/cmake --build /home/sangyuwan/lidar/build/livox_ros_driver2 -- -j16 -l16
[9.935s] DEBUG:colcon.colcon_core.event_handler.log_command:Invoking command in '/home/sangyuwan/lidar/build/livox_ros_driver2': CMAKE_PREFIX_PATH=/opt/ros/humble /usr/bin/cmake --install /home/sangyuwan/lidar/build/livox_ros_driver2
[10.001s] Level 1:colcon.colcon_core.environment:create_environment_scripts_only(livox_ros_driver2)
[10.001s] Level 1:colcon.colcon_core.environment:checking '/home/sangyuwan/lidar/install/livox_ros_driver2' for CMake module files
[10.001s] DEBUG:colcon.colcon_core.event_handler.log_command:Invoked command in '/home/sangyuwan/lidar/build/livox_ros_driver2' returned '0': CMAKE_PREFIX_PATH=/opt/ros/humble /usr/bin/cmake --install /home/sangyuwan/lidar/build/livox_ros_driver2
[10.001s] Level 1:colcon.colcon_core.environment:checking '/home/sangyuwan/lidar/install/livox_ros_driver2' for CMake config files
[10.002s] Level 1:colcon.colcon_core.shell:create_environment_hook('livox_ros_driver2', 'cmake_prefix_path')
[10.002s] INFO:colcon.colcon_core.shell:Creating environment hook '/home/sangyuwan/lidar/install/livox_ros_driver2/share/livox_ros_driver2/hook/cmake_prefix_path.ps1'
[10.003s] INFO:colcon.colcon_core.shell:Creating environment descriptor '/home/sangyuwan/lidar/install/livox_ros_driver2/share/livox_ros_driver2/hook/cmake_prefix_path.dsv'
[10.003s] INFO:colcon.colcon_core.shell:Creating environment hook '/home/sangyuwan/lidar/install/livox_ros_driver2/share/livox_ros_driver2/hook/cmake_prefix_path.sh'
[10.003s] Level 1:colcon.colcon_core.environment:checking '/home/sangyuwan/lidar/install/livox_ros_driver2/lib'
[10.003s] Level 1:colcon.colcon_core.shell:create_environment_hook('livox_ros_driver2', 'ld_library_path_lib')
[10.003s] INFO:colcon.colcon_core.shell:Creating environment hook '/home/sangyuwan/lidar/install/livox_ros_driver2/share/livox_ros_driver2/hook/ld_library_path_lib.ps1'
[10.003s] INFO:colcon.colcon_core.shell:Creating environment descriptor '/home/sangyuwan/lidar/install/livox_ros_driver2/share/livox_ros_driver2/hook/ld_library_path_lib.dsv'
[10.004s] INFO:colcon.colcon_core.shell:Creating environment hook '/home/sangyuwan/lidar/install/livox_ros_driver2/share/livox_ros_driver2/hook/ld_library_path_lib.sh'
[10.004s] Level 1:colcon.colcon_core.environment:checking '/home/sangyuwan/lidar/install/livox_ros_driver2/bin'
[10.004s] Level 1:colcon.colcon_core.environment:checking '/home/sangyuwan/lidar/install/livox_ros_driver2/lib/pkgconfig/livox_ros_driver2.pc'
[10.004s] Level 1:colcon.colcon_core.environment:checking '/home/sangyuwan/lidar/install/livox_ros_driver2/lib/python3.10/site-packages'
[10.004s] Level 1:colcon.colcon_core.environment:checking '/home/sangyuwan/lidar/install/livox_ros_driver2/bin'
[10.004s] INFO:colcon.colcon_core.shell:Creating package script '/home/sangyuwan/lidar/install/livox_ros_driver2/share/livox_ros_driver2/package.ps1'
[10.005s] INFO:colcon.colcon_core.shell:Creating package descriptor '/home/sangyuwan/lidar/install/livox_ros_driver2/share/livox_ros_driver2/package.dsv'
[10.005s] INFO:colcon.colcon_core.shell:Creating package script '/home/sangyuwan/lidar/install/livox_ros_driver2/share/livox_ros_driver2/package.sh'
[10.005s] INFO:colcon.colcon_core.shell:Creating package script '/home/sangyuwan/lidar/install/livox_ros_driver2/share/livox_ros_driver2/package.bash'
[10.006s] INFO:colcon.colcon_core.shell:Creating package script '/home/sangyuwan/lidar/install/livox_ros_driver2/share/livox_ros_driver2/package.zsh'
[10.006s] Level 1:colcon.colcon_core.environment:create_file_with_runtime_dependencies(/home/sangyuwan/lidar/install/livox_ros_driver2/share/colcon-core/packages/livox_ros_driver2)
[10.006s] Level 1:colcon.colcon_core.environment:create_environment_scripts_only(livox_ros_driver2)
[10.006s] Level 1:colcon.colcon_core.environment:checking '/home/sangyuwan/lidar/install/livox_ros_driver2' for CMake module files
[10.007s] Level 1:colcon.colcon_core.environment:checking '/home/sangyuwan/lidar/install/livox_ros_driver2' for CMake config files
[10.007s] Level 1:colcon.colcon_core.shell:create_environment_hook('livox_ros_driver2', 'cmake_prefix_path')
[10.007s] INFO:colcon.colcon_core.shell:Creating environment hook '/home/sangyuwan/lidar/install/livox_ros_driver2/share/livox_ros_driver2/hook/cmake_prefix_path.ps1'
[10.007s] INFO:colcon.colcon_core.shell:Creating environment descriptor '/home/sangyuwan/lidar/install/livox_ros_driver2/share/livox_ros_driver2/hook/cmake_prefix_path.dsv'
[10.007s] INFO:colcon.colcon_core.shell:Creating environment hook '/home/sangyuwan/lidar/install/livox_ros_driver2/share/livox_ros_driver2/hook/cmake_prefix_path.sh'
[10.008s] Level 1:colcon.colcon_core.environment:checking '/home/sangyuwan/lidar/install/livox_ros_driver2/lib'
[10.008s] Level 1:colcon.colcon_core.shell:create_environment_hook('livox_ros_driver2', 'ld_library_path_lib')
[10.008s] INFO:colcon.colcon_core.shell:Creating environment hook '/home/sangyuwan/lidar/install/livox_ros_driver2/share/livox_ros_driver2/hook/ld_library_path_lib.ps1'
[10.008s] INFO:colcon.colcon_core.shell:Creating environment descriptor '/home/sangyuwan/lidar/install/livox_ros_driver2/share/livox_ros_driver2/hook/ld_library_path_lib.dsv'
[10.008s] INFO:colcon.colcon_core.shell:Creating environment hook '/home/sangyuwan/lidar/install/livox_ros_driver2/share/livox_ros_driver2/hook/ld_library_path_lib.sh'
[10.009s] Level 1:colcon.colcon_core.environment:checking '/home/sangyuwan/lidar/install/livox_ros_driver2/bin'
[10.009s] Level 1:colcon.colcon_core.environment:checking '/home/sangyuwan/lidar/install/livox_ros_driver2/lib/pkgconfig/livox_ros_driver2.pc'
[10.009s] Level 1:colcon.colcon_core.environment:checking '/home/sangyuwan/lidar/install/livox_ros_driver2/lib/python3.10/site-packages'
[10.009s] Level 1:colcon.colcon_core.environment:checking '/home/sangyuwan/lidar/install/livox_ros_driver2/bin'
[10.009s] INFO:colcon.colcon_core.shell:Creating package script '/home/sangyuwan/lidar/install/livox_ros_driver2/share/livox_ros_driver2/package.ps1'
[10.010s] INFO:colcon.colcon_core.shell:Creating package descriptor '/home/sangyuwan/lidar/install/livox_ros_driver2/share/livox_ros_driver2/package.dsv'
[10.010s] INFO:colcon.colcon_core.shell:Creating package script '/home/sangyuwan/lidar/install/livox_ros_driver2/share/livox_ros_driver2/package.sh'
[10.011s] INFO:colcon.colcon_core.shell:Creating package script '/home/sangyuwan/lidar/install/livox_ros_driver2/share/livox_ros_driver2/package.bash'
[10.011s] INFO:colcon.colcon_core.shell:Creating package script '/home/sangyuwan/lidar/install/livox_ros_driver2/share/livox_ros_driver2/package.zsh'
[10.011s] Level 1:colcon.colcon_core.environment:create_file_with_runtime_dependencies(/home/sangyuwan/lidar/install/livox_ros_driver2/share/colcon-core/packages/livox_ros_driver2)
[10.012s] INFO:colcon.colcon_ros.task.ament_cmake.build:Building ROS package in '/home/sangyuwan/lidar/src/FAST_LIO' with build type 'ament_cmake'
[10.012s] INFO:colcon.colcon_cmake.task.cmake.build:Building CMake package in '/home/sangyuwan/lidar/src/FAST_LIO'
[10.012s] INFO:colcon.colcon_core.shell:Skip shell extension 'powershell' for command environment: Not usable outside of PowerShell
[10.012s] DEBUG:colcon.colcon_core.shell:Skip shell extension 'dsv' for command environment
[10.020s] DEBUG:colcon.colcon_core.event_handler.log_command:Invoking command in '/home/sangyuwan/lidar/build/fast_lio': AMENT_PREFIX_PATH=/home/sangyuwan/lidar/install/livox_ros_driver2:${AMENT_PREFIX_PATH} CMAKE_PREFIX_PATH=/home/sangyuwan/lidar/install/livox_ros_driver2:/opt/ros/humble LD_LIBRARY_PATH=/home/sangyuwan/lidar/install/livox_ros_driver2/lib:${LD_LIBRARY_PATH} PYTHONPATH=/home/sangyuwan/lidar/install/livox_ros_driver2/local/lib/python3.10/dist-packages:${PYTHONPATH} /usr/bin/cmake /home/sangyuwan/lidar/src/FAST_LIO -DROS_EDITION=ROS2 -DDISTRO_ROS=humble -DLIVOX_LIDAR_SDK_ROOT=/home/sangyuwan/lidar/third_party/Livox-SDK2/install -DCMAKE_BUILD_TYPE=Release -DCMAKE_INSTALL_PREFIX=/home/sangyuwan/lidar/install/fast_lio
[11.163s] DEBUG:colcon.colcon_core.event_handler.log_command:Invoked command in '/home/sangyuwan/lidar/build/fast_lio' returned '1': AMENT_PREFIX_PATH=/home/sangyuwan/lidar/install/livox_ros_driver2:${AMENT_PREFIX_PATH} CMAKE_PREFIX_PATH=/home/sangyuwan/lidar/install/livox_ros_driver2:/opt/ros/humble LD_LIBRARY_PATH=/home/sangyuwan/lidar/install/livox_ros_driver2/lib:${LD_LIBRARY_PATH} PYTHONPATH=/home/sangyuwan/lidar/install/livox_ros_driver2/local/lib/python3.10/dist-packages:${PYTHONPATH} /usr/bin/cmake /home/sangyuwan/lidar/src/FAST_LIO -DROS_EDITION=ROS2 -DDISTRO_ROS=humble -DLIVOX_LIDAR_SDK_ROOT=/home/sangyuwan/lidar/third_party/Livox-SDK2/install -DCMAKE_BUILD_TYPE=Release -DCMAKE_INSTALL_PREFIX=/home/sangyuwan/lidar/install/fast_lio
[11.174s] Level 1:colcon.colcon_core.environment:create_environment_scripts_only(fast_lio)
[11.174s] Level 1:colcon.colcon_core.environment:checking '/home/sangyuwan/lidar/install/fast_lio' for CMake module files
[11.175s] Level 1:colcon.colcon_core.environment:checking '/home/sangyuwan/lidar/install/fast_lio' for CMake config files
[11.175s] Level 1:colcon.colcon_core.environment:checking '/home/sangyuwan/lidar/install/fast_lio/bin'
[11.175s] Level 1:colcon.colcon_core.environment:checking '/home/sangyuwan/lidar/install/fast_lio/lib/pkgconfig/fast_lio.pc'
[11.175s] Level 1:colcon.colcon_core.environment:checking '/home/sangyuwan/lidar/install/fast_lio/lib/python3.10/site-packages'
[11.175s] Level 1:colcon.colcon_core.environment:checking '/home/sangyuwan/lidar/install/fast_lio/bin'
[11.175s] INFO:colcon.colcon_core.shell:Creating package script '/home/sangyuwan/lidar/install/fast_lio/share/fast_lio/package.ps1'
[11.176s] INFO:colcon.colcon_core.shell:Creating package descriptor '/home/sangyuwan/lidar/install/fast_lio/share/fast_lio/package.dsv'
[11.176s] INFO:colcon.colcon_core.shell:Creating package script '/home/sangyuwan/lidar/install/fast_lio/share/fast_lio/package.sh'
[11.176s] INFO:colcon.colcon_core.shell:Creating package script '/home/sangyuwan/lidar/install/fast_lio/share/fast_lio/package.bash'
[11.176s] INFO:colcon.colcon_core.shell:Creating package script '/home/sangyuwan/lidar/install/fast_lio/share/fast_lio/package.zsh'
[11.176s] Level 1:colcon.colcon_core.environment:create_file_with_runtime_dependencies(/home/sangyuwan/lidar/install/fast_lio/share/colcon-core/packages/fast_lio)
[11.187s] DEBUG:colcon.colcon_parallel_executor.executor.parallel:closing loop
[11.187s] DEBUG:colcon.colcon_parallel_executor.executor.parallel:loop closed
[11.187s] DEBUG:colcon.colcon_parallel_executor.executor.parallel:run_until_complete finished with '1'
[11.187s] DEBUG:colcon.colcon_core.event_reactor:joining thread
[11.191s] INFO:colcon.colcon_core.plugin_system:Skipping extension 'colcon_notification.desktop_notification.terminal_notifier': Not used on non-Darwin systems
[11.191s] INFO:colcon.colcon_core.plugin_system:Skipping extension 'colcon_notification.desktop_notification.win32': Not used on non-Windows systems
[11.191s] INFO:colcon.colcon_notification.desktop_notification:Sending desktop notification using 'notify2'
[11.199s] DEBUG:colcon.colcon_core.event_reactor:joined thread
[11.199s] INFO:colcon.colcon_core.shell:Creating prefix script '/home/sangyuwan/lidar/install/local_setup.ps1'
[11.200s] INFO:colcon.colcon_core.shell:Creating prefix util module '/home/sangyuwan/lidar/install/_local_setup_util_ps1.py'
[11.201s] INFO:colcon.colcon_core.shell:Creating prefix chain script '/home/sangyuwan/lidar/install/setup.ps1'
[11.201s] INFO:colcon.colcon_core.shell:Creating prefix script '/home/sangyuwan/lidar/install/local_setup.sh'
[11.202s] INFO:colcon.colcon_core.shell:Creating prefix util module '/home/sangyuwan/lidar/install/_local_setup_util_sh.py'
[11.202s] INFO:colcon.colcon_core.shell:Creating prefix chain script '/home/sangyuwan/lidar/install/setup.sh'
[11.203s] INFO:colcon.colcon_core.shell:Creating prefix script '/home/sangyuwan/lidar/install/local_setup.bash'
[11.203s] INFO:colcon.colcon_core.shell:Creating prefix chain script '/home/sangyuwan/lidar/install/setup.bash'
[11.204s] INFO:colcon.colcon_core.shell:Creating prefix script '/home/sangyuwan/lidar/install/local_setup.zsh'
[11.204s] INFO:colcon.colcon_core.shell:Creating prefix chain script '/home/sangyuwan/lidar/install/setup.zsh'
