[0.008s] Invoking command in '/home/sangyuwan/lidar/build/livox_ros_driver2': CMAKE_PREFIX_PATH=/opt/ros/humble /usr/bin/cmake /home/sangyuwan/lidar/src/livox_ros_driver2 -DROS_EDITION=ROS2 -DDISTRO_ROS=humble -DLIVOX_LIDAR_SDK_ROOT=/home/sangyuwan/lidar/third_party/Livox-SDK2/install -DCMAKE_BUILD_TYPE=Release -DCMAKE_INSTALL_PREFIX=/home/sangyuwan/lidar/install/livox_ros_driver2
[0.055s] -- The C compiler identification is GNU 12.3.0
[0.097s] -- The CXX compiler identification is GNU 11.4.0
[0.102s] -- Detecting C compiler ABI info
[0.159s] -- Detecting C compiler ABI info - done
[0.163s] -- Check for working C compiler: /usr/bin/cc - skipped
[0.163s] -- Detecting C compile features
[0.163s] -- Detecting C compile features - done
[0.166s] -- Detecting CXX compiler ABI info
[0.229s] -- Detecting CXX compiler ABI info - done
[0.234s] -- Check for working CXX compiler: /usr/bin/c++ - skipped
[0.234s] -- Detecting CXX compile features
[0.234s] -- Detecting CXX compile features - done
[0.235s] -- livox_ros_driver2 version: 1.2.6
[0.236s] -- Found ament_cmake_auto: 1.3.14 (/opt/ros/humble/share/ament_cmake_auto/cmake)
[0.340s] -- Found Python3: /usr/bin/python3 (found version "3.10.12") found components: Interpreter 
[0.442s] -- Using all available rosidl_typesupport_c: rosidl_typesupport_fastrtps_c;rosidl_typesupport_introspection_c
[0.446s] -- Found rosidl_adapter: 3.1.8 (/opt/ros/humble/share/rosidl_adapter/cmake)
[0.477s] -- Using all available rosidl_typesupport_cpp: rosidl_typesupport_fastrtps_cpp;rosidl_typesupport_introspection_cpp
[0.537s] -- Found rmw_implementation_cmake: 6.1.2 (/opt/ros/humble/share/rmw_implementation_cmake/cmake)
[0.539s] -- Found rmw_fastrtps_cpp: 6.2.10 (/opt/ros/humble/share/rmw_fastrtps_cpp/cmake)
[0.615s] -- Found OpenSSL: /usr/lib/x86_64-linux-gnu/libcrypto.so (found version "3.0.2")  
[0.634s] -- Found FastRTPS: /opt/ros/humble/include  
[0.660s] -- Using RMW implementation 'rmw_fastrtps_cpp' as default
[0.668s] -- Looking for pthread.h
[0.735s] -- Looking for pthread.h - found
[0.735s] -- Performing Test CMAKE_HAVE_LIBC_PTHREAD
[0.798s] -- Performing Test CMAKE_HAVE_LIBC_PTHREAD - Success
[0.798s] -- Found Threads: TRUE  
[0.925s] -- Checking for module 'eigen3'
[0.938s] --   Found eigen3, version 3.4.0
[0.972s] -- Found Eigen: /usr/include/eigen3 (Required is at least version "3.1") 
[0.973s] -- Eigen found (include: /usr/include/eigen3, version: 3.4.0)
[0.997s] -- Checking for module 'flann'
[1.008s] --   Found flann, version 1.9.1
[1.042s] -- Found FLANN: /usr/lib/x86_64-linux-gnu/libflann_cpp.so  
[1.042s] -- FLANN found (include: /usr/include, lib: /usr/lib/x86_64-linux-gnu/libflann_cpp.so)
[1.876s] -- Checking for module 'libusb-1.0'
[1.888s] --   Found libusb-1.0, version 1.0.25
[1.921s] -- Found libusb: /usr/lib/x86_64-linux-gnu/libusb-1.0.so  
[1.922s] -- OpenNI found (version: 1.5.4.0, include: /usr/include/ni, lib: /usr/lib/libOpenNI.so;libusb::libusb)
[1.974s] -- OpenNI2 found (version: 2.2.0.33, include: /usr/include/openni2, lib: /usr/lib/x86_64-linux-gnu/libOpenNI2.so;libusb::libusb)
[2.079s] -- Eigen found (include: /usr/include/eigen3, version: 3.4.0)
[2.085s] -- OpenNI found (version: 1.5.4.0, include: /usr/include/ni, lib: /usr/lib/libOpenNI.so;libusb::libusb)
[2.090s] -- OpenNI2 found (version: 2.2.0.33, include: /usr/include/openni2, lib: /usr/lib/x86_64-linux-gnu/libOpenNI2.so;libusb::libusb)
[2.190s] -- Found Qhull version 8.0.2
[2.293s] -- OpenNI found (version: 1.5.4.0, include: /usr/include/ni, lib: /usr/lib/libOpenNI.so;libusb::libusb)
[2.394s] -- Found PCL_COMMON: /usr/lib/x86_64-linux-gnu/libpcl_common.so  
[2.395s] -- Found PCL_KDTREE: /usr/lib/x86_64-linux-gnu/libpcl_kdtree.so  
[2.396s] -- Found PCL_OCTREE: /usr/lib/x86_64-linux-gnu/libpcl_octree.so  
[2.396s] -- Found PCL_SEARCH: /usr/lib/x86_64-linux-gnu/libpcl_search.so  
[2.397s] -- Found PCL_SAMPLE_CONSENSUS: /usr/lib/x86_64-linux-gnu/libpcl_sample_consensus.so  
[2.398s] -- Found PCL_FILTERS: /usr/lib/x86_64-linux-gnu/libpcl_filters.so  
[2.398s] -- Found PCL_2D: /usr/include/pcl-1.12  
[2.399s] -- Found PCL_GEOMETRY: /usr/include/pcl-1.12  
[2.399s] -- Found PCL_IO: /usr/lib/x86_64-linux-gnu/libpcl_io.so  
[2.401s] -- Found PCL_FEATURES: /usr/lib/x86_64-linux-gnu/libpcl_features.so  
[2.401s] -- Found PCL_ML: /usr/lib/x86_64-linux-gnu/libpcl_ml.so  
[2.402s] -- Found PCL_SEGMENTATION: /usr/lib/x86_64-linux-gnu/libpcl_segmentation.so  
[2.403s] -- Found PCL_VISUALIZATION: /usr/lib/x86_64-linux-gnu/libpcl_visualization.so  
[2.404s] -- Found PCL_SURFACE: /usr/lib/x86_64-linux-gnu/libpcl_surface.so  
[2.405s] -- Found PCL_REGISTRATION: /usr/lib/x86_64-linux-gnu/libpcl_registration.so  
[2.405s] -- Found PCL_KEYPOINTS: /usr/lib/x86_64-linux-gnu/libpcl_keypoints.so  
[2.406s] -- Found PCL_TRACKING: /usr/lib/x86_64-linux-gnu/libpcl_tracking.so  
[2.407s] -- Found PCL_RECOGNITION: /usr/lib/x86_64-linux-gnu/libpcl_recognition.so  
[2.408s] -- Found PCL_STEREO: /usr/lib/x86_64-linux-gnu/libpcl_stereo.so  
[2.408s] -- Found PCL_APPS: /usr/lib/x86_64-linux-gnu/libpcl_apps.so  
[2.409s] -- Found PCL_IN_HAND_SCANNER: /usr/include/pcl-1.12  
[2.410s] -- Found PCL_MODELER: /usr/include/pcl-1.12  
[2.410s] -- Found PCL_POINT_CLOUD_EDITOR: /usr/include/pcl-1.12  
[2.411s] -- Found PCL_OUTOFCORE: /usr/lib/x86_64-linux-gnu/libpcl_outofcore.so  
[2.411s] -- Found PCL_PEOPLE: /usr/lib/x86_64-linux-gnu/libpcl_people.so  
[2.441s] -- Found PkgConfig: /usr/bin/pkg-config (found version "0.29.2") 
[2.441s] -- Checking for module 'apr-1'
[2.445s] --   No package 'apr-1' found
[2.594s] -- Found ament_cmake_ros: 0.10.0 (/opt/ros/humble/share/ament_cmake_ros/cmake)
[2.746s] -- Using all available rosidl_typesupport_c: rosidl_typesupport_fastrtps_c;rosidl_typesupport_introspection_c
[2.947s] -- Using all available rosidl_typesupport_cpp: rosidl_typesupport_fastrtps_cpp;rosidl_typesupport_introspection_cpp
[2.962s] -- Found PythonInterp: /usr/bin/python3 (found suitable version "3.10.12", minimum required is "3.6") 
[2.963s] -- Found python_cmake_module: 0.10.0 (/opt/ros/humble/share/python_cmake_module/cmake)
[2.981s] -- Found PythonLibs: /usr/lib/x86_64-linux-gnu/libpython3.10.so (found suitable version "3.10.12", minimum required is "3.5") 
[2.981s] -- Using PYTHON_EXECUTABLE: /usr/bin/python3
[2.981s] -- Using PYTHON_INCLUDE_DIRS: /usr/include/python3.10
[2.981s] -- Using PYTHON_LIBRARIES: /usr/lib/x86_64-linux-gnu/libpython3.10.so
[2.997s] -- Found PythonExtra: .so  
[3.091s] -- Found ament_lint_auto: 0.12.15 (/opt/ros/humble/share/ament_lint_auto/cmake)
[3.107s] -- Added test 'copyright' to check source files copyright and LICENSE
[3.113s] -- Added test 'cppcheck' to perform static code analysis on C / C++ code
[3.114s] -- Configured cppcheck include dirs: /home/sangyuwan/lidar/src/livox_ros_driver2/3rdparty;/home/sangyuwan/lidar/src/livox_ros_driver2/src
[3.114s] -- Configured cppcheck exclude dirs and/or files: 
[3.119s] -- Added test 'cpplint' to check C / C++ code against the Google style
[3.119s] -- Configured cpplint exclude dirs and/or files: 
[3.120s] -- Added test 'flake8' to check Python code syntax and style conventions
[3.121s] -- Added test 'lint_cmake' to check CMake code style
[3.122s] -- Added test 'pep257' to check Python code against some of the docstring style conventions in PEP 257
[3.127s] -- Added test 'uncrustify' to check C / C++ code style
[3.127s] -- Configured uncrustify additional arguments: 
[3.128s] -- Added test 'xmllint' to check XML markup files
[3.130s] -- Configuring done
[3.220s] -- Generating done
[3.236s] -- Build files have been written to: /home/sangyuwan/lidar/build/livox_ros_driver2
[3.261s] Invoked command in '/home/sangyuwan/lidar/build/livox_ros_driver2' returned '0': CMAKE_PREFIX_PATH=/opt/ros/humble /usr/bin/cmake /home/sangyuwan/lidar/src/livox_ros_driver2 -DROS_EDITION=ROS2 -DDISTRO_ROS=humble -DLIVOX_LIDAR_SDK_ROOT=/home/sangyuwan/lidar/third_party/Livox-SDK2/install -DCMAKE_BUILD_TYPE=Release -DCMAKE_INSTALL_PREFIX=/home/sangyuwan/lidar/install/livox_ros_driver2
[3.262s] Invoking command in '/home/sangyuwan/lidar/build/livox_ros_driver2': CMAKE_PREFIX_PATH=/opt/ros/humble /usr/bin/cmake --build /home/sangyuwan/lidar/build/livox_ros_driver2 -- -j16 -l16
[3.300s] [  1%] Generating C code for ROS interfaces
[3.307s] [  6%] Generating C++ code for ROS interfaces
[3.308s] [  6%] Generating Rust code for ROS interfaces
[3.308s] [  6%] Building CXX object CMakeFiles/livox_ros_driver2_node.dir/rclcpp_components/node_main_livox_ros_driver2_node.cpp.o
[3.315s] [  6%] Built target ament_cmake_python_copy_livox_ros_driver2
[3.459s] running egg_info
[3.459s] creating livox_ros_driver2.egg-info
[3.459s] writing livox_ros_driver2.egg-info/PKG-INFO
[3.459s] writing dependency_links to livox_ros_driver2.egg-info/dependency_links.txt
[3.459s] writing top-level names to livox_ros_driver2.egg-info/top_level.txt
[3.459s] writing manifest file 'livox_ros_driver2.egg-info/SOURCES.txt'
[3.461s] reading manifest file 'livox_ros_driver2.egg-info/SOURCES.txt'
[3.462s] writing manifest file 'livox_ros_driver2.egg-info/SOURCES.txt'
[3.482s] [  6%] Built target ament_cmake_python_build_livox_ros_driver2_egg
[3.538s] [  6%] Built target livox_interfaces2__rs
[3.573s] [  6%] Built target livox_interfaces2__cpp
[3.580s] [  8%] Generating C++ type support for eProsima Fast-RTPS
[3.580s] [ 10%] Generating C++ type support dispatch for ROS interfaces
[3.580s] [ 12%] Generating C++ introspection for ROS interfaces
[3.589s] [ 15%] Building C object CMakeFiles/livox_interfaces2__rosidl_generator_c.dir/rosidl_generator_c/livox_ros_driver2/msg/detail/custom_point__functions.c.o
[3.589s] [ 15%] Building C object CMakeFiles/livox_interfaces2__rosidl_generator_c.dir/rosidl_generator_c/livox_ros_driver2/msg/detail/custom_msg__functions.c.o
[3.664s] [ 17%] Linking C shared library liblivox_ros_driver2__rosidl_generator_c.so
[3.696s] [ 17%] Built target livox_interfaces2__rosidl_generator_c
[3.706s] [ 22%] Generating C type support dispatch for ROS interfaces
[3.706s] [ 22%] Generating C type support for eProsima Fast-RTPS
[3.706s] [ 22%] Generating C introspection for ROS interfaces
[3.824s] [ 25%] Building CXX object CMakeFiles/livox_interfaces2__rosidl_typesupport_cpp.dir/rosidl_typesupport_cpp/livox_ros_driver2/msg/custom_point__type_support.cpp.o
[3.824s] [ 25%] Building CXX object CMakeFiles/livox_interfaces2__rosidl_typesupport_cpp.dir/rosidl_typesupport_cpp/livox_ros_driver2/msg/custom_msg__type_support.cpp.o
[3.832s] [ 27%] Building CXX object CMakeFiles/livox_interfaces2__rosidl_typesupport_introspection_cpp.dir/rosidl_typesupport_introspection_cpp/livox_ros_driver2/msg/detail/custom_point__type_support.cpp.o
[3.833s] [ 29%] Building CXX object CMakeFiles/livox_interfaces2__rosidl_typesupport_introspection_cpp.dir/rosidl_typesupport_introspection_cpp/livox_ros_driver2/msg/detail/custom_msg__type_support.cpp.o
[3.849s] [ 31%] Building CXX object CMakeFiles/livox_interfaces2__rosidl_typesupport_fastrtps_cpp.dir/rosidl_typesupport_fastrtps_cpp/livox_ros_driver2/msg/detail/dds_fastrtps/custom_point__type_support.cpp.o
[3.849s] [ 32%] Building CXX object CMakeFiles/livox_interfaces2__rosidl_typesupport_fastrtps_cpp.dir/rosidl_typesupport_fastrtps_cpp/livox_ros_driver2/msg/detail/dds_fastrtps/custom_msg__type_support.cpp.o
[3.984s] [ 34%] Building C object CMakeFiles/livox_interfaces2__rosidl_typesupport_introspection_c.dir/rosidl_typesupport_introspection_c/livox_ros_driver2/msg/detail/custom_msg__type_support.c.o
[3.984s] [ 36%] Building C object CMakeFiles/livox_interfaces2__rosidl_typesupport_introspection_c.dir/rosidl_typesupport_introspection_c/livox_ros_driver2/msg/detail/custom_point__type_support.c.o
[3.993s] [ 39%] Building CXX object CMakeFiles/livox_interfaces2__rosidl_typesupport_fastrtps_c.dir/rosidl_typesupport_fastrtps_c/livox_ros_driver2/msg/detail/custom_msg__type_support_c.cpp.o
[3.993s] [ 39%] Building CXX object CMakeFiles/livox_interfaces2__rosidl_typesupport_fastrtps_c.dir/rosidl_typesupport_fastrtps_c/livox_ros_driver2/msg/detail/custom_point__type_support_c.cpp.o
[4.023s] [ 43%] Building CXX object CMakeFiles/livox_interfaces2__rosidl_typesupport_c.dir/rosidl_typesupport_c/livox_ros_driver2/msg/custom_point__type_support.cpp.o
[4.024s] [ 43%] Building CXX object CMakeFiles/livox_interfaces2__rosidl_typesupport_c.dir/rosidl_typesupport_c/livox_ros_driver2/msg/custom_msg__type_support.cpp.o
[4.050s] [ 44%] Linking C shared library liblivox_ros_driver2__rosidl_typesupport_introspection_c.so
[4.058s] [ 46%] Linking CXX shared library liblivox_ros_driver2__rosidl_typesupport_c.so
[4.084s] [ 48%] Linking CXX shared library liblivox_ros_driver2__rosidl_typesupport_cpp.so
[4.087s] [ 48%] Built target livox_interfaces2__rosidl_typesupport_introspection_c
[4.100s] [ 48%] Built target livox_interfaces2__rosidl_typesupport_c
[4.131s] [ 48%] Built target livox_interfaces2__rosidl_typesupport_cpp
[4.155s] [ 58%] Building CXX object CMakeFiles/livox_ros_driver2.dir/src/comm/comm.cpp.o
[4.155s] [ 58%] Building CXX object CMakeFiles/livox_ros_driver2.dir/src/lds_lidar.cpp.o
[4.155s] [ 58%] Building CXX object CMakeFiles/livox_ros_driver2.dir/src/lds.cpp.o
[4.156s] [ 58%] Building CXX object CMakeFiles/livox_ros_driver2.dir/src/comm/ldq.cpp.o
[4.156s] [ 58%] Building CXX object CMakeFiles/livox_ros_driver2.dir/src/lddc.cpp.o
[4.158s] [ 58%] Building CXX object CMakeFiles/livox_ros_driver2.dir/src/driver_node.cpp.o
[4.158s] [ 60%] Building CXX object CMakeFiles/livox_ros_driver2.dir/src/livox_ros_driver2.cpp.o
[4.159s] [ 62%] Building CXX object CMakeFiles/livox_ros_driver2.dir/src/comm/semaphore.cpp.o
[4.162s] [ 63%] Building CXX object CMakeFiles/livox_ros_driver2.dir/src/comm/lidar_imu_data_queue.cpp.o
[4.162s] [ 65%] Building CXX object CMakeFiles/livox_ros_driver2.dir/src/comm/cache_index.cpp.o
[4.174s] [ 67%] Building CXX object CMakeFiles/livox_ros_driver2.dir/src/comm/pub_handler.cpp.o
[4.225s] [ 68%] Linking CXX shared library liblivox_ros_driver2__rosidl_typesupport_fastrtps_cpp.so
[4.238s] [ 70%] Linking CXX shared library liblivox_ros_driver2__rosidl_typesupport_introspection_cpp.so
[4.298s] [ 74%] Building CXX object CMakeFiles/livox_ros_driver2.dir/src/parse_cfg_file/parse_cfg_file.cpp.o
[4.298s] [ 74%] Linking CXX shared library liblivox_ros_driver2__rosidl_typesupport_fastrtps_c.so
[4.350s] [ 74%] Built target livox_interfaces2__rosidl_typesupport_introspection_cpp
[4.360s] [ 75%] Building CXX object CMakeFiles/livox_ros_driver2.dir/src/parse_cfg_file/parse_livox_lidar_cfg.cpp.o
[4.366s] [ 75%] Built target livox_interfaces2__rosidl_typesupport_fastrtps_cpp
[4.376s] [ 77%] Building CXX object CMakeFiles/livox_ros_driver2.dir/src/call_back/lidar_common_callback.cpp.o
[4.410s] [ 77%] Built target livox_interfaces2__rosidl_typesupport_fastrtps_c
[4.422s] [ 79%] Building CXX object CMakeFiles/livox_ros_driver2.dir/src/call_back/livox_lidar_callback.cpp.o
[4.561s] [ 79%] Built target livox_interfaces2
[4.584s] [ 81%] Generating Python code for ROS interfaces
[5.199s] [ 81%] Built target livox_interfaces2__py
[5.218s] [ 82%] Building C object CMakeFiles/livox_interfaces2__rosidl_generator_py.dir/rosidl_generator_py/livox_ros_driver2/msg/_custom_point_s.c.o
[5.218s] [ 84%] Building C object CMakeFiles/livox_interfaces2__rosidl_generator_py.dir/rosidl_generator_py/livox_ros_driver2/msg/_custom_msg_s.c.o
[5.362s] [ 86%] Linking C shared library rosidl_generator_py/livox_ros_driver2/liblivox_interfaces2__rosidl_generator_py.so
[5.398s] [ 86%] Built target livox_interfaces2__rosidl_generator_py
[5.416s] [ 89%] Building C object CMakeFiles/livox_ros_driver2__rosidl_typesupport_c__pyext.dir/rosidl_generator_py/livox_ros_driver2/_livox_ros_driver2_s.ep.rosidl_typesupport_c.c.o
[5.417s] [ 89%] Building C object CMakeFiles/livox_ros_driver2__rosidl_typesupport_introspection_c__pyext.dir/rosidl_generator_py/livox_ros_driver2/_livox_ros_driver2_s.ep.rosidl_typesupport_introspection_c.c.o
[5.417s] [ 91%] Building C object CMakeFiles/livox_ros_driver2__rosidl_typesupport_fastrtps_c__pyext.dir/rosidl_generator_py/livox_ros_driver2/_livox_ros_driver2_s.ep.rosidl_typesupport_fastrtps_c.c.o
[5.521s] [ 94%] Linking C shared library rosidl_generator_py/livox_ros_driver2/livox_ros_driver2_s__rosidl_typesupport_introspection_c.cpython-310-x86_64-linux-gnu.so
[5.521s] [ 94%] Linking C shared library rosidl_generator_py/livox_ros_driver2/livox_ros_driver2_s__rosidl_typesupport_fastrtps_c.cpython-310-x86_64-linux-gnu.so
[5.543s] [ 96%] Linking C shared library rosidl_generator_py/livox_ros_driver2/livox_ros_driver2_s__rosidl_typesupport_c.cpython-310-x86_64-linux-gnu.so
[5.552s] [ 96%] Built target livox_ros_driver2__rosidl_typesupport_fastrtps_c__pyext
[5.552s] [ 96%] Built target livox_ros_driver2__rosidl_typesupport_introspection_c__pyext
[5.574s] [ 96%] Built target livox_ros_driver2__rosidl_typesupport_c__pyext
[6.237s] [ 98%] Linking CXX executable livox_ros_driver2_node
[6.358s] [ 98%] Built target livox_ros_driver2_node
[10.837s] [100%] Linking CXX shared library liblivox_ros_driver2.so
[11.260s] [100%] Built target livox_ros_driver2
[11.273s] Invoked command in '/home/sangyuwan/lidar/build/livox_ros_driver2' returned '0': CMAKE_PREFIX_PATH=/opt/ros/humble /usr/bin/cmake --build /home/sangyuwan/lidar/build/livox_ros_driver2 -- -j16 -l16
[11.281s] Invoking command in '/home/sangyuwan/lidar/build/livox_ros_driver2': CMAKE_PREFIX_PATH=/opt/ros/humble /usr/bin/cmake --install /home/sangyuwan/lidar/build/livox_ros_driver2
[11.287s] -- Install configuration: "Release"
[11.287s] -- Installing: /home/sangyuwan/lidar/install/livox_ros_driver2/share/ament_index/resource_index/rosidl_interfaces/livox_ros_driver2
[11.287s] -- Installing: /home/sangyuwan/lidar/install/livox_ros_driver2/include/livox_ros_driver2/livox_ros_driver2
[11.288s] -- Installing: /home/sangyuwan/lidar/install/livox_ros_driver2/include/livox_ros_driver2/livox_ros_driver2/msg
[11.288s] -- Installing: /home/sangyuwan/lidar/install/livox_ros_driver2/include/livox_ros_driver2/livox_ros_driver2/msg/rosidl_generator_c__visibility_control.h
[11.288s] -- Installing: /home/sangyuwan/lidar/install/livox_ros_driver2/include/livox_ros_driver2/livox_ros_driver2/msg/custom_point.h
[11.288s] -- Installing: /home/sangyuwan/lidar/install/livox_ros_driver2/include/livox_ros_driver2/livox_ros_driver2/msg/detail
[11.288s] -- Installing: /home/sangyuwan/lidar/install/livox_ros_driver2/include/livox_ros_driver2/livox_ros_driver2/msg/detail/custom_point__functions.c
[11.288s] -- Installing: /home/sangyuwan/lidar/install/livox_ros_driver2/include/livox_ros_driver2/livox_ros_driver2/msg/detail/custom_point__functions.h
[11.288s] -- Installing: /home/sangyuwan/lidar/install/livox_ros_driver2/include/livox_ros_driver2/livox_ros_driver2/msg/detail/custom_point__struct.h
[11.289s] -- Installing: /home/sangyuwan/lidar/install/livox_ros_driver2/include/livox_ros_driver2/livox_ros_driver2/msg/detail/custom_point__type_support.h
[11.289s] -- Installing: /home/sangyuwan/lidar/install/livox_ros_driver2/include/livox_ros_driver2/livox_ros_driver2/msg/detail/custom_msg__functions.c
[11.289s] -- Installing: /home/sangyuwan/lidar/install/livox_ros_driver2/include/livox_ros_driver2/livox_ros_driver2/msg/detail/custom_msg__functions.h
[11.289s] -- Installing: /home/sangyuwan/lidar/install/livox_ros_driver2/include/livox_ros_driver2/livox_ros_driver2/msg/detail/custom_msg__struct.h
[11.289s] -- Installing: /home/sangyuwan/lidar/install/livox_ros_driver2/include/livox_ros_driver2/livox_ros_driver2/msg/detail/custom_msg__type_support.h
[11.289s] -- Installing: /home/sangyuwan/lidar/install/livox_ros_driver2/include/livox_ros_driver2/livox_ros_driver2/msg/custom_msg.h
[11.289s] -- Installing: /home/sangyuwan/lidar/install/livox_ros_driver2/share/livox_ros_driver2/environment/library_path.sh
[11.289s] -- Installing: /home/sangyuwan/lidar/install/livox_ros_driver2/share/livox_ros_driver2/environment/library_path.dsv
[11.289s] -- Installing: /home/sangyuwan/lidar/install/livox_ros_driver2/lib/liblivox_ros_driver2__rosidl_generator_c.so
[11.290s] -- Set runtime path of "/home/sangyuwan/lidar/install/livox_ros_driver2/lib/liblivox_ros_driver2__rosidl_generator_c.so" to ""
[11.290s] -- Up-to-date: /home/sangyuwan/lidar/install/livox_ros_driver2/include/livox_ros_driver2/livox_ros_driver2
[11.290s] -- Up-to-date: /home/sangyuwan/lidar/install/livox_ros_driver2/include/livox_ros_driver2/livox_ros_driver2/msg
[11.290s] -- Installing: /home/sangyuwan/lidar/install/livox_ros_driver2/include/livox_ros_driver2/livox_ros_driver2/msg/rosidl_typesupport_fastrtps_c__visibility_control.h
[11.290s] -- Up-to-date: /home/sangyuwan/lidar/install/livox_ros_driver2/include/livox_ros_driver2/livox_ros_driver2/msg/detail
[11.290s] -- Installing: /home/sangyuwan/lidar/install/livox_ros_driver2/include/livox_ros_driver2/livox_ros_driver2/msg/detail/custom_point__rosidl_typesupport_fastrtps_c.h
[11.290s] -- Installing: /home/sangyuwan/lidar/install/livox_ros_driver2/include/livox_ros_driver2/livox_ros_driver2/msg/detail/custom_msg__rosidl_typesupport_fastrtps_c.h
[11.290s] -- Installing: /home/sangyuwan/lidar/install/livox_ros_driver2/lib/liblivox_ros_driver2__rosidl_typesupport_fastrtps_c.so
[11.291s] -- Set runtime path of "/home/sangyuwan/lidar/install/livox_ros_driver2/lib/liblivox_ros_driver2__rosidl_typesupport_fastrtps_c.so" to ""
[11.291s] -- Up-to-date: /home/sangyuwan/lidar/install/livox_ros_driver2/include/livox_ros_driver2/livox_ros_driver2
[11.291s] -- Up-to-date: /home/sangyuwan/lidar/install/livox_ros_driver2/include/livox_ros_driver2/livox_ros_driver2/msg
[11.291s] -- Installing: /home/sangyuwan/lidar/install/livox_ros_driver2/include/livox_ros_driver2/livox_ros_driver2/msg/rosidl_typesupport_introspection_c__visibility_control.h
[11.291s] -- Up-to-date: /home/sangyuwan/lidar/install/livox_ros_driver2/include/livox_ros_driver2/livox_ros_driver2/msg/detail
[11.291s] -- Installing: /home/sangyuwan/lidar/install/livox_ros_driver2/include/livox_ros_driver2/livox_ros_driver2/msg/detail/custom_point__rosidl_typesupport_introspection_c.h
[11.291s] -- Installing: /home/sangyuwan/lidar/install/livox_ros_driver2/include/livox_ros_driver2/livox_ros_driver2/msg/detail/custom_point__type_support.c
[11.291s] -- Installing: /home/sangyuwan/lidar/install/livox_ros_driver2/include/livox_ros_driver2/livox_ros_driver2/msg/detail/custom_msg__rosidl_typesupport_introspection_c.h
[11.291s] -- Installing: /home/sangyuwan/lidar/install/livox_ros_driver2/include/livox_ros_driver2/livox_ros_driver2/msg/detail/custom_msg__type_support.c
[11.292s] -- Installing: /home/sangyuwan/lidar/install/livox_ros_driver2/lib/liblivox_ros_driver2__rosidl_typesupport_introspection_c.so
[11.292s] -- Set runtime path of "/home/sangyuwan/lidar/install/livox_ros_driver2/lib/liblivox_ros_driver2__rosidl_typesupport_introspection_c.so" to ""
[11.292s] -- Installing: /home/sangyuwan/lidar/install/livox_ros_driver2/lib/liblivox_ros_driver2__rosidl_typesupport_c.so
[11.293s] -- Set runtime path of "/home/sangyuwan/lidar/install/livox_ros_driver2/lib/liblivox_ros_driver2__rosidl_typesupport_c.so" to ""
[11.293s] -- Up-to-date: /home/sangyuwan/lidar/install/livox_ros_driver2/include/livox_ros_driver2/livox_ros_driver2
[11.293s] -- Up-to-date: /home/sangyuwan/lidar/install/livox_ros_driver2/include/livox_ros_driver2/livox_ros_driver2/msg
[11.293s] -- Installing: /home/sangyuwan/lidar/install/livox_ros_driver2/include/livox_ros_driver2/livox_ros_driver2/msg/rosidl_generator_cpp__visibility_control.hpp
[11.293s] -- Installing: /home/sangyuwan/lidar/install/livox_ros_driver2/include/livox_ros_driver2/livox_ros_driver2/msg/custom_point.hpp
[11.293s] -- Up-to-date: /home/sangyuwan/lidar/install/livox_ros_driver2/include/livox_ros_driver2/livox_ros_driver2/msg/detail
[11.293s] -- Installing: /home/sangyuwan/lidar/install/livox_ros_driver2/include/livox_ros_driver2/livox_ros_driver2/msg/detail/custom_point__builder.hpp
[11.293s] -- Installing: /home/sangyuwan/lidar/install/livox_ros_driver2/include/livox_ros_driver2/livox_ros_driver2/msg/detail/custom_point__struct.hpp
[11.293s] -- Installing: /home/sangyuwan/lidar/install/livox_ros_driver2/include/livox_ros_driver2/livox_ros_driver2/msg/detail/custom_point__traits.hpp
[11.294s] -- Installing: /home/sangyuwan/lidar/install/livox_ros_driver2/include/livox_ros_driver2/livox_ros_driver2/msg/detail/custom_point__type_support.hpp
[11.294s] -- Installing: /home/sangyuwan/lidar/install/livox_ros_driver2/include/livox_ros_driver2/livox_ros_driver2/msg/detail/custom_msg__builder.hpp
[11.294s] -- Installing: /home/sangyuwan/lidar/install/livox_ros_driver2/include/livox_ros_driver2/livox_ros_driver2/msg/detail/custom_msg__struct.hpp
[11.294s] -- Installing: /home/sangyuwan/lidar/install/livox_ros_driver2/include/livox_ros_driver2/livox_ros_driver2/msg/detail/custom_msg__traits.hpp
[11.294s] -- Installing: /home/sangyuwan/lidar/install/livox_ros_driver2/include/livox_ros_driver2/livox_ros_driver2/msg/detail/custom_msg__type_support.hpp
[11.294s] -- Installing: /home/sangyuwan/lidar/install/livox_ros_driver2/include/livox_ros_driver2/livox_ros_driver2/msg/custom_msg.hpp
[11.295s] -- Up-to-date: /home/sangyuwan/lidar/install/livox_ros_driver2/include/livox_ros_driver2/livox_ros_driver2
[11.295s] -- Up-to-date: /home/sangyuwan/lidar/install/livox_ros_driver2/include/livox_ros_driver2/livox_ros_driver2/msg
[11.295s] -- Installing: /home/sangyuwan/lidar/install/livox_ros_driver2/include/livox_ros_driver2/livox_ros_driver2/msg/rosidl_typesupport_fastrtps_cpp__visibility_control.h
[11.295s] -- Up-to-date: /home/sangyuwan/lidar/install/livox_ros_driver2/include/livox_ros_driver2/livox_ros_driver2/msg/detail
[11.295s] -- Installing: /home/sangyuwan/lidar/install/livox_ros_driver2/include/livox_ros_driver2/livox_ros_driver2/msg/detail/custom_point__rosidl_typesupport_fastrtps_cpp.hpp
[11.295s] -- Installing: /home/sangyuwan/lidar/install/livox_ros_driver2/include/livox_ros_driver2/livox_ros_driver2/msg/detail/dds_fastrtps
[11.295s] -- Installing: /home/sangyuwan/lidar/install/livox_ros_driver2/include/livox_ros_driver2/livox_ros_driver2/msg/detail/custom_msg__rosidl_typesupport_fastrtps_cpp.hpp
[11.296s] -- Installing: /home/sangyuwan/lidar/install/livox_ros_driver2/lib/liblivox_ros_driver2__rosidl_typesupport_fastrtps_cpp.so
[11.296s] -- Set runtime path of "/home/sangyuwan/lidar/install/livox_ros_driver2/lib/liblivox_ros_driver2__rosidl_typesupport_fastrtps_cpp.so" to ""
[11.296s] -- Up-to-date: /home/sangyuwan/lidar/install/livox_ros_driver2/include/livox_ros_driver2/livox_ros_driver2
[11.296s] -- Up-to-date: /home/sangyuwan/lidar/install/livox_ros_driver2/include/livox_ros_driver2/livox_ros_driver2/msg
[11.297s] -- Up-to-date: /home/sangyuwan/lidar/install/livox_ros_driver2/include/livox_ros_driver2/livox_ros_driver2/msg/detail
[11.297s] -- Installing: /home/sangyuwan/lidar/install/livox_ros_driver2/include/livox_ros_driver2/livox_ros_driver2/msg/detail/custom_point__rosidl_typesupport_introspection_cpp.hpp
[11.297s] -- Installing: /home/sangyuwan/lidar/install/livox_ros_driver2/include/livox_ros_driver2/livox_ros_driver2/msg/detail/custom_point__type_support.cpp
[11.297s] -- Installing: /home/sangyuwan/lidar/install/livox_ros_driver2/include/livox_ros_driver2/livox_ros_driver2/msg/detail/custom_msg__rosidl_typesupport_introspection_cpp.hpp
[11.297s] -- Installing: /home/sangyuwan/lidar/install/livox_ros_driver2/include/livox_ros_driver2/livox_ros_driver2/msg/detail/custom_msg__type_support.cpp
[11.297s] -- Installing: /home/sangyuwan/lidar/install/livox_ros_driver2/lib/liblivox_ros_driver2__rosidl_typesupport_introspection_cpp.so
[11.298s] -- Set runtime path of "/home/sangyuwan/lidar/install/livox_ros_driver2/lib/liblivox_ros_driver2__rosidl_typesupport_introspection_cpp.so" to ""
[11.298s] -- Installing: /home/sangyuwan/lidar/install/livox_ros_driver2/lib/liblivox_ros_driver2__rosidl_typesupport_cpp.so
[11.298s] -- Set runtime path of "/home/sangyuwan/lidar/install/livox_ros_driver2/lib/liblivox_ros_driver2__rosidl_typesupport_cpp.so" to ""
[11.298s] -- Installing: /home/sangyuwan/lidar/install/livox_ros_driver2/share/livox_ros_driver2/environment/pythonpath.sh
[11.299s] -- Installing: /home/sangyuwan/lidar/install/livox_ros_driver2/share/livox_ros_driver2/environment/pythonpath.dsv
[11.299s] -- Installing: /home/sangyuwan/lidar/install/livox_ros_driver2/local/lib/python3.10/dist-packages/livox_ros_driver2-1.0.0-py3.10.egg-info
[11.299s] -- Installing: /home/sangyuwan/lidar/install/livox_ros_driver2/local/lib/python3.10/dist-packages/livox_ros_driver2-1.0.0-py3.10.egg-info/PKG-INFO
[11.299s] -- Installing: /home/sangyuwan/lidar/install/livox_ros_driver2/local/lib/python3.10/dist-packages/livox_ros_driver2-1.0.0-py3.10.egg-info/dependency_links.txt
[11.299s] -- Installing: /home/sangyuwan/lidar/install/livox_ros_driver2/local/lib/python3.10/dist-packages/livox_ros_driver2-1.0.0-py3.10.egg-info/top_level.txt
[11.299s] -- Installing: /home/sangyuwan/lidar/install/livox_ros_driver2/local/lib/python3.10/dist-packages/livox_ros_driver2-1.0.0-py3.10.egg-info/SOURCES.txt
[11.299s] -- Installing: /home/sangyuwan/lidar/install/livox_ros_driver2/local/lib/python3.10/dist-packages/livox_ros_driver2
[11.299s] -- Installing: /home/sangyuwan/lidar/install/livox_ros_driver2/local/lib/python3.10/dist-packages/livox_ros_driver2/__init__.py
[11.299s] -- Installing: /home/sangyuwan/lidar/install/livox_ros_driver2/local/lib/python3.10/dist-packages/livox_ros_driver2/msg
[11.299s] -- Installing: /home/sangyuwan/lidar/install/livox_ros_driver2/local/lib/python3.10/dist-packages/livox_ros_driver2/msg/_custom_point.py
[11.300s] -- Installing: /home/sangyuwan/lidar/install/livox_ros_driver2/local/lib/python3.10/dist-packages/livox_ros_driver2/msg/_custom_point_s.c
[11.300s] -- Installing: /home/sangyuwan/lidar/install/livox_ros_driver2/local/lib/python3.10/dist-packages/livox_ros_driver2/msg/_custom_msg.py
[11.300s] -- Installing: /home/sangyuwan/lidar/install/livox_ros_driver2/local/lib/python3.10/dist-packages/livox_ros_driver2/msg/_custom_msg_s.c
[11.300s] -- Installing: /home/sangyuwan/lidar/install/livox_ros_driver2/local/lib/python3.10/dist-packages/livox_ros_driver2/msg/__init__.py
[11.300s] -- Installing: /home/sangyuwan/lidar/install/livox_ros_driver2/local/lib/python3.10/dist-packages/livox_ros_driver2/_livox_ros_driver2_s.ep.rosidl_typesupport_fastrtps_c.c
[11.301s] -- Installing: /home/sangyuwan/lidar/install/livox_ros_driver2/local/lib/python3.10/dist-packages/livox_ros_driver2/_livox_ros_driver2_s.ep.rosidl_typesupport_introspection_c.c
[11.301s] -- Installing: /home/sangyuwan/lidar/install/livox_ros_driver2/local/lib/python3.10/dist-packages/livox_ros_driver2/_livox_ros_driver2_s.ep.rosidl_typesupport_c.c
[11.301s] -- Installing: /home/sangyuwan/lidar/install/livox_ros_driver2/local/lib/python3.10/dist-packages/livox_ros_driver2/liblivox_interfaces2__rosidl_generator_py.so
[11.301s] -- Installing: /home/sangyuwan/lidar/install/livox_ros_driver2/local/lib/python3.10/dist-packages/livox_ros_driver2/livox_ros_driver2_s__rosidl_typesupport_fastrtps_c.cpython-310-x86_64-linux-gnu.so
[11.301s] -- Installing: /home/sangyuwan/lidar/install/livox_ros_driver2/local/lib/python3.10/dist-packages/livox_ros_driver2/livox_ros_driver2_s__rosidl_typesupport_introspection_c.cpython-310-x86_64-linux-gnu.so
[11.302s] -- Installing: /home/sangyuwan/lidar/install/livox_ros_driver2/local/lib/python3.10/dist-packages/livox_ros_driver2/livox_ros_driver2_s__rosidl_typesupport_c.cpython-310-x86_64-linux-gnu.so
[11.327s] Listing '/home/sangyuwan/lidar/install/livox_ros_driver2/local/lib/python3.10/dist-packages/livox_ros_driver2'...
[11.327s] Compiling '/home/sangyuwan/lidar/install/livox_ros_driver2/local/lib/python3.10/dist-packages/livox_ros_driver2/__init__.py'...
[11.327s] Listing '/home/sangyuwan/lidar/install/livox_ros_driver2/local/lib/python3.10/dist-packages/livox_ros_driver2/msg'...
[11.327s] Compiling '/home/sangyuwan/lidar/install/livox_ros_driver2/local/lib/python3.10/dist-packages/livox_ros_driver2/msg/__init__.py'...
[11.327s] Compiling '/home/sangyuwan/lidar/install/livox_ros_driver2/local/lib/python3.10/dist-packages/livox_ros_driver2/msg/_custom_msg.py'...
[11.328s] Compiling '/home/sangyuwan/lidar/install/livox_ros_driver2/local/lib/python3.10/dist-packages/livox_ros_driver2/msg/_custom_point.py'...
[11.332s] -- Installing: /home/sangyuwan/lidar/install/livox_ros_driver2/local/lib/python3.10/dist-packages/livox_ros_driver2/livox_ros_driver2_s__rosidl_typesupport_fastrtps_c.cpython-310-x86_64-linux-gnu.so
[11.332s] -- Set runtime path of "/home/sangyuwan/lidar/install/livox_ros_driver2/local/lib/python3.10/dist-packages/livox_ros_driver2/livox_ros_driver2_s__rosidl_typesupport_fastrtps_c.cpython-310-x86_64-linux-gnu.so" to ""
[11.333s] -- Installing: /home/sangyuwan/lidar/install/livox_ros_driver2/local/lib/python3.10/dist-packages/livox_ros_driver2/livox_ros_driver2_s__rosidl_typesupport_introspection_c.cpython-310-x86_64-linux-gnu.so
[11.333s] -- Set runtime path of "/home/sangyuwan/lidar/install/livox_ros_driver2/local/lib/python3.10/dist-packages/livox_ros_driver2/livox_ros_driver2_s__rosidl_typesupport_introspection_c.cpython-310-x86_64-linux-gnu.so" to ""
[11.334s] -- Installing: /home/sangyuwan/lidar/install/livox_ros_driver2/local/lib/python3.10/dist-packages/livox_ros_driver2/livox_ros_driver2_s__rosidl_typesupport_c.cpython-310-x86_64-linux-gnu.so
[11.334s] -- Set runtime path of "/home/sangyuwan/lidar/install/livox_ros_driver2/local/lib/python3.10/dist-packages/livox_ros_driver2/livox_ros_driver2_s__rosidl_typesupport_c.cpython-310-x86_64-linux-gnu.so" to ""
[11.334s] -- Installing: /home/sangyuwan/lidar/install/livox_ros_driver2/lib/liblivox_interfaces2__rosidl_generator_py.so
[11.334s] -- Set runtime path of "/home/sangyuwan/lidar/install/livox_ros_driver2/lib/liblivox_interfaces2__rosidl_generator_py.so" to ""
[11.334s] -- Installing: /home/sangyuwan/lidar/install/livox_ros_driver2/share/ament_index/resource_index/rust_packages/livox_ros_driver2
[11.335s] -- Installing: /home/sangyuwan/lidar/install/livox_ros_driver2/share/livox_ros_driver2/rust
[11.335s] -- Installing: /home/sangyuwan/lidar/install/livox_ros_driver2/share/livox_ros_driver2/rust/src
[11.335s] -- Installing: /home/sangyuwan/lidar/install/livox_ros_driver2/share/livox_ros_driver2/rust/src/msg.rs
[11.335s] -- Installing: /home/sangyuwan/lidar/install/livox_ros_driver2/share/livox_ros_driver2/rust/src/msg
[11.335s] -- Installing: /home/sangyuwan/lidar/install/livox_ros_driver2/share/livox_ros_driver2/rust/src/msg/rmw.rs
[11.335s] -- Installing: /home/sangyuwan/lidar/install/livox_ros_driver2/share/livox_ros_driver2/rust/src/lib.rs
[11.335s] -- Installing: /home/sangyuwan/lidar/install/livox_ros_driver2/share/livox_ros_driver2/rust/Cargo.toml
[11.335s] -- Installing: /home/sangyuwan/lidar/install/livox_ros_driver2/share/livox_ros_driver2/rust/build.rs
[11.335s] -- Installing: /home/sangyuwan/lidar/install/livox_ros_driver2/share/livox_ros_driver2/msg/CustomPoint.idl
[11.336s] -- Installing: /home/sangyuwan/lidar/install/livox_ros_driver2/share/livox_ros_driver2/msg/CustomMsg.idl
[11.336s] -- Installing: /home/sangyuwan/lidar/install/livox_ros_driver2/share/livox_ros_driver2/msg/CustomPoint.msg
[11.336s] -- Installing: /home/sangyuwan/lidar/install/livox_ros_driver2/share/livox_ros_driver2/msg/CustomMsg.msg
[11.336s] -- Installing: /home/sangyuwan/lidar/install/livox_ros_driver2/lib/livox_ros_driver2/livox_ros_driver2_node
[11.337s] -- Set runtime path of "/home/sangyuwan/lidar/install/livox_ros_driver2/lib/livox_ros_driver2/livox_ros_driver2_node" to ""
[11.337s] -- Installing: /home/sangyuwan/lidar/install/livox_ros_driver2/lib/liblivox_ros_driver2.so
[11.339s] -- Set runtime path of "/home/sangyuwan/lidar/install/livox_ros_driver2/lib/liblivox_ros_driver2.so" to ""
[11.339s] -- Installing: /home/sangyuwan/lidar/install/livox_ros_driver2/share/livox_ros_driver2/config
[11.339s] -- Installing: /home/sangyuwan/lidar/install/livox_ros_driver2/share/livox_ros_driver2/config/HAP_config.json
[11.339s] -- Installing: /home/sangyuwan/lidar/install/livox_ros_driver2/share/livox_ros_driver2/config/MID360_config.json
[11.340s] -- Installing: /home/sangyuwan/lidar/install/livox_ros_driver2/share/livox_ros_driver2/config/MID360s_config.json
[11.340s] -- Installing: /home/sangyuwan/lidar/install/livox_ros_driver2/share/livox_ros_driver2/config/display_point_cloud_ROS1.rviz
[11.340s] -- Installing: /home/sangyuwan/lidar/install/livox_ros_driver2/share/livox_ros_driver2/config/display_point_cloud_ROS2.rviz
[11.340s] -- Installing: /home/sangyuwan/lidar/install/livox_ros_driver2/share/livox_ros_driver2/config/mixed_HAP_MID360_config.json
[11.340s] -- Installing: /home/sangyuwan/lidar/install/livox_ros_driver2/share/livox_ros_driver2/launch_ROS2
[11.340s] -- Installing: /home/sangyuwan/lidar/install/livox_ros_driver2/share/livox_ros_driver2/launch_ROS2/msg_HAP_launch.py
[11.340s] -- Installing: /home/sangyuwan/lidar/install/livox_ros_driver2/share/livox_ros_driver2/launch_ROS2/msg_MID360_launch.py
[11.340s] -- Installing: /home/sangyuwan/lidar/install/livox_ros_driver2/share/livox_ros_driver2/launch_ROS2/msg_MID360s_launch.py
[11.340s] -- Installing: /home/sangyuwan/lidar/install/livox_ros_driver2/share/livox_ros_driver2/launch_ROS2/rviz_HAP_launch.py
[11.340s] -- Installing: /home/sangyuwan/lidar/install/livox_ros_driver2/share/livox_ros_driver2/launch_ROS2/rviz_MID360_launch.py
[11.340s] -- Installing: /home/sangyuwan/lidar/install/livox_ros_driver2/share/livox_ros_driver2/launch_ROS2/rviz_MID360s_launch.py
[11.341s] -- Installing: /home/sangyuwan/lidar/install/livox_ros_driver2/share/livox_ros_driver2/launch_ROS2/rviz_mixed.py
[11.341s] -- Installing: /home/sangyuwan/lidar/install/livox_ros_driver2/share/ament_index/resource_index/package_run_dependencies/livox_ros_driver2
[11.341s] -- Installing: /home/sangyuwan/lidar/install/livox_ros_driver2/share/ament_index/resource_index/parent_prefix_path/livox_ros_driver2
[11.341s] -- Installing: /home/sangyuwan/lidar/install/livox_ros_driver2/share/livox_ros_driver2/environment/ament_prefix_path.sh
[11.341s] -- Installing: /home/sangyuwan/lidar/install/livox_ros_driver2/share/livox_ros_driver2/environment/ament_prefix_path.dsv
[11.341s] -- Installing: /home/sangyuwan/lidar/install/livox_ros_driver2/share/livox_ros_driver2/environment/path.sh
[11.341s] -- Installing: /home/sangyuwan/lidar/install/livox_ros_driver2/share/livox_ros_driver2/environment/path.dsv
[11.341s] -- Installing: /home/sangyuwan/lidar/install/livox_ros_driver2/share/livox_ros_driver2/local_setup.bash
[11.341s] -- Installing: /home/sangyuwan/lidar/install/livox_ros_driver2/share/livox_ros_driver2/local_setup.sh
[11.341s] -- Installing: /home/sangyuwan/lidar/install/livox_ros_driver2/share/livox_ros_driver2/local_setup.zsh
[11.341s] -- Installing: /home/sangyuwan/lidar/install/livox_ros_driver2/share/livox_ros_driver2/local_setup.dsv
[11.341s] -- Installing: /home/sangyuwan/lidar/install/livox_ros_driver2/share/livox_ros_driver2/package.dsv
[11.342s] -- Installing: /home/sangyuwan/lidar/install/livox_ros_driver2/share/ament_index/resource_index/packages/livox_ros_driver2
[11.342s] -- Installing: /home/sangyuwan/lidar/install/livox_ros_driver2/share/ament_index/resource_index/rclcpp_components/livox_ros_driver2
[11.342s] -- Installing: /home/sangyuwan/lidar/install/livox_ros_driver2/share/livox_ros_driver2/cmake/export_livox_interfaces2__rosidl_generator_cExport.cmake
[11.342s] -- Installing: /home/sangyuwan/lidar/install/livox_ros_driver2/share/livox_ros_driver2/cmake/export_livox_interfaces2__rosidl_generator_cExport-release.cmake
[11.342s] -- Installing: /home/sangyuwan/lidar/install/livox_ros_driver2/share/livox_ros_driver2/cmake/export_livox_interfaces2__rosidl_typesupport_fastrtps_cExport.cmake
[11.342s] -- Installing: /home/sangyuwan/lidar/install/livox_ros_driver2/share/livox_ros_driver2/cmake/export_livox_interfaces2__rosidl_typesupport_fastrtps_cExport-release.cmake
[11.342s] -- Installing: /home/sangyuwan/lidar/install/livox_ros_driver2/share/livox_ros_driver2/cmake/livox_interfaces2__rosidl_typesupport_introspection_cExport.cmake
[11.343s] -- Installing: /home/sangyuwan/lidar/install/livox_ros_driver2/share/livox_ros_driver2/cmake/livox_interfaces2__rosidl_typesupport_introspection_cExport-release.cmake
[11.343s] -- Installing: /home/sangyuwan/lidar/install/livox_ros_driver2/share/livox_ros_driver2/cmake/livox_interfaces2__rosidl_typesupport_cExport.cmake
[11.343s] -- Installing: /home/sangyuwan/lidar/install/livox_ros_driver2/share/livox_ros_driver2/cmake/livox_interfaces2__rosidl_typesupport_cExport-release.cmake
[11.343s] -- Installing: /home/sangyuwan/lidar/install/livox_ros_driver2/share/livox_ros_driver2/cmake/export_livox_interfaces2__rosidl_generator_cppExport.cmake
[11.343s] -- Installing: /home/sangyuwan/lidar/install/livox_ros_driver2/share/livox_ros_driver2/cmake/export_livox_interfaces2__rosidl_typesupport_fastrtps_cppExport.cmake
[11.343s] -- Installing: /home/sangyuwan/lidar/install/livox_ros_driver2/share/livox_ros_driver2/cmake/export_livox_interfaces2__rosidl_typesupport_fastrtps_cppExport-release.cmake
[11.344s] -- Installing: /home/sangyuwan/lidar/install/livox_ros_driver2/share/livox_ros_driver2/cmake/livox_interfaces2__rosidl_typesupport_introspection_cppExport.cmake
[11.344s] -- Installing: /home/sangyuwan/lidar/install/livox_ros_driver2/share/livox_ros_driver2/cmake/livox_interfaces2__rosidl_typesupport_introspection_cppExport-release.cmake
[11.344s] -- Installing: /home/sangyuwan/lidar/install/livox_ros_driver2/share/livox_ros_driver2/cmake/livox_interfaces2__rosidl_typesupport_cppExport.cmake
[11.344s] -- Installing: /home/sangyuwan/lidar/install/livox_ros_driver2/share/livox_ros_driver2/cmake/livox_interfaces2__rosidl_typesupport_cppExport-release.cmake
[11.344s] -- Installing: /home/sangyuwan/lidar/install/livox_ros_driver2/share/livox_ros_driver2/cmake/export_livox_interfaces2__rosidl_generator_pyExport.cmake
[11.344s] -- Installing: /home/sangyuwan/lidar/install/livox_ros_driver2/share/livox_ros_driver2/cmake/export_livox_interfaces2__rosidl_generator_pyExport-release.cmake
[11.345s] -- Installing: /home/sangyuwan/lidar/install/livox_ros_driver2/share/livox_ros_driver2/cmake/rosidl_cmake-extras.cmake
[11.345s] -- Installing: /home/sangyuwan/lidar/install/livox_ros_driver2/share/livox_ros_driver2/cmake/ament_cmake_export_dependencies-extras.cmake
[11.345s] -- Installing: /home/sangyuwan/lidar/install/livox_ros_driver2/share/livox_ros_driver2/cmake/ament_cmake_export_include_directories-extras.cmake
[11.345s] -- Installing: /home/sangyuwan/lidar/install/livox_ros_driver2/share/livox_ros_driver2/cmake/ament_cmake_export_libraries-extras.cmake
[11.345s] -- Installing: /home/sangyuwan/lidar/install/livox_ros_driver2/share/livox_ros_driver2/cmake/ament_cmake_export_targets-extras.cmake
[11.345s] -- Installing: /home/sangyuwan/lidar/install/livox_ros_driver2/share/livox_ros_driver2/cmake/rosidl_cmake_export_typesupport_targets-extras.cmake
[11.345s] -- Installing: /home/sangyuwan/lidar/install/livox_ros_driver2/share/livox_ros_driver2/cmake/rosidl_cmake_export_typesupport_libraries-extras.cmake
[11.345s] -- Installing: /home/sangyuwan/lidar/install/livox_ros_driver2/share/livox_ros_driver2/cmake/livox_ros_driver2Config.cmake
[11.345s] -- Installing: /home/sangyuwan/lidar/install/livox_ros_driver2/share/livox_ros_driver2/cmake/livox_ros_driver2Config-version.cmake
[11.345s] -- Installing: /home/sangyuwan/lidar/install/livox_ros_driver2/share/livox_ros_driver2/package.xml
[11.347s] Invoked command in '/home/sangyuwan/lidar/build/livox_ros_driver2' returned '0': CMAKE_PREFIX_PATH=/opt/ros/humble /usr/bin/cmake --install /home/sangyuwan/lidar/build/livox_ros_driver2
