[0.011s] Invoking command in '/home/sangyuwan/lidar/build/lidar_bringup': AMENT_PREFIX_PATH=/home/sangyuwan/lidar/install/fast_lio:/home/sangyuwan/lidar/install/livox_ros_driver2:/home/sangyuwan/lidar/install/lidar_localization:${AMENT_PREFIX_PATH} CMAKE_PREFIX_PATH=/home/sangyuwan/lidar/install/fast_lio:/home/sangyuwan/lidar/install/livox_ros_driver2:/opt/ros/humble LD_LIBRARY_PATH=/home/sangyuwan/lidar/install/fast_lio/lib:/home/sangyuwan/lidar/install/livox_ros_driver2/lib:${LD_LIBRARY_PATH} PYTHONPATH=/home/sangyuwan/lidar/install/fast_lio/local/lib/python3.10/dist-packages:/home/sangyuwan/lidar/install/livox_ros_driver2/local/lib/python3.10/dist-packages:/home/sangyuwan/lidar/install/lidar_localization/lib/python3.10/site-packages:${PYTHONPATH} /usr/bin/cmake --build /home/sangyuwan/lidar/build/lidar_bringup -- -j16 -l16
[0.030s] -- Found ament_cmake: 1.3.14 (/opt/ros/humble/share/ament_cmake/cmake)
[0.162s] -- Configuring done
[0.164s] -- Generating done
[0.166s] -- Build files have been written to: /home/sangyuwan/lidar/build/lidar_bringup
[0.185s] Invoked command in '/home/sangyuwan/lidar/build/lidar_bringup' returned '0': AMENT_PREFIX_PATH=/home/sangyuwan/lidar/install/fast_lio:/home/sangyuwan/lidar/install/livox_ros_driver2:/home/sangyuwan/lidar/install/lidar_localization:${AMENT_PREFIX_PATH} CMAKE_PREFIX_PATH=/home/sangyuwan/lidar/install/fast_lio:/home/sangyuwan/lidar/install/livox_ros_driver2:/opt/ros/humble LD_LIBRARY_PATH=/home/sangyuwan/lidar/install/fast_lio/lib:/home/sangyuwan/lidar/install/livox_ros_driver2/lib:${LD_LIBRARY_PATH} PYTHONPATH=/home/sangyuwan/lidar/install/fast_lio/local/lib/python3.10/dist-packages:/home/sangyuwan/lidar/install/livox_ros_driver2/local/lib/python3.10/dist-packages:/home/sangyuwan/lidar/install/lidar_localization/lib/python3.10/site-packages:${PYTHONPATH} /usr/bin/cmake --build /home/sangyuwan/lidar/build/lidar_bringup -- -j16 -l16
[0.186s] Invoking command in '/home/sangyuwan/lidar/build/lidar_bringup': AMENT_PREFIX_PATH=/home/sangyuwan/lidar/install/fast_lio:/home/sangyuwan/lidar/install/livox_ros_driver2:/home/sangyuwan/lidar/install/lidar_localization:${AMENT_PREFIX_PATH} CMAKE_PREFIX_PATH=/home/sangyuwan/lidar/install/fast_lio:/home/sangyuwan/lidar/install/livox_ros_driver2:/opt/ros/humble LD_LIBRARY_PATH=/home/sangyuwan/lidar/install/fast_lio/lib:/home/sangyuwan/lidar/install/livox_ros_driver2/lib:${LD_LIBRARY_PATH} PYTHONPATH=/home/sangyuwan/lidar/install/fast_lio/local/lib/python3.10/dist-packages:/home/sangyuwan/lidar/install/livox_ros_driver2/local/lib/python3.10/dist-packages:/home/sangyuwan/lidar/install/lidar_localization/lib/python3.10/site-packages:${PYTHONPATH} /usr/bin/cmake --install /home/sangyuwan/lidar/build/lidar_bringup
[0.193s] -- Install configuration: "Release"
[0.193s] -- Up-to-date: /home/sangyuwan/lidar/install/lidar_bringup/share/lidar_bringup/config
[0.193s] -- Up-to-date: /home/sangyuwan/lidar/install/lidar_bringup/share/lidar_bringup/config/mid360_config.json
[0.193s] -- Up-to-date: /home/sangyuwan/lidar/install/lidar_bringup/share/lidar_bringup/launch
[0.193s] -- Up-to-date: /home/sangyuwan/lidar/install/lidar_bringup/share/lidar_bringup/launch/__pycache__
[0.194s] -- Up-to-date: /home/sangyuwan/lidar/install/lidar_bringup/share/lidar_bringup/launch/__pycache__/mid360_custom_msg.launch.cpython-310.pyc
[0.194s] -- Up-to-date: /home/sangyuwan/lidar/install/lidar_bringup/share/lidar_bringup/launch/__pycache__/mid360_pointcloud.launch.cpython-310.pyc
[0.194s] -- Up-to-date: /home/sangyuwan/lidar/install/lidar_bringup/share/lidar_bringup/launch/mid360_custom_msg.launch.py
[0.194s] -- Up-to-date: /home/sangyuwan/lidar/install/lidar_bringup/share/lidar_bringup/launch/mid360_pointcloud.launch.py
[0.194s] -- Installing: /home/sangyuwan/lidar/install/lidar_bringup/share/lidar_bringup/launch/mid360_fast_lio.launch.py
[0.194s] -- Up-to-date: /home/sangyuwan/lidar/install/lidar_bringup/share/lidar_bringup/rviz
[0.194s] -- Up-to-date: /home/sangyuwan/lidar/install/lidar_bringup/share/lidar_bringup/rviz/mid360.rviz
[0.194s] -- Installing: /home/sangyuwan/lidar/install/lidar_bringup/share/ament_index/resource_index/package_run_dependencies/lidar_bringup
[0.194s] -- Installing: /home/sangyuwan/lidar/install/lidar_bringup/share/ament_index/resource_index/parent_prefix_path/lidar_bringup
[0.194s] -- Installing: /home/sangyuwan/lidar/install/lidar_bringup/share/lidar_bringup/environment/ament_prefix_path.sh
[0.194s] -- Installing: /home/sangyuwan/lidar/install/lidar_bringup/share/lidar_bringup/environment/ament_prefix_path.dsv
[0.194s] -- Installing: /home/sangyuwan/lidar/install/lidar_bringup/share/lidar_bringup/environment/path.sh
[0.194s] -- Installing: /home/sangyuwan/lidar/install/lidar_bringup/share/lidar_bringup/environment/path.dsv
[0.194s] -- Up-to-date: /home/sangyuwan/lidar/install/lidar_bringup/share/lidar_bringup/local_setup.bash
[0.194s] -- Up-to-date: /home/sangyuwan/lidar/install/lidar_bringup/share/lidar_bringup/local_setup.sh
[0.195s] -- Up-to-date: /home/sangyuwan/lidar/install/lidar_bringup/share/lidar_bringup/local_setup.zsh
[0.195s] -- Installing: /home/sangyuwan/lidar/install/lidar_bringup/share/lidar_bringup/local_setup.dsv
[0.195s] -- Installing: /home/sangyuwan/lidar/install/lidar_bringup/share/lidar_bringup/package.dsv
[0.195s] -- Up-to-date: /home/sangyuwan/lidar/install/lidar_bringup/share/ament_index/resource_index/packages/lidar_bringup
[0.195s] -- Up-to-date: /home/sangyuwan/lidar/install/lidar_bringup/share/lidar_bringup/cmake/lidar_bringupConfig.cmake
[0.195s] -- Up-to-date: /home/sangyuwan/lidar/install/lidar_bringup/share/lidar_bringup/cmake/lidar_bringupConfig-version.cmake
[0.195s] -- Installing: /home/sangyuwan/lidar/install/lidar_bringup/share/lidar_bringup/package.xml
[0.196s] Invoked command in '/home/sangyuwan/lidar/build/lidar_bringup' returned '0': AMENT_PREFIX_PATH=/home/sangyuwan/lidar/install/fast_lio:/home/sangyuwan/lidar/install/livox_ros_driver2:/home/sangyuwan/lidar/install/lidar_localization:${AMENT_PREFIX_PATH} CMAKE_PREFIX_PATH=/home/sangyuwan/lidar/install/fast_lio:/home/sangyuwan/lidar/install/livox_ros_driver2:/opt/ros/humble LD_LIBRARY_PATH=/home/sangyuwan/lidar/install/fast_lio/lib:/home/sangyuwan/lidar/install/livox_ros_driver2/lib:${LD_LIBRARY_PATH} PYTHONPATH=/home/sangyuwan/lidar/install/fast_lio/local/lib/python3.10/dist-packages:/home/sangyuwan/lidar/install/livox_ros_driver2/local/lib/python3.10/dist-packages:/home/sangyuwan/lidar/install/lidar_localization/lib/python3.10/site-packages:${PYTHONPATH} /usr/bin/cmake --install /home/sangyuwan/lidar/build/lidar_bringup
