Current CPU archtecture: x86_64
Processer number:  16
core for MP: 3
-- Found PythonLibs: /usr/lib/x86_64-linux-gnu/libpython3.10.so (found version "3.10.12") 
-- Found ament_cmake: 1.3.14 (/opt/ros/humble/share/ament_cmake/cmake)
-- Found rclcpp: 16.0.19 (/opt/ros/humble/share/rclcpp/cmake)
-- Found rosidl_generator_c: 3.1.8 (/opt/ros/humble/share/rosidl_generator_c/cmake)
-- Found rosidl_adapter: 3.1.8 (/opt/ros/humble/share/rosidl_adapter/cmake)
-- Found rosidl_generator_cpp: 3.1.8 (/opt/ros/humble/share/rosidl_generator_cpp/cmake)
-- Using all available rosidl_typesupport_c: rosidl_typesupport_fastrtps_c;rosidl_typesupport_introspection_c
-- Using all available rosidl_typesupport_cpp: rosidl_typesupport_fastrtps_cpp;rosidl_typesupport_introspection_cpp
-- Found rmw_implementation_cmake: 6.1.2 (/opt/ros/humble/share/rmw_implementation_cmake/cmake)
-- Found rmw_fastrtps_cpp: 6.2.10 (/opt/ros/humble/share/rmw_fastrtps_cpp/cmake)
-- Using RMW implementation 'rmw_fastrtps_cpp' as default
-- Found rclcpp_components: 16.0.19 (/opt/ros/humble/share/rclcpp_components/cmake)
-- Found geometry_msgs: 4.9.1 (/opt/ros/humble/share/geometry_msgs/cmake)
-- Found nav_msgs: 4.9.1 (/opt/ros/humble/share/nav_msgs/cmake)
-- Found sensor_msgs: 4.9.1 (/opt/ros/humble/share/sensor_msgs/cmake)
-- Found std_srvs: 4.9.1 (/opt/ros/humble/share/std_srvs/cmake)
-- Found visualization_msgs: 4.9.1 (/opt/ros/humble/share/visualization_msgs/cmake)
-- Found tf2_ros: 0.25.20 (/opt/ros/humble/share/tf2_ros/cmake)
-- Found pcl_conversions: 2.4.5 (/opt/ros/humble/share/pcl_conversions/cmake)
-- Eigen found (include: /usr/include/eigen3, version: 3.4.0)
-- FLANN found (include: /usr/include, lib: /usr/lib/x86_64-linux-gnu/libflann_cpp.so)
-- OpenNI found (version: 1.5.4.0, include: /usr/include/ni, lib: /usr/lib/libOpenNI.so;libusb::libusb)
-- OpenNI2 found (version: 2.2.0.33, include: /usr/include/openni2, lib: /usr/lib/x86_64-linux-gnu/libOpenNI2.so;libusb::libusb)
-- Eigen found (include: /usr/include/eigen3, version: 3.4.0)
-- OpenNI found (version: 1.5.4.0, include: /usr/include/ni, lib: /usr/lib/libOpenNI.so;libusb::libusb)
-- OpenNI2 found (version: 2.2.0.33, include: /usr/include/openni2, lib: /usr/lib/x86_64-linux-gnu/libOpenNI2.so;libusb::libusb)
-- Found Qhull version 8.0.2
-- OpenNI found (version: 1.5.4.0, include: /usr/include/ni, lib: /usr/lib/libOpenNI.so;libusb::libusb)
-- Found livox_ros_driver2: 1.0.0 (/home/sangyuwan/lidar/install/livox_ros_driver2/share/livox_ros_driver2/cmake)
-- Found rosidl_default_generators: 1.2.1 (/opt/ros/humble/share/rosidl_default_generators/cmake)
CMake Warning (dev) at CMakeLists.txt:81 (find_package):
  Policy CMP0074 is not set: find_package uses <PackageName>_ROOT variables.
  Run "cmake --help-policy CMP0074" for policy details.  Use the cmake_policy
  command to set the policy and suppress this warning.

  CMake variable PCL_ROOT is set to:

    /usr

  For compatibility, CMake is ignoring the variable.
This warning is for project developers.  Use -Wno-dev to suppress it.

Eigen:/usr/include/eigen3
-- PCL: /usr/include/pcl-1.12
-- Found ament_cmake_ros: 0.10.0 (/opt/ros/humble/share/ament_cmake_ros/cmake)
-- Using all available rosidl_typesupport_c: rosidl_typesupport_fastrtps_c;rosidl_typesupport_introspection_c
-- Using all available rosidl_typesupport_cpp: rosidl_typesupport_fastrtps_cpp;rosidl_typesupport_introspection_cpp
-- Found python_cmake_module: 0.10.0 (/opt/ros/humble/share/python_cmake_module/cmake)
-- Found PythonLibs: /usr/lib/x86_64-linux-gnu/libpython3.10.so (found suitable version "3.10.12", minimum required is "3.5") 
-- Using PYTHON_EXECUTABLE: /usr/bin/python3
-- Using PYTHON_INCLUDE_DIRS: /usr/include/python3.10
-- Using PYTHON_LIBRARIES: /usr/lib/x86_64-linux-gnu/libpython3.10.so
-- Configuring done
-- Generating done
-- Build files have been written to: /home/sangyuwan/lidar/build/fast_lio
Consolidate compiler generated dependencies of target fast_lio__rosidl_generator_c
[  5%] Built target fast_lio__rs
[  5%] Built target fast_lio__cpp
[ 13%] Built target fast_lio__rosidl_generator_c
[ 13%] Built target ament_cmake_python_copy_fast_lio
Consolidate compiler generated dependencies of target fast_lio__rosidl_typesupport_c
Consolidate compiler generated dependencies of target fast_lio__rosidl_typesupport_introspection_c
Consolidate compiler generated dependencies of target fast_lio__rosidl_typesupport_introspection_cpp
Consolidate compiler generated dependencies of target fast_lio__rosidl_typesupport_fastrtps_cpp
Consolidate compiler generated dependencies of target fast_lio__rosidl_typesupport_cpp
Consolidate compiler generated dependencies of target fast_lio__rosidl_typesupport_fastrtps_c
[ 22%] Built target fast_lio__rosidl_typesupport_c
[ 30%] Built target fast_lio__rosidl_typesupport_introspection_c
[ 38%] Built target fast_lio__rosidl_typesupport_fastrtps_cpp
[ 50%] Built target fast_lio__rosidl_typesupport_fastrtps_c
[ 58%] Built target fast_lio__rosidl_typesupport_introspection_cpp
[ 63%] Built target fast_lio__rosidl_typesupport_cpp
[ 63%] Built target fast_lio
Consolidate compiler generated dependencies of target fastlio_mapping
[ 66%] Built target fast_lio__py
[ 69%] Building CXX object CMakeFiles/fastlio_mapping.dir/src/laserMapping.cpp.o
[ 72%] Building CXX object CMakeFiles/fastlio_mapping.dir/include/ikd-Tree/ikd_Tree.cpp.o
Consolidate compiler generated dependencies of target fast_lio__rosidl_generator_py
[ 75%] Building CXX object CMakeFiles/fastlio_mapping.dir/src/preprocess.cpp.o
[ 80%] Built target fast_lio__rosidl_generator_py
Consolidate compiler generated dependencies of target fast_lio__rosidl_typesupport_fastrtps_c__pyext
Consolidate compiler generated dependencies of target fast_lio__rosidl_typesupport_introspection_c__pyext
Consolidate compiler generated dependencies of target fast_lio__rosidl_typesupport_c__pyext
[ 91%] Built target fast_lio__rosidl_typesupport_fastrtps_c__pyext
[ 91%] Built target fast_lio__rosidl_typesupport_introspection_c__pyext
[ 97%] Built target fast_lio__rosidl_typesupport_c__pyext
running egg_info
writing fast_lio.egg-info/PKG-INFO
writing dependency_links to fast_lio.egg-info/dependency_links.txt
writing top-level names to fast_lio.egg-info/top_level.txt
reading manifest file 'fast_lio.egg-info/SOURCES.txt'
writing manifest file 'fast_lio.egg-info/SOURCES.txt'
[ 97%] Built target ament_cmake_python_build_fast_lio_egg
In file included from /usr/include/boost/smart_ptr/detail/sp_thread_sleep.hpp:22,
                 from /usr/include/boost/smart_ptr/detail/yield_k.hpp:23,
                 from /usr/include/boost/smart_ptr/detail/spinlock_gcc_atomic.hpp:14,
                 from /usr/include/boost/smart_ptr/detail/spinlock.hpp:42,
                 from /usr/include/boost/smart_ptr/detail/spinlock_pool.hpp:25,
                 from /usr/include/boost/smart_ptr/shared_ptr.hpp:29,
                 from /usr/include/boost/shared_ptr.hpp:17,
                 from /usr/include/boost/date_time/microsec_time_clock.hpp:18,
                 from /usr/include/boost/interprocess/detail/posix_time_types_wrk.hpp:31,
                 from /usr/include/boost/interprocess/detail/os_thread_functions.hpp:36,
                 from /usr/include/boost/interprocess/sync/file_lock.hpp:26,
                 from /usr/include/pcl-1.12/pcl/io/pcd_io.h:46,
                 from /opt/ros/humble/include/pcl_conversions/pcl_conversions/pcl_conversions.h:73,
                 from /home/sangyuwan/lidar/src/FAST_LIO/src/IMU_Processing.hpp:18,
                 from /home/sangyuwan/lidar/src/FAST_LIO/src/laserMapping.cpp:47:
/usr/include/boost/bind.hpp:36:1: note: ‘#pragma message: The practice of declaring the Bind placeholders (_1, _2, ...) in the global namespace is deprecated. Please use <boost/bind/bind.hpp> + using namespace boost::placeholders, or define BOOST_BIND_GLOBAL_PLACEHOLDERS to retain the current behavior.’
   36 | BOOST_PRAGMA_MESSAGE(
      | ^~~~~~~~~~~~~~~~~~~~
[100%] Linking CXX executable fastlio_mapping
[100%] Built target fastlio_mapping
-- Install configuration: "Release"
-- Installing: /home/sangyuwan/lidar/install/fast_lio/share/ament_index/resource_index/rosidl_interfaces/fast_lio
-- Installing: /home/sangyuwan/lidar/install/fast_lio/include/fast_lio/fast_lio
-- Installing: /home/sangyuwan/lidar/install/fast_lio/include/fast_lio/fast_lio/msg
-- Installing: /home/sangyuwan/lidar/install/fast_lio/include/fast_lio/fast_lio/msg/rosidl_generator_c__visibility_control.h
-- Installing: /home/sangyuwan/lidar/install/fast_lio/include/fast_lio/fast_lio/msg/pose6_d.h
-- Installing: /home/sangyuwan/lidar/install/fast_lio/include/fast_lio/fast_lio/msg/detail
-- Installing: /home/sangyuwan/lidar/install/fast_lio/include/fast_lio/fast_lio/msg/detail/pose6_d__functions.c
-- Installing: /home/sangyuwan/lidar/install/fast_lio/include/fast_lio/fast_lio/msg/detail/pose6_d__functions.h
-- Installing: /home/sangyuwan/lidar/install/fast_lio/include/fast_lio/fast_lio/msg/detail/pose6_d__struct.h
-- Installing: /home/sangyuwan/lidar/install/fast_lio/include/fast_lio/fast_lio/msg/detail/pose6_d__type_support.h
-- Installing: /home/sangyuwan/lidar/install/fast_lio/share/fast_lio/environment/library_path.sh
-- Installing: /home/sangyuwan/lidar/install/fast_lio/share/fast_lio/environment/library_path.dsv
-- Installing: /home/sangyuwan/lidar/install/fast_lio/lib/libfast_lio__rosidl_generator_c.so
-- Set runtime path of "/home/sangyuwan/lidar/install/fast_lio/lib/libfast_lio__rosidl_generator_c.so" to ""
-- Up-to-date: /home/sangyuwan/lidar/install/fast_lio/include/fast_lio/fast_lio
-- Up-to-date: /home/sangyuwan/lidar/install/fast_lio/include/fast_lio/fast_lio/msg
-- Installing: /home/sangyuwan/lidar/install/fast_lio/include/fast_lio/fast_lio/msg/rosidl_typesupport_fastrtps_c__visibility_control.h
-- Up-to-date: /home/sangyuwan/lidar/install/fast_lio/include/fast_lio/fast_lio/msg/detail
-- Installing: /home/sangyuwan/lidar/install/fast_lio/include/fast_lio/fast_lio/msg/detail/pose6_d__rosidl_typesupport_fastrtps_c.h
-- Installing: /home/sangyuwan/lidar/install/fast_lio/lib/libfast_lio__rosidl_typesupport_fastrtps_c.so
-- Set runtime path of "/home/sangyuwan/lidar/install/fast_lio/lib/libfast_lio__rosidl_typesupport_fastrtps_c.so" to ""
-- Up-to-date: /home/sangyuwan/lidar/install/fast_lio/include/fast_lio/fast_lio
-- Up-to-date: /home/sangyuwan/lidar/install/fast_lio/include/fast_lio/fast_lio/msg
-- Installing: /home/sangyuwan/lidar/install/fast_lio/include/fast_lio/fast_lio/msg/rosidl_generator_cpp__visibility_control.hpp
-- Installing: /home/sangyuwan/lidar/install/fast_lio/include/fast_lio/fast_lio/msg/pose6_d.hpp
-- Up-to-date: /home/sangyuwan/lidar/install/fast_lio/include/fast_lio/fast_lio/msg/detail
-- Installing: /home/sangyuwan/lidar/install/fast_lio/include/fast_lio/fast_lio/msg/detail/pose6_d__builder.hpp
-- Installing: /home/sangyuwan/lidar/install/fast_lio/include/fast_lio/fast_lio/msg/detail/pose6_d__struct.hpp
-- Installing: /home/sangyuwan/lidar/install/fast_lio/include/fast_lio/fast_lio/msg/detail/pose6_d__traits.hpp
-- Installing: /home/sangyuwan/lidar/install/fast_lio/include/fast_lio/fast_lio/msg/detail/pose6_d__type_support.hpp
-- Up-to-date: /home/sangyuwan/lidar/install/fast_lio/include/fast_lio/fast_lio
-- Up-to-date: /home/sangyuwan/lidar/install/fast_lio/include/fast_lio/fast_lio/msg
-- Installing: /home/sangyuwan/lidar/install/fast_lio/include/fast_lio/fast_lio/msg/rosidl_typesupport_fastrtps_cpp__visibility_control.h
-- Up-to-date: /home/sangyuwan/lidar/install/fast_lio/include/fast_lio/fast_lio/msg/detail
-- Installing: /home/sangyuwan/lidar/install/fast_lio/include/fast_lio/fast_lio/msg/detail/pose6_d__rosidl_typesupport_fastrtps_cpp.hpp
-- Installing: /home/sangyuwan/lidar/install/fast_lio/include/fast_lio/fast_lio/msg/detail/dds_fastrtps
-- Installing: /home/sangyuwan/lidar/install/fast_lio/lib/libfast_lio__rosidl_typesupport_fastrtps_cpp.so
-- Set runtime path of "/home/sangyuwan/lidar/install/fast_lio/lib/libfast_lio__rosidl_typesupport_fastrtps_cpp.so" to ""
-- Up-to-date: /home/sangyuwan/lidar/install/fast_lio/include/fast_lio/fast_lio
-- Up-to-date: /home/sangyuwan/lidar/install/fast_lio/include/fast_lio/fast_lio/msg
-- Installing: /home/sangyuwan/lidar/install/fast_lio/include/fast_lio/fast_lio/msg/rosidl_typesupport_introspection_c__visibility_control.h
-- Up-to-date: /home/sangyuwan/lidar/install/fast_lio/include/fast_lio/fast_lio/msg/detail
-- Installing: /home/sangyuwan/lidar/install/fast_lio/include/fast_lio/fast_lio/msg/detail/pose6_d__rosidl_typesupport_introspection_c.h
-- Installing: /home/sangyuwan/lidar/install/fast_lio/include/fast_lio/fast_lio/msg/detail/pose6_d__type_support.c
-- Installing: /home/sangyuwan/lidar/install/fast_lio/lib/libfast_lio__rosidl_typesupport_introspection_c.so
-- Set runtime path of "/home/sangyuwan/lidar/install/fast_lio/lib/libfast_lio__rosidl_typesupport_introspection_c.so" to ""
-- Installing: /home/sangyuwan/lidar/install/fast_lio/lib/libfast_lio__rosidl_typesupport_c.so
-- Set runtime path of "/home/sangyuwan/lidar/install/fast_lio/lib/libfast_lio__rosidl_typesupport_c.so" to ""
-- Up-to-date: /home/sangyuwan/lidar/install/fast_lio/include/fast_lio/fast_lio
-- Up-to-date: /home/sangyuwan/lidar/install/fast_lio/include/fast_lio/fast_lio/msg
-- Up-to-date: /home/sangyuwan/lidar/install/fast_lio/include/fast_lio/fast_lio/msg/detail
-- Installing: /home/sangyuwan/lidar/install/fast_lio/include/fast_lio/fast_lio/msg/detail/pose6_d__rosidl_typesupport_introspection_cpp.hpp
-- Installing: /home/sangyuwan/lidar/install/fast_lio/include/fast_lio/fast_lio/msg/detail/pose6_d__type_support.cpp
-- Installing: /home/sangyuwan/lidar/install/fast_lio/lib/libfast_lio__rosidl_typesupport_introspection_cpp.so
-- Set runtime path of "/home/sangyuwan/lidar/install/fast_lio/lib/libfast_lio__rosidl_typesupport_introspection_cpp.so" to ""
-- Installing: /home/sangyuwan/lidar/install/fast_lio/lib/libfast_lio__rosidl_typesupport_cpp.so
-- Set runtime path of "/home/sangyuwan/lidar/install/fast_lio/lib/libfast_lio__rosidl_typesupport_cpp.so" to ""
-- Installing: /home/sangyuwan/lidar/install/fast_lio/share/fast_lio/environment/pythonpath.sh
-- Installing: /home/sangyuwan/lidar/install/fast_lio/share/fast_lio/environment/pythonpath.dsv
-- Installing: /home/sangyuwan/lidar/install/fast_lio/local/lib/python3.10/dist-packages/fast_lio-0.0.0-py3.10.egg-info
-- Installing: /home/sangyuwan/lidar/install/fast_lio/local/lib/python3.10/dist-packages/fast_lio-0.0.0-py3.10.egg-info/PKG-INFO
-- Installing: /home/sangyuwan/lidar/install/fast_lio/local/lib/python3.10/dist-packages/fast_lio-0.0.0-py3.10.egg-info/dependency_links.txt
-- Installing: /home/sangyuwan/lidar/install/fast_lio/local/lib/python3.10/dist-packages/fast_lio-0.0.0-py3.10.egg-info/top_level.txt
-- Installing: /home/sangyuwan/lidar/install/fast_lio/local/lib/python3.10/dist-packages/fast_lio-0.0.0-py3.10.egg-info/SOURCES.txt
-- Installing: /home/sangyuwan/lidar/install/fast_lio/local/lib/python3.10/dist-packages/fast_lio
-- Installing: /home/sangyuwan/lidar/install/fast_lio/local/lib/python3.10/dist-packages/fast_lio/__init__.py
-- Installing: /home/sangyuwan/lidar/install/fast_lio/local/lib/python3.10/dist-packages/fast_lio/msg
-- Installing: /home/sangyuwan/lidar/install/fast_lio/local/lib/python3.10/dist-packages/fast_lio/msg/_pose6_d.py
-- Installing: /home/sangyuwan/lidar/install/fast_lio/local/lib/python3.10/dist-packages/fast_lio/msg/_pose6_d_s.c
-- Installing: /home/sangyuwan/lidar/install/fast_lio/local/lib/python3.10/dist-packages/fast_lio/msg/__init__.py
-- Installing: /home/sangyuwan/lidar/install/fast_lio/local/lib/python3.10/dist-packages/fast_lio/_fast_lio_s.ep.rosidl_typesupport_fastrtps_c.c
-- Installing: /home/sangyuwan/lidar/install/fast_lio/local/lib/python3.10/dist-packages/fast_lio/_fast_lio_s.ep.rosidl_typesupport_introspection_c.c
-- Installing: /home/sangyuwan/lidar/install/fast_lio/local/lib/python3.10/dist-packages/fast_lio/_fast_lio_s.ep.rosidl_typesupport_c.c
-- Installing: /home/sangyuwan/lidar/install/fast_lio/local/lib/python3.10/dist-packages/fast_lio/libfast_lio__rosidl_generator_py.so
-- Installing: /home/sangyuwan/lidar/install/fast_lio/local/lib/python3.10/dist-packages/fast_lio/fast_lio_s__rosidl_typesupport_introspection_c.cpython-310-x86_64-linux-gnu.so
-- Installing: /home/sangyuwan/lidar/install/fast_lio/local/lib/python3.10/dist-packages/fast_lio/fast_lio_s__rosidl_typesupport_c.cpython-310-x86_64-linux-gnu.so
-- Installing: /home/sangyuwan/lidar/install/fast_lio/local/lib/python3.10/dist-packages/fast_lio/fast_lio_s__rosidl_typesupport_fastrtps_c.cpython-310-x86_64-linux-gnu.so
Listing '/home/sangyuwan/lidar/install/fast_lio/local/lib/python3.10/dist-packages/fast_lio'...
Compiling '/home/sangyuwan/lidar/install/fast_lio/local/lib/python3.10/dist-packages/fast_lio/__init__.py'...
Listing '/home/sangyuwan/lidar/install/fast_lio/local/lib/python3.10/dist-packages/fast_lio/msg'...
Compiling '/home/sangyuwan/lidar/install/fast_lio/local/lib/python3.10/dist-packages/fast_lio/msg/__init__.py'...
Compiling '/home/sangyuwan/lidar/install/fast_lio/local/lib/python3.10/dist-packages/fast_lio/msg/_pose6_d.py'...
-- Installing: /home/sangyuwan/lidar/install/fast_lio/local/lib/python3.10/dist-packages/fast_lio/fast_lio_s__rosidl_typesupport_fastrtps_c.cpython-310-x86_64-linux-gnu.so
-- Set runtime path of "/home/sangyuwan/lidar/install/fast_lio/local/lib/python3.10/dist-packages/fast_lio/fast_lio_s__rosidl_typesupport_fastrtps_c.cpython-310-x86_64-linux-gnu.so" to ""
-- Installing: /home/sangyuwan/lidar/install/fast_lio/local/lib/python3.10/dist-packages/fast_lio/fast_lio_s__rosidl_typesupport_introspection_c.cpython-310-x86_64-linux-gnu.so
-- Set runtime path of "/home/sangyuwan/lidar/install/fast_lio/local/lib/python3.10/dist-packages/fast_lio/fast_lio_s__rosidl_typesupport_introspection_c.cpython-310-x86_64-linux-gnu.so" to ""
-- Installing: /home/sangyuwan/lidar/install/fast_lio/local/lib/python3.10/dist-packages/fast_lio/fast_lio_s__rosidl_typesupport_c.cpython-310-x86_64-linux-gnu.so
-- Set runtime path of "/home/sangyuwan/lidar/install/fast_lio/local/lib/python3.10/dist-packages/fast_lio/fast_lio_s__rosidl_typesupport_c.cpython-310-x86_64-linux-gnu.so" to ""
-- Installing: /home/sangyuwan/lidar/install/fast_lio/lib/libfast_lio__rosidl_generator_py.so
-- Set runtime path of "/home/sangyuwan/lidar/install/fast_lio/lib/libfast_lio__rosidl_generator_py.so" to ""
-- Installing: /home/sangyuwan/lidar/install/fast_lio/share/ament_index/resource_index/rust_packages/fast_lio
-- Installing: /home/sangyuwan/lidar/install/fast_lio/share/fast_lio/rust
-- Installing: /home/sangyuwan/lidar/install/fast_lio/share/fast_lio/rust/src
-- Installing: /home/sangyuwan/lidar/install/fast_lio/share/fast_lio/rust/src/msg.rs
-- Installing: /home/sangyuwan/lidar/install/fast_lio/share/fast_lio/rust/src/msg
-- Installing: /home/sangyuwan/lidar/install/fast_lio/share/fast_lio/rust/src/msg/rmw.rs
-- Installing: /home/sangyuwan/lidar/install/fast_lio/share/fast_lio/rust/src/lib.rs
-- Installing: /home/sangyuwan/lidar/install/fast_lio/share/fast_lio/rust/Cargo.toml
-- Installing: /home/sangyuwan/lidar/install/fast_lio/share/fast_lio/rust/build.rs
-- Installing: /home/sangyuwan/lidar/install/fast_lio/share/fast_lio/msg/Pose6D.idl
-- Installing: /home/sangyuwan/lidar/install/fast_lio/share/fast_lio/msg/Pose6D.msg
-- Installing: /home/sangyuwan/lidar/install/fast_lio/lib/fast_lio/fastlio_mapping
-- Set runtime path of "/home/sangyuwan/lidar/install/fast_lio/lib/fast_lio/fastlio_mapping" to ""
-- Installing: /home/sangyuwan/lidar/install/fast_lio/share/fast_lio/config
-- Installing: /home/sangyuwan/lidar/install/fast_lio/share/fast_lio/config/avia.yaml
-- Installing: /home/sangyuwan/lidar/install/fast_lio/share/fast_lio/config/horizon.yaml
-- Installing: /home/sangyuwan/lidar/install/fast_lio/share/fast_lio/config/mid360.yaml
-- Installing: /home/sangyuwan/lidar/install/fast_lio/share/fast_lio/config/ouster64.yaml
-- Installing: /home/sangyuwan/lidar/install/fast_lio/share/fast_lio/config/velodyne.yaml
-- Installing: /home/sangyuwan/lidar/install/fast_lio/share/fast_lio/launch
-- Installing: /home/sangyuwan/lidar/install/fast_lio/share/fast_lio/launch/gdb_debug_example.launch
-- Installing: /home/sangyuwan/lidar/install/fast_lio/share/fast_lio/launch/mapping.launch.py
-- Installing: /home/sangyuwan/lidar/install/fast_lio/share/fast_lio/rviz
-- Installing: /home/sangyuwan/lidar/install/fast_lio/share/fast_lio/rviz/fastlio.rviz
-- Installing: /home/sangyuwan/lidar/install/fast_lio/share/ament_index/resource_index/package_run_dependencies/fast_lio
-- Installing: /home/sangyuwan/lidar/install/fast_lio/share/ament_index/resource_index/parent_prefix_path/fast_lio
-- Installing: /home/sangyuwan/lidar/install/fast_lio/share/fast_lio/environment/ament_prefix_path.sh
-- Installing: /home/sangyuwan/lidar/install/fast_lio/share/fast_lio/environment/ament_prefix_path.dsv
-- Installing: /home/sangyuwan/lidar/install/fast_lio/share/fast_lio/environment/path.sh
-- Installing: /home/sangyuwan/lidar/install/fast_lio/share/fast_lio/environment/path.dsv
-- Installing: /home/sangyuwan/lidar/install/fast_lio/share/fast_lio/local_setup.bash
-- Installing: /home/sangyuwan/lidar/install/fast_lio/share/fast_lio/local_setup.sh
-- Installing: /home/sangyuwan/lidar/install/fast_lio/share/fast_lio/local_setup.zsh
-- Installing: /home/sangyuwan/lidar/install/fast_lio/share/fast_lio/local_setup.dsv
-- Installing: /home/sangyuwan/lidar/install/fast_lio/share/fast_lio/package.dsv
-- Installing: /home/sangyuwan/lidar/install/fast_lio/share/ament_index/resource_index/packages/fast_lio
-- Installing: /home/sangyuwan/lidar/install/fast_lio/share/fast_lio/cmake/export_fast_lio__rosidl_generator_cExport.cmake
-- Installing: /home/sangyuwan/lidar/install/fast_lio/share/fast_lio/cmake/export_fast_lio__rosidl_generator_cExport-release.cmake
-- Installing: /home/sangyuwan/lidar/install/fast_lio/share/fast_lio/cmake/export_fast_lio__rosidl_typesupport_fastrtps_cExport.cmake
-- Installing: /home/sangyuwan/lidar/install/fast_lio/share/fast_lio/cmake/export_fast_lio__rosidl_typesupport_fastrtps_cExport-release.cmake
-- Installing: /home/sangyuwan/lidar/install/fast_lio/share/fast_lio/cmake/export_fast_lio__rosidl_generator_cppExport.cmake
-- Installing: /home/sangyuwan/lidar/install/fast_lio/share/fast_lio/cmake/export_fast_lio__rosidl_typesupport_fastrtps_cppExport.cmake
-- Installing: /home/sangyuwan/lidar/install/fast_lio/share/fast_lio/cmake/export_fast_lio__rosidl_typesupport_fastrtps_cppExport-release.cmake
-- Installing: /home/sangyuwan/lidar/install/fast_lio/share/fast_lio/cmake/fast_lio__rosidl_typesupport_introspection_cExport.cmake
-- Installing: /home/sangyuwan/lidar/install/fast_lio/share/fast_lio/cmake/fast_lio__rosidl_typesupport_introspection_cExport-release.cmake
-- Installing: /home/sangyuwan/lidar/install/fast_lio/share/fast_lio/cmake/fast_lio__rosidl_typesupport_cExport.cmake
-- Installing: /home/sangyuwan/lidar/install/fast_lio/share/fast_lio/cmake/fast_lio__rosidl_typesupport_cExport-release.cmake
-- Installing: /home/sangyuwan/lidar/install/fast_lio/share/fast_lio/cmake/fast_lio__rosidl_typesupport_introspection_cppExport.cmake
-- Installing: /home/sangyuwan/lidar/install/fast_lio/share/fast_lio/cmake/fast_lio__rosidl_typesupport_introspection_cppExport-release.cmake
-- Installing: /home/sangyuwan/lidar/install/fast_lio/share/fast_lio/cmake/fast_lio__rosidl_typesupport_cppExport.cmake
-- Installing: /home/sangyuwan/lidar/install/fast_lio/share/fast_lio/cmake/fast_lio__rosidl_typesupport_cppExport-release.cmake
-- Installing: /home/sangyuwan/lidar/install/fast_lio/share/fast_lio/cmake/export_fast_lio__rosidl_generator_pyExport.cmake
-- Installing: /home/sangyuwan/lidar/install/fast_lio/share/fast_lio/cmake/export_fast_lio__rosidl_generator_pyExport-release.cmake
-- Installing: /home/sangyuwan/lidar/install/fast_lio/share/fast_lio/cmake/rosidl_cmake-extras.cmake
-- Installing: /home/sangyuwan/lidar/install/fast_lio/share/fast_lio/cmake/ament_cmake_export_include_directories-extras.cmake
-- Installing: /home/sangyuwan/lidar/install/fast_lio/share/fast_lio/cmake/ament_cmake_export_libraries-extras.cmake
-- Installing: /home/sangyuwan/lidar/install/fast_lio/share/fast_lio/cmake/ament_cmake_export_targets-extras.cmake
-- Installing: /home/sangyuwan/lidar/install/fast_lio/share/fast_lio/cmake/rosidl_cmake_export_typesupport_targets-extras.cmake
-- Installing: /home/sangyuwan/lidar/install/fast_lio/share/fast_lio/cmake/ament_cmake_export_dependencies-extras.cmake
-- Installing: /home/sangyuwan/lidar/install/fast_lio/share/fast_lio/cmake/rosidl_cmake_export_typesupport_libraries-extras.cmake
-- Installing: /home/sangyuwan/lidar/install/fast_lio/share/fast_lio/cmake/fast_lioConfig.cmake
-- Installing: /home/sangyuwan/lidar/install/fast_lio/share/fast_lio/cmake/fast_lioConfig-version.cmake
-- Installing: /home/sangyuwan/lidar/install/fast_lio/share/fast_lio/package.xml
