[0.008s] Invoking command in '/home/sangyuwan/lidar/build/fast_lio': AMENT_PREFIX_PATH=/home/sangyuwan/lidar/install/livox_ros_driver2:${AMENT_PREFIX_PATH} CMAKE_PREFIX_PATH=/home/sangyuwan/lidar/install/livox_ros_driver2:/opt/ros/humble LD_LIBRARY_PATH=/home/sangyuwan/lidar/install/livox_ros_driver2/lib:${LD_LIBRARY_PATH} PYTHONPATH=/home/sangyuwan/lidar/install/livox_ros_driver2/local/lib/python3.10/dist-packages:${PYTHONPATH} /usr/bin/cmake --build /home/sangyuwan/lidar/build/fast_lio -- -j16 -l16
[0.031s] Current CPU archtecture: x86_64
[0.035s] Processer number:  16
[0.035s] core for MP: 3
[0.038s] -- Found PythonLibs: /usr/lib/x86_64-linux-gnu/libpython3.10.so (found version "3.10.12") 
[0.038s] -- Found ament_cmake: 1.3.14 (/opt/ros/humble/share/ament_cmake/cmake)
[0.128s] -- Found rclcpp: 16.0.19 (/opt/ros/humble/share/rclcpp/cmake)
[0.146s] -- Found rosidl_generator_c: 3.1.8 (/opt/ros/humble/share/rosidl_generator_c/cmake)
[0.148s] -- Found rosidl_adapter: 3.1.8 (/opt/ros/humble/share/rosidl_adapter/cmake)
[0.152s] -- Found rosidl_generator_cpp: 3.1.8 (/opt/ros/humble/share/rosidl_generator_cpp/cmake)
[0.157s] -- Using all available rosidl_typesupport_c: rosidl_typesupport_fastrtps_c;rosidl_typesupport_introspection_c
[0.164s] -- Using all available rosidl_typesupport_cpp: rosidl_typesupport_fastrtps_cpp;rosidl_typesupport_introspection_cpp
[0.184s] -- Found rmw_implementation_cmake: 6.1.2 (/opt/ros/humble/share/rmw_implementation_cmake/cmake)
[0.184s] -- Found rmw_fastrtps_cpp: 6.2.10 (/opt/ros/humble/share/rmw_fastrtps_cpp/cmake)
[0.250s] -- Using RMW implementation 'rmw_fastrtps_cpp' as default
[0.280s] -- Found rclcpp_components: 16.0.19 (/opt/ros/humble/share/rclcpp_components/cmake)
[0.290s] -- Found geometry_msgs: 4.9.1 (/opt/ros/humble/share/geometry_msgs/cmake)
[0.297s] -- Found nav_msgs: 4.9.1 (/opt/ros/humble/share/nav_msgs/cmake)
[0.307s] -- Found sensor_msgs: 4.9.1 (/opt/ros/humble/share/sensor_msgs/cmake)
[0.317s] -- Found std_srvs: 4.9.1 (/opt/ros/humble/share/std_srvs/cmake)
[0.321s] -- Found visualization_msgs: 4.9.1 (/opt/ros/humble/share/visualization_msgs/cmake)
[0.335s] -- Found tf2_ros: 0.25.20 (/opt/ros/humble/share/tf2_ros/cmake)
[0.398s] -- Found pcl_conversions: 2.4.5 (/opt/ros/humble/share/pcl_conversions/cmake)
[0.421s] -- Eigen found (include: /usr/include/eigen3, version: 3.4.0)
[0.440s] -- FLANN found (include: /usr/include, lib: /usr/lib/x86_64-linux-gnu/libflann_cpp.so)
[0.658s] -- OpenNI found (version: 1.5.4.0, include: /usr/include/ni, lib: /usr/lib/libOpenNI.so;libusb::libusb)
[0.663s] -- OpenNI2 found (version: 2.2.0.33, include: /usr/include/openni2, lib: /usr/lib/x86_64-linux-gnu/libOpenNI2.so;libusb::libusb)
[0.766s] -- Eigen found (include: /usr/include/eigen3, version: 3.4.0)
[0.770s] -- OpenNI found (version: 1.5.4.0, include: /usr/include/ni, lib: /usr/lib/libOpenNI.so;libusb::libusb)
[0.775s] -- OpenNI2 found (version: 2.2.0.33, include: /usr/include/openni2, lib: /usr/lib/x86_64-linux-gnu/libOpenNI2.so;libusb::libusb)
[0.870s] -- Found Qhull version 8.0.2
[0.972s] -- OpenNI found (version: 1.5.4.0, include: /usr/include/ni, lib: /usr/lib/libOpenNI.so;libusb::libusb)
[1.075s] -- Found livox_ros_driver2: 1.0.0 (/home/sangyuwan/lidar/install/livox_ros_driver2/share/livox_ros_driver2/cmake)
[1.087s] -- Found rosidl_default_generators: 1.2.1 (/opt/ros/humble/share/rosidl_default_generators/cmake)
[1.093s] CMake Warning (dev) at CMakeLists.txt:81 (find_package):
[1.093s]   Policy CMP0074 is not set: find_package uses <PackageName>_ROOT variables.
[1.093s]   Run "cmake --help-policy CMP0074" for policy details.  Use the cmake_policy
[1.093s]   command to set the policy and suppress this warning.
[1.093s] 
[1.093s]   CMake variable PCL_ROOT is set to:
[1.093s] 
[1.093s]     /usr
[1.093s] 
[1.094s]   For compatibility, CMake is ignoring the variable.
[1.094s] This warning is for project developers.  Use -Wno-dev to suppress it.
[1.094s] 
[1.098s] Eigen:/usr/include/eigen3
[1.098s] -- PCL: /usr/include/pcl-1.12
[1.268s] -- Found ament_cmake_ros: 0.10.0 (/opt/ros/humble/share/ament_cmake_ros/cmake)
[1.480s] -- Using all available rosidl_typesupport_c: rosidl_typesupport_fastrtps_c;rosidl_typesupport_introspection_c
[1.567s] -- Using all available rosidl_typesupport_cpp: rosidl_typesupport_fastrtps_cpp;rosidl_typesupport_introspection_cpp
[1.584s] -- Found python_cmake_module: 0.10.0 (/opt/ros/humble/share/python_cmake_module/cmake)
[1.600s] -- Found PythonLibs: /usr/lib/x86_64-linux-gnu/libpython3.10.so (found suitable version "3.10.12", minimum required is "3.5") 
[1.600s] -- Using PYTHON_EXECUTABLE: /usr/bin/python3
[1.600s] -- Using PYTHON_INCLUDE_DIRS: /usr/include/python3.10
[1.600s] -- Using PYTHON_LIBRARIES: /usr/lib/x86_64-linux-gnu/libpython3.10.so
[1.663s] -- Configuring done
[1.716s] -- Generating done
[1.733s] -- Build files have been written to: /home/sangyuwan/lidar/build/fast_lio
[1.772s] Consolidate compiler generated dependencies of target fast_lio__rosidl_generator_c
[1.779s] [  5%] Built target fast_lio__rs
[1.779s] [  5%] Built target fast_lio__cpp
[1.780s] [ 13%] Built target fast_lio__rosidl_generator_c
[1.788s] [ 13%] Built target ament_cmake_python_copy_fast_lio
[1.790s] Consolidate compiler generated dependencies of target fast_lio__rosidl_typesupport_c
[1.792s] Consolidate compiler generated dependencies of target fast_lio__rosidl_typesupport_introspection_c
[1.793s] Consolidate compiler generated dependencies of target fast_lio__rosidl_typesupport_introspection_cpp
[1.796s] Consolidate compiler generated dependencies of target fast_lio__rosidl_typesupport_fastrtps_cpp
[1.796s] Consolidate compiler generated dependencies of target fast_lio__rosidl_typesupport_cpp
[1.796s] Consolidate compiler generated dependencies of target fast_lio__rosidl_typesupport_fastrtps_c
[1.801s] [ 22%] Built target fast_lio__rosidl_typesupport_c
[1.805s] [ 30%] Built target fast_lio__rosidl_typesupport_introspection_c
[1.806s] [ 38%] Built target fast_lio__rosidl_typesupport_fastrtps_cpp
[1.806s] [ 50%] Built target fast_lio__rosidl_typesupport_fastrtps_c
[1.806s] [ 58%] Built target fast_lio__rosidl_typesupport_introspection_cpp
[1.806s] [ 63%] Built target fast_lio__rosidl_typesupport_cpp
[1.826s] [ 63%] Built target fast_lio
[1.844s] Consolidate compiler generated dependencies of target fastlio_mapping
[1.847s] [ 66%] Built target fast_lio__py
[1.858s] [ 69%] Building CXX object CMakeFiles/fastlio_mapping.dir/src/laserMapping.cpp.o
[1.862s] [ 72%] Building CXX object CMakeFiles/fastlio_mapping.dir/include/ikd-Tree/ikd_Tree.cpp.o
[1.863s] Consolidate compiler generated dependencies of target fast_lio__rosidl_generator_py
[1.866s] [ 75%] Building CXX object CMakeFiles/fastlio_mapping.dir/src/preprocess.cpp.o
[1.874s] [ 80%] Built target fast_lio__rosidl_generator_py
[1.892s] Consolidate compiler generated dependencies of target fast_lio__rosidl_typesupport_fastrtps_c__pyext
[1.892s] Consolidate compiler generated dependencies of target fast_lio__rosidl_typesupport_introspection_c__pyext
[1.892s] Consolidate compiler generated dependencies of target fast_lio__rosidl_typesupport_c__pyext
[1.902s] [ 91%] Built target fast_lio__rosidl_typesupport_fastrtps_c__pyext
[1.903s] [ 91%] Built target fast_lio__rosidl_typesupport_introspection_c__pyext
[1.903s] [ 97%] Built target fast_lio__rosidl_typesupport_c__pyext
[1.962s] running egg_info
[1.962s] writing fast_lio.egg-info/PKG-INFO
[1.962s] writing dependency_links to fast_lio.egg-info/dependency_links.txt
[1.962s] writing top-level names to fast_lio.egg-info/top_level.txt
[1.964s] reading manifest file 'fast_lio.egg-info/SOURCES.txt'
[1.964s] writing manifest file 'fast_lio.egg-info/SOURCES.txt'
[1.990s] [ 97%] Built target ament_cmake_python_build_fast_lio_egg
[6.361s] In file included from /usr/include/boost/smart_ptr/detail/sp_thread_sleep.hpp:22,
[6.361s]                  from /usr/include/boost/smart_ptr/detail/yield_k.hpp:23,
[6.361s]                  from /usr/include/boost/smart_ptr/detail/spinlock_gcc_atomic.hpp:14,
[6.362s]                  from /usr/include/boost/smart_ptr/detail/spinlock.hpp:42,
[6.362s]                  from /usr/include/boost/smart_ptr/detail/spinlock_pool.hpp:25,
[6.362s]                  from /usr/include/boost/smart_ptr/shared_ptr.hpp:29,
[6.362s]                  from /usr/include/boost/shared_ptr.hpp:17,
[6.362s]                  from /usr/include/boost/date_time/microsec_time_clock.hpp:18,
[6.362s]                  from /usr/include/boost/interprocess/detail/posix_time_types_wrk.hpp:31,
[6.362s]                  from /usr/include/boost/interprocess/detail/os_thread_functions.hpp:36,
[6.362s]                  from /usr/include/boost/interprocess/sync/file_lock.hpp:26,
[6.362s]                  from /usr/include/pcl-1.12/pcl/io/pcd_io.h:46,
[6.362s]                  from /opt/ros/humble/include/pcl_conversions/pcl_conversions/pcl_conversions.h:73,
[6.362s]                  from /home/sangyuwan/lidar/src/FAST_LIO/src/IMU_Processing.hpp:18,
[6.362s]                  from /home/sangyuwan/lidar/src/FAST_LIO/src/laserMapping.cpp:47:
[6.362s] /usr/include/boost/bind.hpp:36:1: note: ‘#pragma message: The practice of declaring the Bind placeholders (_1, _2, ...) in the global namespace is deprecated. Please use <boost/bind/bind.hpp> + using namespace boost::placeholders, or define BOOST_BIND_GLOBAL_PLACEHOLDERS to retain the current behavior.’
[6.362s]    36 | BOOST_PRAGMA_MESSAGE(
[6.362s]       | ^~~~~~~~~~~~~~~~~~~~
[47.836s] [100%] Linking CXX executable fastlio_mapping
[48.640s] [100%] Built target fastlio_mapping
[48.652s] Invoked command in '/home/sangyuwan/lidar/build/fast_lio' returned '0': AMENT_PREFIX_PATH=/home/sangyuwan/lidar/install/livox_ros_driver2:${AMENT_PREFIX_PATH} CMAKE_PREFIX_PATH=/home/sangyuwan/lidar/install/livox_ros_driver2:/opt/ros/humble LD_LIBRARY_PATH=/home/sangyuwan/lidar/install/livox_ros_driver2/lib:${LD_LIBRARY_PATH} PYTHONPATH=/home/sangyuwan/lidar/install/livox_ros_driver2/local/lib/python3.10/dist-packages:${PYTHONPATH} /usr/bin/cmake --build /home/sangyuwan/lidar/build/fast_lio -- -j16 -l16
[48.653s] Invoking command in '/home/sangyuwan/lidar/build/fast_lio': AMENT_PREFIX_PATH=/home/sangyuwan/lidar/install/livox_ros_driver2:${AMENT_PREFIX_PATH} CMAKE_PREFIX_PATH=/home/sangyuwan/lidar/install/livox_ros_driver2:/opt/ros/humble LD_LIBRARY_PATH=/home/sangyuwan/lidar/install/livox_ros_driver2/lib:${LD_LIBRARY_PATH} PYTHONPATH=/home/sangyuwan/lidar/install/livox_ros_driver2/local/lib/python3.10/dist-packages:${PYTHONPATH} /usr/bin/cmake --install /home/sangyuwan/lidar/build/fast_lio
[48.660s] -- Install configuration: "Release"
[48.660s] -- Installing: /home/sangyuwan/lidar/install/fast_lio/share/ament_index/resource_index/rosidl_interfaces/fast_lio
[48.660s] -- Installing: /home/sangyuwan/lidar/install/fast_lio/include/fast_lio/fast_lio
[48.660s] -- Installing: /home/sangyuwan/lidar/install/fast_lio/include/fast_lio/fast_lio/msg
[48.660s] -- Installing: /home/sangyuwan/lidar/install/fast_lio/include/fast_lio/fast_lio/msg/rosidl_generator_c__visibility_control.h
[48.660s] -- Installing: /home/sangyuwan/lidar/install/fast_lio/include/fast_lio/fast_lio/msg/pose6_d.h
[48.660s] -- Installing: /home/sangyuwan/lidar/install/fast_lio/include/fast_lio/fast_lio/msg/detail
[48.660s] -- Installing: /home/sangyuwan/lidar/install/fast_lio/include/fast_lio/fast_lio/msg/detail/pose6_d__functions.c
[48.660s] -- Installing: /home/sangyuwan/lidar/install/fast_lio/include/fast_lio/fast_lio/msg/detail/pose6_d__functions.h
[48.661s] -- Installing: /home/sangyuwan/lidar/install/fast_lio/include/fast_lio/fast_lio/msg/detail/pose6_d__struct.h
[48.661s] -- Installing: /home/sangyuwan/lidar/install/fast_lio/include/fast_lio/fast_lio/msg/detail/pose6_d__type_support.h
[48.661s] -- Installing: /home/sangyuwan/lidar/install/fast_lio/share/fast_lio/environment/library_path.sh
[48.661s] -- Installing: /home/sangyuwan/lidar/install/fast_lio/share/fast_lio/environment/library_path.dsv
[48.661s] -- Installing: /home/sangyuwan/lidar/install/fast_lio/lib/libfast_lio__rosidl_generator_c.so
[48.662s] -- Set runtime path of "/home/sangyuwan/lidar/install/fast_lio/lib/libfast_lio__rosidl_generator_c.so" to ""
[48.662s] -- Up-to-date: /home/sangyuwan/lidar/install/fast_lio/include/fast_lio/fast_lio
[48.662s] -- Up-to-date: /home/sangyuwan/lidar/install/fast_lio/include/fast_lio/fast_lio/msg
[48.662s] -- Installing: /home/sangyuwan/lidar/install/fast_lio/include/fast_lio/fast_lio/msg/rosidl_typesupport_fastrtps_c__visibility_control.h
[48.662s] -- Up-to-date: /home/sangyuwan/lidar/install/fast_lio/include/fast_lio/fast_lio/msg/detail
[48.662s] -- Installing: /home/sangyuwan/lidar/install/fast_lio/include/fast_lio/fast_lio/msg/detail/pose6_d__rosidl_typesupport_fastrtps_c.h
[48.662s] -- Installing: /home/sangyuwan/lidar/install/fast_lio/lib/libfast_lio__rosidl_typesupport_fastrtps_c.so
[48.663s] -- Set runtime path of "/home/sangyuwan/lidar/install/fast_lio/lib/libfast_lio__rosidl_typesupport_fastrtps_c.so" to ""
[48.663s] -- Up-to-date: /home/sangyuwan/lidar/install/fast_lio/include/fast_lio/fast_lio
[48.663s] -- Up-to-date: /home/sangyuwan/lidar/install/fast_lio/include/fast_lio/fast_lio/msg
[48.663s] -- Installing: /home/sangyuwan/lidar/install/fast_lio/include/fast_lio/fast_lio/msg/rosidl_generator_cpp__visibility_control.hpp
[48.663s] -- Installing: /home/sangyuwan/lidar/install/fast_lio/include/fast_lio/fast_lio/msg/pose6_d.hpp
[48.663s] -- Up-to-date: /home/sangyuwan/lidar/install/fast_lio/include/fast_lio/fast_lio/msg/detail
[48.663s] -- Installing: /home/sangyuwan/lidar/install/fast_lio/include/fast_lio/fast_lio/msg/detail/pose6_d__builder.hpp
[48.663s] -- Installing: /home/sangyuwan/lidar/install/fast_lio/include/fast_lio/fast_lio/msg/detail/pose6_d__struct.hpp
[48.663s] -- Installing: /home/sangyuwan/lidar/install/fast_lio/include/fast_lio/fast_lio/msg/detail/pose6_d__traits.hpp
[48.663s] -- Installing: /home/sangyuwan/lidar/install/fast_lio/include/fast_lio/fast_lio/msg/detail/pose6_d__type_support.hpp
[48.663s] -- Up-to-date: /home/sangyuwan/lidar/install/fast_lio/include/fast_lio/fast_lio
[48.663s] -- Up-to-date: /home/sangyuwan/lidar/install/fast_lio/include/fast_lio/fast_lio/msg
[48.663s] -- Installing: /home/sangyuwan/lidar/install/fast_lio/include/fast_lio/fast_lio/msg/rosidl_typesupport_fastrtps_cpp__visibility_control.h
[48.663s] -- Up-to-date: /home/sangyuwan/lidar/install/fast_lio/include/fast_lio/fast_lio/msg/detail
[48.664s] -- Installing: /home/sangyuwan/lidar/install/fast_lio/include/fast_lio/fast_lio/msg/detail/pose6_d__rosidl_typesupport_fastrtps_cpp.hpp
[48.664s] -- Installing: /home/sangyuwan/lidar/install/fast_lio/include/fast_lio/fast_lio/msg/detail/dds_fastrtps
[48.664s] -- Installing: /home/sangyuwan/lidar/install/fast_lio/lib/libfast_lio__rosidl_typesupport_fastrtps_cpp.so
[48.664s] -- Set runtime path of "/home/sangyuwan/lidar/install/fast_lio/lib/libfast_lio__rosidl_typesupport_fastrtps_cpp.so" to ""
[48.664s] -- Up-to-date: /home/sangyuwan/lidar/install/fast_lio/include/fast_lio/fast_lio
[48.664s] -- Up-to-date: /home/sangyuwan/lidar/install/fast_lio/include/fast_lio/fast_lio/msg
[48.664s] -- Installing: /home/sangyuwan/lidar/install/fast_lio/include/fast_lio/fast_lio/msg/rosidl_typesupport_introspection_c__visibility_control.h
[48.664s] -- Up-to-date: /home/sangyuwan/lidar/install/fast_lio/include/fast_lio/fast_lio/msg/detail
[48.664s] -- Installing: /home/sangyuwan/lidar/install/fast_lio/include/fast_lio/fast_lio/msg/detail/pose6_d__rosidl_typesupport_introspection_c.h
[48.664s] -- Installing: /home/sangyuwan/lidar/install/fast_lio/include/fast_lio/fast_lio/msg/detail/pose6_d__type_support.c
[48.664s] -- Installing: /home/sangyuwan/lidar/install/fast_lio/lib/libfast_lio__rosidl_typesupport_introspection_c.so
[48.665s] -- Set runtime path of "/home/sangyuwan/lidar/install/fast_lio/lib/libfast_lio__rosidl_typesupport_introspection_c.so" to ""
[48.665s] -- Installing: /home/sangyuwan/lidar/install/fast_lio/lib/libfast_lio__rosidl_typesupport_c.so
[48.666s] -- Set runtime path of "/home/sangyuwan/lidar/install/fast_lio/lib/libfast_lio__rosidl_typesupport_c.so" to ""
[48.666s] -- Up-to-date: /home/sangyuwan/lidar/install/fast_lio/include/fast_lio/fast_lio
[48.666s] -- Up-to-date: /home/sangyuwan/lidar/install/fast_lio/include/fast_lio/fast_lio/msg
[48.666s] -- Up-to-date: /home/sangyuwan/lidar/install/fast_lio/include/fast_lio/fast_lio/msg/detail
[48.666s] -- Installing: /home/sangyuwan/lidar/install/fast_lio/include/fast_lio/fast_lio/msg/detail/pose6_d__rosidl_typesupport_introspection_cpp.hpp
[48.666s] -- Installing: /home/sangyuwan/lidar/install/fast_lio/include/fast_lio/fast_lio/msg/detail/pose6_d__type_support.cpp
[48.666s] -- Installing: /home/sangyuwan/lidar/install/fast_lio/lib/libfast_lio__rosidl_typesupport_introspection_cpp.so
[48.667s] -- Set runtime path of "/home/sangyuwan/lidar/install/fast_lio/lib/libfast_lio__rosidl_typesupport_introspection_cpp.so" to ""
[48.667s] -- Installing: /home/sangyuwan/lidar/install/fast_lio/lib/libfast_lio__rosidl_typesupport_cpp.so
[48.667s] -- Set runtime path of "/home/sangyuwan/lidar/install/fast_lio/lib/libfast_lio__rosidl_typesupport_cpp.so" to ""
[48.667s] -- Installing: /home/sangyuwan/lidar/install/fast_lio/share/fast_lio/environment/pythonpath.sh
[48.668s] -- Installing: /home/sangyuwan/lidar/install/fast_lio/share/fast_lio/environment/pythonpath.dsv
[48.668s] -- Installing: /home/sangyuwan/lidar/install/fast_lio/local/lib/python3.10/dist-packages/fast_lio-0.0.0-py3.10.egg-info
[48.668s] -- Installing: /home/sangyuwan/lidar/install/fast_lio/local/lib/python3.10/dist-packages/fast_lio-0.0.0-py3.10.egg-info/PKG-INFO
[48.668s] -- Installing: /home/sangyuwan/lidar/install/fast_lio/local/lib/python3.10/dist-packages/fast_lio-0.0.0-py3.10.egg-info/dependency_links.txt
[48.668s] -- Installing: /home/sangyuwan/lidar/install/fast_lio/local/lib/python3.10/dist-packages/fast_lio-0.0.0-py3.10.egg-info/top_level.txt
[48.668s] -- Installing: /home/sangyuwan/lidar/install/fast_lio/local/lib/python3.10/dist-packages/fast_lio-0.0.0-py3.10.egg-info/SOURCES.txt
[48.668s] -- Installing: /home/sangyuwan/lidar/install/fast_lio/local/lib/python3.10/dist-packages/fast_lio
[48.668s] -- Installing: /home/sangyuwan/lidar/install/fast_lio/local/lib/python3.10/dist-packages/fast_lio/__init__.py
[48.668s] -- Installing: /home/sangyuwan/lidar/install/fast_lio/local/lib/python3.10/dist-packages/fast_lio/msg
[48.668s] -- Installing: /home/sangyuwan/lidar/install/fast_lio/local/lib/python3.10/dist-packages/fast_lio/msg/_pose6_d.py
[48.668s] -- Installing: /home/sangyuwan/lidar/install/fast_lio/local/lib/python3.10/dist-packages/fast_lio/msg/_pose6_d_s.c
[48.669s] -- Installing: /home/sangyuwan/lidar/install/fast_lio/local/lib/python3.10/dist-packages/fast_lio/msg/__init__.py
[48.669s] -- Installing: /home/sangyuwan/lidar/install/fast_lio/local/lib/python3.10/dist-packages/fast_lio/_fast_lio_s.ep.rosidl_typesupport_fastrtps_c.c
[48.669s] -- Installing: /home/sangyuwan/lidar/install/fast_lio/local/lib/python3.10/dist-packages/fast_lio/_fast_lio_s.ep.rosidl_typesupport_introspection_c.c
[48.669s] -- Installing: /home/sangyuwan/lidar/install/fast_lio/local/lib/python3.10/dist-packages/fast_lio/_fast_lio_s.ep.rosidl_typesupport_c.c
[48.669s] -- Installing: /home/sangyuwan/lidar/install/fast_lio/local/lib/python3.10/dist-packages/fast_lio/libfast_lio__rosidl_generator_py.so
[48.669s] -- Installing: /home/sangyuwan/lidar/install/fast_lio/local/lib/python3.10/dist-packages/fast_lio/fast_lio_s__rosidl_typesupport_introspection_c.cpython-310-x86_64-linux-gnu.so
[48.669s] -- Installing: /home/sangyuwan/lidar/install/fast_lio/local/lib/python3.10/dist-packages/fast_lio/fast_lio_s__rosidl_typesupport_c.cpython-310-x86_64-linux-gnu.so
[48.669s] -- Installing: /home/sangyuwan/lidar/install/fast_lio/local/lib/python3.10/dist-packages/fast_lio/fast_lio_s__rosidl_typesupport_fastrtps_c.cpython-310-x86_64-linux-gnu.so
[48.700s] Listing '/home/sangyuwan/lidar/install/fast_lio/local/lib/python3.10/dist-packages/fast_lio'...
[48.700s] Compiling '/home/sangyuwan/lidar/install/fast_lio/local/lib/python3.10/dist-packages/fast_lio/__init__.py'...
[48.700s] Listing '/home/sangyuwan/lidar/install/fast_lio/local/lib/python3.10/dist-packages/fast_lio/msg'...
[48.700s] Compiling '/home/sangyuwan/lidar/install/fast_lio/local/lib/python3.10/dist-packages/fast_lio/msg/__init__.py'...
[48.700s] Compiling '/home/sangyuwan/lidar/install/fast_lio/local/lib/python3.10/dist-packages/fast_lio/msg/_pose6_d.py'...
[48.704s] -- Installing: /home/sangyuwan/lidar/install/fast_lio/local/lib/python3.10/dist-packages/fast_lio/fast_lio_s__rosidl_typesupport_fastrtps_c.cpython-310-x86_64-linux-gnu.so
[48.705s] -- Set runtime path of "/home/sangyuwan/lidar/install/fast_lio/local/lib/python3.10/dist-packages/fast_lio/fast_lio_s__rosidl_typesupport_fastrtps_c.cpython-310-x86_64-linux-gnu.so" to ""
[48.705s] -- Installing: /home/sangyuwan/lidar/install/fast_lio/local/lib/python3.10/dist-packages/fast_lio/fast_lio_s__rosidl_typesupport_introspection_c.cpython-310-x86_64-linux-gnu.so
[48.706s] -- Set runtime path of "/home/sangyuwan/lidar/install/fast_lio/local/lib/python3.10/dist-packages/fast_lio/fast_lio_s__rosidl_typesupport_introspection_c.cpython-310-x86_64-linux-gnu.so" to ""
[48.706s] -- Installing: /home/sangyuwan/lidar/install/fast_lio/local/lib/python3.10/dist-packages/fast_lio/fast_lio_s__rosidl_typesupport_c.cpython-310-x86_64-linux-gnu.so
[48.707s] -- Set runtime path of "/home/sangyuwan/lidar/install/fast_lio/local/lib/python3.10/dist-packages/fast_lio/fast_lio_s__rosidl_typesupport_c.cpython-310-x86_64-linux-gnu.so" to ""
[48.707s] -- Installing: /home/sangyuwan/lidar/install/fast_lio/lib/libfast_lio__rosidl_generator_py.so
[48.707s] -- Set runtime path of "/home/sangyuwan/lidar/install/fast_lio/lib/libfast_lio__rosidl_generator_py.so" to ""
[48.707s] -- Installing: /home/sangyuwan/lidar/install/fast_lio/share/ament_index/resource_index/rust_packages/fast_lio
[48.708s] -- Installing: /home/sangyuwan/lidar/install/fast_lio/share/fast_lio/rust
[48.708s] -- Installing: /home/sangyuwan/lidar/install/fast_lio/share/fast_lio/rust/src
[48.708s] -- Installing: /home/sangyuwan/lidar/install/fast_lio/share/fast_lio/rust/src/msg.rs
[48.708s] -- Installing: /home/sangyuwan/lidar/install/fast_lio/share/fast_lio/rust/src/msg
[48.708s] -- Installing: /home/sangyuwan/lidar/install/fast_lio/share/fast_lio/rust/src/msg/rmw.rs
[48.708s] -- Installing: /home/sangyuwan/lidar/install/fast_lio/share/fast_lio/rust/src/lib.rs
[48.708s] -- Installing: /home/sangyuwan/lidar/install/fast_lio/share/fast_lio/rust/Cargo.toml
[48.708s] -- Installing: /home/sangyuwan/lidar/install/fast_lio/share/fast_lio/rust/build.rs
[48.709s] -- Installing: /home/sangyuwan/lidar/install/fast_lio/share/fast_lio/msg/Pose6D.idl
[48.709s] -- Installing: /home/sangyuwan/lidar/install/fast_lio/share/fast_lio/msg/Pose6D.msg
[48.709s] -- Installing: /home/sangyuwan/lidar/install/fast_lio/lib/fast_lio/fastlio_mapping
[48.712s] -- Set runtime path of "/home/sangyuwan/lidar/install/fast_lio/lib/fast_lio/fastlio_mapping" to ""
[48.712s] -- Installing: /home/sangyuwan/lidar/install/fast_lio/share/fast_lio/config
[48.712s] -- Installing: /home/sangyuwan/lidar/install/fast_lio/share/fast_lio/config/avia.yaml
[48.712s] -- Installing: /home/sangyuwan/lidar/install/fast_lio/share/fast_lio/config/horizon.yaml
[48.712s] -- Installing: /home/sangyuwan/lidar/install/fast_lio/share/fast_lio/config/mid360.yaml
[48.712s] -- Installing: /home/sangyuwan/lidar/install/fast_lio/share/fast_lio/config/ouster64.yaml
[48.713s] -- Installing: /home/sangyuwan/lidar/install/fast_lio/share/fast_lio/config/velodyne.yaml
[48.713s] -- Installing: /home/sangyuwan/lidar/install/fast_lio/share/fast_lio/launch
[48.713s] -- Installing: /home/sangyuwan/lidar/install/fast_lio/share/fast_lio/launch/gdb_debug_example.launch
[48.713s] -- Installing: /home/sangyuwan/lidar/install/fast_lio/share/fast_lio/launch/mapping.launch.py
[48.713s] -- Installing: /home/sangyuwan/lidar/install/fast_lio/share/fast_lio/rviz
[48.713s] -- Installing: /home/sangyuwan/lidar/install/fast_lio/share/fast_lio/rviz/fastlio.rviz
[48.713s] -- Installing: /home/sangyuwan/lidar/install/fast_lio/share/ament_index/resource_index/package_run_dependencies/fast_lio
[48.713s] -- Installing: /home/sangyuwan/lidar/install/fast_lio/share/ament_index/resource_index/parent_prefix_path/fast_lio
[48.713s] -- Installing: /home/sangyuwan/lidar/install/fast_lio/share/fast_lio/environment/ament_prefix_path.sh
[48.713s] -- Installing: /home/sangyuwan/lidar/install/fast_lio/share/fast_lio/environment/ament_prefix_path.dsv
[48.713s] -- Installing: /home/sangyuwan/lidar/install/fast_lio/share/fast_lio/environment/path.sh
[48.713s] -- Installing: /home/sangyuwan/lidar/install/fast_lio/share/fast_lio/environment/path.dsv
[48.714s] -- Installing: /home/sangyuwan/lidar/install/fast_lio/share/fast_lio/local_setup.bash
[48.714s] -- Installing: /home/sangyuwan/lidar/install/fast_lio/share/fast_lio/local_setup.sh
[48.714s] -- Installing: /home/sangyuwan/lidar/install/fast_lio/share/fast_lio/local_setup.zsh
[48.714s] -- Installing: /home/sangyuwan/lidar/install/fast_lio/share/fast_lio/local_setup.dsv
[48.714s] -- Installing: /home/sangyuwan/lidar/install/fast_lio/share/fast_lio/package.dsv
[48.714s] -- Installing: /home/sangyuwan/lidar/install/fast_lio/share/ament_index/resource_index/packages/fast_lio
[48.714s] -- Installing: /home/sangyuwan/lidar/install/fast_lio/share/fast_lio/cmake/export_fast_lio__rosidl_generator_cExport.cmake
[48.714s] -- Installing: /home/sangyuwan/lidar/install/fast_lio/share/fast_lio/cmake/export_fast_lio__rosidl_generator_cExport-release.cmake
[48.714s] -- Installing: /home/sangyuwan/lidar/install/fast_lio/share/fast_lio/cmake/export_fast_lio__rosidl_typesupport_fastrtps_cExport.cmake
[48.714s] -- Installing: /home/sangyuwan/lidar/install/fast_lio/share/fast_lio/cmake/export_fast_lio__rosidl_typesupport_fastrtps_cExport-release.cmake
[48.714s] -- Installing: /home/sangyuwan/lidar/install/fast_lio/share/fast_lio/cmake/export_fast_lio__rosidl_generator_cppExport.cmake
[48.714s] -- Installing: /home/sangyuwan/lidar/install/fast_lio/share/fast_lio/cmake/export_fast_lio__rosidl_typesupport_fastrtps_cppExport.cmake
[48.714s] -- Installing: /home/sangyuwan/lidar/install/fast_lio/share/fast_lio/cmake/export_fast_lio__rosidl_typesupport_fastrtps_cppExport-release.cmake
[48.714s] -- Installing: /home/sangyuwan/lidar/install/fast_lio/share/fast_lio/cmake/fast_lio__rosidl_typesupport_introspection_cExport.cmake
[48.714s] -- Installing: /home/sangyuwan/lidar/install/fast_lio/share/fast_lio/cmake/fast_lio__rosidl_typesupport_introspection_cExport-release.cmake
[48.714s] -- Installing: /home/sangyuwan/lidar/install/fast_lio/share/fast_lio/cmake/fast_lio__rosidl_typesupport_cExport.cmake
[48.715s] -- Installing: /home/sangyuwan/lidar/install/fast_lio/share/fast_lio/cmake/fast_lio__rosidl_typesupport_cExport-release.cmake
[48.715s] -- Installing: /home/sangyuwan/lidar/install/fast_lio/share/fast_lio/cmake/fast_lio__rosidl_typesupport_introspection_cppExport.cmake
[48.715s] -- Installing: /home/sangyuwan/lidar/install/fast_lio/share/fast_lio/cmake/fast_lio__rosidl_typesupport_introspection_cppExport-release.cmake
[48.715s] -- Installing: /home/sangyuwan/lidar/install/fast_lio/share/fast_lio/cmake/fast_lio__rosidl_typesupport_cppExport.cmake
[48.715s] -- Installing: /home/sangyuwan/lidar/install/fast_lio/share/fast_lio/cmake/fast_lio__rosidl_typesupport_cppExport-release.cmake
[48.715s] -- Installing: /home/sangyuwan/lidar/install/fast_lio/share/fast_lio/cmake/export_fast_lio__rosidl_generator_pyExport.cmake
[48.715s] -- Installing: /home/sangyuwan/lidar/install/fast_lio/share/fast_lio/cmake/export_fast_lio__rosidl_generator_pyExport-release.cmake
[48.715s] -- Installing: /home/sangyuwan/lidar/install/fast_lio/share/fast_lio/cmake/rosidl_cmake-extras.cmake
[48.715s] -- Installing: /home/sangyuwan/lidar/install/fast_lio/share/fast_lio/cmake/ament_cmake_export_include_directories-extras.cmake
[48.715s] -- Installing: /home/sangyuwan/lidar/install/fast_lio/share/fast_lio/cmake/ament_cmake_export_libraries-extras.cmake
[48.715s] -- Installing: /home/sangyuwan/lidar/install/fast_lio/share/fast_lio/cmake/ament_cmake_export_targets-extras.cmake
[48.716s] -- Installing: /home/sangyuwan/lidar/install/fast_lio/share/fast_lio/cmake/rosidl_cmake_export_typesupport_targets-extras.cmake
[48.716s] -- Installing: /home/sangyuwan/lidar/install/fast_lio/share/fast_lio/cmake/ament_cmake_export_dependencies-extras.cmake
[48.716s] -- Installing: /home/sangyuwan/lidar/install/fast_lio/share/fast_lio/cmake/rosidl_cmake_export_typesupport_libraries-extras.cmake
[48.716s] -- Installing: /home/sangyuwan/lidar/install/fast_lio/share/fast_lio/cmake/fast_lioConfig.cmake
[48.716s] -- Installing: /home/sangyuwan/lidar/install/fast_lio/share/fast_lio/cmake/fast_lioConfig-version.cmake
[48.716s] -- Installing: /home/sangyuwan/lidar/install/fast_lio/share/fast_lio/package.xml
[48.718s] Invoked command in '/home/sangyuwan/lidar/build/fast_lio' returned '0': AMENT_PREFIX_PATH=/home/sangyuwan/lidar/install/livox_ros_driver2:${AMENT_PREFIX_PATH} CMAKE_PREFIX_PATH=/home/sangyuwan/lidar/install/livox_ros_driver2:/opt/ros/humble LD_LIBRARY_PATH=/home/sangyuwan/lidar/install/livox_ros_driver2/lib:${LD_LIBRARY_PATH} PYTHONPATH=/home/sangyuwan/lidar/install/livox_ros_driver2/local/lib/python3.10/dist-packages:${PYTHONPATH} /usr/bin/cmake --install /home/sangyuwan/lidar/build/fast_lio
