Current CPU archtecture: x86_64
Processer number:  16
core for MP: 3
CMake Warning (dev) at CMakeLists.txt:79 (find_package):
  Policy CMP0074 is not set: find_package uses <PackageName>_ROOT variables.
  Run "cmake --help-policy CMP0074" for policy details.  Use the cmake_policy
  command to set the policy and suppress this warning.

  CMake variable PCL_ROOT is set to:

    /usr

  For compatibility, CMake is ignoring the variable.
This warning is for project developers.  Use -Wno-dev to suppress it.

Eigen:/usr/include/eigen3
/home/sangyuwan/lidar/src/FAST_LIO/src/laserMapping.cpp:59:10: fatal error: tf2_ros/transform_broadcaster.h: 没有那个文件或目录
   59 | #include <tf2_ros/transform_broadcaster.h>
      |          ^~~~~~~~~~~~~~~~~~~~~~~~~~~~~~~~~
compilation terminated.
gmake[2]: *** [CMakeFiles/fastlio_mapping.dir/build.make:76：CMakeFiles/fastlio_mapping.dir/src/laserMapping.cpp.o] 错误 1
gmake[2]: *** 正在等待未完成的任务....
gmake[1]: *** [CMakeFiles/Makefile2:612：CMakeFiles/fastlio_mapping.dir/all] 错误 2
gmake: *** [Makefile:146：all] 错误 2
