-- Found PythonLibs: /usr/lib/x86_64-linux-gnu/libpython3.10.so (found version "3.10.12") 
-- Found ament_cmake: 1.3.14 (/opt/ros/humble/share/ament_cmake/cmake)
-- Found rclcpp: 16.0.19 (/opt/ros/humble/share/rclcpp/cmake)
-- Found rosidl_generator_c: 3.1.8 (/opt/ros/humble/share/rosidl_generator_c/cmake)
-- Found rosidl_adapter: 3.1.8 (/opt/ros/humble/share/rosidl_adapter/cmake)
-- Found rosidl_generator_cpp: 3.1.8 (/opt/ros/humble/share/rosidl_generator_cpp/cmake)
-- Using all available rosidl_typesupport_c: rosidl_typesupport_fastrtps_c;rosidl_typesupport_introspection_c
-- Using all available rosidl_typesupport_cpp: rosidl_typesupport_fastrtps_cpp;rosidl_typesupport_introspection_cpp
-- Found rmw_implementation_cmake: 6.1.2 (/opt/ros/humble/share/rmw_implementation_cmake/cmake)
-- Found rmw_fastrtps_cpp: 6.2.10 (/opt/ros/humble/share/rmw_fastrtps_cpp/cmake)
-- Using RMW implementation 'rmw_fastrtps_cpp' as default
-- Found rclcpp_components: 16.0.19 (/opt/ros/humble/share/rclcpp_components/cmake)
-- Found geometry_msgs: 4.9.1 (/opt/ros/humble/share/geometry_msgs/cmake)
-- Found nav_msgs: 4.9.1 (/opt/ros/humble/share/nav_msgs/cmake)
-- Found sensor_msgs: 4.9.1 (/opt/ros/humble/share/sensor_msgs/cmake)
-- Found std_srvs: 4.9.1 (/opt/ros/humble/share/std_srvs/cmake)
-- Found visualization_msgs: 4.9.1 (/opt/ros/humble/share/visualization_msgs/cmake)
-- Found pcl_conversions: 2.4.5 (/opt/ros/humble/share/pcl_conversions/cmake)
-- Eigen found (include: /usr/include/eigen3, version: 3.4.0)
-- FLANN found (include: /usr/include, lib: /usr/lib/x86_64-linux-gnu/libflann_cpp.so)
-- OpenNI found (version: 1.5.4.0, include: /usr/include/ni, lib: /usr/lib/libOpenNI.so;libusb::libusb)
-- OpenNI2 found (version: 2.2.0.33, include: /usr/include/openni2, lib: /usr/lib/x86_64-linux-gnu/libOpenNI2.so;libusb::libusb)
-- Eigen found (include: /usr/include/eigen3, version: 3.4.0)
-- OpenNI found (version: 1.5.4.0, include: /usr/include/ni, lib: /usr/lib/libOpenNI.so;libusb::libusb)
-- OpenNI2 found (version: 2.2.0.33, include: /usr/include/openni2, lib: /usr/lib/x86_64-linux-gnu/libOpenNI2.so;libusb::libusb)
-- Found Qhull version 8.0.2
-- OpenNI found (version: 1.5.4.0, include: /usr/include/ni, lib: /usr/lib/libOpenNI.so;libusb::libusb)
-- Found livox_ros_driver2: 1.0.0 (/home/sangyuwan/lidar/install/livox_ros_driver2/share/livox_ros_driver2/cmake)
-- Found rosidl_default_generators: 1.2.1 (/opt/ros/humble/share/rosidl_default_generators/cmake)
-- PCL: /usr/include/pcl-1.12
-- Found ament_cmake_ros: 0.10.0 (/opt/ros/humble/share/ament_cmake_ros/cmake)
-- Using all available rosidl_typesupport_c: rosidl_typesupport_fastrtps_c;rosidl_typesupport_introspection_c
-- Using all available rosidl_typesupport_cpp: rosidl_typesupport_fastrtps_cpp;rosidl_typesupport_introspection_cpp
-- Found python_cmake_module: 0.10.0 (/opt/ros/humble/share/python_cmake_module/cmake)
-- Found PythonLibs: /usr/lib/x86_64-linux-gnu/libpython3.10.so (found suitable version "3.10.12", minimum required is "3.5") 
-- Using PYTHON_EXECUTABLE: /usr/bin/python3
-- Using PYTHON_INCLUDE_DIRS: /usr/include/python3.10
-- Using PYTHON_LIBRARIES: /usr/lib/x86_64-linux-gnu/libpython3.10.so
-- Configuring done
-- Generating done
-- Build files have been written to: /home/sangyuwan/lidar/build/fast_lio
[  2%] Generating C code for ROS interfaces
[  8%] Generating C++ code for ROS interfaces
[  8%] Generating Rust code for ROS interfaces
[  8%] Built target ament_cmake_python_copy_fast_lio
running egg_info
creating fast_lio.egg-info
writing fast_lio.egg-info/PKG-INFO
writing dependency_links to fast_lio.egg-info/dependency_links.txt
writing top-level names to fast_lio.egg-info/top_level.txt
writing manifest file 'fast_lio.egg-info/SOURCES.txt'
reading manifest file 'fast_lio.egg-info/SOURCES.txt'
writing manifest file 'fast_lio.egg-info/SOURCES.txt'
[  8%] Built target ament_cmake_python_build_fast_lio_egg
[  8%] Built target fast_lio__rs
[  8%] Built target fast_lio__cpp
[ 16%] Generating C++ type support dispatch for ROS interfaces
[ 16%] Generating C++ introspection for ROS interfaces
[ 16%] Generating C++ type support for eProsima Fast-RTPS
[ 19%] Building C object CMakeFiles/fast_lio__rosidl_generator_c.dir/rosidl_generator_c/fast_lio/msg/detail/pose6_d__functions.c.o
[ 22%] Linking C shared library libfast_lio__rosidl_generator_c.so
[ 22%] Built target fast_lio__rosidl_generator_c
[ 30%] Generating C type support dispatch for ROS interfaces
[ 30%] Generating C introspection for ROS interfaces
[ 30%] Generating C type support for eProsima Fast-RTPS
[ 33%] Building CXX object CMakeFiles/fast_lio__rosidl_typesupport_cpp.dir/rosidl_typesupport_cpp/fast_lio/msg/pose6_d__type_support.cpp.o
[ 36%] Building CXX object CMakeFiles/fast_lio__rosidl_typesupport_introspection_cpp.dir/rosidl_typesupport_introspection_cpp/fast_lio/msg/detail/pose6_d__type_support.cpp.o
[ 38%] Building CXX object CMakeFiles/fast_lio__rosidl_typesupport_fastrtps_cpp.dir/rosidl_typesupport_fastrtps_cpp/fast_lio/msg/detail/dds_fastrtps/pose6_d__type_support.cpp.o
[ 41%] Building C object CMakeFiles/fast_lio__rosidl_typesupport_introspection_c.dir/rosidl_typesupport_introspection_c/fast_lio/msg/detail/pose6_d__type_support.c.o
[ 44%] Building CXX object CMakeFiles/fast_lio__rosidl_typesupport_fastrtps_c.dir/rosidl_typesupport_fastrtps_c/fast_lio/msg/detail/pose6_d__type_support_c.cpp.o
[ 47%] Building CXX object CMakeFiles/fast_lio__rosidl_typesupport_c.dir/rosidl_typesupport_c/fast_lio/msg/pose6_d__type_support.cpp.o
[ 50%] Linking CXX shared library libfast_lio__rosidl_typesupport_c.so
[ 52%] Linking CXX shared library libfast_lio__rosidl_typesupport_cpp.so
[ 55%] Linking C shared library libfast_lio__rosidl_typesupport_introspection_c.so
[ 55%] Built target fast_lio__rosidl_typesupport_c
[ 55%] Built target fast_lio__rosidl_typesupport_introspection_c
[ 55%] Built target fast_lio__rosidl_typesupport_cpp
[ 63%] Building CXX object CMakeFiles/fastlio_mapping.dir/src/preprocess.cpp.o
[ 63%] Building CXX object CMakeFiles/fastlio_mapping.dir/include/ikd-Tree/ikd_Tree.cpp.o
[ 63%] Building CXX object CMakeFiles/fastlio_mapping.dir/src/laserMapping.cpp.o
[ 66%] Linking CXX shared library libfast_lio__rosidl_typesupport_fastrtps_cpp.so
[ 69%] Linking CXX shared library libfast_lio__rosidl_typesupport_introspection_cpp.so
[ 69%] Built target fast_lio__rosidl_typesupport_introspection_cpp
[ 69%] Built target fast_lio__rosidl_typesupport_fastrtps_cpp
[ 72%] Linking CXX shared library libfast_lio__rosidl_typesupport_fastrtps_c.so
[ 72%] Built target fast_lio__rosidl_typesupport_fastrtps_c
[ 72%] Built target fast_lio
[ 75%] Generating Python code for ROS interfaces
[ 75%] Built target fast_lio__py
[ 77%] Building C object CMakeFiles/fast_lio__rosidl_generator_py.dir/rosidl_generator_py/fast_lio/msg/_pose6_d_s.c.o
[ 80%] Linking C shared library rosidl_generator_py/fast_lio/libfast_lio__rosidl_generator_py.so
[ 80%] Built target fast_lio__rosidl_generator_py
[ 86%] Building C object CMakeFiles/fast_lio__rosidl_typesupport_introspection_c__pyext.dir/rosidl_generator_py/fast_lio/_fast_lio_s.ep.rosidl_typesupport_introspection_c.c.o
[ 88%] Building C object CMakeFiles/fast_lio__rosidl_typesupport_c__pyext.dir/rosidl_generator_py/fast_lio/_fast_lio_s.ep.rosidl_typesupport_c.c.o
[ 88%] Building C object CMakeFiles/fast_lio__rosidl_typesupport_fastrtps_c__pyext.dir/rosidl_generator_py/fast_lio/_fast_lio_s.ep.rosidl_typesupport_fastrtps_c.c.o
[ 91%] Linking C shared library rosidl_generator_py/fast_lio/fast_lio_s__rosidl_typesupport_introspection_c.cpython-310-x86_64-linux-gnu.so
[ 97%] Linking C shared library rosidl_generator_py/fast_lio/fast_lio_s__rosidl_typesupport_c.cpython-310-x86_64-linux-gnu.so
[ 97%] Linking C shared library rosidl_generator_py/fast_lio/fast_lio_s__rosidl_typesupport_fastrtps_c.cpython-310-x86_64-linux-gnu.so
[ 97%] Built target fast_lio__rosidl_typesupport_c__pyext
[ 97%] Built target fast_lio__rosidl_typesupport_introspection_c__pyext
[ 97%] Built target fast_lio__rosidl_typesupport_fastrtps_c__pyext
