[0.007s] Invoking command in '/home/sangyuwan/lidar/build/fast_lio': AMENT_PREFIX_PATH=/home/sangyuwan/lidar/install/livox_ros_driver2:${AMENT_PREFIX_PATH} CMAKE_PREFIX_PATH=/home/sangyuwan/lidar/install/livox_ros_driver2:/opt/ros/humble LD_LIBRARY_PATH=/home/sangyuwan/lidar/install/livox_ros_driver2/lib:${LD_LIBRARY_PATH} PYTHONPATH=/home/sangyuwan/lidar/install/livox_ros_driver2/local/lib/python3.10/dist-packages:${PYTHONPATH} /usr/bin/cmake /home/sangyuwan/lidar/src/FAST_LIO -DROS_EDITION=ROS2 -DDISTRO_ROS=humble -DLIVOX_LIDAR_SDK_ROOT=/home/sangyuwan/lidar/third_party/Livox-SDK2/install -DCMAKE_BUILD_TYPE=Release -DCMAKE_INSTALL_PREFIX=/home/sangyuwan/lidar/install/fast_lio
[0.018s] Current CPU archtecture: x86_64
[0.021s] Processer number:  16
[0.021s] core for MP: 3
[0.024s] -- Found PythonLibs: /usr/lib/x86_64-linux-gnu/libpython3.10.so (found version "3.10.12") 
[0.024s] -- Found ament_cmake: 1.3.14 (/opt/ros/humble/share/ament_cmake/cmake)
[0.116s] -- Found rclcpp: 16.0.19 (/opt/ros/humble/share/rclcpp/cmake)
[0.132s] -- Found rosidl_generator_c: 3.1.8 (/opt/ros/humble/share/rosidl_generator_c/cmake)
[0.134s] -- Found rosidl_adapter: 3.1.8 (/opt/ros/humble/share/rosidl_adapter/cmake)
[0.137s] -- Found rosidl_generator_cpp: 3.1.8 (/opt/ros/humble/share/rosidl_generator_cpp/cmake)
[0.144s] -- Using all available rosidl_typesupport_c: rosidl_typesupport_fastrtps_c;rosidl_typesupport_introspection_c
[0.151s] -- Using all available rosidl_typesupport_cpp: rosidl_typesupport_fastrtps_cpp;rosidl_typesupport_introspection_cpp
[0.169s] -- Found rmw_implementation_cmake: 6.1.2 (/opt/ros/humble/share/rmw_implementation_cmake/cmake)
[0.170s] -- Found rmw_fastrtps_cpp: 6.2.10 (/opt/ros/humble/share/rmw_fastrtps_cpp/cmake)
[0.240s] -- Using RMW implementation 'rmw_fastrtps_cpp' as default
[0.271s] -- Found rclcpp_components: 16.0.19 (/opt/ros/humble/share/rclcpp_components/cmake)
[0.283s] -- Found geometry_msgs: 4.9.1 (/opt/ros/humble/share/geometry_msgs/cmake)
[0.291s] -- Found nav_msgs: 4.9.1 (/opt/ros/humble/share/nav_msgs/cmake)
[0.302s] -- Found sensor_msgs: 4.9.1 (/opt/ros/humble/share/sensor_msgs/cmake)
[0.313s] -- Found std_srvs: 4.9.1 (/opt/ros/humble/share/std_srvs/cmake)
[0.319s] -- Found visualization_msgs: 4.9.1 (/opt/ros/humble/share/visualization_msgs/cmake)
[0.331s] -- Found pcl_conversions: 2.4.5 (/opt/ros/humble/share/pcl_conversions/cmake)
[0.353s] -- Eigen found (include: /usr/include/eigen3, version: 3.4.0)
[0.372s] -- FLANN found (include: /usr/include, lib: /usr/lib/x86_64-linux-gnu/libflann_cpp.so)
[0.596s] -- OpenNI found (version: 1.5.4.0, include: /usr/include/ni, lib: /usr/lib/libOpenNI.so;libusb::libusb)
[0.602s] -- OpenNI2 found (version: 2.2.0.33, include: /usr/include/openni2, lib: /usr/lib/x86_64-linux-gnu/libOpenNI2.so;libusb::libusb)
[0.704s] -- Eigen found (include: /usr/include/eigen3, version: 3.4.0)
[0.709s] -- OpenNI found (version: 1.5.4.0, include: /usr/include/ni, lib: /usr/lib/libOpenNI.so;libusb::libusb)
[0.714s] -- OpenNI2 found (version: 2.2.0.33, include: /usr/include/openni2, lib: /usr/lib/x86_64-linux-gnu/libOpenNI2.so;libusb::libusb)
[0.808s] -- Found Qhull version 8.0.2
[0.908s] -- OpenNI found (version: 1.5.4.0, include: /usr/include/ni, lib: /usr/lib/libOpenNI.so;libusb::libusb)
[1.011s] -- Found livox_ros_driver2: 1.0.0 (/home/sangyuwan/lidar/install/livox_ros_driver2/share/livox_ros_driver2/cmake)
[1.022s] -- Found rosidl_default_generators: 1.2.1 (/opt/ros/humble/share/rosidl_default_generators/cmake)
[1.028s] CMake Warning (dev) at CMakeLists.txt:79 (find_package):
[1.028s]   Policy CMP0074 is not set: find_package uses <PackageName>_ROOT variables.
[1.028s]   Run "cmake --help-policy CMP0074" for policy details.  Use the cmake_policy
[1.028s]   command to set the policy and suppress this warning.
[1.028s] 
[1.028s]   CMake variable PCL_ROOT is set to:
[1.028s] 
[1.029s]     /usr
[1.029s] 
[1.029s]   For compatibility, CMake is ignoring the variable.
[1.029s] This warning is for project developers.  Use -Wno-dev to suppress it.
[1.029s] 
[1.034s] Eigen:/usr/include/eigen3
[1.035s] -- PCL: /usr/include/pcl-1.12
[1.200s] -- Found ament_cmake_ros: 0.10.0 (/opt/ros/humble/share/ament_cmake_ros/cmake)
[1.410s] -- Using all available rosidl_typesupport_c: rosidl_typesupport_fastrtps_c;rosidl_typesupport_introspection_c
[1.493s] -- Using all available rosidl_typesupport_cpp: rosidl_typesupport_fastrtps_cpp;rosidl_typesupport_introspection_cpp
[1.516s] -- Found python_cmake_module: 0.10.0 (/opt/ros/humble/share/python_cmake_module/cmake)
[1.535s] -- Found PythonLibs: /usr/lib/x86_64-linux-gnu/libpython3.10.so (found suitable version "3.10.12", minimum required is "3.5") 
[1.535s] -- Using PYTHON_EXECUTABLE: /usr/bin/python3
[1.535s] -- Using PYTHON_INCLUDE_DIRS: /usr/include/python3.10
[1.535s] -- Using PYTHON_LIBRARIES: /usr/lib/x86_64-linux-gnu/libpython3.10.so
[1.601s] -- Configuring done
[1.654s] -- Generating done
[1.669s] -- Build files have been written to: /home/sangyuwan/lidar/build/fast_lio
[1.689s] Invoked command in '/home/sangyuwan/lidar/build/fast_lio' returned '0': AMENT_PREFIX_PATH=/home/sangyuwan/lidar/install/livox_ros_driver2:${AMENT_PREFIX_PATH} CMAKE_PREFIX_PATH=/home/sangyuwan/lidar/install/livox_ros_driver2:/opt/ros/humble LD_LIBRARY_PATH=/home/sangyuwan/lidar/install/livox_ros_driver2/lib:${LD_LIBRARY_PATH} PYTHONPATH=/home/sangyuwan/lidar/install/livox_ros_driver2/local/lib/python3.10/dist-packages:${PYTHONPATH} /usr/bin/cmake /home/sangyuwan/lidar/src/FAST_LIO -DROS_EDITION=ROS2 -DDISTRO_ROS=humble -DLIVOX_LIDAR_SDK_ROOT=/home/sangyuwan/lidar/third_party/Livox-SDK2/install -DCMAKE_BUILD_TYPE=Release -DCMAKE_INSTALL_PREFIX=/home/sangyuwan/lidar/install/fast_lio
[1.691s] Invoking command in '/home/sangyuwan/lidar/build/fast_lio': AMENT_PREFIX_PATH=/home/sangyuwan/lidar/install/livox_ros_driver2:${AMENT_PREFIX_PATH} CMAKE_PREFIX_PATH=/home/sangyuwan/lidar/install/livox_ros_driver2:/opt/ros/humble LD_LIBRARY_PATH=/home/sangyuwan/lidar/install/livox_ros_driver2/lib:${LD_LIBRARY_PATH} PYTHONPATH=/home/sangyuwan/lidar/install/livox_ros_driver2/local/lib/python3.10/dist-packages:${PYTHONPATH} /usr/bin/cmake --build /home/sangyuwan/lidar/build/fast_lio -- -j16 -l16
[1.732s] [  2%] Generating C code for ROS interfaces
[1.741s] [  8%] Generating C++ code for ROS interfaces
[1.741s] [  8%] Generating Rust code for ROS interfaces
[1.749s] [  8%] Built target ament_cmake_python_copy_fast_lio
[1.904s] running egg_info
[1.905s] creating fast_lio.egg-info
[1.905s] writing fast_lio.egg-info/PKG-INFO
[1.905s] writing dependency_links to fast_lio.egg-info/dependency_links.txt
[1.905s] writing top-level names to fast_lio.egg-info/top_level.txt
[1.905s] writing manifest file 'fast_lio.egg-info/SOURCES.txt'
[1.907s] reading manifest file 'fast_lio.egg-info/SOURCES.txt'
[1.907s] writing manifest file 'fast_lio.egg-info/SOURCES.txt'
[1.937s] [  8%] Built target ament_cmake_python_build_fast_lio_egg
[1.952s] [  8%] Built target fast_lio__rs
[1.964s] [  8%] Built target fast_lio__cpp
[1.972s] [ 16%] Generating C++ type support dispatch for ROS interfaces
[1.972s] [ 16%] Generating C++ introspection for ROS interfaces
[1.972s] [ 16%] Generating C++ type support for eProsima Fast-RTPS
[1.982s] [ 19%] Building C object CMakeFiles/fast_lio__rosidl_generator_c.dir/rosidl_generator_c/fast_lio/msg/detail/pose6_d__functions.c.o
[2.063s] [ 22%] Linking C shared library libfast_lio__rosidl_generator_c.so
[2.096s] [ 22%] Built target fast_lio__rosidl_generator_c
[2.105s] [ 30%] Generating C type support dispatch for ROS interfaces
[2.106s] [ 30%] Generating C introspection for ROS interfaces
[2.106s] [ 30%] Generating C type support for eProsima Fast-RTPS
[2.174s] [ 33%] Building CXX object CMakeFiles/fast_lio__rosidl_typesupport_cpp.dir/rosidl_typesupport_cpp/fast_lio/msg/pose6_d__type_support.cpp.o
[2.187s] [ 36%] Building CXX object CMakeFiles/fast_lio__rosidl_typesupport_introspection_cpp.dir/rosidl_typesupport_introspection_cpp/fast_lio/msg/detail/pose6_d__type_support.cpp.o
[2.192s] [ 38%] Building CXX object CMakeFiles/fast_lio__rosidl_typesupport_fastrtps_cpp.dir/rosidl_typesupport_fastrtps_cpp/fast_lio/msg/detail/dds_fastrtps/pose6_d__type_support.cpp.o
[2.328s] [ 41%] Building C object CMakeFiles/fast_lio__rosidl_typesupport_introspection_c.dir/rosidl_typesupport_introspection_c/fast_lio/msg/detail/pose6_d__type_support.c.o
[2.338s] [ 44%] Building CXX object CMakeFiles/fast_lio__rosidl_typesupport_fastrtps_c.dir/rosidl_typesupport_fastrtps_c/fast_lio/msg/detail/pose6_d__type_support_c.cpp.o
[2.338s] [ 47%] Building CXX object CMakeFiles/fast_lio__rosidl_typesupport_c.dir/rosidl_typesupport_c/fast_lio/msg/pose6_d__type_support.cpp.o
[2.365s] [ 50%] Linking CXX shared library libfast_lio__rosidl_typesupport_c.so
[2.381s] [ 52%] Linking CXX shared library libfast_lio__rosidl_typesupport_cpp.so
[2.385s] [ 55%] Linking C shared library libfast_lio__rosidl_typesupport_introspection_c.so
[2.403s] [ 55%] Built target fast_lio__rosidl_typesupport_c
[2.415s] [ 55%] Built target fast_lio__rosidl_typesupport_introspection_c
[2.423s] [ 55%] Built target fast_lio__rosidl_typesupport_cpp
[2.445s] [ 63%] Building CXX object CMakeFiles/fastlio_mapping.dir/src/preprocess.cpp.o
[2.445s] [ 63%] Building CXX object CMakeFiles/fastlio_mapping.dir/include/ikd-Tree/ikd_Tree.cpp.o
[2.445s] [ 63%] Building CXX object CMakeFiles/fastlio_mapping.dir/src/laserMapping.cpp.o
[2.493s] [ 66%] Linking CXX shared library libfast_lio__rosidl_typesupport_fastrtps_cpp.so
[2.494s] [ 69%] Linking CXX shared library libfast_lio__rosidl_typesupport_introspection_cpp.so
[2.530s] [ 69%] Built target fast_lio__rosidl_typesupport_introspection_cpp
[2.561s] [ 69%] Built target fast_lio__rosidl_typesupport_fastrtps_cpp
[2.594s] [ 72%] Linking CXX shared library libfast_lio__rosidl_typesupport_fastrtps_c.so
[2.658s] [ 72%] Built target fast_lio__rosidl_typesupport_fastrtps_c
[2.679s] [ 72%] Built target fast_lio
[2.698s] [ 75%] Generating Python code for ROS interfaces
[3.000s] [ 75%] Built target fast_lio__py
[3.020s] [ 77%] Building C object CMakeFiles/fast_lio__rosidl_generator_py.dir/rosidl_generator_py/fast_lio/msg/_pose6_d_s.c.o
[3.128s] [ 80%] Linking C shared library rosidl_generator_py/fast_lio/libfast_lio__rosidl_generator_py.so
[3.164s] [ 80%] Built target fast_lio__rosidl_generator_py
[3.183s] [ 86%] Building C object CMakeFiles/fast_lio__rosidl_typesupport_introspection_c__pyext.dir/rosidl_generator_py/fast_lio/_fast_lio_s.ep.rosidl_typesupport_introspection_c.c.o
[3.183s] [ 88%] Building C object CMakeFiles/fast_lio__rosidl_typesupport_c__pyext.dir/rosidl_generator_py/fast_lio/_fast_lio_s.ep.rosidl_typesupport_c.c.o
[3.183s] [ 88%] Building C object CMakeFiles/fast_lio__rosidl_typesupport_fastrtps_c__pyext.dir/rosidl_generator_py/fast_lio/_fast_lio_s.ep.rosidl_typesupport_fastrtps_c.c.o
[3.268s] [ 91%] Linking C shared library rosidl_generator_py/fast_lio/fast_lio_s__rosidl_typesupport_introspection_c.cpython-310-x86_64-linux-gnu.so
[3.271s] [ 97%] Linking C shared library rosidl_generator_py/fast_lio/fast_lio_s__rosidl_typesupport_c.cpython-310-x86_64-linux-gnu.so
[3.271s] [ 97%] Linking C shared library rosidl_generator_py/fast_lio/fast_lio_s__rosidl_typesupport_fastrtps_c.cpython-310-x86_64-linux-gnu.so
[3.299s] [ 97%] Built target fast_lio__rosidl_typesupport_c__pyext
[3.299s] [ 97%] Built target fast_lio__rosidl_typesupport_introspection_c__pyext
[3.299s] [ 97%] Built target fast_lio__rosidl_typesupport_fastrtps_c__pyext
[3.988s] /home/sangyuwan/lidar/src/FAST_LIO/src/laserMapping.cpp:59:10: fatal error: tf2_ros/transform_broadcaster.h: 没有那个文件或目录
[3.988s]    59 | #include <tf2_ros/transform_broadcaster.h>
[3.988s]       |          ^~~~~~~~~~~~~~~~~~~~~~~~~~~~~~~~~
[3.988s] compilation terminated.
[4.009s] gmake[2]: *** [CMakeFiles/fastlio_mapping.dir/build.make:76：CMakeFiles/fastlio_mapping.dir/src/laserMapping.cpp.o] 错误 1
[4.009s] gmake[2]: *** 正在等待未完成的任务....
[7.745s] gmake[1]: *** [CMakeFiles/Makefile2:612：CMakeFiles/fastlio_mapping.dir/all] 错误 2
[7.745s] gmake: *** [Makefile:146：all] 错误 2
[7.747s] Invoked command in '/home/sangyuwan/lidar/build/fast_lio' returned '2': AMENT_PREFIX_PATH=/home/sangyuwan/lidar/install/livox_ros_driver2:${AMENT_PREFIX_PATH} CMAKE_PREFIX_PATH=/home/sangyuwan/lidar/install/livox_ros_driver2:/opt/ros/humble LD_LIBRARY_PATH=/home/sangyuwan/lidar/install/livox_ros_driver2/lib:${LD_LIBRARY_PATH} PYTHONPATH=/home/sangyuwan/lidar/install/livox_ros_driver2/local/lib/python3.10/dist-packages:${PYTHONPATH} /usr/bin/cmake --build /home/sangyuwan/lidar/build/fast_lio -- -j16 -l16
