running egg_info
writing ../../build/lidar_localization/lidar_localization.egg-info/PKG-INFO
writing dependency_links to ../../build/lidar_localization/lidar_localization.egg-info/dependency_links.txt
writing entry points to ../../build/lidar_localization/lidar_localization.egg-info/entry_points.txt
writing requirements to ../../build/lidar_localization/lidar_localization.egg-info/requires.txt
writing top-level names to ../../build/lidar_localization/lidar_localization.egg-info/top_level.txt
reading manifest file '../../build/lidar_localization/lidar_localization.egg-info/SOURCES.txt'
writing manifest file '../../build/lidar_localization/lidar_localization.egg-info/SOURCES.txt'
running build
running build_py
running install
running install_lib
running install_data
running install_egg_info
removing '/home/sangyuwan/lidar/install/lidar_localization/lib/python3.10/site-packages/lidar_localization-0.1.0-py3.10.egg-info' (and everything under it)
Copying ../../build/lidar_localization/lidar_localization.egg-info to /home/sangyuwan/lidar/install/lidar_localization/lib/python3.10/site-packages/lidar_localization-0.1.0-py3.10.egg-info
running install_scripts
Installing pose_from_odom script to /home/sangyuwan/lidar/install/lidar_localization/lib/lidar_localization
Installing print_lidar_pose script to /home/sangyuwan/lidar/install/lidar_localization/lib/lidar_localization
writing list of installed files to '/home/sangyuwan/lidar/build/lidar_localization/install.log'
