[0.012s] Invoking command in '/home/sangyuwan/lidar/build/livox_ros_driver2': CMAKE_PREFIX_PATH=/opt/ros/humble /usr/bin/cmake --build /home/sangyuwan/lidar/build/livox_ros_driver2 -- -j16 -l16
[0.164s] -- livox_ros_driver2 version: 1.2.6
[0.165s] -- Found ament_cmake_auto: 1.3.14 (/opt/ros/humble/share/ament_cmake_auto/cmake)
[0.182s] -- Using all available rosidl_typesupport_c: rosidl_typesupport_fastrtps_c;rosidl_typesupport_introspection_c
[0.184s] -- Found rosidl_adapter: 3.1.8 (/opt/ros/humble/share/rosidl_adapter/cmake)
[0.211s] -- Using all available rosidl_typesupport_cpp: rosidl_typesupport_fastrtps_cpp;rosidl_typesupport_introspection_cpp
[0.267s] -- Found rmw_implementation_cmake: 6.1.2 (/opt/ros/humble/share/rmw_implementation_cmake/cmake)
[0.270s] -- Found rmw_fastrtps_cpp: 6.2.10 (/opt/ros/humble/share/rmw_fastrtps_cpp/cmake)
[0.347s] -- Using RMW implementation 'rmw_fastrtps_cpp' as default
[0.472s] -- Eigen found (include: /usr/include/eigen3, version: 3.4.0)
[0.503s] -- FLANN found (include: /usr/include, lib: /usr/lib/x86_64-linux-gnu/libflann_cpp.so)
[0.818s] -- OpenNI found (version: 1.5.4.0, include: /usr/include/ni, lib: /usr/lib/libOpenNI.so;libusb::libusb)
[0.824s] -- OpenNI2 found (version: 2.2.0.33, include: /usr/include/openni2, lib: /usr/lib/x86_64-linux-gnu/libOpenNI2.so;libusb::libusb)
[0.934s] -- Eigen found (include: /usr/include/eigen3, version: 3.4.0)
[0.939s] -- OpenNI found (version: 1.5.4.0, include: /usr/include/ni, lib: /usr/lib/libOpenNI.so;libusb::libusb)
[0.943s] -- OpenNI2 found (version: 2.2.0.33, include: /usr/include/openni2, lib: /usr/lib/x86_64-linux-gnu/libOpenNI2.so;libusb::libusb)
[1.041s] -- Found Qhull version 8.0.2
[1.141s] -- OpenNI found (version: 1.5.4.0, include: /usr/include/ni, lib: /usr/lib/libOpenNI.so;libusb::libusb)
[1.278s] -- Checking for module 'apr-1'
[1.280s] --   No package 'apr-1' found
[1.428s] -- Found ament_cmake_ros: 0.10.0 (/opt/ros/humble/share/ament_cmake_ros/cmake)
[1.581s] -- Using all available rosidl_typesupport_c: rosidl_typesupport_fastrtps_c;rosidl_typesupport_introspection_c
[1.779s] -- Using all available rosidl_typesupport_cpp: rosidl_typesupport_fastrtps_cpp;rosidl_typesupport_introspection_cpp
[1.795s] -- Found python_cmake_module: 0.10.0 (/opt/ros/humble/share/python_cmake_module/cmake)
[1.812s] -- Using PYTHON_EXECUTABLE: /usr/bin/python3
[1.813s] -- Using PYTHON_INCLUDE_DIRS: /usr/include/python3.10
[1.813s] -- Using PYTHON_LIBRARIES: /usr/lib/x86_64-linux-gnu/libpython3.10.so
[1.890s] -- Found ament_lint_auto: 0.12.15 (/opt/ros/humble/share/ament_lint_auto/cmake)
[1.899s] -- Added test 'copyright' to check source files copyright and LICENSE
[1.905s] -- Added test 'cppcheck' to perform static code analysis on C / C++ code
[1.905s] -- Configured cppcheck include dirs: /home/sangyuwan/lidar/src/livox_ros_driver2/3rdparty;/home/sangyuwan/lidar/src/livox_ros_driver2/src
[1.905s] -- Configured cppcheck exclude dirs and/or files: 
[1.911s] -- Added test 'cpplint' to check C / C++ code against the Google style
[1.911s] -- Configured cpplint exclude dirs and/or files: 
[1.912s] -- Added test 'flake8' to check Python code syntax and style conventions
[1.913s] -- Added test 'lint_cmake' to check CMake code style
[1.914s] -- Added test 'pep257' to check Python code against some of the docstring style conventions in PEP 257
[1.920s] -- Added test 'uncrustify' to check C / C++ code style
[1.920s] -- Configured uncrustify additional arguments: 
[1.921s] -- Added test 'xmllint' to check XML markup files
[1.922s] -- Configuring done
[2.006s] -- Generating done
[2.023s] -- Build files have been written to: /home/sangyuwan/lidar/build/livox_ros_driver2
[2.062s] Consolidate compiler generated dependencies of target livox_interfaces2__rosidl_generator_c
[2.069s] [  1%] Built target livox_interfaces2__rs
[2.069s] [  3%] Built target livox_interfaces2__cpp
[2.071s] Consolidate compiler generated dependencies of target livox_ros_driver2_node
[2.074s] [  6%] Building C object CMakeFiles/livox_interfaces2__rosidl_generator_c.dir/rosidl_generator_c/livox_ros_driver2/msg/detail/custom_msg__functions.c.o
[2.074s] [  6%] Building C object CMakeFiles/livox_interfaces2__rosidl_generator_c.dir/rosidl_generator_c/livox_ros_driver2/msg/detail/custom_point__functions.c.o
[2.078s] [  6%] Built target ament_cmake_python_copy_livox_ros_driver2
[2.082s] Consolidate compiler generated dependencies of target livox_interfaces2__rosidl_typesupport_introspection_cpp
[2.084s] Consolidate compiler generated dependencies of target livox_interfaces2__rosidl_typesupport_fastrtps_cpp
[2.084s] [  8%] Building CXX object CMakeFiles/livox_ros_driver2_node.dir/rclcpp_components/node_main_livox_ros_driver2_node.cpp.o
[2.087s] Consolidate compiler generated dependencies of target livox_interfaces2__rosidl_typesupport_cpp
[2.093s] [ 12%] Building CXX object CMakeFiles/livox_interfaces2__rosidl_typesupport_introspection_cpp.dir/rosidl_typesupport_introspection_cpp/livox_ros_driver2/msg/detail/custom_point__type_support.cpp.o
[2.093s] [ 12%] Building CXX object CMakeFiles/livox_interfaces2__rosidl_typesupport_introspection_cpp.dir/rosidl_typesupport_introspection_cpp/livox_ros_driver2/msg/detail/custom_msg__type_support.cpp.o
[2.095s] [ 13%] Building CXX object CMakeFiles/livox_interfaces2__rosidl_typesupport_fastrtps_cpp.dir/rosidl_typesupport_fastrtps_cpp/livox_ros_driver2/msg/detail/dds_fastrtps/custom_point__type_support.cpp.o
[2.096s] [ 15%] Building CXX object CMakeFiles/livox_interfaces2__rosidl_typesupport_fastrtps_cpp.dir/rosidl_typesupport_fastrtps_cpp/livox_ros_driver2/msg/detail/dds_fastrtps/custom_msg__type_support.cpp.o
[2.097s] [ 17%] Building CXX object CMakeFiles/livox_interfaces2__rosidl_typesupport_cpp.dir/rosidl_typesupport_cpp/livox_ros_driver2/msg/custom_point__type_support.cpp.o
[2.099s] [ 18%] Building CXX object CMakeFiles/livox_interfaces2__rosidl_typesupport_cpp.dir/rosidl_typesupport_cpp/livox_ros_driver2/msg/custom_msg__type_support.cpp.o
[2.184s] [ 20%] Linking C shared library liblivox_ros_driver2__rosidl_generator_c.so
[2.233s] [ 22%] Built target livox_interfaces2__rosidl_generator_c
[2.246s] Consolidate compiler generated dependencies of target livox_interfaces2__rosidl_typesupport_c
[2.247s] Consolidate compiler generated dependencies of target livox_interfaces2__rosidl_typesupport_introspection_c
[2.251s] Consolidate compiler generated dependencies of target livox_interfaces2__rosidl_typesupport_fastrtps_c
[2.264s] [ 25%] Building CXX object CMakeFiles/livox_interfaces2__rosidl_typesupport_c.dir/rosidl_typesupport_c/livox_ros_driver2/msg/custom_point__type_support.cpp.o
[2.264s] [ 27%] Building C object CMakeFiles/livox_interfaces2__rosidl_typesupport_introspection_c.dir/rosidl_typesupport_introspection_c/livox_ros_driver2/msg/detail/custom_point__type_support.c.o
[2.264s] [ 27%] Building CXX object CMakeFiles/livox_interfaces2__rosidl_typesupport_c.dir/rosidl_typesupport_c/livox_ros_driver2/msg/custom_msg__type_support.cpp.o
[2.269s] [ 29%] Building CXX object CMakeFiles/livox_interfaces2__rosidl_typesupport_fastrtps_c.dir/rosidl_typesupport_fastrtps_c/livox_ros_driver2/msg/detail/custom_point__type_support_c.cpp.o
[2.269s] [ 31%] Building CXX object CMakeFiles/livox_interfaces2__rosidl_typesupport_fastrtps_c.dir/rosidl_typesupport_fastrtps_c/livox_ros_driver2/msg/detail/custom_msg__type_support_c.cpp.o
[2.271s] [ 32%] Building C object CMakeFiles/livox_interfaces2__rosidl_typesupport_introspection_c.dir/rosidl_typesupport_introspection_c/livox_ros_driver2/msg/detail/custom_msg__type_support.c.o
[2.274s] running egg_info
[2.275s] writing livox_ros_driver2.egg-info/PKG-INFO
[2.275s] writing dependency_links to livox_ros_driver2.egg-info/dependency_links.txt
[2.275s] writing top-level names to livox_ros_driver2.egg-info/top_level.txt
[2.276s] reading manifest file 'livox_ros_driver2.egg-info/SOURCES.txt'
[2.280s] writing manifest file 'livox_ros_driver2.egg-info/SOURCES.txt'
[2.304s] [ 34%] Linking CXX shared library liblivox_ros_driver2__rosidl_typesupport_c.so
[2.335s] [ 34%] Built target ament_cmake_python_build_livox_ros_driver2_egg
[2.363s] [ 36%] Built target livox_interfaces2__rosidl_typesupport_c
[2.371s] [ 37%] Linking C shared library liblivox_ros_driver2__rosidl_typesupport_introspection_c.so
[2.375s] [ 39%] Linking CXX shared library liblivox_ros_driver2__rosidl_typesupport_cpp.so
[2.404s] [ 41%] Built target livox_interfaces2__rosidl_typesupport_introspection_c
[2.417s] [ 43%] Built target livox_interfaces2__rosidl_typesupport_cpp
[2.505s] Consolidate compiler generated dependencies of target livox_ros_driver2
[2.513s] [ 44%] Linking CXX shared library liblivox_ros_driver2__rosidl_typesupport_fastrtps_cpp.so
[2.527s] [ 46%] Building CXX object CMakeFiles/livox_ros_driver2.dir/src/livox_ros_driver2.cpp.o
[2.528s] [ 48%] Building CXX object CMakeFiles/livox_ros_driver2.dir/src/lddc.cpp.o
[2.528s] [ 50%] Building CXX object CMakeFiles/livox_ros_driver2.dir/src/driver_node.cpp.o
[2.530s] [ 51%] Linking CXX shared library liblivox_ros_driver2__rosidl_typesupport_introspection_cpp.so
[2.587s] [ 53%] Built target livox_interfaces2__rosidl_typesupport_fastrtps_cpp
[2.602s] [ 55%] Linking CXX shared library liblivox_ros_driver2__rosidl_typesupport_fastrtps_c.so
[2.637s] [ 56%] Built target livox_interfaces2__rosidl_typesupport_introspection_cpp
[2.674s] [ 58%] Built target livox_interfaces2__rosidl_typesupport_fastrtps_c
[2.692s] [ 58%] Built target livox_interfaces2
[2.711s] [ 60%] Built target livox_interfaces2__py
[2.726s] Consolidate compiler generated dependencies of target livox_interfaces2__rosidl_generator_py
[2.738s] [ 63%] Building C object CMakeFiles/livox_interfaces2__rosidl_generator_py.dir/rosidl_generator_py/livox_ros_driver2/msg/_custom_point_s.c.o
[2.738s] [ 63%] Building C object CMakeFiles/livox_interfaces2__rosidl_generator_py.dir/rosidl_generator_py/livox_ros_driver2/msg/_custom_msg_s.c.o
[2.859s] [ 65%] Linking C shared library rosidl_generator_py/livox_ros_driver2/liblivox_interfaces2__rosidl_generator_py.so
[2.897s] [ 65%] Built target livox_interfaces2__rosidl_generator_py
[2.911s] Consolidate compiler generated dependencies of target livox_ros_driver2__rosidl_typesupport_introspection_c__pyext
[2.911s] Consolidate compiler generated dependencies of target livox_ros_driver2__rosidl_typesupport_fastrtps_c__pyext
[2.911s] Consolidate compiler generated dependencies of target livox_ros_driver2__rosidl_typesupport_c__pyext
[2.921s] [ 70%] Building C object CMakeFiles/livox_ros_driver2__rosidl_typesupport_introspection_c__pyext.dir/rosidl_generator_py/livox_ros_driver2/_livox_ros_driver2_s.ep.rosidl_typesupport_introspection_c.c.o
[2.921s] [ 70%] Building C object CMakeFiles/livox_ros_driver2__rosidl_typesupport_fastrtps_c__pyext.dir/rosidl_generator_py/livox_ros_driver2/_livox_ros_driver2_s.ep.rosidl_typesupport_fastrtps_c.c.o
[2.921s] [ 70%] Building C object CMakeFiles/livox_ros_driver2__rosidl_typesupport_c__pyext.dir/rosidl_generator_py/livox_ros_driver2/_livox_ros_driver2_s.ep.rosidl_typesupport_c.c.o
[3.034s] [ 74%] Linking C shared library rosidl_generator_py/livox_ros_driver2/livox_ros_driver2_s__rosidl_typesupport_c.cpython-310-x86_64-linux-gnu.so
[3.034s] [ 74%] Linking C shared library rosidl_generator_py/livox_ros_driver2/livox_ros_driver2_s__rosidl_typesupport_introspection_c.cpython-310-x86_64-linux-gnu.so
[3.037s] [ 75%] Linking C shared library rosidl_generator_py/livox_ros_driver2/livox_ros_driver2_s__rosidl_typesupport_fastrtps_c.cpython-310-x86_64-linux-gnu.so
[3.067s] [ 75%] Built target livox_ros_driver2__rosidl_typesupport_introspection_c__pyext
[3.067s] [ 75%] Built target livox_ros_driver2__rosidl_typesupport_c__pyext
[3.070s] [ 75%] Built target livox_ros_driver2__rosidl_typesupport_fastrtps_c__pyext
[4.982s] [ 77%] Linking CXX executable livox_ros_driver2_node
[5.091s] [ 77%] Built target livox_ros_driver2_node
[9.232s] [ 79%] Linking CXX shared library liblivox_ros_driver2.so
[9.618s] [100%] Built target livox_ros_driver2
[9.630s] Invoked command in '/home/sangyuwan/lidar/build/livox_ros_driver2' returned '0': CMAKE_PREFIX_PATH=/opt/ros/humble /usr/bin/cmake --build /home/sangyuwan/lidar/build/livox_ros_driver2 -- -j16 -l16
[9.639s] Invoking command in '/home/sangyuwan/lidar/build/livox_ros_driver2': CMAKE_PREFIX_PATH=/opt/ros/humble /usr/bin/cmake --install /home/sangyuwan/lidar/build/livox_ros_driver2
[9.646s] -- Install configuration: "Release"
[9.646s] -- Up-to-date: /home/sangyuwan/lidar/install/livox_ros_driver2/share/ament_index/resource_index/rosidl_interfaces/livox_ros_driver2
[9.646s] -- Up-to-date: /home/sangyuwan/lidar/install/livox_ros_driver2/include/livox_ros_driver2/livox_ros_driver2
[9.647s] -- Up-to-date: /home/sangyuwan/lidar/install/livox_ros_driver2/include/livox_ros_driver2/livox_ros_driver2/msg
[9.647s] -- Up-to-date: /home/sangyuwan/lidar/install/livox_ros_driver2/include/livox_ros_driver2/livox_ros_driver2/msg/custom_msg.h
[9.647s] -- Up-to-date: /home/sangyuwan/lidar/install/livox_ros_driver2/include/livox_ros_driver2/livox_ros_driver2/msg/custom_point.h
[9.647s] -- Up-to-date: /home/sangyuwan/lidar/install/livox_ros_driver2/include/livox_ros_driver2/livox_ros_driver2/msg/detail
[9.647s] -- Up-to-date: /home/sangyuwan/lidar/install/livox_ros_driver2/include/livox_ros_driver2/livox_ros_driver2/msg/detail/custom_msg__functions.c
[9.647s] -- Up-to-date: /home/sangyuwan/lidar/install/livox_ros_driver2/include/livox_ros_driver2/livox_ros_driver2/msg/detail/custom_msg__functions.h
[9.647s] -- Up-to-date: /home/sangyuwan/lidar/install/livox_ros_driver2/include/livox_ros_driver2/livox_ros_driver2/msg/detail/custom_msg__struct.h
[9.647s] -- Up-to-date: /home/sangyuwan/lidar/install/livox_ros_driver2/include/livox_ros_driver2/livox_ros_driver2/msg/detail/custom_msg__type_support.h
[9.647s] -- Up-to-date: /home/sangyuwan/lidar/install/livox_ros_driver2/include/livox_ros_driver2/livox_ros_driver2/msg/detail/custom_point__functions.c
[9.647s] -- Up-to-date: /home/sangyuwan/lidar/install/livox_ros_driver2/include/livox_ros_driver2/livox_ros_driver2/msg/detail/custom_point__functions.h
[9.647s] -- Up-to-date: /home/sangyuwan/lidar/install/livox_ros_driver2/include/livox_ros_driver2/livox_ros_driver2/msg/detail/custom_point__struct.h
[9.647s] -- Up-to-date: /home/sangyuwan/lidar/install/livox_ros_driver2/include/livox_ros_driver2/livox_ros_driver2/msg/detail/custom_point__type_support.h
[9.647s] -- Up-to-date: /home/sangyuwan/lidar/install/livox_ros_driver2/include/livox_ros_driver2/livox_ros_driver2/msg/rosidl_generator_c__visibility_control.h
[9.647s] -- Installing: /home/sangyuwan/lidar/install/livox_ros_driver2/share/livox_ros_driver2/environment/library_path.sh
[9.647s] -- Installing: /home/sangyuwan/lidar/install/livox_ros_driver2/share/livox_ros_driver2/environment/library_path.dsv
[9.647s] -- Installing: /home/sangyuwan/lidar/install/livox_ros_driver2/lib/liblivox_ros_driver2__rosidl_generator_c.so
[9.648s] -- Set runtime path of "/home/sangyuwan/lidar/install/livox_ros_driver2/lib/liblivox_ros_driver2__rosidl_generator_c.so" to ""
[9.648s] -- Up-to-date: /home/sangyuwan/lidar/install/livox_ros_driver2/include/livox_ros_driver2/livox_ros_driver2
[9.648s] -- Up-to-date: /home/sangyuwan/lidar/install/livox_ros_driver2/include/livox_ros_driver2/livox_ros_driver2/msg
[9.648s] -- Up-to-date: /home/sangyuwan/lidar/install/livox_ros_driver2/include/livox_ros_driver2/livox_ros_driver2/msg/detail
[9.648s] -- Up-to-date: /home/sangyuwan/lidar/install/livox_ros_driver2/include/livox_ros_driver2/livox_ros_driver2/msg/detail/custom_msg__rosidl_typesupport_fastrtps_c.h
[9.649s] -- Up-to-date: /home/sangyuwan/lidar/install/livox_ros_driver2/include/livox_ros_driver2/livox_ros_driver2/msg/detail/custom_point__rosidl_typesupport_fastrtps_c.h
[9.649s] -- Up-to-date: /home/sangyuwan/lidar/install/livox_ros_driver2/include/livox_ros_driver2/livox_ros_driver2/msg/rosidl_typesupport_fastrtps_c__visibility_control.h
[9.649s] -- Installing: /home/sangyuwan/lidar/install/livox_ros_driver2/lib/liblivox_ros_driver2__rosidl_typesupport_fastrtps_c.so
[9.649s] -- Set runtime path of "/home/sangyuwan/lidar/install/livox_ros_driver2/lib/liblivox_ros_driver2__rosidl_typesupport_fastrtps_c.so" to ""
[9.649s] -- Up-to-date: /home/sangyuwan/lidar/install/livox_ros_driver2/include/livox_ros_driver2/livox_ros_driver2
[9.649s] -- Up-to-date: /home/sangyuwan/lidar/install/livox_ros_driver2/include/livox_ros_driver2/livox_ros_driver2/msg
[9.649s] -- Up-to-date: /home/sangyuwan/lidar/install/livox_ros_driver2/include/livox_ros_driver2/livox_ros_driver2/msg/detail
[9.649s] -- Up-to-date: /home/sangyuwan/lidar/install/livox_ros_driver2/include/livox_ros_driver2/livox_ros_driver2/msg/detail/custom_msg__rosidl_typesupport_introspection_c.h
[9.650s] -- Up-to-date: /home/sangyuwan/lidar/install/livox_ros_driver2/include/livox_ros_driver2/livox_ros_driver2/msg/detail/custom_msg__type_support.c
[9.650s] -- Up-to-date: /home/sangyuwan/lidar/install/livox_ros_driver2/include/livox_ros_driver2/livox_ros_driver2/msg/detail/custom_point__rosidl_typesupport_introspection_c.h
[9.650s] -- Up-to-date: /home/sangyuwan/lidar/install/livox_ros_driver2/include/livox_ros_driver2/livox_ros_driver2/msg/detail/custom_point__type_support.c
[9.650s] -- Up-to-date: /home/sangyuwan/lidar/install/livox_ros_driver2/include/livox_ros_driver2/livox_ros_driver2/msg/rosidl_typesupport_introspection_c__visibility_control.h
[9.650s] -- Installing: /home/sangyuwan/lidar/install/livox_ros_driver2/lib/liblivox_ros_driver2__rosidl_typesupport_introspection_c.so
[9.650s] -- Set runtime path of "/home/sangyuwan/lidar/install/livox_ros_driver2/lib/liblivox_ros_driver2__rosidl_typesupport_introspection_c.so" to ""
[9.650s] -- Installing: /home/sangyuwan/lidar/install/livox_ros_driver2/lib/liblivox_ros_driver2__rosidl_typesupport_c.so
[9.651s] -- Set runtime path of "/home/sangyuwan/lidar/install/livox_ros_driver2/lib/liblivox_ros_driver2__rosidl_typesupport_c.so" to ""
[9.651s] -- Up-to-date: /home/sangyuwan/lidar/install/livox_ros_driver2/include/livox_ros_driver2/livox_ros_driver2
[9.651s] -- Up-to-date: /home/sangyuwan/lidar/install/livox_ros_driver2/include/livox_ros_driver2/livox_ros_driver2/msg
[9.651s] -- Up-to-date: /home/sangyuwan/lidar/install/livox_ros_driver2/include/livox_ros_driver2/livox_ros_driver2/msg/custom_msg.hpp
[9.651s] -- Up-to-date: /home/sangyuwan/lidar/install/livox_ros_driver2/include/livox_ros_driver2/livox_ros_driver2/msg/custom_point.hpp
[9.651s] -- Up-to-date: /home/sangyuwan/lidar/install/livox_ros_driver2/include/livox_ros_driver2/livox_ros_driver2/msg/detail
[9.651s] -- Up-to-date: /home/sangyuwan/lidar/install/livox_ros_driver2/include/livox_ros_driver2/livox_ros_driver2/msg/detail/custom_msg__builder.hpp
[9.651s] -- Up-to-date: /home/sangyuwan/lidar/install/livox_ros_driver2/include/livox_ros_driver2/livox_ros_driver2/msg/detail/custom_msg__struct.hpp
[9.651s] -- Up-to-date: /home/sangyuwan/lidar/install/livox_ros_driver2/include/livox_ros_driver2/livox_ros_driver2/msg/detail/custom_msg__traits.hpp
[9.652s] -- Up-to-date: /home/sangyuwan/lidar/install/livox_ros_driver2/include/livox_ros_driver2/livox_ros_driver2/msg/detail/custom_msg__type_support.hpp
[9.652s] -- Up-to-date: /home/sangyuwan/lidar/install/livox_ros_driver2/include/livox_ros_driver2/livox_ros_driver2/msg/detail/custom_point__builder.hpp
[9.652s] -- Up-to-date: /home/sangyuwan/lidar/install/livox_ros_driver2/include/livox_ros_driver2/livox_ros_driver2/msg/detail/custom_point__struct.hpp
[9.652s] -- Up-to-date: /home/sangyuwan/lidar/install/livox_ros_driver2/include/livox_ros_driver2/livox_ros_driver2/msg/detail/custom_point__traits.hpp
[9.652s] -- Up-to-date: /home/sangyuwan/lidar/install/livox_ros_driver2/include/livox_ros_driver2/livox_ros_driver2/msg/detail/custom_point__type_support.hpp
[9.652s] -- Up-to-date: /home/sangyuwan/lidar/install/livox_ros_driver2/include/livox_ros_driver2/livox_ros_driver2/msg/rosidl_generator_cpp__visibility_control.hpp
[9.652s] -- Up-to-date: /home/sangyuwan/lidar/install/livox_ros_driver2/include/livox_ros_driver2/livox_ros_driver2
[9.652s] -- Up-to-date: /home/sangyuwan/lidar/install/livox_ros_driver2/include/livox_ros_driver2/livox_ros_driver2/msg
[9.652s] -- Up-to-date: /home/sangyuwan/lidar/install/livox_ros_driver2/include/livox_ros_driver2/livox_ros_driver2/msg/detail
[9.652s] -- Up-to-date: /home/sangyuwan/lidar/install/livox_ros_driver2/include/livox_ros_driver2/livox_ros_driver2/msg/detail/custom_msg__rosidl_typesupport_fastrtps_cpp.hpp
[9.652s] -- Up-to-date: /home/sangyuwan/lidar/install/livox_ros_driver2/include/livox_ros_driver2/livox_ros_driver2/msg/detail/custom_point__rosidl_typesupport_fastrtps_cpp.hpp
[9.652s] -- Up-to-date: /home/sangyuwan/lidar/install/livox_ros_driver2/include/livox_ros_driver2/livox_ros_driver2/msg/detail/dds_fastrtps
[9.652s] -- Up-to-date: /home/sangyuwan/lidar/install/livox_ros_driver2/include/livox_ros_driver2/livox_ros_driver2/msg/rosidl_typesupport_fastrtps_cpp__visibility_control.h
[9.653s] -- Installing: /home/sangyuwan/lidar/install/livox_ros_driver2/lib/liblivox_ros_driver2__rosidl_typesupport_fastrtps_cpp.so
[9.653s] -- Set runtime path of "/home/sangyuwan/lidar/install/livox_ros_driver2/lib/liblivox_ros_driver2__rosidl_typesupport_fastrtps_cpp.so" to ""
[9.653s] -- Up-to-date: /home/sangyuwan/lidar/install/livox_ros_driver2/include/livox_ros_driver2/livox_ros_driver2
[9.653s] -- Up-to-date: /home/sangyuwan/lidar/install/livox_ros_driver2/include/livox_ros_driver2/livox_ros_driver2/msg
[9.653s] -- Up-to-date: /home/sangyuwan/lidar/install/livox_ros_driver2/include/livox_ros_driver2/livox_ros_driver2/msg/detail
[9.653s] -- Up-to-date: /home/sangyuwan/lidar/install/livox_ros_driver2/include/livox_ros_driver2/livox_ros_driver2/msg/detail/custom_msg__rosidl_typesupport_introspection_cpp.hpp
[9.653s] -- Up-to-date: /home/sangyuwan/lidar/install/livox_ros_driver2/include/livox_ros_driver2/livox_ros_driver2/msg/detail/custom_msg__type_support.cpp
[9.653s] -- Up-to-date: /home/sangyuwan/lidar/install/livox_ros_driver2/include/livox_ros_driver2/livox_ros_driver2/msg/detail/custom_point__rosidl_typesupport_introspection_cpp.hpp
[9.653s] -- Up-to-date: /home/sangyuwan/lidar/install/livox_ros_driver2/include/livox_ros_driver2/livox_ros_driver2/msg/detail/custom_point__type_support.cpp
[9.653s] -- Installing: /home/sangyuwan/lidar/install/livox_ros_driver2/lib/liblivox_ros_driver2__rosidl_typesupport_introspection_cpp.so
[9.653s] -- Set runtime path of "/home/sangyuwan/lidar/install/livox_ros_driver2/lib/liblivox_ros_driver2__rosidl_typesupport_introspection_cpp.so" to ""
[9.653s] -- Installing: /home/sangyuwan/lidar/install/livox_ros_driver2/lib/liblivox_ros_driver2__rosidl_typesupport_cpp.so
[9.654s] -- Set runtime path of "/home/sangyuwan/lidar/install/livox_ros_driver2/lib/liblivox_ros_driver2__rosidl_typesupport_cpp.so" to ""
[9.654s] -- Up-to-date: /home/sangyuwan/lidar/install/livox_ros_driver2/share/livox_ros_driver2/environment/pythonpath.sh
[9.654s] -- Installing: /home/sangyuwan/lidar/install/livox_ros_driver2/share/livox_ros_driver2/environment/pythonpath.dsv
[9.654s] -- Up-to-date: /home/sangyuwan/lidar/install/livox_ros_driver2/local/lib/python3.10/dist-packages/livox_ros_driver2-1.0.0-py3.10.egg-info
[9.654s] -- Installing: /home/sangyuwan/lidar/install/livox_ros_driver2/local/lib/python3.10/dist-packages/livox_ros_driver2-1.0.0-py3.10.egg-info/PKG-INFO
[9.654s] -- Installing: /home/sangyuwan/lidar/install/livox_ros_driver2/local/lib/python3.10/dist-packages/livox_ros_driver2-1.0.0-py3.10.egg-info/SOURCES.txt
[9.654s] -- Installing: /home/sangyuwan/lidar/install/livox_ros_driver2/local/lib/python3.10/dist-packages/livox_ros_driver2-1.0.0-py3.10.egg-info/dependency_links.txt
[9.654s] -- Installing: /home/sangyuwan/lidar/install/livox_ros_driver2/local/lib/python3.10/dist-packages/livox_ros_driver2-1.0.0-py3.10.egg-info/top_level.txt
[9.654s] -- Up-to-date: /home/sangyuwan/lidar/install/livox_ros_driver2/local/lib/python3.10/dist-packages/livox_ros_driver2
[9.654s] -- Installing: /home/sangyuwan/lidar/install/livox_ros_driver2/local/lib/python3.10/dist-packages/livox_ros_driver2/__init__.py
[9.655s] -- Up-to-date: /home/sangyuwan/lidar/install/livox_ros_driver2/local/lib/python3.10/dist-packages/livox_ros_driver2/_livox_ros_driver2_s.ep.rosidl_typesupport_c.c
[9.655s] -- Up-to-date: /home/sangyuwan/lidar/install/livox_ros_driver2/local/lib/python3.10/dist-packages/livox_ros_driver2/_livox_ros_driver2_s.ep.rosidl_typesupport_fastrtps_c.c
[9.655s] -- Up-to-date: /home/sangyuwan/lidar/install/livox_ros_driver2/local/lib/python3.10/dist-packages/livox_ros_driver2/_livox_ros_driver2_s.ep.rosidl_typesupport_introspection_c.c
[9.655s] -- Up-to-date: /home/sangyuwan/lidar/install/livox_ros_driver2/local/lib/python3.10/dist-packages/livox_ros_driver2/msg
[9.655s] -- Up-to-date: /home/sangyuwan/lidar/install/livox_ros_driver2/local/lib/python3.10/dist-packages/livox_ros_driver2/msg/__init__.py
[9.655s] -- Up-to-date: /home/sangyuwan/lidar/install/livox_ros_driver2/local/lib/python3.10/dist-packages/livox_ros_driver2/msg/_custom_msg.py
[9.655s] -- Up-to-date: /home/sangyuwan/lidar/install/livox_ros_driver2/local/lib/python3.10/dist-packages/livox_ros_driver2/msg/_custom_msg_s.c
[9.655s] -- Up-to-date: /home/sangyuwan/lidar/install/livox_ros_driver2/local/lib/python3.10/dist-packages/livox_ros_driver2/msg/_custom_point.py
[9.655s] -- Up-to-date: /home/sangyuwan/lidar/install/livox_ros_driver2/local/lib/python3.10/dist-packages/livox_ros_driver2/msg/_custom_point_s.c
[9.655s] -- Installing: /home/sangyuwan/lidar/install/livox_ros_driver2/local/lib/python3.10/dist-packages/livox_ros_driver2/liblivox_interfaces2__rosidl_generator_py.so
[9.655s] -- Installing: /home/sangyuwan/lidar/install/livox_ros_driver2/local/lib/python3.10/dist-packages/livox_ros_driver2/livox_ros_driver2_s__rosidl_typesupport_c.cpython-310-x86_64-linux-gnu.so
[9.655s] -- Installing: /home/sangyuwan/lidar/install/livox_ros_driver2/local/lib/python3.10/dist-packages/livox_ros_driver2/livox_ros_driver2_s__rosidl_typesupport_introspection_c.cpython-310-x86_64-linux-gnu.so
[9.656s] -- Installing: /home/sangyuwan/lidar/install/livox_ros_driver2/local/lib/python3.10/dist-packages/livox_ros_driver2/livox_ros_driver2_s__rosidl_typesupport_fastrtps_c.cpython-310-x86_64-linux-gnu.so
[9.686s] Listing '/home/sangyuwan/lidar/install/livox_ros_driver2/local/lib/python3.10/dist-packages/livox_ros_driver2'...
[9.686s] Compiling '/home/sangyuwan/lidar/install/livox_ros_driver2/local/lib/python3.10/dist-packages/livox_ros_driver2/__init__.py'...
[9.686s] Listing '/home/sangyuwan/lidar/install/livox_ros_driver2/local/lib/python3.10/dist-packages/livox_ros_driver2/msg'...
[9.686s] Compiling '/home/sangyuwan/lidar/install/livox_ros_driver2/local/lib/python3.10/dist-packages/livox_ros_driver2/msg/__init__.py'...
[9.686s] Compiling '/home/sangyuwan/lidar/install/livox_ros_driver2/local/lib/python3.10/dist-packages/livox_ros_driver2/msg/_custom_msg.py'...
[9.686s] Compiling '/home/sangyuwan/lidar/install/livox_ros_driver2/local/lib/python3.10/dist-packages/livox_ros_driver2/msg/_custom_point.py'...
[9.691s] -- Installing: /home/sangyuwan/lidar/install/livox_ros_driver2/local/lib/python3.10/dist-packages/livox_ros_driver2/livox_ros_driver2_s__rosidl_typesupport_fastrtps_c.cpython-310-x86_64-linux-gnu.so
[9.691s] -- Set runtime path of "/home/sangyuwan/lidar/install/livox_ros_driver2/local/lib/python3.10/dist-packages/livox_ros_driver2/livox_ros_driver2_s__rosidl_typesupport_fastrtps_c.cpython-310-x86_64-linux-gnu.so" to ""
[9.692s] -- Installing: /home/sangyuwan/lidar/install/livox_ros_driver2/local/lib/python3.10/dist-packages/livox_ros_driver2/livox_ros_driver2_s__rosidl_typesupport_introspection_c.cpython-310-x86_64-linux-gnu.so
[9.692s] -- Set runtime path of "/home/sangyuwan/lidar/install/livox_ros_driver2/local/lib/python3.10/dist-packages/livox_ros_driver2/livox_ros_driver2_s__rosidl_typesupport_introspection_c.cpython-310-x86_64-linux-gnu.so" to ""
[9.693s] -- Installing: /home/sangyuwan/lidar/install/livox_ros_driver2/local/lib/python3.10/dist-packages/livox_ros_driver2/livox_ros_driver2_s__rosidl_typesupport_c.cpython-310-x86_64-linux-gnu.so
[9.693s] -- Set runtime path of "/home/sangyuwan/lidar/install/livox_ros_driver2/local/lib/python3.10/dist-packages/livox_ros_driver2/livox_ros_driver2_s__rosidl_typesupport_c.cpython-310-x86_64-linux-gnu.so" to ""
[9.694s] -- Installing: /home/sangyuwan/lidar/install/livox_ros_driver2/lib/liblivox_interfaces2__rosidl_generator_py.so
[9.694s] -- Set runtime path of "/home/sangyuwan/lidar/install/livox_ros_driver2/lib/liblivox_interfaces2__rosidl_generator_py.so" to ""
[9.694s] -- Up-to-date: /home/sangyuwan/lidar/install/livox_ros_driver2/share/ament_index/resource_index/rust_packages/livox_ros_driver2
[9.695s] -- Up-to-date: /home/sangyuwan/lidar/install/livox_ros_driver2/share/livox_ros_driver2/rust
[9.695s] -- Up-to-date: /home/sangyuwan/lidar/install/livox_ros_driver2/share/livox_ros_driver2/rust/Cargo.toml
[9.695s] -- Up-to-date: /home/sangyuwan/lidar/install/livox_ros_driver2/share/livox_ros_driver2/rust/build.rs
[9.695s] -- Up-to-date: /home/sangyuwan/lidar/install/livox_ros_driver2/share/livox_ros_driver2/rust/src
[9.695s] -- Up-to-date: /home/sangyuwan/lidar/install/livox_ros_driver2/share/livox_ros_driver2/rust/src/lib.rs
[9.695s] -- Up-to-date: /home/sangyuwan/lidar/install/livox_ros_driver2/share/livox_ros_driver2/rust/src/msg.rs
[9.695s] -- Up-to-date: /home/sangyuwan/lidar/install/livox_ros_driver2/share/livox_ros_driver2/rust/src/msg
[9.695s] -- Up-to-date: /home/sangyuwan/lidar/install/livox_ros_driver2/share/livox_ros_driver2/rust/src/msg/rmw.rs
[9.695s] -- Up-to-date: /home/sangyuwan/lidar/install/livox_ros_driver2/share/livox_ros_driver2/msg/CustomPoint.idl
[9.695s] -- Up-to-date: /home/sangyuwan/lidar/install/livox_ros_driver2/share/livox_ros_driver2/msg/CustomMsg.idl
[9.695s] -- Installing: /home/sangyuwan/lidar/install/livox_ros_driver2/share/livox_ros_driver2/msg/CustomPoint.msg
[9.695s] -- Installing: /home/sangyuwan/lidar/install/livox_ros_driver2/share/livox_ros_driver2/msg/CustomMsg.msg
[9.696s] -- Installing: /home/sangyuwan/lidar/install/livox_ros_driver2/lib/livox_ros_driver2/livox_ros_driver2_node
[9.697s] -- Set runtime path of "/home/sangyuwan/lidar/install/livox_ros_driver2/lib/livox_ros_driver2/livox_ros_driver2_node" to ""
[9.697s] -- Installing: /home/sangyuwan/lidar/install/livox_ros_driver2/lib/liblivox_ros_driver2.so
[9.699s] -- Set runtime path of "/home/sangyuwan/lidar/install/livox_ros_driver2/lib/liblivox_ros_driver2.so" to ""
[9.699s] -- Up-to-date: /home/sangyuwan/lidar/install/livox_ros_driver2/share/livox_ros_driver2/config
[9.699s] -- Installing: /home/sangyuwan/lidar/install/livox_ros_driver2/share/livox_ros_driver2/config/HAP_config.json
[9.699s] -- Installing: /home/sangyuwan/lidar/install/livox_ros_driver2/share/livox_ros_driver2/config/MID360_config.json
[9.699s] -- Installing: /home/sangyuwan/lidar/install/livox_ros_driver2/share/livox_ros_driver2/config/MID360s_config.json
[9.699s] -- Installing: /home/sangyuwan/lidar/install/livox_ros_driver2/share/livox_ros_driver2/config/display_point_cloud_ROS1.rviz
[9.699s] -- Installing: /home/sangyuwan/lidar/install/livox_ros_driver2/share/livox_ros_driver2/config/display_point_cloud_ROS2.rviz
[9.699s] -- Installing: /home/sangyuwan/lidar/install/livox_ros_driver2/share/livox_ros_driver2/config/mixed_HAP_MID360_config.json
[9.700s] -- Up-to-date: /home/sangyuwan/lidar/install/livox_ros_driver2/share/livox_ros_driver2/launch_ROS2
[9.700s] -- Installing: /home/sangyuwan/lidar/install/livox_ros_driver2/share/livox_ros_driver2/launch_ROS2/msg_HAP_launch.py
[9.701s] -- Installing: /home/sangyuwan/lidar/install/livox_ros_driver2/share/livox_ros_driver2/launch_ROS2/msg_MID360_launch.py
[9.701s] -- Installing: /home/sangyuwan/lidar/install/livox_ros_driver2/share/livox_ros_driver2/launch_ROS2/msg_MID360s_launch.py
[9.701s] -- Installing: /home/sangyuwan/lidar/install/livox_ros_driver2/share/livox_ros_driver2/launch_ROS2/rviz_HAP_launch.py
[9.701s] -- Installing: /home/sangyuwan/lidar/install/livox_ros_driver2/share/livox_ros_driver2/launch_ROS2/rviz_MID360_launch.py
[9.701s] -- Installing: /home/sangyuwan/lidar/install/livox_ros_driver2/share/livox_ros_driver2/launch_ROS2/rviz_MID360s_launch.py
[9.701s] -- Installing: /home/sangyuwan/lidar/install/livox_ros_driver2/share/livox_ros_driver2/launch_ROS2/rviz_mixed.py
[9.701s] -- Up-to-date: /home/sangyuwan/lidar/install/livox_ros_driver2/share/ament_index/resource_index/package_run_dependencies/livox_ros_driver2
[9.701s] -- Up-to-date: /home/sangyuwan/lidar/install/livox_ros_driver2/share/ament_index/resource_index/parent_prefix_path/livox_ros_driver2
[9.701s] -- Installing: /home/sangyuwan/lidar/install/livox_ros_driver2/share/livox_ros_driver2/environment/ament_prefix_path.sh
[9.701s] -- Installing: /home/sangyuwan/lidar/install/livox_ros_driver2/share/livox_ros_driver2/environment/ament_prefix_path.dsv
[9.701s] -- Installing: /home/sangyuwan/lidar/install/livox_ros_driver2/share/livox_ros_driver2/environment/path.sh
[9.701s] -- Installing: /home/sangyuwan/lidar/install/livox_ros_driver2/share/livox_ros_driver2/environment/path.dsv
[9.702s] -- Up-to-date: /home/sangyuwan/lidar/install/livox_ros_driver2/share/livox_ros_driver2/local_setup.bash
[9.702s] -- Up-to-date: /home/sangyuwan/lidar/install/livox_ros_driver2/share/livox_ros_driver2/local_setup.sh
[9.702s] -- Up-to-date: /home/sangyuwan/lidar/install/livox_ros_driver2/share/livox_ros_driver2/local_setup.zsh
[9.702s] -- Installing: /home/sangyuwan/lidar/install/livox_ros_driver2/share/livox_ros_driver2/local_setup.dsv
[9.702s] -- Installing: /home/sangyuwan/lidar/install/livox_ros_driver2/share/livox_ros_driver2/package.dsv
[9.702s] -- Up-to-date: /home/sangyuwan/lidar/install/livox_ros_driver2/share/ament_index/resource_index/packages/livox_ros_driver2
[9.702s] -- Up-to-date: /home/sangyuwan/lidar/install/livox_ros_driver2/share/ament_index/resource_index/rclcpp_components/livox_ros_driver2
[9.702s] -- Up-to-date: /home/sangyuwan/lidar/install/livox_ros_driver2/share/livox_ros_driver2/cmake/export_livox_interfaces2__rosidl_generator_cExport.cmake
[9.703s] -- Up-to-date: /home/sangyuwan/lidar/install/livox_ros_driver2/share/livox_ros_driver2/cmake/export_livox_interfaces2__rosidl_generator_cExport-release.cmake
[9.703s] -- Up-to-date: /home/sangyuwan/lidar/install/livox_ros_driver2/share/livox_ros_driver2/cmake/export_livox_interfaces2__rosidl_typesupport_fastrtps_cExport.cmake
[9.703s] -- Up-to-date: /home/sangyuwan/lidar/install/livox_ros_driver2/share/livox_ros_driver2/cmake/export_livox_interfaces2__rosidl_typesupport_fastrtps_cExport-release.cmake
[9.703s] -- Up-to-date: /home/sangyuwan/lidar/install/livox_ros_driver2/share/livox_ros_driver2/cmake/livox_interfaces2__rosidl_typesupport_introspection_cExport.cmake
[9.703s] -- Up-to-date: /home/sangyuwan/lidar/install/livox_ros_driver2/share/livox_ros_driver2/cmake/livox_interfaces2__rosidl_typesupport_introspection_cExport-release.cmake
[9.703s] -- Up-to-date: /home/sangyuwan/lidar/install/livox_ros_driver2/share/livox_ros_driver2/cmake/livox_interfaces2__rosidl_typesupport_cExport.cmake
[9.703s] -- Up-to-date: /home/sangyuwan/lidar/install/livox_ros_driver2/share/livox_ros_driver2/cmake/livox_interfaces2__rosidl_typesupport_cExport-release.cmake
[9.703s] -- Up-to-date: /home/sangyuwan/lidar/install/livox_ros_driver2/share/livox_ros_driver2/cmake/export_livox_interfaces2__rosidl_generator_cppExport.cmake
[9.703s] -- Up-to-date: /home/sangyuwan/lidar/install/livox_ros_driver2/share/livox_ros_driver2/cmake/export_livox_interfaces2__rosidl_typesupport_fastrtps_cppExport.cmake
[9.703s] -- Up-to-date: /home/sangyuwan/lidar/install/livox_ros_driver2/share/livox_ros_driver2/cmake/export_livox_interfaces2__rosidl_typesupport_fastrtps_cppExport-release.cmake
[9.703s] -- Up-to-date: /home/sangyuwan/lidar/install/livox_ros_driver2/share/livox_ros_driver2/cmake/livox_interfaces2__rosidl_typesupport_introspection_cppExport.cmake
[9.703s] -- Up-to-date: /home/sangyuwan/lidar/install/livox_ros_driver2/share/livox_ros_driver2/cmake/livox_interfaces2__rosidl_typesupport_introspection_cppExport-release.cmake
[9.703s] -- Up-to-date: /home/sangyuwan/lidar/install/livox_ros_driver2/share/livox_ros_driver2/cmake/livox_interfaces2__rosidl_typesupport_cppExport.cmake
[9.704s] -- Up-to-date: /home/sangyuwan/lidar/install/livox_ros_driver2/share/livox_ros_driver2/cmake/livox_interfaces2__rosidl_typesupport_cppExport-release.cmake
[9.704s] -- Up-to-date: /home/sangyuwan/lidar/install/livox_ros_driver2/share/livox_ros_driver2/cmake/export_livox_interfaces2__rosidl_generator_pyExport.cmake
[9.704s] -- Up-to-date: /home/sangyuwan/lidar/install/livox_ros_driver2/share/livox_ros_driver2/cmake/export_livox_interfaces2__rosidl_generator_pyExport-release.cmake
[9.704s] -- Up-to-date: /home/sangyuwan/lidar/install/livox_ros_driver2/share/livox_ros_driver2/cmake/rosidl_cmake-extras.cmake
[9.704s] -- Up-to-date: /home/sangyuwan/lidar/install/livox_ros_driver2/share/livox_ros_driver2/cmake/ament_cmake_export_dependencies-extras.cmake
[9.704s] -- Up-to-date: /home/sangyuwan/lidar/install/livox_ros_driver2/share/livox_ros_driver2/cmake/ament_cmake_export_include_directories-extras.cmake
[9.704s] -- Up-to-date: /home/sangyuwan/lidar/install/livox_ros_driver2/share/livox_ros_driver2/cmake/ament_cmake_export_libraries-extras.cmake
[9.704s] -- Up-to-date: /home/sangyuwan/lidar/install/livox_ros_driver2/share/livox_ros_driver2/cmake/ament_cmake_export_targets-extras.cmake
[9.704s] -- Up-to-date: /home/sangyuwan/lidar/install/livox_ros_driver2/share/livox_ros_driver2/cmake/rosidl_cmake_export_typesupport_targets-extras.cmake
[9.704s] -- Up-to-date: /home/sangyuwan/lidar/install/livox_ros_driver2/share/livox_ros_driver2/cmake/rosidl_cmake_export_typesupport_libraries-extras.cmake
[9.704s] -- Up-to-date: /home/sangyuwan/lidar/install/livox_ros_driver2/share/livox_ros_driver2/cmake/livox_ros_driver2Config.cmake
[9.704s] -- Up-to-date: /home/sangyuwan/lidar/install/livox_ros_driver2/share/livox_ros_driver2/cmake/livox_ros_driver2Config-version.cmake
[9.704s] -- Installing: /home/sangyuwan/lidar/install/livox_ros_driver2/share/livox_ros_driver2/package.xml
[9.705s] Invoked command in '/home/sangyuwan/lidar/build/livox_ros_driver2' returned '0': CMAKE_PREFIX_PATH=/opt/ros/humble /usr/bin/cmake --install /home/sangyuwan/lidar/build/livox_ros_driver2
