[0.066s] DEBUG:colcon:Command line arguments: ['/usr/bin/colcon', 'build', '--base-paths', '/home/sangyuwan/lidar/src', '--cmake-args', '-DROS_EDITION=ROS2', '-DDISTRO_ROS=humble', '-DLIVOX_LIDAR_SDK_ROOT=/home/sangyuwan/lidar/third_party/Livox-SDK2/install', '-DCMAKE_BUILD_TYPE=Release']
[0.066s] DEBUG:colcon:Parsed command line arguments: Namespace(log_base=None, log_level=None, verb_name='build', build_base='build', install_base='install', merge_install=False, symlink_install=False, test_result_base=None, continue_on_error=False, executor='parallel', parallel_workers=16, event_handlers=None, ignore_user_meta=False, metas=['./colcon.meta'], base_paths=['/home/sangyuwan/lidar/src'], packages_ignore=None, packages_ignore_regex=None, paths=None, packages_up_to=None, packages_up_to_regex=None, packages_above=None, packages_above_and_dependencies=None, packages_above_depth=None, packages_select_by_dep=None, packages_skip_by_dep=None, packages_skip_up_to=None, packages_select_build_failed=False, packages_skip_build_finished=False, packages_select_test_failures=False, packages_skip_test_passed=False, packages_select=None, packages_skip=None, packages_select_regex=None, packages_skip_regex=None, packages_start=None, packages_end=None, allow_overriding=[], cmake_args=['-DROS_EDITION=ROS2', '-DDISTRO_ROS=humble', '-DLIVOX_LIDAR_SDK_ROOT=/home/sangyuwan/lidar/third_party/Livox-SDK2/install', '-DCMAKE_BUILD_TYPE=Release'], cmake_target=None, cmake_target_skip_unavailable=False, cmake_clean_cache=False, cmake_clean_first=False, cmake_force_configure=False, ament_cmake_args=None, catkin_cmake_args=None, catkin_skip_building_tests=False, verb_parser=<colcon_defaults.argument_parser.defaults.DefaultArgumentsDecorator object at 0x79e81bb2f790>, verb_extension=<colcon_core.verb.build.BuildVerb object at 0x79e81bb2f2b0>, main=<bound method BuildVerb.main of <colcon_core.verb.build.BuildVerb object at 0x79e81bb2f2b0>>)
[0.157s] Level 1:colcon.colcon_core.package_discovery:discover_packages(colcon_meta) check parameters
[0.157s] Level 1:colcon.colcon_core.package_discovery:discover_packages(recursive) check parameters
[0.157s] Level 1:colcon.colcon_core.package_discovery:discover_packages(ignore) check parameters
[0.157s] Level 1:colcon.colcon_core.package_discovery:discover_packages(path) check parameters
[0.157s] Level 1:colcon.colcon_core.package_discovery:discover_packages(recursive) discover
[0.157s] INFO:colcon.colcon_core.package_discovery:Crawling recursively for packages in '/home/sangyuwan/lidar/src'
[0.157s] Level 1:colcon.colcon_core.package_identification:_identify(/home/sangyuwan/lidar/src) by extensions ['ignore', 'ignore_ament_install']
[0.157s] Level 1:colcon.colcon_core.package_identification:_identify(/home/sangyuwan/lidar/src) by extension 'ignore'
[0.158s] Level 1:colcon.colcon_core.package_identification:_identify(/home/sangyuwan/lidar/src) by extension 'ignore_ament_install'
[0.158s] Level 1:colcon.colcon_core.package_identification:_identify(/home/sangyuwan/lidar/src) by extensions ['colcon_pkg']
[0.158s] Level 1:colcon.colcon_core.package_identification:_identify(/home/sangyuwan/lidar/src) by extension 'colcon_pkg'
[0.158s] Level 1:colcon.colcon_core.package_identification:_identify(/home/sangyuwan/lidar/src) by extensions ['colcon_meta']
[0.158s] Level 1:colcon.colcon_core.package_identification:_identify(/home/sangyuwan/lidar/src) by extension 'colcon_meta'
[0.158s] Level 1:colcon.colcon_core.package_identification:_identify(/home/sangyuwan/lidar/src) by extensions ['ros']
[0.158s] Level 1:colcon.colcon_core.package_identification:_identify(/home/sangyuwan/lidar/src) by extension 'ros'
[0.166s] Level 1:colcon.colcon_core.package_identification:_identify(/home/sangyuwan/lidar/src) by extensions ['cmake', 'python']
[0.166s] Level 1:colcon.colcon_core.package_identification:_identify(/home/sangyuwan/lidar/src) by extension 'cmake'
[0.166s] Level 1:colcon.colcon_core.package_identification:_identify(/home/sangyuwan/lidar/src) by extension 'python'
[0.166s] Level 1:colcon.colcon_core.package_identification:_identify(/home/sangyuwan/lidar/src) by extensions ['python_setup_py']
[0.166s] Level 1:colcon.colcon_core.package_identification:_identify(/home/sangyuwan/lidar/src) by extension 'python_setup_py'
[0.166s] Level 1:colcon.colcon_core.package_identification:_identify(/home/sangyuwan/lidar/src/FAST_LIO) by extensions ['ignore', 'ignore_ament_install']
[0.166s] Level 1:colcon.colcon_core.package_identification:_identify(/home/sangyuwan/lidar/src/FAST_LIO) by extension 'ignore'
[0.166s] Level 1:colcon.colcon_core.package_identification:_identify(/home/sangyuwan/lidar/src/FAST_LIO) by extension 'ignore_ament_install'
[0.166s] Level 1:colcon.colcon_core.package_identification:_identify(/home/sangyuwan/lidar/src/FAST_LIO) by extensions ['colcon_pkg']
[0.166s] Level 1:colcon.colcon_core.package_identification:_identify(/home/sangyuwan/lidar/src/FAST_LIO) by extension 'colcon_pkg'
[0.166s] Level 1:colcon.colcon_core.package_identification:_identify(/home/sangyuwan/lidar/src/FAST_LIO) by extensions ['colcon_meta']
[0.166s] Level 1:colcon.colcon_core.package_identification:_identify(/home/sangyuwan/lidar/src/FAST_LIO) by extension 'colcon_meta'
[0.166s] Level 1:colcon.colcon_core.package_identification:_identify(/home/sangyuwan/lidar/src/FAST_LIO) by extensions ['ros']
[0.166s] Level 1:colcon.colcon_core.package_identification:_identify(/home/sangyuwan/lidar/src/FAST_LIO) by extension 'ros'
[0.168s] DEBUG:colcon.colcon_core.package_identification:Package '/home/sangyuwan/lidar/src/FAST_LIO' with type 'ros.ament_cmake' and name 'fast_lio'
[0.168s] Level 1:colcon.colcon_core.package_identification:_identify(/home/sangyuwan/lidar/src/lidar_bringup) by extensions ['ignore', 'ignore_ament_install']
[0.168s] Level 1:colcon.colcon_core.package_identification:_identify(/home/sangyuwan/lidar/src/lidar_bringup) by extension 'ignore'
[0.168s] Level 1:colcon.colcon_core.package_identification:_identify(/home/sangyuwan/lidar/src/lidar_bringup) by extension 'ignore_ament_install'
[0.168s] Level 1:colcon.colcon_core.package_identification:_identify(/home/sangyuwan/lidar/src/lidar_bringup) by extensions ['colcon_pkg']
[0.168s] Level 1:colcon.colcon_core.package_identification:_identify(/home/sangyuwan/lidar/src/lidar_bringup) by extension 'colcon_pkg'
[0.168s] Level 1:colcon.colcon_core.package_identification:_identify(/home/sangyuwan/lidar/src/lidar_bringup) by extensions ['colcon_meta']
[0.168s] Level 1:colcon.colcon_core.package_identification:_identify(/home/sangyuwan/lidar/src/lidar_bringup) by extension 'colcon_meta'
[0.168s] Level 1:colcon.colcon_core.package_identification:_identify(/home/sangyuwan/lidar/src/lidar_bringup) by extensions ['ros']
[0.168s] Level 1:colcon.colcon_core.package_identification:_identify(/home/sangyuwan/lidar/src/lidar_bringup) by extension 'ros'
[0.169s] DEBUG:colcon.colcon_core.package_identification:Package '/home/sangyuwan/lidar/src/lidar_bringup' with type 'ros.ament_cmake' and name 'lidar_bringup'
[0.169s] Level 1:colcon.colcon_core.package_identification:_identify(/home/sangyuwan/lidar/src/lidar_localization) by extensions ['ignore', 'ignore_ament_install']
[0.169s] Level 1:colcon.colcon_core.package_identification:_identify(/home/sangyuwan/lidar/src/lidar_localization) by extension 'ignore'
[0.169s] Level 1:colcon.colcon_core.package_identification:_identify(/home/sangyuwan/lidar/src/lidar_localization) by extension 'ignore_ament_install'
[0.169s] Level 1:colcon.colcon_core.package_identification:_identify(/home/sangyuwan/lidar/src/lidar_localization) by extensions ['colcon_pkg']
[0.169s] Level 1:colcon.colcon_core.package_identification:_identify(/home/sangyuwan/lidar/src/lidar_localization) by extension 'colcon_pkg'
[0.169s] Level 1:colcon.colcon_core.package_identification:_identify(/home/sangyuwan/lidar/src/lidar_localization) by extensions ['colcon_meta']
[0.169s] Level 1:colcon.colcon_core.package_identification:_identify(/home/sangyuwan/lidar/src/lidar_localization) by extension 'colcon_meta'
[0.169s] Level 1:colcon.colcon_core.package_identification:_identify(/home/sangyuwan/lidar/src/lidar_localization) by extensions ['ros']
[0.169s] Level 1:colcon.colcon_core.package_identification:_identify(/home/sangyuwan/lidar/src/lidar_localization) by extension 'ros'
[0.169s] DEBUG:colcon.colcon_core.package_identification:Package '/home/sangyuwan/lidar/src/lidar_localization' with type 'ros.ament_python' and name 'lidar_localization'
[0.169s] Level 1:colcon.colcon_core.package_identification:_identify(/home/sangyuwan/lidar/src/livox_ros_driver2) by extensions ['ignore', 'ignore_ament_install']
[0.170s] Level 1:colcon.colcon_core.package_identification:_identify(/home/sangyuwan/lidar/src/livox_ros_driver2) by extension 'ignore'
[0.170s] Level 1:colcon.colcon_core.package_identification:_identify(/home/sangyuwan/lidar/src/livox_ros_driver2) by extension 'ignore_ament_install'
[0.170s] Level 1:colcon.colcon_core.package_identification:_identify(/home/sangyuwan/lidar/src/livox_ros_driver2) by extensions ['colcon_pkg']
[0.170s] Level 1:colcon.colcon_core.package_identification:_identify(/home/sangyuwan/lidar/src/livox_ros_driver2) by extension 'colcon_pkg'
[0.170s] Level 1:colcon.colcon_core.package_identification:_identify(/home/sangyuwan/lidar/src/livox_ros_driver2) by extensions ['colcon_meta']
[0.170s] Level 1:colcon.colcon_core.package_identification:_identify(/home/sangyuwan/lidar/src/livox_ros_driver2) by extension 'colcon_meta'
[0.170s] Level 1:colcon.colcon_core.package_identification:_identify(/home/sangyuwan/lidar/src/livox_ros_driver2) by extensions ['ros']
[0.170s] Level 1:colcon.colcon_core.package_identification:_identify(/home/sangyuwan/lidar/src/livox_ros_driver2) by extension 'ros'
[0.170s] DEBUG:colcon.colcon_core.package_identification:Package '/home/sangyuwan/lidar/src/livox_ros_driver2' with type 'ros.ament_cmake' and name 'livox_ros_driver2'
[0.170s] Level 1:colcon.colcon_core.package_discovery:discover_packages(recursive) using defaults
[0.183s] Level 1:colcon.colcon_core.package_discovery:discover_packages(prefix_path) check parameters
[0.183s] Level 1:colcon.colcon_core.package_discovery:discover_packages(prefix_path) discover
[0.185s] DEBUG:colcon.colcon_installed_package_information.package_discovery:Found 273 installed packages in /opt/ros/humble
[0.196s] Level 1:colcon.colcon_core.package_discovery:discover_packages(prefix_path) using defaults
[0.218s] Level 5:colcon.colcon_core.verb:set package 'lidar_localization' build argument 'cmake_args' from command line to '['-DROS_EDITION=ROS2', '-DDISTRO_ROS=humble', '-DLIVOX_LIDAR_SDK_ROOT=/home/sangyuwan/lidar/third_party/Livox-SDK2/install', '-DCMAKE_BUILD_TYPE=Release']'
[0.218s] Level 5:colcon.colcon_core.verb:set package 'lidar_localization' build argument 'cmake_target' from command line to 'None'
[0.218s] Level 5:colcon.colcon_core.verb:set package 'lidar_localization' build argument 'cmake_target_skip_unavailable' from command line to 'False'
[0.218s] Level 5:colcon.colcon_core.verb:set package 'lidar_localization' build argument 'cmake_clean_cache' from command line to 'False'
[0.218s] Level 5:colcon.colcon_core.verb:set package 'lidar_localization' build argument 'cmake_clean_first' from command line to 'False'
[0.218s] Level 5:colcon.colcon_core.verb:set package 'lidar_localization' build argument 'cmake_force_configure' from command line to 'False'
[0.218s] Level 5:colcon.colcon_core.verb:set package 'lidar_localization' build argument 'ament_cmake_args' from command line to 'None'
[0.218s] Level 5:colcon.colcon_core.verb:set package 'lidar_localization' build argument 'catkin_cmake_args' from command line to 'None'
[0.218s] Level 5:colcon.colcon_core.verb:set package 'lidar_localization' build argument 'catkin_skip_building_tests' from command line to 'False'
[0.218s] DEBUG:colcon.colcon_core.verb:Building package 'lidar_localization' with the following arguments: {'ament_cmake_args': None, 'build_base': '/home/sangyuwan/lidar/build/lidar_localization', 'catkin_cmake_args': None, 'catkin_skip_building_tests': False, 'cmake_args': ['-DROS_EDITION=ROS2', '-DDISTRO_ROS=humble', '-DLIVOX_LIDAR_SDK_ROOT=/home/sangyuwan/lidar/third_party/Livox-SDK2/install', '-DCMAKE_BUILD_TYPE=Release'], 'cmake_clean_cache': False, 'cmake_clean_first': False, 'cmake_force_configure': False, 'cmake_target': None, 'cmake_target_skip_unavailable': False, 'install_base': '/home/sangyuwan/lidar/install/lidar_localization', 'merge_install': False, 'path': '/home/sangyuwan/lidar/src/lidar_localization', 'symlink_install': False, 'test_result_base': None}
[0.218s] Level 5:colcon.colcon_core.verb:set package 'livox_ros_driver2' build argument 'cmake_args' from command line to '['-DROS_EDITION=ROS2', '-DDISTRO_ROS=humble', '-DLIVOX_LIDAR_SDK_ROOT=/home/sangyuwan/lidar/third_party/Livox-SDK2/install', '-DCMAKE_BUILD_TYPE=Release']'
[0.218s] Level 5:colcon.colcon_core.verb:set package 'livox_ros_driver2' build argument 'cmake_target' from command line to 'None'
[0.218s] Level 5:colcon.colcon_core.verb:set package 'livox_ros_driver2' build argument 'cmake_target_skip_unavailable' from command line to 'False'
[0.218s] Level 5:colcon.colcon_core.verb:set package 'livox_ros_driver2' build argument 'cmake_clean_cache' from command line to 'False'
[0.218s] Level 5:colcon.colcon_core.verb:set package 'livox_ros_driver2' build argument 'cmake_clean_first' from command line to 'False'
[0.218s] Level 5:colcon.colcon_core.verb:set package 'livox_ros_driver2' build argument 'cmake_force_configure' from command line to 'False'
[0.218s] Level 5:colcon.colcon_core.verb:set package 'livox_ros_driver2' build argument 'ament_cmake_args' from command line to 'None'
[0.218s] Level 5:colcon.colcon_core.verb:set package 'livox_ros_driver2' build argument 'catkin_cmake_args' from command line to 'None'
[0.218s] Level 5:colcon.colcon_core.verb:set package 'livox_ros_driver2' build argument 'catkin_skip_building_tests' from command line to 'False'
[0.218s] DEBUG:colcon.colcon_core.verb:Building package 'livox_ros_driver2' with the following arguments: {'ament_cmake_args': None, 'build_base': '/home/sangyuwan/lidar/build/livox_ros_driver2', 'catkin_cmake_args': None, 'catkin_skip_building_tests': False, 'cmake_args': ['-DROS_EDITION=ROS2', '-DDISTRO_ROS=humble', '-DLIVOX_LIDAR_SDK_ROOT=/home/sangyuwan/lidar/third_party/Livox-SDK2/install', '-DCMAKE_BUILD_TYPE=Release'], 'cmake_clean_cache': False, 'cmake_clean_first': False, 'cmake_force_configure': False, 'cmake_target': None, 'cmake_target_skip_unavailable': False, 'install_base': '/home/sangyuwan/lidar/install/livox_ros_driver2', 'merge_install': False, 'path': '/home/sangyuwan/lidar/src/livox_ros_driver2', 'symlink_install': False, 'test_result_base': None}
[0.219s] Level 5:colcon.colcon_core.verb:set package 'fast_lio' build argument 'cmake_args' from command line to '['-DROS_EDITION=ROS2', '-DDISTRO_ROS=humble', '-DLIVOX_LIDAR_SDK_ROOT=/home/sangyuwan/lidar/third_party/Livox-SDK2/install', '-DCMAKE_BUILD_TYPE=Release']'
[0.219s] Level 5:colcon.colcon_core.verb:set package 'fast_lio' build argument 'cmake_target' from command line to 'None'
[0.219s] Level 5:colcon.colcon_core.verb:set package 'fast_lio' build argument 'cmake_target_skip_unavailable' from command line to 'False'
[0.219s] Level 5:colcon.colcon_core.verb:set package 'fast_lio' build argument 'cmake_clean_cache' from command line to 'False'
[0.219s] Level 5:colcon.colcon_core.verb:set package 'fast_lio' build argument 'cmake_clean_first' from command line to 'False'
[0.219s] Level 5:colcon.colcon_core.verb:set package 'fast_lio' build argument 'cmake_force_configure' from command line to 'False'
[0.219s] Level 5:colcon.colcon_core.verb:set package 'fast_lio' build argument 'ament_cmake_args' from command line to 'None'
[0.219s] Level 5:colcon.colcon_core.verb:set package 'fast_lio' build argument 'catkin_cmake_args' from command line to 'None'
[0.219s] Level 5:colcon.colcon_core.verb:set package 'fast_lio' build argument 'catkin_skip_building_tests' from command line to 'False'
[0.219s] DEBUG:colcon.colcon_core.verb:Building package 'fast_lio' with the following arguments: {'ament_cmake_args': None, 'build_base': '/home/sangyuwan/lidar/build/fast_lio', 'catkin_cmake_args': None, 'catkin_skip_building_tests': False, 'cmake_args': ['-DROS_EDITION=ROS2', '-DDISTRO_ROS=humble', '-DLIVOX_LIDAR_SDK_ROOT=/home/sangyuwan/lidar/third_party/Livox-SDK2/install', '-DCMAKE_BUILD_TYPE=Release'], 'cmake_clean_cache': False, 'cmake_clean_first': False, 'cmake_force_configure': False, 'cmake_target': None, 'cmake_target_skip_unavailable': False, 'install_base': '/home/sangyuwan/lidar/install/fast_lio', 'merge_install': False, 'path': '/home/sangyuwan/lidar/src/FAST_LIO', 'symlink_install': False, 'test_result_base': None}
[0.219s] Level 5:colcon.colcon_core.verb:set package 'lidar_bringup' build argument 'cmake_args' from command line to '['-DROS_EDITION=ROS2', '-DDISTRO_ROS=humble', '-DLIVOX_LIDAR_SDK_ROOT=/home/sangyuwan/lidar/third_party/Livox-SDK2/install', '-DCMAKE_BUILD_TYPE=Release']'
[0.219s] Level 5:colcon.colcon_core.verb:set package 'lidar_bringup' build argument 'cmake_target' from command line to 'None'
[0.219s] Level 5:colcon.colcon_core.verb:set package 'lidar_bringup' build argument 'cmake_target_skip_unavailable' from command line to 'False'
[0.219s] Level 5:colcon.colcon_core.verb:set package 'lidar_bringup' build argument 'cmake_clean_cache' from command line to 'False'
[0.219s] Level 5:colcon.colcon_core.verb:set package 'lidar_bringup' build argument 'cmake_clean_first' from command line to 'False'
[0.219s] Level 5:colcon.colcon_core.verb:set package 'lidar_bringup' build argument 'cmake_force_configure' from command line to 'False'
[0.219s] Level 5:colcon.colcon_core.verb:set package 'lidar_bringup' build argument 'ament_cmake_args' from command line to 'None'
[0.219s] Level 5:colcon.colcon_core.verb:set package 'lidar_bringup' build argument 'catkin_cmake_args' from command line to 'None'
[0.219s] Level 5:colcon.colcon_core.verb:set package 'lidar_bringup' build argument 'catkin_skip_building_tests' from command line to 'False'
[0.219s] DEBUG:colcon.colcon_core.verb:Building package 'lidar_bringup' with the following arguments: {'ament_cmake_args': None, 'build_base': '/home/sangyuwan/lidar/build/lidar_bringup', 'catkin_cmake_args': None, 'catkin_skip_building_tests': False, 'cmake_args': ['-DROS_EDITION=ROS2', '-DDISTRO_ROS=humble', '-DLIVOX_LIDAR_SDK_ROOT=/home/sangyuwan/lidar/third_party/Livox-SDK2/install', '-DCMAKE_BUILD_TYPE=Release'], 'cmake_clean_cache': False, 'cmake_clean_first': False, 'cmake_force_configure': False, 'cmake_target': None, 'cmake_target_skip_unavailable': False, 'install_base': '/home/sangyuwan/lidar/install/lidar_bringup', 'merge_install': False, 'path': '/home/sangyuwan/lidar/src/lidar_bringup', 'symlink_install': False, 'test_result_base': None}
[0.219s] INFO:colcon.colcon_core.executor:Executing jobs using 'parallel' executor
[0.220s] DEBUG:colcon.colcon_parallel_executor.executor.parallel:run_until_complete
[0.220s] INFO:colcon.colcon_ros.task.ament_cmake.build:Building ROS package in '/home/sangyuwan/lidar/src/livox_ros_driver2' with build type 'ament_cmake'
[0.220s] INFO:colcon.colcon_cmake.task.cmake.build:Building CMake package in '/home/sangyuwan/lidar/src/livox_ros_driver2'
[0.221s] INFO:colcon.colcon_core.plugin_system:Skipping extension 'colcon_core.shell.bat': Not used on non-Windows systems
[0.221s] INFO:colcon.colcon_core.shell:Skip shell extension 'powershell' for command environment: Not usable outside of PowerShell
[0.221s] DEBUG:colcon.colcon_core.shell:Skip shell extension 'dsv' for command environment
[0.224s] INFO:colcon.colcon_ros.task.ament_python.build:Building ROS package in '/home/sangyuwan/lidar/src/lidar_localization' with build type 'ament_python'
[0.224s] Level 1:colcon.colcon_core.shell:create_environment_hook('lidar_localization', 'ament_prefix_path')
[0.224s] INFO:colcon.colcon_core.shell:Creating environment hook '/home/sangyuwan/lidar/install/lidar_localization/share/lidar_localization/hook/ament_prefix_path.ps1'
[0.224s] INFO:colcon.colcon_core.shell:Creating environment descriptor '/home/sangyuwan/lidar/install/lidar_localization/share/lidar_localization/hook/ament_prefix_path.dsv'
[0.225s] INFO:colcon.colcon_core.shell:Creating environment hook '/home/sangyuwan/lidar/install/lidar_localization/share/lidar_localization/hook/ament_prefix_path.sh'
[0.225s] INFO:colcon.colcon_core.shell:Skip shell extension 'powershell' for command environment: Not usable outside of PowerShell
[0.225s] DEBUG:colcon.colcon_core.shell:Skip shell extension 'dsv' for command environment
[0.230s] DEBUG:colcon.colcon_core.event_handler.log_command:Invoking command in '/home/sangyuwan/lidar/build/livox_ros_driver2': CMAKE_PREFIX_PATH=/opt/ros/humble /usr/bin/cmake --build /home/sangyuwan/lidar/build/livox_ros_driver2 -- -j16 -l16
[0.395s] INFO:colcon.colcon_core.task.python.build:Building Python package in '/home/sangyuwan/lidar/src/lidar_localization'
[0.396s] INFO:colcon.colcon_core.shell:Skip shell extension 'powershell' for command environment: Not usable outside of PowerShell
[0.396s] DEBUG:colcon.colcon_core.shell:Skip shell extension 'dsv' for command environment
[0.608s] DEBUG:colcon.colcon_core.event_handler.log_command:Invoking command in '/home/sangyuwan/lidar/src/lidar_localization': PYTHONPATH=/home/sangyuwan/lidar/build/lidar_localization/prefix_override:/usr/lib/python3/dist-packages/colcon_core/task/python/colcon_distutils_commands:/home/sangyuwan/lidar/install/lidar_localization/lib/python3.10/site-packages:${PYTHONPATH} /usr/bin/python3 -W ignore:setup.py install is deprecated -W ignore:easy_install command is deprecated setup.py egg_info --egg-base ../../build/lidar_localization build --build-base /home/sangyuwan/lidar/build/lidar_localization/build install --record /home/sangyuwan/lidar/build/lidar_localization/install.log --single-version-externally-managed install_data
[0.800s] DEBUG:colcon.colcon_core.event_handler.log_command:Invoked command in '/home/sangyuwan/lidar/src/lidar_localization' returned '0': PYTHONPATH=/home/sangyuwan/lidar/build/lidar_localization/prefix_override:/usr/lib/python3/dist-packages/colcon_core/task/python/colcon_distutils_commands:/home/sangyuwan/lidar/install/lidar_localization/lib/python3.10/site-packages:${PYTHONPATH} /usr/bin/python3 -W ignore:setup.py install is deprecated -W ignore:easy_install command is deprecated setup.py egg_info --egg-base ../../build/lidar_localization build --build-base /home/sangyuwan/lidar/build/lidar_localization/build install --record /home/sangyuwan/lidar/build/lidar_localization/install.log --single-version-externally-managed install_data
[0.801s] Level 1:colcon.colcon_core.environment:checking '/home/sangyuwan/lidar/install/lidar_localization' for CMake module files
[0.801s] Level 1:colcon.colcon_core.environment:checking '/home/sangyuwan/lidar/install/lidar_localization' for CMake config files
[0.802s] Level 1:colcon.colcon_core.environment:checking '/home/sangyuwan/lidar/install/lidar_localization/lib'
[0.802s] Level 1:colcon.colcon_core.environment:checking '/home/sangyuwan/lidar/install/lidar_localization/bin'
[0.802s] Level 1:colcon.colcon_core.environment:checking '/home/sangyuwan/lidar/install/lidar_localization/lib/pkgconfig/lidar_localization.pc'
[0.802s] Level 1:colcon.colcon_core.environment:checking '/home/sangyuwan/lidar/install/lidar_localization/lib/python3.10/site-packages'
[0.802s] Level 1:colcon.colcon_core.shell:create_environment_hook('lidar_localization', 'pythonpath')
[0.802s] INFO:colcon.colcon_core.shell:Creating environment hook '/home/sangyuwan/lidar/install/lidar_localization/share/lidar_localization/hook/pythonpath.ps1'
[0.803s] INFO:colcon.colcon_core.shell:Creating environment descriptor '/home/sangyuwan/lidar/install/lidar_localization/share/lidar_localization/hook/pythonpath.dsv'
[0.803s] INFO:colcon.colcon_core.shell:Creating environment hook '/home/sangyuwan/lidar/install/lidar_localization/share/lidar_localization/hook/pythonpath.sh'
[0.803s] Level 1:colcon.colcon_core.environment:checking '/home/sangyuwan/lidar/install/lidar_localization/bin'
[0.803s] Level 1:colcon.colcon_core.environment:create_environment_scripts_only(lidar_localization)
[0.804s] INFO:colcon.colcon_core.shell:Creating package script '/home/sangyuwan/lidar/install/lidar_localization/share/lidar_localization/package.ps1'
[0.805s] INFO:colcon.colcon_core.shell:Creating package descriptor '/home/sangyuwan/lidar/install/lidar_localization/share/lidar_localization/package.dsv'
[0.805s] INFO:colcon.colcon_core.shell:Creating package script '/home/sangyuwan/lidar/install/lidar_localization/share/lidar_localization/package.sh'
[0.805s] INFO:colcon.colcon_core.shell:Creating package script '/home/sangyuwan/lidar/install/lidar_localization/share/lidar_localization/package.bash'
[0.806s] INFO:colcon.colcon_core.shell:Creating package script '/home/sangyuwan/lidar/install/lidar_localization/share/lidar_localization/package.zsh'
[0.806s] Level 1:colcon.colcon_core.environment:create_file_with_runtime_dependencies(/home/sangyuwan/lidar/install/lidar_localization/share/colcon-core/packages/lidar_localization)
[2.327s] DEBUG:colcon.colcon_core.event_handler.log_command:Invoked command in '/home/sangyuwan/lidar/build/livox_ros_driver2' returned '0': CMAKE_PREFIX_PATH=/opt/ros/humble /usr/bin/cmake --build /home/sangyuwan/lidar/build/livox_ros_driver2 -- -j16 -l16
[2.336s] DEBUG:colcon.colcon_core.event_handler.log_command:Invoking command in '/home/sangyuwan/lidar/build/livox_ros_driver2': CMAKE_PREFIX_PATH=/opt/ros/humble /usr/bin/cmake --install /home/sangyuwan/lidar/build/livox_ros_driver2
[2.382s] Level 1:colcon.colcon_core.environment:create_environment_scripts_only(livox_ros_driver2)
[2.383s] DEBUG:colcon.colcon_core.event_handler.log_command:Invoked command in '/home/sangyuwan/lidar/build/livox_ros_driver2' returned '0': CMAKE_PREFIX_PATH=/opt/ros/humble /usr/bin/cmake --install /home/sangyuwan/lidar/build/livox_ros_driver2
[2.383s] Level 1:colcon.colcon_core.environment:checking '/home/sangyuwan/lidar/install/livox_ros_driver2' for CMake module files
[2.384s] Level 1:colcon.colcon_core.environment:checking '/home/sangyuwan/lidar/install/livox_ros_driver2' for CMake config files
[2.384s] Level 1:colcon.colcon_core.shell:create_environment_hook('livox_ros_driver2', 'cmake_prefix_path')
[2.385s] INFO:colcon.colcon_core.shell:Creating environment hook '/home/sangyuwan/lidar/install/livox_ros_driver2/share/livox_ros_driver2/hook/cmake_prefix_path.ps1'
[2.385s] INFO:colcon.colcon_core.shell:Creating environment descriptor '/home/sangyuwan/lidar/install/livox_ros_driver2/share/livox_ros_driver2/hook/cmake_prefix_path.dsv'
[2.385s] INFO:colcon.colcon_core.shell:Creating environment hook '/home/sangyuwan/lidar/install/livox_ros_driver2/share/livox_ros_driver2/hook/cmake_prefix_path.sh'
[2.386s] Level 1:colcon.colcon_core.environment:checking '/home/sangyuwan/lidar/install/livox_ros_driver2/lib'
[2.386s] Level 1:colcon.colcon_core.shell:create_environment_hook('livox_ros_driver2', 'ld_library_path_lib')
[2.386s] INFO:colcon.colcon_core.shell:Creating environment hook '/home/sangyuwan/lidar/install/livox_ros_driver2/share/livox_ros_driver2/hook/ld_library_path_lib.ps1'
[2.386s] INFO:colcon.colcon_core.shell:Creating environment descriptor '/home/sangyuwan/lidar/install/livox_ros_driver2/share/livox_ros_driver2/hook/ld_library_path_lib.dsv'
[2.386s] INFO:colcon.colcon_core.shell:Creating environment hook '/home/sangyuwan/lidar/install/livox_ros_driver2/share/livox_ros_driver2/hook/ld_library_path_lib.sh'
[2.386s] Level 1:colcon.colcon_core.environment:checking '/home/sangyuwan/lidar/install/livox_ros_driver2/bin'
[2.387s] Level 1:colcon.colcon_core.environment:checking '/home/sangyuwan/lidar/install/livox_ros_driver2/lib/pkgconfig/livox_ros_driver2.pc'
[2.387s] Level 1:colcon.colcon_core.environment:checking '/home/sangyuwan/lidar/install/livox_ros_driver2/lib/python3.10/site-packages'
[2.387s] Level 1:colcon.colcon_core.environment:checking '/home/sangyuwan/lidar/install/livox_ros_driver2/bin'
[2.387s] INFO:colcon.colcon_core.shell:Creating package script '/home/sangyuwan/lidar/install/livox_ros_driver2/share/livox_ros_driver2/package.ps1'
[2.387s] INFO:colcon.colcon_core.shell:Creating package descriptor '/home/sangyuwan/lidar/install/livox_ros_driver2/share/livox_ros_driver2/package.dsv'
[2.388s] INFO:colcon.colcon_core.shell:Creating package script '/home/sangyuwan/lidar/install/livox_ros_driver2/share/livox_ros_driver2/package.sh'
[2.388s] INFO:colcon.colcon_core.shell:Creating package script '/home/sangyuwan/lidar/install/livox_ros_driver2/share/livox_ros_driver2/package.bash'
[2.388s] INFO:colcon.colcon_core.shell:Creating package script '/home/sangyuwan/lidar/install/livox_ros_driver2/share/livox_ros_driver2/package.zsh'
[2.388s] Level 1:colcon.colcon_core.environment:create_file_with_runtime_dependencies(/home/sangyuwan/lidar/install/livox_ros_driver2/share/colcon-core/packages/livox_ros_driver2)
[2.389s] Level 1:colcon.colcon_core.environment:create_environment_scripts_only(livox_ros_driver2)
[2.389s] Level 1:colcon.colcon_core.environment:checking '/home/sangyuwan/lidar/install/livox_ros_driver2' for CMake module files
[2.389s] Level 1:colcon.colcon_core.environment:checking '/home/sangyuwan/lidar/install/livox_ros_driver2' for CMake config files
[2.390s] Level 1:colcon.colcon_core.shell:create_environment_hook('livox_ros_driver2', 'cmake_prefix_path')
[2.390s] INFO:colcon.colcon_core.shell:Creating environment hook '/home/sangyuwan/lidar/install/livox_ros_driver2/share/livox_ros_driver2/hook/cmake_prefix_path.ps1'
[2.390s] INFO:colcon.colcon_core.shell:Creating environment descriptor '/home/sangyuwan/lidar/install/livox_ros_driver2/share/livox_ros_driver2/hook/cmake_prefix_path.dsv'
[2.390s] INFO:colcon.colcon_core.shell:Creating environment hook '/home/sangyuwan/lidar/install/livox_ros_driver2/share/livox_ros_driver2/hook/cmake_prefix_path.sh'
[2.390s] Level 1:colcon.colcon_core.environment:checking '/home/sangyuwan/lidar/install/livox_ros_driver2/lib'
[2.391s] Level 1:colcon.colcon_core.shell:create_environment_hook('livox_ros_driver2', 'ld_library_path_lib')
[2.391s] INFO:colcon.colcon_core.shell:Creating environment hook '/home/sangyuwan/lidar/install/livox_ros_driver2/share/livox_ros_driver2/hook/ld_library_path_lib.ps1'
[2.391s] INFO:colcon.colcon_core.shell:Creating environment descriptor '/home/sangyuwan/lidar/install/livox_ros_driver2/share/livox_ros_driver2/hook/ld_library_path_lib.dsv'
[2.391s] INFO:colcon.colcon_core.shell:Creating environment hook '/home/sangyuwan/lidar/install/livox_ros_driver2/share/livox_ros_driver2/hook/ld_library_path_lib.sh'
[2.391s] Level 1:colcon.colcon_core.environment:checking '/home/sangyuwan/lidar/install/livox_ros_driver2/bin'
[2.391s] Level 1:colcon.colcon_core.environment:checking '/home/sangyuwan/lidar/install/livox_ros_driver2/lib/pkgconfig/livox_ros_driver2.pc'
[2.392s] Level 1:colcon.colcon_core.environment:checking '/home/sangyuwan/lidar/install/livox_ros_driver2/lib/python3.10/site-packages'
[2.392s] Level 1:colcon.colcon_core.environment:checking '/home/sangyuwan/lidar/install/livox_ros_driver2/bin'
[2.392s] INFO:colcon.colcon_core.shell:Creating package script '/home/sangyuwan/lidar/install/livox_ros_driver2/share/livox_ros_driver2/package.ps1'
[2.393s] INFO:colcon.colcon_core.shell:Creating package descriptor '/home/sangyuwan/lidar/install/livox_ros_driver2/share/livox_ros_driver2/package.dsv'
[2.393s] INFO:colcon.colcon_core.shell:Creating package script '/home/sangyuwan/lidar/install/livox_ros_driver2/share/livox_ros_driver2/package.sh'
[2.393s] INFO:colcon.colcon_core.shell:Creating package script '/home/sangyuwan/lidar/install/livox_ros_driver2/share/livox_ros_driver2/package.bash'
[2.393s] INFO:colcon.colcon_core.shell:Creating package script '/home/sangyuwan/lidar/install/livox_ros_driver2/share/livox_ros_driver2/package.zsh'
[2.393s] Level 1:colcon.colcon_core.environment:create_file_with_runtime_dependencies(/home/sangyuwan/lidar/install/livox_ros_driver2/share/colcon-core/packages/livox_ros_driver2)
[2.394s] INFO:colcon.colcon_ros.task.ament_cmake.build:Building ROS package in '/home/sangyuwan/lidar/src/FAST_LIO' with build type 'ament_cmake'
[2.394s] INFO:colcon.colcon_cmake.task.cmake.build:Building CMake package in '/home/sangyuwan/lidar/src/FAST_LIO'
[2.394s] INFO:colcon.colcon_core.shell:Skip shell extension 'powershell' for command environment: Not usable outside of PowerShell
[2.394s] DEBUG:colcon.colcon_core.shell:Skip shell extension 'dsv' for command environment
[2.402s] DEBUG:colcon.colcon_core.event_handler.log_command:Invoking command in '/home/sangyuwan/lidar/build/fast_lio': AMENT_PREFIX_PATH=/home/sangyuwan/lidar/install/livox_ros_driver2:${AMENT_PREFIX_PATH} CMAKE_PREFIX_PATH=/home/sangyuwan/lidar/install/livox_ros_driver2:/opt/ros/humble LD_LIBRARY_PATH=/home/sangyuwan/lidar/install/livox_ros_driver2/lib:${LD_LIBRARY_PATH} PYTHONPATH=/home/sangyuwan/lidar/install/livox_ros_driver2/local/lib/python3.10/dist-packages:${PYTHONPATH} /usr/bin/cmake /home/sangyuwan/lidar/src/FAST_LIO -DROS_EDITION=ROS2 -DDISTRO_ROS=humble -DLIVOX_LIDAR_SDK_ROOT=/home/sangyuwan/lidar/third_party/Livox-SDK2/install -DCMAKE_BUILD_TYPE=Release -DCMAKE_INSTALL_PREFIX=/home/sangyuwan/lidar/install/fast_lio
[4.873s] DEBUG:colcon.colcon_core.event_handler.log_command:Invoked command in '/home/sangyuwan/lidar/build/fast_lio' returned '1': AMENT_PREFIX_PATH=/home/sangyuwan/lidar/install/livox_ros_driver2:${AMENT_PREFIX_PATH} CMAKE_PREFIX_PATH=/home/sangyuwan/lidar/install/livox_ros_driver2:/opt/ros/humble LD_LIBRARY_PATH=/home/sangyuwan/lidar/install/livox_ros_driver2/lib:${LD_LIBRARY_PATH} PYTHONPATH=/home/sangyuwan/lidar/install/livox_ros_driver2/local/lib/python3.10/dist-packages:${PYTHONPATH} /usr/bin/cmake /home/sangyuwan/lidar/src/FAST_LIO -DROS_EDITION=ROS2 -DDISTRO_ROS=humble -DLIVOX_LIDAR_SDK_ROOT=/home/sangyuwan/lidar/third_party/Livox-SDK2/install -DCMAKE_BUILD_TYPE=Release -DCMAKE_INSTALL_PREFIX=/home/sangyuwan/lidar/install/fast_lio
[4.885s] Level 1:colcon.colcon_core.environment:create_environment_scripts_only(fast_lio)
[4.886s] Level 1:colcon.colcon_core.environment:checking '/home/sangyuwan/lidar/install/fast_lio' for CMake module files
[4.886s] Level 1:colcon.colcon_core.environment:checking '/home/sangyuwan/lidar/install/fast_lio' for CMake config files
[4.887s] Level 1:colcon.colcon_core.environment:checking '/home/sangyuwan/lidar/install/fast_lio/bin'
[4.887s] Level 1:colcon.colcon_core.environment:checking '/home/sangyuwan/lidar/install/fast_lio/lib/pkgconfig/fast_lio.pc'
[4.887s] Level 1:colcon.colcon_core.environment:checking '/home/sangyuwan/lidar/install/fast_lio/lib/python3.10/site-packages'
[4.887s] Level 1:colcon.colcon_core.environment:checking '/home/sangyuwan/lidar/install/fast_lio/bin'
[4.887s] INFO:colcon.colcon_core.shell:Creating package script '/home/sangyuwan/lidar/install/fast_lio/share/fast_lio/package.ps1'
[4.888s] INFO:colcon.colcon_core.shell:Creating package descriptor '/home/sangyuwan/lidar/install/fast_lio/share/fast_lio/package.dsv'
[4.888s] INFO:colcon.colcon_core.shell:Creating package script '/home/sangyuwan/lidar/install/fast_lio/share/fast_lio/package.sh'
[4.888s] INFO:colcon.colcon_core.shell:Creating package script '/home/sangyuwan/lidar/install/fast_lio/share/fast_lio/package.bash'
[4.889s] INFO:colcon.colcon_core.shell:Creating package script '/home/sangyuwan/lidar/install/fast_lio/share/fast_lio/package.zsh'
[4.889s] Level 1:colcon.colcon_core.environment:create_file_with_runtime_dependencies(/home/sangyuwan/lidar/install/fast_lio/share/colcon-core/packages/fast_lio)
[4.899s] DEBUG:colcon.colcon_parallel_executor.executor.parallel:closing loop
[4.899s] DEBUG:colcon.colcon_parallel_executor.executor.parallel:loop closed
[4.900s] DEBUG:colcon.colcon_parallel_executor.executor.parallel:run_until_complete finished with '1'
[4.900s] DEBUG:colcon.colcon_core.event_reactor:joining thread
[4.904s] INFO:colcon.colcon_core.plugin_system:Skipping extension 'colcon_notification.desktop_notification.terminal_notifier': Not used on non-Darwin systems
[4.904s] INFO:colcon.colcon_core.plugin_system:Skipping extension 'colcon_notification.desktop_notification.win32': Not used on non-Windows systems
[4.904s] INFO:colcon.colcon_notification.desktop_notification:Sending desktop notification using 'notify2'
[4.914s] DEBUG:colcon.colcon_core.event_reactor:joined thread
[4.914s] INFO:colcon.colcon_core.shell:Creating prefix script '/home/sangyuwan/lidar/install/local_setup.ps1'
[4.915s] INFO:colcon.colcon_core.shell:Creating prefix util module '/home/sangyuwan/lidar/install/_local_setup_util_ps1.py'
[4.916s] INFO:colcon.colcon_core.shell:Creating prefix chain script '/home/sangyuwan/lidar/install/setup.ps1'
[4.916s] INFO:colcon.colcon_core.shell:Creating prefix script '/home/sangyuwan/lidar/install/local_setup.sh'
[4.917s] INFO:colcon.colcon_core.shell:Creating prefix util module '/home/sangyuwan/lidar/install/_local_setup_util_sh.py'
[4.917s] INFO:colcon.colcon_core.shell:Creating prefix chain script '/home/sangyuwan/lidar/install/setup.sh'
[4.918s] INFO:colcon.colcon_core.shell:Creating prefix script '/home/sangyuwan/lidar/install/local_setup.bash'
[4.918s] INFO:colcon.colcon_core.shell:Creating prefix chain script '/home/sangyuwan/lidar/install/setup.bash'
[4.919s] INFO:colcon.colcon_core.shell:Creating prefix script '/home/sangyuwan/lidar/install/local_setup.zsh'
[4.919s] INFO:colcon.colcon_core.shell:Creating prefix chain script '/home/sangyuwan/lidar/install/setup.zsh'
