[0.124s] DEBUG:colcon:Command line arguments: ['/usr/bin/colcon', 'build', '--base-paths', '/home/sangyuwan/lidar/src', '--cmake-args', '-DROS_EDITION=ROS2', '-DDISTRO_ROS=humble', '-DLIVOX_LIDAR_SDK_ROOT=/home/sangyuwan/lidar/third_party/Livox-SDK2/install', '-DCMAKE_BUILD_TYPE=Release']
[0.124s] DEBUG:colcon:Parsed command line arguments: Namespace(log_base=None, log_level=None, verb_name='build', build_base='build', install_base='install', merge_install=False, symlink_install=False, test_result_base=None, continue_on_error=False, executor='parallel', parallel_workers=16, event_handlers=None, ignore_user_meta=False, metas=['./colcon.meta'], base_paths=['/home/sangyuwan/lidar/src'], packages_ignore=None, packages_ignore_regex=None, paths=None, packages_up_to=None, packages_up_to_regex=None, packages_above=None, packages_above_and_dependencies=None, packages_above_depth=None, packages_select_by_dep=None, packages_skip_by_dep=None, packages_skip_up_to=None, packages_select_build_failed=False, packages_skip_build_finished=False, packages_select_test_failures=False, packages_skip_test_passed=False, packages_select=None, packages_skip=None, packages_select_regex=None, packages_skip_regex=None, packages_start=None, packages_end=None, allow_overriding=[], cmake_args=['-DROS_EDITION=ROS2', '-DDISTRO_ROS=humble', '-DLIVOX_LIDAR_SDK_ROOT=/home/sangyuwan/lidar/third_party/Livox-SDK2/install', '-DCMAKE_BUILD_TYPE=Release'], cmake_target=None, cmake_target_skip_unavailable=False, cmake_clean_cache=False, cmake_clean_first=False, cmake_force_configure=False, ament_cmake_args=None, catkin_cmake_args=None, catkin_skip_building_tests=False, verb_parser=<colcon_defaults.argument_parser.defaults.DefaultArgumentsDecorator object at 0x7ebba5e3b430>, verb_extension=<colcon_core.verb.build.BuildVerb object at 0x7ebba5e3af50>, main=<bound method BuildVerb.main of <colcon_core.verb.build.BuildVerb object at 0x7ebba5e3af50>>)
[0.254s] Level 1:colcon.colcon_core.package_discovery:discover_packages(colcon_meta) check parameters
[0.254s] Level 1:colcon.colcon_core.package_discovery:discover_packages(recursive) check parameters
[0.254s] Level 1:colcon.colcon_core.package_discovery:discover_packages(ignore) check parameters
[0.254s] Level 1:colcon.colcon_core.package_discovery:discover_packages(path) check parameters
[0.254s] Level 1:colcon.colcon_core.package_discovery:discover_packages(recursive) discover
[0.254s] INFO:colcon.colcon_core.package_discovery:Crawling recursively for packages in '/home/sangyuwan/lidar/src'
[0.254s] Level 1:colcon.colcon_core.package_identification:_identify(/home/sangyuwan/lidar/src) by extensions ['ignore', 'ignore_ament_install']
[0.255s] Level 1:colcon.colcon_core.package_identification:_identify(/home/sangyuwan/lidar/src) by extension 'ignore'
[0.255s] Level 1:colcon.colcon_core.package_identification:_identify(/home/sangyuwan/lidar/src) by extension 'ignore_ament_install'
[0.255s] Level 1:colcon.colcon_core.package_identification:_identify(/home/sangyuwan/lidar/src) by extensions ['colcon_pkg']
[0.255s] Level 1:colcon.colcon_core.package_identification:_identify(/home/sangyuwan/lidar/src) by extension 'colcon_pkg'
[0.255s] Level 1:colcon.colcon_core.package_identification:_identify(/home/sangyuwan/lidar/src) by extensions ['colcon_meta']
[0.255s] Level 1:colcon.colcon_core.package_identification:_identify(/home/sangyuwan/lidar/src) by extension 'colcon_meta'
[0.255s] Level 1:colcon.colcon_core.package_identification:_identify(/home/sangyuwan/lidar/src) by extensions ['ros']
[0.255s] Level 1:colcon.colcon_core.package_identification:_identify(/home/sangyuwan/lidar/src) by extension 'ros'
[0.264s] Level 1:colcon.colcon_core.package_identification:_identify(/home/sangyuwan/lidar/src) by extensions ['cmake', 'python']
[0.264s] Level 1:colcon.colcon_core.package_identification:_identify(/home/sangyuwan/lidar/src) by extension 'cmake'
[0.264s] Level 1:colcon.colcon_core.package_identification:_identify(/home/sangyuwan/lidar/src) by extension 'python'
[0.264s] Level 1:colcon.colcon_core.package_identification:_identify(/home/sangyuwan/lidar/src) by extensions ['python_setup_py']
[0.264s] Level 1:colcon.colcon_core.package_identification:_identify(/home/sangyuwan/lidar/src) by extension 'python_setup_py'
[0.264s] Level 1:colcon.colcon_core.package_identification:_identify(/home/sangyuwan/lidar/src/lidar_bringup) by extensions ['ignore', 'ignore_ament_install']
[0.265s] Level 1:colcon.colcon_core.package_identification:_identify(/home/sangyuwan/lidar/src/lidar_bringup) by extension 'ignore'
[0.265s] Level 1:colcon.colcon_core.package_identification:_identify(/home/sangyuwan/lidar/src/lidar_bringup) by extension 'ignore_ament_install'
[0.265s] Level 1:colcon.colcon_core.package_identification:_identify(/home/sangyuwan/lidar/src/lidar_bringup) by extensions ['colcon_pkg']
[0.265s] Level 1:colcon.colcon_core.package_identification:_identify(/home/sangyuwan/lidar/src/lidar_bringup) by extension 'colcon_pkg'
[0.265s] Level 1:colcon.colcon_core.package_identification:_identify(/home/sangyuwan/lidar/src/lidar_bringup) by extensions ['colcon_meta']
[0.265s] Level 1:colcon.colcon_core.package_identification:_identify(/home/sangyuwan/lidar/src/lidar_bringup) by extension 'colcon_meta'
[0.265s] Level 1:colcon.colcon_core.package_identification:_identify(/home/sangyuwan/lidar/src/lidar_bringup) by extensions ['ros']
[0.265s] Level 1:colcon.colcon_core.package_identification:_identify(/home/sangyuwan/lidar/src/lidar_bringup) by extension 'ros'
[0.267s] DEBUG:colcon.colcon_core.package_identification:Package '/home/sangyuwan/lidar/src/lidar_bringup' with type 'ros.ament_cmake' and name 'lidar_bringup'
[0.267s] Level 1:colcon.colcon_core.package_identification:_identify(/home/sangyuwan/lidar/src/livox_ros_driver2) by extensions ['ignore', 'ignore_ament_install']
[0.267s] Level 1:colcon.colcon_core.package_identification:_identify(/home/sangyuwan/lidar/src/livox_ros_driver2) by extension 'ignore'
[0.267s] Level 1:colcon.colcon_core.package_identification:_identify(/home/sangyuwan/lidar/src/livox_ros_driver2) by extension 'ignore_ament_install'
[0.267s] Level 1:colcon.colcon_core.package_identification:_identify(/home/sangyuwan/lidar/src/livox_ros_driver2) by extensions ['colcon_pkg']
[0.267s] Level 1:colcon.colcon_core.package_identification:_identify(/home/sangyuwan/lidar/src/livox_ros_driver2) by extension 'colcon_pkg'
[0.267s] Level 1:colcon.colcon_core.package_identification:_identify(/home/sangyuwan/lidar/src/livox_ros_driver2) by extensions ['colcon_meta']
[0.267s] Level 1:colcon.colcon_core.package_identification:_identify(/home/sangyuwan/lidar/src/livox_ros_driver2) by extension 'colcon_meta'
[0.267s] Level 1:colcon.colcon_core.package_identification:_identify(/home/sangyuwan/lidar/src/livox_ros_driver2) by extensions ['ros']
[0.267s] Level 1:colcon.colcon_core.package_identification:_identify(/home/sangyuwan/lidar/src/livox_ros_driver2) by extension 'ros'
[0.268s] DEBUG:colcon.colcon_core.package_identification:Package '/home/sangyuwan/lidar/src/livox_ros_driver2' with type 'ros.ament_cmake' and name 'livox_ros_driver2'
[0.268s] Level 1:colcon.colcon_core.package_discovery:discover_packages(recursive) using defaults
[0.286s] Level 1:colcon.colcon_core.package_discovery:discover_packages(prefix_path) check parameters
[0.286s] Level 1:colcon.colcon_core.package_discovery:discover_packages(prefix_path) discover
[0.288s] DEBUG:colcon.colcon_installed_package_information.package_discovery:Found 273 installed packages in /opt/ros/humble
[0.290s] Level 1:colcon.colcon_core.package_discovery:discover_packages(prefix_path) using defaults
[0.319s] Level 5:colcon.colcon_core.verb:set package 'livox_ros_driver2' build argument 'cmake_args' from command line to '['-DROS_EDITION=ROS2', '-DDISTRO_ROS=humble', '-DLIVOX_LIDAR_SDK_ROOT=/home/sangyuwan/lidar/third_party/Livox-SDK2/install', '-DCMAKE_BUILD_TYPE=Release']'
[0.319s] Level 5:colcon.colcon_core.verb:set package 'livox_ros_driver2' build argument 'cmake_target' from command line to 'None'
[0.319s] Level 5:colcon.colcon_core.verb:set package 'livox_ros_driver2' build argument 'cmake_target_skip_unavailable' from command line to 'False'
[0.319s] Level 5:colcon.colcon_core.verb:set package 'livox_ros_driver2' build argument 'cmake_clean_cache' from command line to 'False'
[0.319s] Level 5:colcon.colcon_core.verb:set package 'livox_ros_driver2' build argument 'cmake_clean_first' from command line to 'False'
[0.319s] Level 5:colcon.colcon_core.verb:set package 'livox_ros_driver2' build argument 'cmake_force_configure' from command line to 'False'
[0.319s] Level 5:colcon.colcon_core.verb:set package 'livox_ros_driver2' build argument 'ament_cmake_args' from command line to 'None'
[0.319s] Level 5:colcon.colcon_core.verb:set package 'livox_ros_driver2' build argument 'catkin_cmake_args' from command line to 'None'
[0.319s] Level 5:colcon.colcon_core.verb:set package 'livox_ros_driver2' build argument 'catkin_skip_building_tests' from command line to 'False'
[0.319s] DEBUG:colcon.colcon_core.verb:Building package 'livox_ros_driver2' with the following arguments: {'ament_cmake_args': None, 'build_base': '/home/sangyuwan/lidar/build/livox_ros_driver2', 'catkin_cmake_args': None, 'catkin_skip_building_tests': False, 'cmake_args': ['-DROS_EDITION=ROS2', '-DDISTRO_ROS=humble', '-DLIVOX_LIDAR_SDK_ROOT=/home/sangyuwan/lidar/third_party/Livox-SDK2/install', '-DCMAKE_BUILD_TYPE=Release'], 'cmake_clean_cache': False, 'cmake_clean_first': False, 'cmake_force_configure': False, 'cmake_target': None, 'cmake_target_skip_unavailable': False, 'install_base': '/home/sangyuwan/lidar/install/livox_ros_driver2', 'merge_install': False, 'path': '/home/sangyuwan/lidar/src/livox_ros_driver2', 'symlink_install': False, 'test_result_base': None}
[0.319s] Level 5:colcon.colcon_core.verb:set package 'lidar_bringup' build argument 'cmake_args' from command line to '['-DROS_EDITION=ROS2', '-DDISTRO_ROS=humble', '-DLIVOX_LIDAR_SDK_ROOT=/home/sangyuwan/lidar/third_party/Livox-SDK2/install', '-DCMAKE_BUILD_TYPE=Release']'
[0.319s] Level 5:colcon.colcon_core.verb:set package 'lidar_bringup' build argument 'cmake_target' from command line to 'None'
[0.319s] Level 5:colcon.colcon_core.verb:set package 'lidar_bringup' build argument 'cmake_target_skip_unavailable' from command line to 'False'
[0.319s] Level 5:colcon.colcon_core.verb:set package 'lidar_bringup' build argument 'cmake_clean_cache' from command line to 'False'
[0.319s] Level 5:colcon.colcon_core.verb:set package 'lidar_bringup' build argument 'cmake_clean_first' from command line to 'False'
[0.319s] Level 5:colcon.colcon_core.verb:set package 'lidar_bringup' build argument 'cmake_force_configure' from command line to 'False'
[0.319s] Level 5:colcon.colcon_core.verb:set package 'lidar_bringup' build argument 'ament_cmake_args' from command line to 'None'
[0.319s] Level 5:colcon.colcon_core.verb:set package 'lidar_bringup' build argument 'catkin_cmake_args' from command line to 'None'
[0.319s] Level 5:colcon.colcon_core.verb:set package 'lidar_bringup' build argument 'catkin_skip_building_tests' from command line to 'False'
[0.319s] DEBUG:colcon.colcon_core.verb:Building package 'lidar_bringup' with the following arguments: {'ament_cmake_args': None, 'build_base': '/home/sangyuwan/lidar/build/lidar_bringup', 'catkin_cmake_args': None, 'catkin_skip_building_tests': False, 'cmake_args': ['-DROS_EDITION=ROS2', '-DDISTRO_ROS=humble', '-DLIVOX_LIDAR_SDK_ROOT=/home/sangyuwan/lidar/third_party/Livox-SDK2/install', '-DCMAKE_BUILD_TYPE=Release'], 'cmake_clean_cache': False, 'cmake_clean_first': False, 'cmake_force_configure': False, 'cmake_target': None, 'cmake_target_skip_unavailable': False, 'install_base': '/home/sangyuwan/lidar/install/lidar_bringup', 'merge_install': False, 'path': '/home/sangyuwan/lidar/src/lidar_bringup', 'symlink_install': False, 'test_result_base': None}
[0.319s] INFO:colcon.colcon_core.executor:Executing jobs using 'parallel' executor
[0.320s] DEBUG:colcon.colcon_parallel_executor.executor.parallel:run_until_complete
[0.320s] INFO:colcon.colcon_ros.task.ament_cmake.build:Building ROS package in '/home/sangyuwan/lidar/src/livox_ros_driver2' with build type 'ament_cmake'
[0.320s] INFO:colcon.colcon_cmake.task.cmake.build:Building CMake package in '/home/sangyuwan/lidar/src/livox_ros_driver2'
[0.322s] INFO:colcon.colcon_core.plugin_system:Skipping extension 'colcon_core.shell.bat': Not used on non-Windows systems
[0.322s] INFO:colcon.colcon_core.shell:Skip shell extension 'powershell' for command environment: Not usable outside of PowerShell
[0.322s] DEBUG:colcon.colcon_core.shell:Skip shell extension 'dsv' for command environment
[0.328s] DEBUG:colcon.colcon_core.event_handler.log_command:Invoking command in '/home/sangyuwan/lidar/build/livox_ros_driver2': CMAKE_PREFIX_PATH=/opt/ros/humble /usr/bin/cmake /home/sangyuwan/lidar/src/livox_ros_driver2 -DROS_EDITION=ROS2 -DDISTRO_ROS=humble -DLIVOX_LIDAR_SDK_ROOT=/home/sangyuwan/lidar/third_party/Livox-SDK2/install -DCMAKE_BUILD_TYPE=Release -DCMAKE_INSTALL_PREFIX=/home/sangyuwan/lidar/install/livox_ros_driver2
[3.582s] DEBUG:colcon.colcon_core.event_handler.log_command:Invoked command in '/home/sangyuwan/lidar/build/livox_ros_driver2' returned '0': CMAKE_PREFIX_PATH=/opt/ros/humble /usr/bin/cmake /home/sangyuwan/lidar/src/livox_ros_driver2 -DROS_EDITION=ROS2 -DDISTRO_ROS=humble -DLIVOX_LIDAR_SDK_ROOT=/home/sangyuwan/lidar/third_party/Livox-SDK2/install -DCMAKE_BUILD_TYPE=Release -DCMAKE_INSTALL_PREFIX=/home/sangyuwan/lidar/install/livox_ros_driver2
[3.583s] DEBUG:colcon.colcon_core.event_handler.log_command:Invoking command in '/home/sangyuwan/lidar/build/livox_ros_driver2': CMAKE_PREFIX_PATH=/opt/ros/humble /usr/bin/cmake --build /home/sangyuwan/lidar/build/livox_ros_driver2 -- -j16 -l16
[11.593s] DEBUG:colcon.colcon_core.event_handler.log_command:Invoked command in '/home/sangyuwan/lidar/build/livox_ros_driver2' returned '0': CMAKE_PREFIX_PATH=/opt/ros/humble /usr/bin/cmake --build /home/sangyuwan/lidar/build/livox_ros_driver2 -- -j16 -l16
[11.601s] DEBUG:colcon.colcon_core.event_handler.log_command:Invoking command in '/home/sangyuwan/lidar/build/livox_ros_driver2': CMAKE_PREFIX_PATH=/opt/ros/humble /usr/bin/cmake --install /home/sangyuwan/lidar/build/livox_ros_driver2
[11.667s] Level 1:colcon.colcon_core.environment:create_environment_scripts_only(livox_ros_driver2)
[11.668s] DEBUG:colcon.colcon_core.event_handler.log_command:Invoked command in '/home/sangyuwan/lidar/build/livox_ros_driver2' returned '0': CMAKE_PREFIX_PATH=/opt/ros/humble /usr/bin/cmake --install /home/sangyuwan/lidar/build/livox_ros_driver2
[11.671s] Level 1:colcon.colcon_core.environment:checking '/home/sangyuwan/lidar/install/livox_ros_driver2' for CMake module files
[11.672s] Level 1:colcon.colcon_core.environment:checking '/home/sangyuwan/lidar/install/livox_ros_driver2' for CMake config files
[11.672s] Level 1:colcon.colcon_core.shell:create_environment_hook('livox_ros_driver2', 'cmake_prefix_path')
[11.672s] INFO:colcon.colcon_core.shell:Creating environment hook '/home/sangyuwan/lidar/install/livox_ros_driver2/share/livox_ros_driver2/hook/cmake_prefix_path.ps1'
[11.673s] INFO:colcon.colcon_core.shell:Creating environment descriptor '/home/sangyuwan/lidar/install/livox_ros_driver2/share/livox_ros_driver2/hook/cmake_prefix_path.dsv'
[11.673s] INFO:colcon.colcon_core.shell:Creating environment hook '/home/sangyuwan/lidar/install/livox_ros_driver2/share/livox_ros_driver2/hook/cmake_prefix_path.sh'
[11.674s] Level 1:colcon.colcon_core.environment:checking '/home/sangyuwan/lidar/install/livox_ros_driver2/lib'
[11.674s] Level 1:colcon.colcon_core.shell:create_environment_hook('livox_ros_driver2', 'ld_library_path_lib')
[11.674s] INFO:colcon.colcon_core.shell:Creating environment hook '/home/sangyuwan/lidar/install/livox_ros_driver2/share/livox_ros_driver2/hook/ld_library_path_lib.ps1'
[11.674s] INFO:colcon.colcon_core.shell:Creating environment descriptor '/home/sangyuwan/lidar/install/livox_ros_driver2/share/livox_ros_driver2/hook/ld_library_path_lib.dsv'
[11.674s] INFO:colcon.colcon_core.shell:Creating environment hook '/home/sangyuwan/lidar/install/livox_ros_driver2/share/livox_ros_driver2/hook/ld_library_path_lib.sh'
[11.674s] Level 1:colcon.colcon_core.environment:checking '/home/sangyuwan/lidar/install/livox_ros_driver2/bin'
[11.674s] Level 1:colcon.colcon_core.environment:checking '/home/sangyuwan/lidar/install/livox_ros_driver2/lib/pkgconfig/livox_ros_driver2.pc'
[11.675s] Level 1:colcon.colcon_core.environment:checking '/home/sangyuwan/lidar/install/livox_ros_driver2/lib/python3.10/site-packages'
[11.675s] Level 1:colcon.colcon_core.environment:checking '/home/sangyuwan/lidar/install/livox_ros_driver2/bin'
[11.675s] INFO:colcon.colcon_core.shell:Creating package script '/home/sangyuwan/lidar/install/livox_ros_driver2/share/livox_ros_driver2/package.ps1'
[11.676s] INFO:colcon.colcon_core.shell:Creating package descriptor '/home/sangyuwan/lidar/install/livox_ros_driver2/share/livox_ros_driver2/package.dsv'
[11.676s] INFO:colcon.colcon_core.shell:Creating package script '/home/sangyuwan/lidar/install/livox_ros_driver2/share/livox_ros_driver2/package.sh'
[11.677s] INFO:colcon.colcon_core.shell:Creating package script '/home/sangyuwan/lidar/install/livox_ros_driver2/share/livox_ros_driver2/package.bash'
[11.677s] INFO:colcon.colcon_core.shell:Creating package script '/home/sangyuwan/lidar/install/livox_ros_driver2/share/livox_ros_driver2/package.zsh'
[11.678s] Level 1:colcon.colcon_core.environment:create_file_with_runtime_dependencies(/home/sangyuwan/lidar/install/livox_ros_driver2/share/colcon-core/packages/livox_ros_driver2)
[11.678s] Level 1:colcon.colcon_core.environment:create_environment_scripts_only(livox_ros_driver2)
[11.678s] Level 1:colcon.colcon_core.environment:checking '/home/sangyuwan/lidar/install/livox_ros_driver2' for CMake module files
[11.679s] Level 1:colcon.colcon_core.environment:checking '/home/sangyuwan/lidar/install/livox_ros_driver2' for CMake config files
[11.679s] Level 1:colcon.colcon_core.shell:create_environment_hook('livox_ros_driver2', 'cmake_prefix_path')
[11.679s] INFO:colcon.colcon_core.shell:Creating environment hook '/home/sangyuwan/lidar/install/livox_ros_driver2/share/livox_ros_driver2/hook/cmake_prefix_path.ps1'
[11.679s] INFO:colcon.colcon_core.shell:Creating environment descriptor '/home/sangyuwan/lidar/install/livox_ros_driver2/share/livox_ros_driver2/hook/cmake_prefix_path.dsv'
[11.679s] INFO:colcon.colcon_core.shell:Creating environment hook '/home/sangyuwan/lidar/install/livox_ros_driver2/share/livox_ros_driver2/hook/cmake_prefix_path.sh'
[11.680s] Level 1:colcon.colcon_core.environment:checking '/home/sangyuwan/lidar/install/livox_ros_driver2/lib'
[11.680s] Level 1:colcon.colcon_core.shell:create_environment_hook('livox_ros_driver2', 'ld_library_path_lib')
[11.680s] INFO:colcon.colcon_core.shell:Creating environment hook '/home/sangyuwan/lidar/install/livox_ros_driver2/share/livox_ros_driver2/hook/ld_library_path_lib.ps1'
[11.680s] INFO:colcon.colcon_core.shell:Creating environment descriptor '/home/sangyuwan/lidar/install/livox_ros_driver2/share/livox_ros_driver2/hook/ld_library_path_lib.dsv'
[11.680s] INFO:colcon.colcon_core.shell:Creating environment hook '/home/sangyuwan/lidar/install/livox_ros_driver2/share/livox_ros_driver2/hook/ld_library_path_lib.sh'
[11.680s] Level 1:colcon.colcon_core.environment:checking '/home/sangyuwan/lidar/install/livox_ros_driver2/bin'
[11.680s] Level 1:colcon.colcon_core.environment:checking '/home/sangyuwan/lidar/install/livox_ros_driver2/lib/pkgconfig/livox_ros_driver2.pc'
[11.681s] Level 1:colcon.colcon_core.environment:checking '/home/sangyuwan/lidar/install/livox_ros_driver2/lib/python3.10/site-packages'
[11.681s] Level 1:colcon.colcon_core.environment:checking '/home/sangyuwan/lidar/install/livox_ros_driver2/bin'
[11.681s] INFO:colcon.colcon_core.shell:Creating package script '/home/sangyuwan/lidar/install/livox_ros_driver2/share/livox_ros_driver2/package.ps1'
[11.681s] INFO:colcon.colcon_core.shell:Creating package descriptor '/home/sangyuwan/lidar/install/livox_ros_driver2/share/livox_ros_driver2/package.dsv'
[11.681s] INFO:colcon.colcon_core.shell:Creating package script '/home/sangyuwan/lidar/install/livox_ros_driver2/share/livox_ros_driver2/package.sh'
[11.682s] INFO:colcon.colcon_core.shell:Creating package script '/home/sangyuwan/lidar/install/livox_ros_driver2/share/livox_ros_driver2/package.bash'
[11.682s] INFO:colcon.colcon_core.shell:Creating package script '/home/sangyuwan/lidar/install/livox_ros_driver2/share/livox_ros_driver2/package.zsh'
[11.682s] Level 1:colcon.colcon_core.environment:create_file_with_runtime_dependencies(/home/sangyuwan/lidar/install/livox_ros_driver2/share/colcon-core/packages/livox_ros_driver2)
[11.682s] INFO:colcon.colcon_ros.task.ament_cmake.build:Building ROS package in '/home/sangyuwan/lidar/src/lidar_bringup' with build type 'ament_cmake'
[11.683s] INFO:colcon.colcon_cmake.task.cmake.build:Building CMake package in '/home/sangyuwan/lidar/src/lidar_bringup'
[11.683s] INFO:colcon.colcon_core.shell:Skip shell extension 'powershell' for command environment: Not usable outside of PowerShell
[11.683s] DEBUG:colcon.colcon_core.shell:Skip shell extension 'dsv' for command environment
[11.692s] DEBUG:colcon.colcon_core.event_handler.log_command:Invoking command in '/home/sangyuwan/lidar/build/lidar_bringup': AMENT_PREFIX_PATH=/home/sangyuwan/lidar/install/livox_ros_driver2:${AMENT_PREFIX_PATH} CMAKE_PREFIX_PATH=/home/sangyuwan/lidar/install/livox_ros_driver2:/opt/ros/humble LD_LIBRARY_PATH=/home/sangyuwan/lidar/install/livox_ros_driver2/lib:${LD_LIBRARY_PATH} PYTHONPATH=/home/sangyuwan/lidar/install/livox_ros_driver2/local/lib/python3.10/dist-packages:${PYTHONPATH} /usr/bin/cmake /home/sangyuwan/lidar/src/lidar_bringup -DROS_EDITION=ROS2 -DDISTRO_ROS=humble -DLIVOX_LIDAR_SDK_ROOT=/home/sangyuwan/lidar/third_party/Livox-SDK2/install -DCMAKE_BUILD_TYPE=Release -DCMAKE_INSTALL_PREFIX=/home/sangyuwan/lidar/install/lidar_bringup
[12.139s] DEBUG:colcon.colcon_core.event_handler.log_command:Invoked command in '/home/sangyuwan/lidar/build/lidar_bringup' returned '0': AMENT_PREFIX_PATH=/home/sangyuwan/lidar/install/livox_ros_driver2:${AMENT_PREFIX_PATH} CMAKE_PREFIX_PATH=/home/sangyuwan/lidar/install/livox_ros_driver2:/opt/ros/humble LD_LIBRARY_PATH=/home/sangyuwan/lidar/install/livox_ros_driver2/lib:${LD_LIBRARY_PATH} PYTHONPATH=/home/sangyuwan/lidar/install/livox_ros_driver2/local/lib/python3.10/dist-packages:${PYTHONPATH} /usr/bin/cmake /home/sangyuwan/lidar/src/lidar_bringup -DROS_EDITION=ROS2 -DDISTRO_ROS=humble -DLIVOX_LIDAR_SDK_ROOT=/home/sangyuwan/lidar/third_party/Livox-SDK2/install -DCMAKE_BUILD_TYPE=Release -DCMAKE_INSTALL_PREFIX=/home/sangyuwan/lidar/install/lidar_bringup
[12.140s] DEBUG:colcon.colcon_core.event_handler.log_command:Invoking command in '/home/sangyuwan/lidar/build/lidar_bringup': AMENT_PREFIX_PATH=/home/sangyuwan/lidar/install/livox_ros_driver2:${AMENT_PREFIX_PATH} CMAKE_PREFIX_PATH=/home/sangyuwan/lidar/install/livox_ros_driver2:/opt/ros/humble LD_LIBRARY_PATH=/home/sangyuwan/lidar/install/livox_ros_driver2/lib:${LD_LIBRARY_PATH} PYTHONPATH=/home/sangyuwan/lidar/install/livox_ros_driver2/local/lib/python3.10/dist-packages:${PYTHONPATH} /usr/bin/cmake --build /home/sangyuwan/lidar/build/lidar_bringup -- -j16 -l16
[12.176s] DEBUG:colcon.colcon_core.event_handler.log_command:Invoked command in '/home/sangyuwan/lidar/build/lidar_bringup' returned '0': AMENT_PREFIX_PATH=/home/sangyuwan/lidar/install/livox_ros_driver2:${AMENT_PREFIX_PATH} CMAKE_PREFIX_PATH=/home/sangyuwan/lidar/install/livox_ros_driver2:/opt/ros/humble LD_LIBRARY_PATH=/home/sangyuwan/lidar/install/livox_ros_driver2/lib:${LD_LIBRARY_PATH} PYTHONPATH=/home/sangyuwan/lidar/install/livox_ros_driver2/local/lib/python3.10/dist-packages:${PYTHONPATH} /usr/bin/cmake --build /home/sangyuwan/lidar/build/lidar_bringup -- -j16 -l16
[12.177s] DEBUG:colcon.colcon_core.event_handler.log_command:Invoking command in '/home/sangyuwan/lidar/build/lidar_bringup': AMENT_PREFIX_PATH=/home/sangyuwan/lidar/install/livox_ros_driver2:${AMENT_PREFIX_PATH} CMAKE_PREFIX_PATH=/home/sangyuwan/lidar/install/livox_ros_driver2:/opt/ros/humble LD_LIBRARY_PATH=/home/sangyuwan/lidar/install/livox_ros_driver2/lib:${LD_LIBRARY_PATH} PYTHONPATH=/home/sangyuwan/lidar/install/livox_ros_driver2/local/lib/python3.10/dist-packages:${PYTHONPATH} /usr/bin/cmake --install /home/sangyuwan/lidar/build/lidar_bringup
[12.186s] Level 1:colcon.colcon_core.environment:create_environment_scripts_only(lidar_bringup)
[12.186s] Level 1:colcon.colcon_core.environment:checking '/home/sangyuwan/lidar/install/lidar_bringup' for CMake module files
[12.187s] DEBUG:colcon.colcon_core.event_handler.log_command:Invoked command in '/home/sangyuwan/lidar/build/lidar_bringup' returned '0': AMENT_PREFIX_PATH=/home/sangyuwan/lidar/install/livox_ros_driver2:${AMENT_PREFIX_PATH} CMAKE_PREFIX_PATH=/home/sangyuwan/lidar/install/livox_ros_driver2:/opt/ros/humble LD_LIBRARY_PATH=/home/sangyuwan/lidar/install/livox_ros_driver2/lib:${LD_LIBRARY_PATH} PYTHONPATH=/home/sangyuwan/lidar/install/livox_ros_driver2/local/lib/python3.10/dist-packages:${PYTHONPATH} /usr/bin/cmake --install /home/sangyuwan/lidar/build/lidar_bringup
[12.187s] Level 1:colcon.colcon_core.environment:checking '/home/sangyuwan/lidar/install/lidar_bringup' for CMake config files
[12.187s] Level 1:colcon.colcon_core.shell:create_environment_hook('lidar_bringup', 'cmake_prefix_path')
[12.187s] INFO:colcon.colcon_core.shell:Creating environment hook '/home/sangyuwan/lidar/install/lidar_bringup/share/lidar_bringup/hook/cmake_prefix_path.ps1'
[12.188s] INFO:colcon.colcon_core.shell:Creating environment descriptor '/home/sangyuwan/lidar/install/lidar_bringup/share/lidar_bringup/hook/cmake_prefix_path.dsv'
[12.188s] INFO:colcon.colcon_core.shell:Creating environment hook '/home/sangyuwan/lidar/install/lidar_bringup/share/lidar_bringup/hook/cmake_prefix_path.sh'
[12.189s] Level 1:colcon.colcon_core.environment:checking '/home/sangyuwan/lidar/install/lidar_bringup/bin'
[12.189s] Level 1:colcon.colcon_core.environment:checking '/home/sangyuwan/lidar/install/lidar_bringup/lib/pkgconfig/lidar_bringup.pc'
[12.189s] Level 1:colcon.colcon_core.environment:checking '/home/sangyuwan/lidar/install/lidar_bringup/lib/python3.10/site-packages'
[12.189s] Level 1:colcon.colcon_core.environment:checking '/home/sangyuwan/lidar/install/lidar_bringup/bin'
[12.189s] INFO:colcon.colcon_core.shell:Creating package script '/home/sangyuwan/lidar/install/lidar_bringup/share/lidar_bringup/package.ps1'
[12.189s] INFO:colcon.colcon_core.shell:Creating package descriptor '/home/sangyuwan/lidar/install/lidar_bringup/share/lidar_bringup/package.dsv'
[12.190s] INFO:colcon.colcon_core.shell:Creating package script '/home/sangyuwan/lidar/install/lidar_bringup/share/lidar_bringup/package.sh'
[12.190s] INFO:colcon.colcon_core.shell:Creating package script '/home/sangyuwan/lidar/install/lidar_bringup/share/lidar_bringup/package.bash'
[12.190s] INFO:colcon.colcon_core.shell:Creating package script '/home/sangyuwan/lidar/install/lidar_bringup/share/lidar_bringup/package.zsh'
[12.190s] Level 1:colcon.colcon_core.environment:create_file_with_runtime_dependencies(/home/sangyuwan/lidar/install/lidar_bringup/share/colcon-core/packages/lidar_bringup)
[12.190s] Level 1:colcon.colcon_core.environment:create_environment_scripts_only(lidar_bringup)
[12.190s] Level 1:colcon.colcon_core.environment:checking '/home/sangyuwan/lidar/install/lidar_bringup' for CMake module files
[12.191s] Level 1:colcon.colcon_core.environment:checking '/home/sangyuwan/lidar/install/lidar_bringup' for CMake config files
[12.191s] Level 1:colcon.colcon_core.shell:create_environment_hook('lidar_bringup', 'cmake_prefix_path')
[12.191s] INFO:colcon.colcon_core.shell:Creating environment hook '/home/sangyuwan/lidar/install/lidar_bringup/share/lidar_bringup/hook/cmake_prefix_path.ps1'
[12.191s] INFO:colcon.colcon_core.shell:Creating environment descriptor '/home/sangyuwan/lidar/install/lidar_bringup/share/lidar_bringup/hook/cmake_prefix_path.dsv'
[12.191s] INFO:colcon.colcon_core.shell:Creating environment hook '/home/sangyuwan/lidar/install/lidar_bringup/share/lidar_bringup/hook/cmake_prefix_path.sh'
[12.192s] Level 1:colcon.colcon_core.environment:checking '/home/sangyuwan/lidar/install/lidar_bringup/bin'
[12.192s] Level 1:colcon.colcon_core.environment:checking '/home/sangyuwan/lidar/install/lidar_bringup/lib/pkgconfig/lidar_bringup.pc'
[12.192s] Level 1:colcon.colcon_core.environment:checking '/home/sangyuwan/lidar/install/lidar_bringup/lib/python3.10/site-packages'
[12.192s] Level 1:colcon.colcon_core.environment:checking '/home/sangyuwan/lidar/install/lidar_bringup/bin'
[12.193s] INFO:colcon.colcon_core.shell:Creating package script '/home/sangyuwan/lidar/install/lidar_bringup/share/lidar_bringup/package.ps1'
[12.193s] INFO:colcon.colcon_core.shell:Creating package descriptor '/home/sangyuwan/lidar/install/lidar_bringup/share/lidar_bringup/package.dsv'
[12.194s] INFO:colcon.colcon_core.shell:Creating package script '/home/sangyuwan/lidar/install/lidar_bringup/share/lidar_bringup/package.sh'
[12.194s] INFO:colcon.colcon_core.shell:Creating package script '/home/sangyuwan/lidar/install/lidar_bringup/share/lidar_bringup/package.bash'
[12.194s] INFO:colcon.colcon_core.shell:Creating package script '/home/sangyuwan/lidar/install/lidar_bringup/share/lidar_bringup/package.zsh'
[12.194s] Level 1:colcon.colcon_core.environment:create_file_with_runtime_dependencies(/home/sangyuwan/lidar/install/lidar_bringup/share/colcon-core/packages/lidar_bringup)
[12.194s] DEBUG:colcon.colcon_parallel_executor.executor.parallel:closing loop
[12.195s] DEBUG:colcon.colcon_parallel_executor.executor.parallel:loop closed
[12.195s] DEBUG:colcon.colcon_parallel_executor.executor.parallel:run_until_complete finished with '0'
[12.195s] DEBUG:colcon.colcon_core.event_reactor:joining thread
[12.199s] INFO:colcon.colcon_core.plugin_system:Skipping extension 'colcon_notification.desktop_notification.terminal_notifier': Not used on non-Darwin systems
[12.200s] INFO:colcon.colcon_core.plugin_system:Skipping extension 'colcon_notification.desktop_notification.win32': Not used on non-Windows systems
[12.200s] INFO:colcon.colcon_notification.desktop_notification:Sending desktop notification using 'notify2'
[12.208s] DEBUG:colcon.colcon_core.event_reactor:joined thread
[12.208s] INFO:colcon.colcon_core.shell:Creating prefix script '/home/sangyuwan/lidar/install/local_setup.ps1'
[12.209s] INFO:colcon.colcon_core.shell:Creating prefix util module '/home/sangyuwan/lidar/install/_local_setup_util_ps1.py'
[12.210s] INFO:colcon.colcon_core.shell:Creating prefix chain script '/home/sangyuwan/lidar/install/setup.ps1'
[12.211s] INFO:colcon.colcon_core.shell:Creating prefix script '/home/sangyuwan/lidar/install/local_setup.sh'
[12.211s] INFO:colcon.colcon_core.shell:Creating prefix util module '/home/sangyuwan/lidar/install/_local_setup_util_sh.py'
[12.211s] INFO:colcon.colcon_core.shell:Creating prefix chain script '/home/sangyuwan/lidar/install/setup.sh'
[12.212s] INFO:colcon.colcon_core.shell:Creating prefix script '/home/sangyuwan/lidar/install/local_setup.bash'
[12.212s] INFO:colcon.colcon_core.shell:Creating prefix chain script '/home/sangyuwan/lidar/install/setup.bash'
[12.212s] INFO:colcon.colcon_core.shell:Creating prefix script '/home/sangyuwan/lidar/install/local_setup.zsh'
[12.213s] INFO:colcon.colcon_core.shell:Creating prefix chain script '/home/sangyuwan/lidar/install/setup.zsh'
