running egg_info
creating ../../build/lidar_localization/lidar_localization.egg-info
writing ../../build/lidar_localization/lidar_localization.egg-info/PKG-INFO
writing dependency_links to ../../build/lidar_localization/lidar_localization.egg-info/dependency_links.txt
writing entry points to ../../build/lidar_localization/lidar_localization.egg-info/entry_points.txt
writing requirements to ../../build/lidar_localization/lidar_localization.egg-info/requires.txt
writing top-level names to ../../build/lidar_localization/lidar_localization.egg-info/top_level.txt
writing manifest file '../../build/lidar_localization/lidar_localization.egg-info/SOURCES.txt'
reading manifest file '../../build/lidar_localization/lidar_localization.egg-info/SOURCES.txt'
writing manifest file '../../build/lidar_localization/lidar_localization.egg-info/SOURCES.txt'
running build
running build_py
creating /home/sangyuwan/lidar/build/lidar_localization/build
creating /home/sangyuwan/lidar/build/lidar_localization/build/lib
creating /home/sangyuwan/lidar/build/lidar_localization/build/lib/lidar_localization
copying lidar_localization/__init__.py -> /home/sangyuwan/lidar/build/lidar_localization/build/lib/lidar_localization
copying lidar_localization/pose_math.py -> /home/sangyuwan/lidar/build/lidar_localization/build/lib/lidar_localization
copying lidar_localization/pose_from_odom.py -> /home/sangyuwan/lidar/build/lidar_localization/build/lib/lidar_localization
copying lidar_localization/print_lidar_pose.py -> /home/sangyuwan/lidar/build/lidar_localization/build/lib/lidar_localization
running install
running install_lib
creating /home/sangyuwan/lidar/install/lidar_localization/lib/python3.10/site-packages/lidar_localization
copying /home/sangyuwan/lidar/build/lidar_localization/build/lib/lidar_localization/__init__.py -> /home/sangyuwan/lidar/install/lidar_localization/lib/python3.10/site-packages/lidar_localization
copying /home/sangyuwan/lidar/build/lidar_localization/build/lib/lidar_localization/pose_math.py -> /home/sangyuwan/lidar/install/lidar_localization/lib/python3.10/site-packages/lidar_localization
copying /home/sangyuwan/lidar/build/lidar_localization/build/lib/lidar_localization/pose_from_odom.py -> /home/sangyuwan/lidar/install/lidar_localization/lib/python3.10/site-packages/lidar_localization
copying /home/sangyuwan/lidar/build/lidar_localization/build/lib/lidar_localization/print_lidar_pose.py -> /home/sangyuwan/lidar/install/lidar_localization/lib/python3.10/site-packages/lidar_localization
byte-compiling /home/sangyuwan/lidar/install/lidar_localization/lib/python3.10/site-packages/lidar_localization/__init__.py to __init__.cpython-310.pyc
byte-compiling /home/sangyuwan/lidar/install/lidar_localization/lib/python3.10/site-packages/lidar_localization/pose_math.py to pose_math.cpython-310.pyc
byte-compiling /home/sangyuwan/lidar/install/lidar_localization/lib/python3.10/site-packages/lidar_localization/pose_from_odom.py to pose_from_odom.cpython-310.pyc
byte-compiling /home/sangyuwan/lidar/install/lidar_localization/lib/python3.10/site-packages/lidar_localization/print_lidar_pose.py to print_lidar_pose.cpython-310.pyc
running install_data
creating /home/sangyuwan/lidar/install/lidar_localization/share/ament_index
creating /home/sangyuwan/lidar/install/lidar_localization/share/ament_index/resource_index
creating /home/sangyuwan/lidar/install/lidar_localization/share/ament_index/resource_index/packages
copying resource/lidar_localization -> /home/sangyuwan/lidar/install/lidar_localization/share/ament_index/resource_index/packages
copying package.xml -> /home/sangyuwan/lidar/install/lidar_localization/share/lidar_localization
creating /home/sangyuwan/lidar/install/lidar_localization/share/lidar_localization/config
copying config/lidar_pose_interface.yaml -> /home/sangyuwan/lidar/install/lidar_localization/share/lidar_localization/config
creating /home/sangyuwan/lidar/install/lidar_localization/share/lidar_localization/launch
copying launch/lidar_pose_from_odom.launch.py -> /home/sangyuwan/lidar/install/lidar_localization/share/lidar_localization/launch
running install_egg_info
Copying ../../build/lidar_localization/lidar_localization.egg-info to /home/sangyuwan/lidar/install/lidar_localization/lib/python3.10/site-packages/lidar_localization-0.1.0-py3.10.egg-info
running install_scripts
Installing pose_from_odom script to /home/sangyuwan/lidar/install/lidar_localization/lib/lidar_localization
Installing print_lidar_pose script to /home/sangyuwan/lidar/install/lidar_localization/lib/lidar_localization
writing list of installed files to '/home/sangyuwan/lidar/build/lidar_localization/install.log'
