[0.007s] Invoking command in '/home/sangyuwan/lidar/build/fast_lio': AMENT_PREFIX_PATH=/home/sangyuwan/lidar/install/livox_ros_driver2:${AMENT_PREFIX_PATH} CMAKE_PREFIX_PATH=/home/sangyuwan/lidar/install/livox_ros_driver2:/opt/ros/humble LD_LIBRARY_PATH=/home/sangyuwan/lidar/install/livox_ros_driver2/lib:${LD_LIBRARY_PATH} PYTHONPATH=/home/sangyuwan/lidar/install/livox_ros_driver2/local/lib/python3.10/dist-packages:${PYTHONPATH} /usr/bin/cmake /home/sangyuwan/lidar/src/FAST_LIO -DROS_EDITION=ROS2 -DDISTRO_ROS=humble -DLIVOX_LIDAR_SDK_ROOT=/home/sangyuwan/lidar/third_party/Livox-SDK2/install -DCMAKE_BUILD_TYPE=Release -DCMAKE_INSTALL_PREFIX=/home/sangyuwan/lidar/install/fast_lio
[0.016s] Current CPU archtecture: x86_64
[0.020s] Processer number:  16
[0.020s] core for MP: 3
[0.023s] -- Found ament_cmake: 1.3.14 (/opt/ros/humble/share/ament_cmake/cmake)
[0.113s] -- Found rclcpp: 16.0.19 (/opt/ros/humble/share/rclcpp/cmake)
[0.131s] -- Found rosidl_generator_c: 3.1.8 (/opt/ros/humble/share/rosidl_generator_c/cmake)
[0.132s] -- Found rosidl_adapter: 3.1.8 (/opt/ros/humble/share/rosidl_adapter/cmake)
[0.136s] -- Found rosidl_generator_cpp: 3.1.8 (/opt/ros/humble/share/rosidl_generator_cpp/cmake)
[0.141s] -- Using all available rosidl_typesupport_c: rosidl_typesupport_fastrtps_c;rosidl_typesupport_introspection_c
[0.148s] -- Using all available rosidl_typesupport_cpp: rosidl_typesupport_fastrtps_cpp;rosidl_typesupport_introspection_cpp
[0.167s] -- Found rmw_implementation_cmake: 6.1.2 (/opt/ros/humble/share/rmw_implementation_cmake/cmake)
[0.167s] -- Found rmw_fastrtps_cpp: 6.2.10 (/opt/ros/humble/share/rmw_fastrtps_cpp/cmake)
[0.233s] -- Using RMW implementation 'rmw_fastrtps_cpp' as default
[0.263s] -- Found rclcpp_components: 16.0.19 (/opt/ros/humble/share/rclcpp_components/cmake)
[0.274s] -- Found geometry_msgs: 4.9.1 (/opt/ros/humble/share/geometry_msgs/cmake)
[0.282s] -- Found nav_msgs: 4.9.1 (/opt/ros/humble/share/nav_msgs/cmake)
[0.292s] -- Found sensor_msgs: 4.9.1 (/opt/ros/humble/share/sensor_msgs/cmake)
[0.302s] -- Found std_srvs: 4.9.1 (/opt/ros/humble/share/std_srvs/cmake)
[0.307s] -- Found visualization_msgs: 4.9.1 (/opt/ros/humble/share/visualization_msgs/cmake)
[0.320s] -- Found pcl_conversions: 2.4.5 (/opt/ros/humble/share/pcl_conversions/cmake)
[0.347s] -- Checking for module 'eigen3'
[0.362s] --   Found eigen3, version 3.4.0
[0.391s] -- Found Eigen: /usr/include/eigen3 (Required is at least version "3.1") 
[0.392s] -- Eigen found (include: /usr/include/eigen3, version: 3.4.0)
[0.414s] -- Checking for module 'flann'
[0.426s] --   Found flann, version 1.9.1
[0.463s] -- Found FLANN: /usr/lib/x86_64-linux-gnu/libflann_cpp.so  
[0.463s] -- FLANN found (include: /usr/include, lib: /usr/lib/x86_64-linux-gnu/libflann_cpp.so)
[1.278s] -- Checking for module 'libusb-1.0'
[1.291s] --   Found libusb-1.0, version 1.0.25
[1.325s] -- Found libusb: /usr/lib/x86_64-linux-gnu/libusb-1.0.so  
[1.325s] -- OpenNI found (version: 1.5.4.0, include: /usr/include/ni, lib: /usr/lib/libOpenNI.so;libusb::libusb)
[1.379s] -- OpenNI2 found (version: 2.2.0.33, include: /usr/include/openni2, lib: /usr/lib/x86_64-linux-gnu/libOpenNI2.so;libusb::libusb)
[1.487s] -- Eigen found (include: /usr/include/eigen3, version: 3.4.0)
[1.492s] -- OpenNI found (version: 1.5.4.0, include: /usr/include/ni, lib: /usr/lib/libOpenNI.so;libusb::libusb)
[1.497s] -- OpenNI2 found (version: 2.2.0.33, include: /usr/include/openni2, lib: /usr/lib/x86_64-linux-gnu/libOpenNI2.so;libusb::libusb)
[1.594s] -- Found Qhull version 8.0.2
[1.699s] -- OpenNI found (version: 1.5.4.0, include: /usr/include/ni, lib: /usr/lib/libOpenNI.so;libusb::libusb)
[1.798s] -- Found PCL_COMMON: /usr/lib/x86_64-linux-gnu/libpcl_common.so  
[1.798s] -- Found PCL_KDTREE: /usr/lib/x86_64-linux-gnu/libpcl_kdtree.so  
[1.798s] -- Found PCL_OCTREE: /usr/lib/x86_64-linux-gnu/libpcl_octree.so  
[1.799s] -- Found PCL_SEARCH: /usr/lib/x86_64-linux-gnu/libpcl_search.so  
[1.799s] -- Found PCL_SAMPLE_CONSENSUS: /usr/lib/x86_64-linux-gnu/libpcl_sample_consensus.so  
[1.800s] -- Found PCL_FILTERS: /usr/lib/x86_64-linux-gnu/libpcl_filters.so  
[1.800s] -- Found PCL_2D: /usr/include/pcl-1.12  
[1.800s] -- Found PCL_GEOMETRY: /usr/include/pcl-1.12  
[1.800s] -- Found PCL_IO: /usr/lib/x86_64-linux-gnu/libpcl_io.so  
[1.801s] -- Found PCL_FEATURES: /usr/lib/x86_64-linux-gnu/libpcl_features.so  
[1.802s] -- Found PCL_ML: /usr/lib/x86_64-linux-gnu/libpcl_ml.so  
[1.802s] -- Found PCL_SEGMENTATION: /usr/lib/x86_64-linux-gnu/libpcl_segmentation.so  
[1.803s] -- Found PCL_VISUALIZATION: /usr/lib/x86_64-linux-gnu/libpcl_visualization.so  
[1.803s] -- Found PCL_SURFACE: /usr/lib/x86_64-linux-gnu/libpcl_surface.so  
[1.804s] -- Found PCL_REGISTRATION: /usr/lib/x86_64-linux-gnu/libpcl_registration.so  
[1.804s] -- Found PCL_KEYPOINTS: /usr/lib/x86_64-linux-gnu/libpcl_keypoints.so  
[1.804s] -- Found PCL_TRACKING: /usr/lib/x86_64-linux-gnu/libpcl_tracking.so  
[1.805s] -- Found PCL_RECOGNITION: /usr/lib/x86_64-linux-gnu/libpcl_recognition.so  
[1.806s] -- Found PCL_STEREO: /usr/lib/x86_64-linux-gnu/libpcl_stereo.so  
[1.806s] -- Found PCL_APPS: /usr/lib/x86_64-linux-gnu/libpcl_apps.so  
[1.806s] -- Found PCL_IN_HAND_SCANNER: /usr/include/pcl-1.12  
[1.807s] -- Found PCL_MODELER: /usr/include/pcl-1.12  
[1.807s] -- Found PCL_POINT_CLOUD_EDITOR: /usr/include/pcl-1.12  
[1.807s] -- Found PCL_OUTOFCORE: /usr/lib/x86_64-linux-gnu/libpcl_outofcore.so  
[1.808s] -- Found PCL_PEOPLE: /usr/lib/x86_64-linux-gnu/libpcl_people.so  
[1.810s] -- Found livox_ros_driver2: 1.0.0 (/home/sangyuwan/lidar/install/livox_ros_driver2/share/livox_ros_driver2/cmake)
[1.825s] -- Found rosidl_default_generators: 1.2.1 (/opt/ros/humble/share/rosidl_default_generators/cmake)
[1.836s] CMake Warning (dev) at CMakeLists.txt:79 (find_package):
[1.836s]   Policy CMP0074 is not set: find_package uses <PackageName>_ROOT variables.
[1.836s]   Run "cmake --help-policy CMP0074" for policy details.  Use the cmake_policy
[1.837s]   command to set the policy and suppress this warning.
[1.837s] 
[1.837s]   CMake variable PCL_ROOT is set to:
[1.837s] 
[1.837s]     /usr
[1.837s] 
[1.837s]   For compatibility, CMake is ignoring the variable.
[1.837s] This warning is for project developers.  Use -Wno-dev to suppress it.
[1.837s] 
[1.843s] Eigen:/usr/include/eigen3
[1.843s] -- PCL: /usr/include/pcl-1.12
[2.014s] -- Found ament_cmake_ros: 0.10.0 (/opt/ros/humble/share/ament_cmake_ros/cmake)
[2.230s] -- Using all available rosidl_typesupport_c: rosidl_typesupport_fastrtps_c;rosidl_typesupport_introspection_c
[2.312s] -- Using all available rosidl_typesupport_cpp: rosidl_typesupport_fastrtps_cpp;rosidl_typesupport_introspection_cpp
[2.331s] -- Found PythonInterp: /usr/bin/python3 (found suitable version "3.10.12", minimum required is "3.6") 
[2.332s] -- Found python_cmake_module: 0.10.0 (/opt/ros/humble/share/python_cmake_module/cmake)
[2.349s] -- Found PythonLibs: /usr/lib/x86_64-linux-gnu/libpython3.10.so (found suitable version "3.10.12", minimum required is "3.5") 
[2.349s] -- Using PYTHON_EXECUTABLE: /usr/bin/python3
[2.349s] -- Using PYTHON_INCLUDE_DIRS: /usr/include/python3.10
[2.349s] -- Using PYTHON_LIBRARIES: /usr/lib/x86_64-linux-gnu/libpython3.10.so
[2.366s] -- Found PythonExtra: .so  
[2.452s] -- Configuring done
[2.460s] CMake Error at CMakeLists.txt:93 (add_executable):
[2.460s]   Cannot find source file:
[2.460s] 
[2.460s]     include/ikd-Tree/ikd_Tree.cpp
[2.460s] 
[2.460s]   Tried extensions .c .C .c++ .cc .cpp .cxx .cu .mpp .m .M .mm .ixx .cppm .h
[2.460s]   .hh .h++ .hm .hpp .hxx .in .txx .f .F .for .f77 .f90 .f95 .f03 .hip .ispc
[2.460s] 
[2.460s] 
[2.462s] CMake Error at CMakeLists.txt:93 (add_executable):
[2.463s]   No SOURCES given to target: fastlio_mapping
[2.463s] 
[2.463s] 
[2.463s] CMake Generate step failed.  Build files cannot be regenerated correctly.
[2.478s] Invoked command in '/home/sangyuwan/lidar/build/fast_lio' returned '1': AMENT_PREFIX_PATH=/home/sangyuwan/lidar/install/livox_ros_driver2:${AMENT_PREFIX_PATH} CMAKE_PREFIX_PATH=/home/sangyuwan/lidar/install/livox_ros_driver2:/opt/ros/humble LD_LIBRARY_PATH=/home/sangyuwan/lidar/install/livox_ros_driver2/lib:${LD_LIBRARY_PATH} PYTHONPATH=/home/sangyuwan/lidar/install/livox_ros_driver2/local/lib/python3.10/dist-packages:${PYTHONPATH} /usr/bin/cmake /home/sangyuwan/lidar/src/FAST_LIO -DROS_EDITION=ROS2 -DDISTRO_ROS=humble -DLIVOX_LIDAR_SDK_ROOT=/home/sangyuwan/lidar/third_party/Livox-SDK2/install -DCMAKE_BUILD_TYPE=Release -DCMAKE_INSTALL_PREFIX=/home/sangyuwan/lidar/install/fast_lio
