[0.009s] Invoking command in '/home/sangyuwan/lidar/build/livox_ros_driver2': CMAKE_PREFIX_PATH=/opt/ros/humble /usr/bin/cmake --build /home/sangyuwan/lidar/build/livox_ros_driver2 -- -j16 -l16
[0.175s] -- livox_ros_driver2 version: 1.2.6
[0.175s] -- Found ament_cmake_auto: 1.3.14 (/opt/ros/humble/share/ament_cmake_auto/cmake)
[0.175s] -- Using all available rosidl_typesupport_c: rosidl_typesupport_fastrtps_c;rosidl_typesupport_introspection_c
[0.175s] -- Found rosidl_adapter: 3.1.8 (/opt/ros/humble/share/rosidl_adapter/cmake)
[0.195s] -- Using all available rosidl_typesupport_cpp: rosidl_typesupport_fastrtps_cpp;rosidl_typesupport_introspection_cpp
[0.238s] -- Found rmw_implementation_cmake: 6.1.2 (/opt/ros/humble/share/rmw_implementation_cmake/cmake)
[0.239s] -- Found rmw_fastrtps_cpp: 6.2.10 (/opt/ros/humble/share/rmw_fastrtps_cpp/cmake)
[0.306s] -- Using RMW implementation 'rmw_fastrtps_cpp' as default
[0.398s] -- Eigen found (include: /usr/include/eigen3, version: 3.4.0)
[0.420s] -- FLANN found (include: /usr/include, lib: /usr/lib/x86_64-linux-gnu/libflann_cpp.so)
[0.649s] -- OpenNI found (version: 1.5.4.0, include: /usr/include/ni, lib: /usr/lib/libOpenNI.so;libusb::libusb)
[0.654s] -- OpenNI2 found (version: 2.2.0.33, include: /usr/include/openni2, lib: /usr/lib/x86_64-linux-gnu/libOpenNI2.so;libusb::libusb)
[0.764s] -- Eigen found (include: /usr/include/eigen3, version: 3.4.0)
[0.769s] -- OpenNI found (version: 1.5.4.0, include: /usr/include/ni, lib: /usr/lib/libOpenNI.so;libusb::libusb)
[0.774s] -- OpenNI2 found (version: 2.2.0.33, include: /usr/include/openni2, lib: /usr/lib/x86_64-linux-gnu/libOpenNI2.so;libusb::libusb)
[0.872s] -- Found Qhull version 8.0.2
[0.980s] -- OpenNI found (version: 1.5.4.0, include: /usr/include/ni, lib: /usr/lib/libOpenNI.so;libusb::libusb)
[1.111s] -- Checking for module 'apr-1'
[1.113s] --   No package 'apr-1' found
[1.254s] -- Found ament_cmake_ros: 0.10.0 (/opt/ros/humble/share/ament_cmake_ros/cmake)
[1.400s] -- Using all available rosidl_typesupport_c: rosidl_typesupport_fastrtps_c;rosidl_typesupport_introspection_c
[1.593s] -- Using all available rosidl_typesupport_cpp: rosidl_typesupport_fastrtps_cpp;rosidl_typesupport_introspection_cpp
[1.609s] -- Found python_cmake_module: 0.10.0 (/opt/ros/humble/share/python_cmake_module/cmake)
[1.625s] -- Using PYTHON_EXECUTABLE: /usr/bin/python3
[1.625s] -- Using PYTHON_INCLUDE_DIRS: /usr/include/python3.10
[1.625s] -- Using PYTHON_LIBRARIES: /usr/lib/x86_64-linux-gnu/libpython3.10.so
[1.698s] -- Found ament_lint_auto: 0.12.15 (/opt/ros/humble/share/ament_lint_auto/cmake)
[1.705s] -- Added test 'copyright' to check source files copyright and LICENSE
[1.710s] -- Added test 'cppcheck' to perform static code analysis on C / C++ code
[1.711s] -- Configured cppcheck include dirs: /home/sangyuwan/lidar/src/livox_ros_driver2/3rdparty;/home/sangyuwan/lidar/src/livox_ros_driver2/src
[1.711s] -- Configured cppcheck exclude dirs and/or files: 
[1.716s] -- Added test 'cpplint' to check C / C++ code against the Google style
[1.716s] -- Configured cpplint exclude dirs and/or files: 
[1.717s] -- Added test 'flake8' to check Python code syntax and style conventions
[1.719s] -- Added test 'lint_cmake' to check CMake code style
[1.719s] -- Added test 'pep257' to check Python code against some of the docstring style conventions in PEP 257
[1.725s] -- Added test 'uncrustify' to check C / C++ code style
[1.725s] -- Configured uncrustify additional arguments: 
[1.726s] -- Added test 'xmllint' to check XML markup files
[1.727s] -- Configuring done
[1.782s] -- Generating done
[1.800s] -- Build files have been written to: /home/sangyuwan/lidar/build/livox_ros_driver2
[1.834s] Consolidate compiler generated dependencies of target livox_interfaces2__rosidl_generator_c
[1.840s] [  3%] Built target livox_interfaces2__rs
[1.840s] [  3%] Built target livox_interfaces2__cpp
[1.844s] [ 10%] Built target livox_interfaces2__rosidl_generator_c
[1.844s] Consolidate compiler generated dependencies of target livox_ros_driver2_node
[1.848s] [ 10%] Built target ament_cmake_python_copy_livox_ros_driver2
[1.854s] Consolidate compiler generated dependencies of target livox_interfaces2__rosidl_typesupport_introspection_cpp
[1.854s] Consolidate compiler generated dependencies of target livox_interfaces2__rosidl_typesupport_cpp
[1.854s] Consolidate compiler generated dependencies of target livox_interfaces2__rosidl_typesupport_fastrtps_cpp
[1.855s] Consolidate compiler generated dependencies of target livox_interfaces2__rosidl_typesupport_c
[1.855s] Consolidate compiler generated dependencies of target livox_interfaces2__rosidl_typesupport_introspection_c
[1.857s] [ 13%] Built target livox_ros_driver2_node
[1.859s] Consolidate compiler generated dependencies of target livox_interfaces2__rosidl_typesupport_fastrtps_c
[1.865s] [ 44%] Built target livox_interfaces2__rosidl_typesupport_fastrtps_cpp
[1.865s] [ 43%] Built target livox_interfaces2__rosidl_typesupport_introspection_cpp
[1.865s] [ 43%] Built target livox_interfaces2__rosidl_typesupport_cpp
[1.865s] [ 44%] Built target livox_interfaces2__rosidl_typesupport_c
[1.865s] [ 48%] Built target livox_interfaces2__rosidl_typesupport_introspection_c
[1.871s] [ 55%] Built target livox_interfaces2__rosidl_typesupport_fastrtps_c
[1.891s] [ 55%] Built target livox_interfaces2
[1.910s] [ 56%] Built target livox_interfaces2__py
[1.925s] Consolidate compiler generated dependencies of target livox_interfaces2__rosidl_generator_py
[1.932s] Consolidate compiler generated dependencies of target livox_ros_driver2
[1.935s] [ 62%] Built target livox_interfaces2__rosidl_generator_py
[1.948s] Consolidate compiler generated dependencies of target livox_ros_driver2__rosidl_typesupport_fastrtps_c__pyext
[1.948s] Consolidate compiler generated dependencies of target livox_ros_driver2__rosidl_typesupport_introspection_c__pyext
[1.948s] Consolidate compiler generated dependencies of target livox_ros_driver2__rosidl_typesupport_c__pyext
[1.954s] [ 89%] Built target livox_ros_driver2
[1.958s] [100%] Built target livox_ros_driver2__rosidl_typesupport_introspection_c__pyext
[1.958s] [100%] Built target livox_ros_driver2__rosidl_typesupport_c__pyext
[1.958s] [100%] Built target livox_ros_driver2__rosidl_typesupport_fastrtps_c__pyext
[1.998s] running egg_info
[1.999s] writing livox_ros_driver2.egg-info/PKG-INFO
[1.999s] writing dependency_links to livox_ros_driver2.egg-info/dependency_links.txt
[1.999s] writing top-level names to livox_ros_driver2.egg-info/top_level.txt
[2.000s] reading manifest file 'livox_ros_driver2.egg-info/SOURCES.txt'
[2.000s] writing manifest file 'livox_ros_driver2.egg-info/SOURCES.txt'
[2.023s] [100%] Built target ament_cmake_python_build_livox_ros_driver2_egg
[2.036s] Invoked command in '/home/sangyuwan/lidar/build/livox_ros_driver2' returned '0': CMAKE_PREFIX_PATH=/opt/ros/humble /usr/bin/cmake --build /home/sangyuwan/lidar/build/livox_ros_driver2 -- -j16 -l16
[2.045s] Invoking command in '/home/sangyuwan/lidar/build/livox_ros_driver2': CMAKE_PREFIX_PATH=/opt/ros/humble /usr/bin/cmake --install /home/sangyuwan/lidar/build/livox_ros_driver2
[2.052s] -- Install configuration: "Release"
[2.052s] -- Up-to-date: /home/sangyuwan/lidar/install/livox_ros_driver2/share/ament_index/resource_index/rosidl_interfaces/livox_ros_driver2
[2.052s] -- Up-to-date: /home/sangyuwan/lidar/install/livox_ros_driver2/include/livox_ros_driver2/livox_ros_driver2
[2.052s] -- Up-to-date: /home/sangyuwan/lidar/install/livox_ros_driver2/include/livox_ros_driver2/livox_ros_driver2/msg
[2.052s] -- Up-to-date: /home/sangyuwan/lidar/install/livox_ros_driver2/include/livox_ros_driver2/livox_ros_driver2/msg/custom_msg.h
[2.052s] -- Up-to-date: /home/sangyuwan/lidar/install/livox_ros_driver2/include/livox_ros_driver2/livox_ros_driver2/msg/custom_point.h
[2.052s] -- Up-to-date: /home/sangyuwan/lidar/install/livox_ros_driver2/include/livox_ros_driver2/livox_ros_driver2/msg/detail
[2.052s] -- Up-to-date: /home/sangyuwan/lidar/install/livox_ros_driver2/include/livox_ros_driver2/livox_ros_driver2/msg/detail/custom_msg__functions.c
[2.052s] -- Up-to-date: /home/sangyuwan/lidar/install/livox_ros_driver2/include/livox_ros_driver2/livox_ros_driver2/msg/detail/custom_msg__functions.h
[2.053s] -- Up-to-date: /home/sangyuwan/lidar/install/livox_ros_driver2/include/livox_ros_driver2/livox_ros_driver2/msg/detail/custom_msg__struct.h
[2.053s] -- Up-to-date: /home/sangyuwan/lidar/install/livox_ros_driver2/include/livox_ros_driver2/livox_ros_driver2/msg/detail/custom_msg__type_support.h
[2.053s] -- Up-to-date: /home/sangyuwan/lidar/install/livox_ros_driver2/include/livox_ros_driver2/livox_ros_driver2/msg/detail/custom_point__functions.c
[2.053s] -- Up-to-date: /home/sangyuwan/lidar/install/livox_ros_driver2/include/livox_ros_driver2/livox_ros_driver2/msg/detail/custom_point__functions.h
[2.053s] -- Up-to-date: /home/sangyuwan/lidar/install/livox_ros_driver2/include/livox_ros_driver2/livox_ros_driver2/msg/detail/custom_point__struct.h
[2.053s] -- Up-to-date: /home/sangyuwan/lidar/install/livox_ros_driver2/include/livox_ros_driver2/livox_ros_driver2/msg/detail/custom_point__type_support.h
[2.053s] -- Up-to-date: /home/sangyuwan/lidar/install/livox_ros_driver2/include/livox_ros_driver2/livox_ros_driver2/msg/rosidl_generator_c__visibility_control.h
[2.053s] -- Up-to-date: /home/sangyuwan/lidar/install/livox_ros_driver2/share/livox_ros_driver2/environment/library_path.sh
[2.053s] -- Installing: /home/sangyuwan/lidar/install/livox_ros_driver2/share/livox_ros_driver2/environment/library_path.dsv
[2.053s] -- Up-to-date: /home/sangyuwan/lidar/install/livox_ros_driver2/lib/liblivox_ros_driver2__rosidl_generator_c.so
[2.053s] -- Up-to-date: /home/sangyuwan/lidar/install/livox_ros_driver2/include/livox_ros_driver2/livox_ros_driver2
[2.053s] -- Up-to-date: /home/sangyuwan/lidar/install/livox_ros_driver2/include/livox_ros_driver2/livox_ros_driver2/msg
[2.054s] -- Up-to-date: /home/sangyuwan/lidar/install/livox_ros_driver2/include/livox_ros_driver2/livox_ros_driver2/msg/detail
[2.054s] -- Up-to-date: /home/sangyuwan/lidar/install/livox_ros_driver2/include/livox_ros_driver2/livox_ros_driver2/msg/detail/custom_msg__rosidl_typesupport_fastrtps_c.h
[2.054s] -- Up-to-date: /home/sangyuwan/lidar/install/livox_ros_driver2/include/livox_ros_driver2/livox_ros_driver2/msg/detail/custom_point__rosidl_typesupport_fastrtps_c.h
[2.054s] -- Up-to-date: /home/sangyuwan/lidar/install/livox_ros_driver2/include/livox_ros_driver2/livox_ros_driver2/msg/rosidl_typesupport_fastrtps_c__visibility_control.h
[2.054s] -- Up-to-date: /home/sangyuwan/lidar/install/livox_ros_driver2/lib/liblivox_ros_driver2__rosidl_typesupport_fastrtps_c.so
[2.054s] -- Up-to-date: /home/sangyuwan/lidar/install/livox_ros_driver2/include/livox_ros_driver2/livox_ros_driver2
[2.054s] -- Up-to-date: /home/sangyuwan/lidar/install/livox_ros_driver2/include/livox_ros_driver2/livox_ros_driver2/msg
[2.054s] -- Up-to-date: /home/sangyuwan/lidar/install/livox_ros_driver2/include/livox_ros_driver2/livox_ros_driver2/msg/detail
[2.054s] -- Up-to-date: /home/sangyuwan/lidar/install/livox_ros_driver2/include/livox_ros_driver2/livox_ros_driver2/msg/detail/custom_msg__rosidl_typesupport_introspection_c.h
[2.054s] -- Up-to-date: /home/sangyuwan/lidar/install/livox_ros_driver2/include/livox_ros_driver2/livox_ros_driver2/msg/detail/custom_msg__type_support.c
[2.054s] -- Up-to-date: /home/sangyuwan/lidar/install/livox_ros_driver2/include/livox_ros_driver2/livox_ros_driver2/msg/detail/custom_point__rosidl_typesupport_introspection_c.h
[2.054s] -- Up-to-date: /home/sangyuwan/lidar/install/livox_ros_driver2/include/livox_ros_driver2/livox_ros_driver2/msg/detail/custom_point__type_support.c
[2.054s] -- Up-to-date: /home/sangyuwan/lidar/install/livox_ros_driver2/include/livox_ros_driver2/livox_ros_driver2/msg/rosidl_typesupport_introspection_c__visibility_control.h
[2.054s] -- Up-to-date: /home/sangyuwan/lidar/install/livox_ros_driver2/lib/liblivox_ros_driver2__rosidl_typesupport_introspection_c.so
[2.055s] -- Up-to-date: /home/sangyuwan/lidar/install/livox_ros_driver2/lib/liblivox_ros_driver2__rosidl_typesupport_c.so
[2.055s] -- Up-to-date: /home/sangyuwan/lidar/install/livox_ros_driver2/include/livox_ros_driver2/livox_ros_driver2
[2.055s] -- Up-to-date: /home/sangyuwan/lidar/install/livox_ros_driver2/include/livox_ros_driver2/livox_ros_driver2/msg
[2.055s] -- Up-to-date: /home/sangyuwan/lidar/install/livox_ros_driver2/include/livox_ros_driver2/livox_ros_driver2/msg/custom_msg.hpp
[2.055s] -- Up-to-date: /home/sangyuwan/lidar/install/livox_ros_driver2/include/livox_ros_driver2/livox_ros_driver2/msg/custom_point.hpp
[2.055s] -- Up-to-date: /home/sangyuwan/lidar/install/livox_ros_driver2/include/livox_ros_driver2/livox_ros_driver2/msg/detail
[2.055s] -- Up-to-date: /home/sangyuwan/lidar/install/livox_ros_driver2/include/livox_ros_driver2/livox_ros_driver2/msg/detail/custom_msg__builder.hpp
[2.055s] -- Up-to-date: /home/sangyuwan/lidar/install/livox_ros_driver2/include/livox_ros_driver2/livox_ros_driver2/msg/detail/custom_msg__struct.hpp
[2.055s] -- Up-to-date: /home/sangyuwan/lidar/install/livox_ros_driver2/include/livox_ros_driver2/livox_ros_driver2/msg/detail/custom_msg__traits.hpp
[2.055s] -- Up-to-date: /home/sangyuwan/lidar/install/livox_ros_driver2/include/livox_ros_driver2/livox_ros_driver2/msg/detail/custom_msg__type_support.hpp
[2.055s] -- Up-to-date: /home/sangyuwan/lidar/install/livox_ros_driver2/include/livox_ros_driver2/livox_ros_driver2/msg/detail/custom_point__builder.hpp
[2.055s] -- Up-to-date: /home/sangyuwan/lidar/install/livox_ros_driver2/include/livox_ros_driver2/livox_ros_driver2/msg/detail/custom_point__struct.hpp
[2.055s] -- Up-to-date: /home/sangyuwan/lidar/install/livox_ros_driver2/include/livox_ros_driver2/livox_ros_driver2/msg/detail/custom_point__traits.hpp
[2.055s] -- Up-to-date: /home/sangyuwan/lidar/install/livox_ros_driver2/include/livox_ros_driver2/livox_ros_driver2/msg/detail/custom_point__type_support.hpp
[2.055s] -- Up-to-date: /home/sangyuwan/lidar/install/livox_ros_driver2/include/livox_ros_driver2/livox_ros_driver2/msg/rosidl_generator_cpp__visibility_control.hpp
[2.055s] -- Up-to-date: /home/sangyuwan/lidar/install/livox_ros_driver2/include/livox_ros_driver2/livox_ros_driver2
[2.055s] -- Up-to-date: /home/sangyuwan/lidar/install/livox_ros_driver2/include/livox_ros_driver2/livox_ros_driver2/msg
[2.055s] -- Up-to-date: /home/sangyuwan/lidar/install/livox_ros_driver2/include/livox_ros_driver2/livox_ros_driver2/msg/detail
[2.056s] -- Up-to-date: /home/sangyuwan/lidar/install/livox_ros_driver2/include/livox_ros_driver2/livox_ros_driver2/msg/detail/custom_msg__rosidl_typesupport_fastrtps_cpp.hpp
[2.056s] -- Up-to-date: /home/sangyuwan/lidar/install/livox_ros_driver2/include/livox_ros_driver2/livox_ros_driver2/msg/detail/custom_point__rosidl_typesupport_fastrtps_cpp.hpp
[2.056s] -- Up-to-date: /home/sangyuwan/lidar/install/livox_ros_driver2/include/livox_ros_driver2/livox_ros_driver2/msg/detail/dds_fastrtps
[2.056s] -- Up-to-date: /home/sangyuwan/lidar/install/livox_ros_driver2/include/livox_ros_driver2/livox_ros_driver2/msg/rosidl_typesupport_fastrtps_cpp__visibility_control.h
[2.056s] -- Up-to-date: /home/sangyuwan/lidar/install/livox_ros_driver2/lib/liblivox_ros_driver2__rosidl_typesupport_fastrtps_cpp.so
[2.056s] -- Up-to-date: /home/sangyuwan/lidar/install/livox_ros_driver2/include/livox_ros_driver2/livox_ros_driver2
[2.056s] -- Up-to-date: /home/sangyuwan/lidar/install/livox_ros_driver2/include/livox_ros_driver2/livox_ros_driver2/msg
[2.056s] -- Up-to-date: /home/sangyuwan/lidar/install/livox_ros_driver2/include/livox_ros_driver2/livox_ros_driver2/msg/detail
[2.056s] -- Up-to-date: /home/sangyuwan/lidar/install/livox_ros_driver2/include/livox_ros_driver2/livox_ros_driver2/msg/detail/custom_msg__rosidl_typesupport_introspection_cpp.hpp
[2.056s] -- Up-to-date: /home/sangyuwan/lidar/install/livox_ros_driver2/include/livox_ros_driver2/livox_ros_driver2/msg/detail/custom_msg__type_support.cpp
[2.056s] -- Up-to-date: /home/sangyuwan/lidar/install/livox_ros_driver2/include/livox_ros_driver2/livox_ros_driver2/msg/detail/custom_point__rosidl_typesupport_introspection_cpp.hpp
[2.056s] -- Up-to-date: /home/sangyuwan/lidar/install/livox_ros_driver2/include/livox_ros_driver2/livox_ros_driver2/msg/detail/custom_point__type_support.cpp
[2.056s] -- Up-to-date: /home/sangyuwan/lidar/install/livox_ros_driver2/lib/liblivox_ros_driver2__rosidl_typesupport_introspection_cpp.so
[2.056s] -- Up-to-date: /home/sangyuwan/lidar/install/livox_ros_driver2/lib/liblivox_ros_driver2__rosidl_typesupport_cpp.so
[2.056s] -- Up-to-date: /home/sangyuwan/lidar/install/livox_ros_driver2/share/livox_ros_driver2/environment/pythonpath.sh
[2.056s] -- Installing: /home/sangyuwan/lidar/install/livox_ros_driver2/share/livox_ros_driver2/environment/pythonpath.dsv
[2.057s] -- Up-to-date: /home/sangyuwan/lidar/install/livox_ros_driver2/local/lib/python3.10/dist-packages/livox_ros_driver2-1.0.0-py3.10.egg-info
[2.057s] -- Installing: /home/sangyuwan/lidar/install/livox_ros_driver2/local/lib/python3.10/dist-packages/livox_ros_driver2-1.0.0-py3.10.egg-info/PKG-INFO
[2.057s] -- Installing: /home/sangyuwan/lidar/install/livox_ros_driver2/local/lib/python3.10/dist-packages/livox_ros_driver2-1.0.0-py3.10.egg-info/SOURCES.txt
[2.057s] -- Installing: /home/sangyuwan/lidar/install/livox_ros_driver2/local/lib/python3.10/dist-packages/livox_ros_driver2-1.0.0-py3.10.egg-info/dependency_links.txt
[2.057s] -- Installing: /home/sangyuwan/lidar/install/livox_ros_driver2/local/lib/python3.10/dist-packages/livox_ros_driver2-1.0.0-py3.10.egg-info/top_level.txt
[2.057s] -- Up-to-date: /home/sangyuwan/lidar/install/livox_ros_driver2/local/lib/python3.10/dist-packages/livox_ros_driver2
[2.057s] -- Installing: /home/sangyuwan/lidar/install/livox_ros_driver2/local/lib/python3.10/dist-packages/livox_ros_driver2/__init__.py
[2.057s] -- Up-to-date: /home/sangyuwan/lidar/install/livox_ros_driver2/local/lib/python3.10/dist-packages/livox_ros_driver2/_livox_ros_driver2_s.ep.rosidl_typesupport_c.c
[2.057s] -- Up-to-date: /home/sangyuwan/lidar/install/livox_ros_driver2/local/lib/python3.10/dist-packages/livox_ros_driver2/_livox_ros_driver2_s.ep.rosidl_typesupport_fastrtps_c.c
[2.057s] -- Up-to-date: /home/sangyuwan/lidar/install/livox_ros_driver2/local/lib/python3.10/dist-packages/livox_ros_driver2/_livox_ros_driver2_s.ep.rosidl_typesupport_introspection_c.c
[2.057s] -- Up-to-date: /home/sangyuwan/lidar/install/livox_ros_driver2/local/lib/python3.10/dist-packages/livox_ros_driver2/msg
[2.057s] -- Up-to-date: /home/sangyuwan/lidar/install/livox_ros_driver2/local/lib/python3.10/dist-packages/livox_ros_driver2/msg/__init__.py
[2.057s] -- Up-to-date: /home/sangyuwan/lidar/install/livox_ros_driver2/local/lib/python3.10/dist-packages/livox_ros_driver2/msg/_custom_msg.py
[2.057s] -- Up-to-date: /home/sangyuwan/lidar/install/livox_ros_driver2/local/lib/python3.10/dist-packages/livox_ros_driver2/msg/_custom_msg_s.c
[2.057s] -- Up-to-date: /home/sangyuwan/lidar/install/livox_ros_driver2/local/lib/python3.10/dist-packages/livox_ros_driver2/msg/_custom_point.py
[2.057s] -- Up-to-date: /home/sangyuwan/lidar/install/livox_ros_driver2/local/lib/python3.10/dist-packages/livox_ros_driver2/msg/_custom_point_s.c
[2.057s] -- Up-to-date: /home/sangyuwan/lidar/install/livox_ros_driver2/local/lib/python3.10/dist-packages/livox_ros_driver2/liblivox_interfaces2__rosidl_generator_py.so
[2.057s] -- Up-to-date: /home/sangyuwan/lidar/install/livox_ros_driver2/local/lib/python3.10/dist-packages/livox_ros_driver2/livox_ros_driver2_s__rosidl_typesupport_c.cpython-310-x86_64-linux-gnu.so
[2.057s] -- Up-to-date: /home/sangyuwan/lidar/install/livox_ros_driver2/local/lib/python3.10/dist-packages/livox_ros_driver2/livox_ros_driver2_s__rosidl_typesupport_introspection_c.cpython-310-x86_64-linux-gnu.so
[2.057s] -- Up-to-date: /home/sangyuwan/lidar/install/livox_ros_driver2/local/lib/python3.10/dist-packages/livox_ros_driver2/livox_ros_driver2_s__rosidl_typesupport_fastrtps_c.cpython-310-x86_64-linux-gnu.so
[2.078s] Listing '/home/sangyuwan/lidar/install/livox_ros_driver2/local/lib/python3.10/dist-packages/livox_ros_driver2'...
[2.078s] Compiling '/home/sangyuwan/lidar/install/livox_ros_driver2/local/lib/python3.10/dist-packages/livox_ros_driver2/__init__.py'...
[2.079s] Listing '/home/sangyuwan/lidar/install/livox_ros_driver2/local/lib/python3.10/dist-packages/livox_ros_driver2/msg'...
[2.083s] -- Up-to-date: /home/sangyuwan/lidar/install/livox_ros_driver2/local/lib/python3.10/dist-packages/livox_ros_driver2/livox_ros_driver2_s__rosidl_typesupport_fastrtps_c.cpython-310-x86_64-linux-gnu.so
[2.083s] -- Up-to-date: /home/sangyuwan/lidar/install/livox_ros_driver2/local/lib/python3.10/dist-packages/livox_ros_driver2/livox_ros_driver2_s__rosidl_typesupport_introspection_c.cpython-310-x86_64-linux-gnu.so
[2.084s] -- Up-to-date: /home/sangyuwan/lidar/install/livox_ros_driver2/local/lib/python3.10/dist-packages/livox_ros_driver2/livox_ros_driver2_s__rosidl_typesupport_c.cpython-310-x86_64-linux-gnu.so
[2.084s] -- Up-to-date: /home/sangyuwan/lidar/install/livox_ros_driver2/lib/liblivox_interfaces2__rosidl_generator_py.so
[2.084s] -- Up-to-date: /home/sangyuwan/lidar/install/livox_ros_driver2/share/ament_index/resource_index/rust_packages/livox_ros_driver2
[2.084s] -- Up-to-date: /home/sangyuwan/lidar/install/livox_ros_driver2/share/livox_ros_driver2/rust
[2.084s] -- Up-to-date: /home/sangyuwan/lidar/install/livox_ros_driver2/share/livox_ros_driver2/rust/Cargo.toml
[2.084s] -- Up-to-date: /home/sangyuwan/lidar/install/livox_ros_driver2/share/livox_ros_driver2/rust/build.rs
[2.084s] -- Up-to-date: /home/sangyuwan/lidar/install/livox_ros_driver2/share/livox_ros_driver2/rust/src
[2.085s] -- Up-to-date: /home/sangyuwan/lidar/install/livox_ros_driver2/share/livox_ros_driver2/rust/src/lib.rs
[2.085s] -- Up-to-date: /home/sangyuwan/lidar/install/livox_ros_driver2/share/livox_ros_driver2/rust/src/msg.rs
[2.085s] -- Up-to-date: /home/sangyuwan/lidar/install/livox_ros_driver2/share/livox_ros_driver2/rust/src/msg
[2.085s] -- Up-to-date: /home/sangyuwan/lidar/install/livox_ros_driver2/share/livox_ros_driver2/rust/src/msg/rmw.rs
[2.085s] -- Up-to-date: /home/sangyuwan/lidar/install/livox_ros_driver2/share/livox_ros_driver2/msg/CustomPoint.idl
[2.085s] -- Up-to-date: /home/sangyuwan/lidar/install/livox_ros_driver2/share/livox_ros_driver2/msg/CustomMsg.idl
[2.085s] -- Up-to-date: /home/sangyuwan/lidar/install/livox_ros_driver2/share/livox_ros_driver2/msg/CustomPoint.msg
[2.085s] -- Up-to-date: /home/sangyuwan/lidar/install/livox_ros_driver2/share/livox_ros_driver2/msg/CustomMsg.msg
[2.085s] -- Up-to-date: /home/sangyuwan/lidar/install/livox_ros_driver2/lib/livox_ros_driver2/livox_ros_driver2_node
[2.085s] -- Up-to-date: /home/sangyuwan/lidar/install/livox_ros_driver2/lib/liblivox_ros_driver2.so
[2.085s] -- Up-to-date: /home/sangyuwan/lidar/install/livox_ros_driver2/share/livox_ros_driver2/config
[2.086s] -- Up-to-date: /home/sangyuwan/lidar/install/livox_ros_driver2/share/livox_ros_driver2/config/HAP_config.json
[2.086s] -- Up-to-date: /home/sangyuwan/lidar/install/livox_ros_driver2/share/livox_ros_driver2/config/MID360_config.json
[2.086s] -- Up-to-date: /home/sangyuwan/lidar/install/livox_ros_driver2/share/livox_ros_driver2/config/MID360s_config.json
[2.086s] -- Up-to-date: /home/sangyuwan/lidar/install/livox_ros_driver2/share/livox_ros_driver2/config/display_point_cloud_ROS1.rviz
[2.086s] -- Up-to-date: /home/sangyuwan/lidar/install/livox_ros_driver2/share/livox_ros_driver2/config/display_point_cloud_ROS2.rviz
[2.086s] -- Up-to-date: /home/sangyuwan/lidar/install/livox_ros_driver2/share/livox_ros_driver2/config/mixed_HAP_MID360_config.json
[2.086s] -- Up-to-date: /home/sangyuwan/lidar/install/livox_ros_driver2/share/livox_ros_driver2/launch_ROS2
[2.086s] -- Up-to-date: /home/sangyuwan/lidar/install/livox_ros_driver2/share/livox_ros_driver2/launch_ROS2/msg_HAP_launch.py
[2.086s] -- Up-to-date: /home/sangyuwan/lidar/install/livox_ros_driver2/share/livox_ros_driver2/launch_ROS2/msg_MID360_launch.py
[2.087s] -- Up-to-date: /home/sangyuwan/lidar/install/livox_ros_driver2/share/livox_ros_driver2/launch_ROS2/msg_MID360s_launch.py
[2.087s] -- Up-to-date: /home/sangyuwan/lidar/install/livox_ros_driver2/share/livox_ros_driver2/launch_ROS2/rviz_HAP_launch.py
[2.087s] -- Up-to-date: /home/sangyuwan/lidar/install/livox_ros_driver2/share/livox_ros_driver2/launch_ROS2/rviz_MID360_launch.py
[2.087s] -- Up-to-date: /home/sangyuwan/lidar/install/livox_ros_driver2/share/livox_ros_driver2/launch_ROS2/rviz_MID360s_launch.py
[2.087s] -- Up-to-date: /home/sangyuwan/lidar/install/livox_ros_driver2/share/livox_ros_driver2/launch_ROS2/rviz_mixed.py
[2.087s] -- Up-to-date: /home/sangyuwan/lidar/install/livox_ros_driver2/share/ament_index/resource_index/package_run_dependencies/livox_ros_driver2
[2.087s] -- Up-to-date: /home/sangyuwan/lidar/install/livox_ros_driver2/share/ament_index/resource_index/parent_prefix_path/livox_ros_driver2
[2.087s] -- Up-to-date: /home/sangyuwan/lidar/install/livox_ros_driver2/share/livox_ros_driver2/environment/ament_prefix_path.sh
[2.087s] -- Installing: /home/sangyuwan/lidar/install/livox_ros_driver2/share/livox_ros_driver2/environment/ament_prefix_path.dsv
[2.087s] -- Up-to-date: /home/sangyuwan/lidar/install/livox_ros_driver2/share/livox_ros_driver2/environment/path.sh
[2.087s] -- Installing: /home/sangyuwan/lidar/install/livox_ros_driver2/share/livox_ros_driver2/environment/path.dsv
[2.087s] -- Up-to-date: /home/sangyuwan/lidar/install/livox_ros_driver2/share/livox_ros_driver2/local_setup.bash
[2.087s] -- Up-to-date: /home/sangyuwan/lidar/install/livox_ros_driver2/share/livox_ros_driver2/local_setup.sh
[2.088s] -- Up-to-date: /home/sangyuwan/lidar/install/livox_ros_driver2/share/livox_ros_driver2/local_setup.zsh
[2.088s] -- Installing: /home/sangyuwan/lidar/install/livox_ros_driver2/share/livox_ros_driver2/local_setup.dsv
[2.088s] -- Installing: /home/sangyuwan/lidar/install/livox_ros_driver2/share/livox_ros_driver2/package.dsv
[2.088s] -- Up-to-date: /home/sangyuwan/lidar/install/livox_ros_driver2/share/ament_index/resource_index/packages/livox_ros_driver2
[2.088s] -- Up-to-date: /home/sangyuwan/lidar/install/livox_ros_driver2/share/ament_index/resource_index/rclcpp_components/livox_ros_driver2
[2.088s] -- Up-to-date: /home/sangyuwan/lidar/install/livox_ros_driver2/share/livox_ros_driver2/cmake/export_livox_interfaces2__rosidl_generator_cExport.cmake
[2.088s] -- Up-to-date: /home/sangyuwan/lidar/install/livox_ros_driver2/share/livox_ros_driver2/cmake/export_livox_interfaces2__rosidl_generator_cExport-release.cmake
[2.088s] -- Up-to-date: /home/sangyuwan/lidar/install/livox_ros_driver2/share/livox_ros_driver2/cmake/export_livox_interfaces2__rosidl_typesupport_fastrtps_cExport.cmake
[2.088s] -- Up-to-date: /home/sangyuwan/lidar/install/livox_ros_driver2/share/livox_ros_driver2/cmake/export_livox_interfaces2__rosidl_typesupport_fastrtps_cExport-release.cmake
[2.088s] -- Up-to-date: /home/sangyuwan/lidar/install/livox_ros_driver2/share/livox_ros_driver2/cmake/livox_interfaces2__rosidl_typesupport_introspection_cExport.cmake
[2.088s] -- Up-to-date: /home/sangyuwan/lidar/install/livox_ros_driver2/share/livox_ros_driver2/cmake/livox_interfaces2__rosidl_typesupport_introspection_cExport-release.cmake
[2.088s] -- Up-to-date: /home/sangyuwan/lidar/install/livox_ros_driver2/share/livox_ros_driver2/cmake/livox_interfaces2__rosidl_typesupport_cExport.cmake
[2.088s] -- Up-to-date: /home/sangyuwan/lidar/install/livox_ros_driver2/share/livox_ros_driver2/cmake/livox_interfaces2__rosidl_typesupport_cExport-release.cmake
[2.088s] -- Up-to-date: /home/sangyuwan/lidar/install/livox_ros_driver2/share/livox_ros_driver2/cmake/export_livox_interfaces2__rosidl_generator_cppExport.cmake
[2.088s] -- Up-to-date: /home/sangyuwan/lidar/install/livox_ros_driver2/share/livox_ros_driver2/cmake/export_livox_interfaces2__rosidl_typesupport_fastrtps_cppExport.cmake
[2.088s] -- Up-to-date: /home/sangyuwan/lidar/install/livox_ros_driver2/share/livox_ros_driver2/cmake/export_livox_interfaces2__rosidl_typesupport_fastrtps_cppExport-release.cmake
[2.088s] -- Up-to-date: /home/sangyuwan/lidar/install/livox_ros_driver2/share/livox_ros_driver2/cmake/livox_interfaces2__rosidl_typesupport_introspection_cppExport.cmake
[2.088s] -- Up-to-date: /home/sangyuwan/lidar/install/livox_ros_driver2/share/livox_ros_driver2/cmake/livox_interfaces2__rosidl_typesupport_introspection_cppExport-release.cmake
[2.088s] -- Up-to-date: /home/sangyuwan/lidar/install/livox_ros_driver2/share/livox_ros_driver2/cmake/livox_interfaces2__rosidl_typesupport_cppExport.cmake
[2.088s] -- Up-to-date: /home/sangyuwan/lidar/install/livox_ros_driver2/share/livox_ros_driver2/cmake/livox_interfaces2__rosidl_typesupport_cppExport-release.cmake
[2.088s] -- Up-to-date: /home/sangyuwan/lidar/install/livox_ros_driver2/share/livox_ros_driver2/cmake/export_livox_interfaces2__rosidl_generator_pyExport.cmake
[2.088s] -- Up-to-date: /home/sangyuwan/lidar/install/livox_ros_driver2/share/livox_ros_driver2/cmake/export_livox_interfaces2__rosidl_generator_pyExport-release.cmake
[2.088s] -- Up-to-date: /home/sangyuwan/lidar/install/livox_ros_driver2/share/livox_ros_driver2/cmake/rosidl_cmake-extras.cmake
[2.088s] -- Up-to-date: /home/sangyuwan/lidar/install/livox_ros_driver2/share/livox_ros_driver2/cmake/ament_cmake_export_dependencies-extras.cmake
[2.088s] -- Up-to-date: /home/sangyuwan/lidar/install/livox_ros_driver2/share/livox_ros_driver2/cmake/ament_cmake_export_include_directories-extras.cmake
[2.089s] -- Up-to-date: /home/sangyuwan/lidar/install/livox_ros_driver2/share/livox_ros_driver2/cmake/ament_cmake_export_libraries-extras.cmake
[2.089s] -- Up-to-date: /home/sangyuwan/lidar/install/livox_ros_driver2/share/livox_ros_driver2/cmake/ament_cmake_export_targets-extras.cmake
[2.089s] -- Up-to-date: /home/sangyuwan/lidar/install/livox_ros_driver2/share/livox_ros_driver2/cmake/rosidl_cmake_export_typesupport_targets-extras.cmake
[2.089s] -- Up-to-date: /home/sangyuwan/lidar/install/livox_ros_driver2/share/livox_ros_driver2/cmake/rosidl_cmake_export_typesupport_libraries-extras.cmake
[2.089s] -- Up-to-date: /home/sangyuwan/lidar/install/livox_ros_driver2/share/livox_ros_driver2/cmake/livox_ros_driver2Config.cmake
[2.089s] -- Up-to-date: /home/sangyuwan/lidar/install/livox_ros_driver2/share/livox_ros_driver2/cmake/livox_ros_driver2Config-version.cmake
[2.089s] -- Installing: /home/sangyuwan/lidar/install/livox_ros_driver2/share/livox_ros_driver2/package.xml
[2.090s] Invoked command in '/home/sangyuwan/lidar/build/livox_ros_driver2' returned '0': CMAKE_PREFIX_PATH=/opt/ros/humble /usr/bin/cmake --install /home/sangyuwan/lidar/build/livox_ros_driver2
