[0.066s] DEBUG:colcon:Command line arguments: ['/usr/bin/colcon', 'build', '--base-paths', '/home/sangyuwan/lidar/src', '--cmake-args', '-DROS_EDITION=ROS2', '-DDISTRO_ROS=humble', '-DLIVOX_LIDAR_SDK_ROOT=/home/sangyuwan/lidar/third_party/Livox-SDK2/install', '-DCMAKE_BUILD_TYPE=Release']
[0.066s] DEBUG:colcon:Parsed command line arguments: Namespace(log_base=None, log_level=None, verb_name='build', build_base='build', install_base='install', merge_install=False, symlink_install=False, test_result_base=None, continue_on_error=False, executor='parallel', parallel_workers=16, event_handlers=None, ignore_user_meta=False, metas=['./colcon.meta'], base_paths=['/home/sangyuwan/lidar/src'], packages_ignore=None, packages_ignore_regex=None, paths=None, packages_up_to=None, packages_up_to_regex=None, packages_above=None, packages_above_and_dependencies=None, packages_above_depth=None, packages_select_by_dep=None, packages_skip_by_dep=None, packages_skip_up_to=None, packages_select_build_failed=False, packages_skip_build_finished=False, packages_select_test_failures=False, packages_skip_test_passed=False, packages_select=None, packages_skip=None, packages_select_regex=None, packages_skip_regex=None, packages_start=None, packages_end=None, allow_overriding=[], cmake_args=['-DROS_EDITION=ROS2', '-DDISTRO_ROS=humble', '-DLIVOX_LIDAR_SDK_ROOT=/home/sangyuwan/lidar/third_party/Livox-SDK2/install', '-DCMAKE_BUILD_TYPE=Release'], cmake_target=None, cmake_target_skip_unavailable=False, cmake_clean_cache=False, cmake_clean_first=False, cmake_force_configure=False, ament_cmake_args=None, catkin_cmake_args=None, catkin_skip_building_tests=False, verb_parser=<colcon_defaults.argument_parser.defaults.DefaultArgumentsDecorator object at 0x7835bd62f790>, verb_extension=<colcon_core.verb.build.BuildVerb object at 0x7835bd62f2b0>, main=<bound method BuildVerb.main of <colcon_core.verb.build.BuildVerb object at 0x7835bd62f2b0>>)
[0.157s] Level 1:colcon.colcon_core.package_discovery:discover_packages(colcon_meta) check parameters
[0.157s] Level 1:colcon.colcon_core.package_discovery:discover_packages(recursive) check parameters
[0.157s] Level 1:colcon.colcon_core.package_discovery:discover_packages(ignore) check parameters
[0.157s] Level 1:colcon.colcon_core.package_discovery:discover_packages(path) check parameters
[0.157s] Level 1:colcon.colcon_core.package_discovery:discover_packages(recursive) discover
[0.157s] INFO:colcon.colcon_core.package_discovery:Crawling recursively for packages in '/home/sangyuwan/lidar/src'
[0.157s] Level 1:colcon.colcon_core.package_identification:_identify(/home/sangyuwan/lidar/src) by extensions ['ignore', 'ignore_ament_install']
[0.157s] Level 1:colcon.colcon_core.package_identification:_identify(/home/sangyuwan/lidar/src) by extension 'ignore'
[0.157s] Level 1:colcon.colcon_core.package_identification:_identify(/home/sangyuwan/lidar/src) by extension 'ignore_ament_install'
[0.157s] Level 1:colcon.colcon_core.package_identification:_identify(/home/sangyuwan/lidar/src) by extensions ['colcon_pkg']
[0.157s] Level 1:colcon.colcon_core.package_identification:_identify(/home/sangyuwan/lidar/src) by extension 'colcon_pkg'
[0.157s] Level 1:colcon.colcon_core.package_identification:_identify(/home/sangyuwan/lidar/src) by extensions ['colcon_meta']
[0.157s] Level 1:colcon.colcon_core.package_identification:_identify(/home/sangyuwan/lidar/src) by extension 'colcon_meta'
[0.157s] Level 1:colcon.colcon_core.package_identification:_identify(/home/sangyuwan/lidar/src) by extensions ['ros']
[0.157s] Level 1:colcon.colcon_core.package_identification:_identify(/home/sangyuwan/lidar/src) by extension 'ros'
[0.165s] Level 1:colcon.colcon_core.package_identification:_identify(/home/sangyuwan/lidar/src) by extensions ['cmake', 'python']
[0.165s] Level 1:colcon.colcon_core.package_identification:_identify(/home/sangyuwan/lidar/src) by extension 'cmake'
[0.165s] Level 1:colcon.colcon_core.package_identification:_identify(/home/sangyuwan/lidar/src) by extension 'python'
[0.165s] Level 1:colcon.colcon_core.package_identification:_identify(/home/sangyuwan/lidar/src) by extensions ['python_setup_py']
[0.165s] Level 1:colcon.colcon_core.package_identification:_identify(/home/sangyuwan/lidar/src) by extension 'python_setup_py'
[0.165s] Level 1:colcon.colcon_core.package_identification:_identify(/home/sangyuwan/lidar/src/FAST_LIO) by extensions ['ignore', 'ignore_ament_install']
[0.165s] Level 1:colcon.colcon_core.package_identification:_identify(/home/sangyuwan/lidar/src/FAST_LIO) by extension 'ignore'
[0.165s] Level 1:colcon.colcon_core.package_identification:_identify(/home/sangyuwan/lidar/src/FAST_LIO) by extension 'ignore_ament_install'
[0.165s] Level 1:colcon.colcon_core.package_identification:_identify(/home/sangyuwan/lidar/src/FAST_LIO) by extensions ['colcon_pkg']
[0.165s] Level 1:colcon.colcon_core.package_identification:_identify(/home/sangyuwan/lidar/src/FAST_LIO) by extension 'colcon_pkg'
[0.165s] Level 1:colcon.colcon_core.package_identification:_identify(/home/sangyuwan/lidar/src/FAST_LIO) by extensions ['colcon_meta']
[0.165s] Level 1:colcon.colcon_core.package_identification:_identify(/home/sangyuwan/lidar/src/FAST_LIO) by extension 'colcon_meta'
[0.165s] Level 1:colcon.colcon_core.package_identification:_identify(/home/sangyuwan/lidar/src/FAST_LIO) by extensions ['ros']
[0.165s] Level 1:colcon.colcon_core.package_identification:_identify(/home/sangyuwan/lidar/src/FAST_LIO) by extension 'ros'
[0.167s] DEBUG:colcon.colcon_core.package_identification:Package '/home/sangyuwan/lidar/src/FAST_LIO' with type 'ros.ament_cmake' and name 'fast_lio'
[0.167s] Level 1:colcon.colcon_core.package_identification:_identify(/home/sangyuwan/lidar/src/lidar_bringup) by extensions ['ignore', 'ignore_ament_install']
[0.167s] Level 1:colcon.colcon_core.package_identification:_identify(/home/sangyuwan/lidar/src/lidar_bringup) by extension 'ignore'
[0.167s] Level 1:colcon.colcon_core.package_identification:_identify(/home/sangyuwan/lidar/src/lidar_bringup) by extension 'ignore_ament_install'
[0.167s] Level 1:colcon.colcon_core.package_identification:_identify(/home/sangyuwan/lidar/src/lidar_bringup) by extensions ['colcon_pkg']
[0.167s] Level 1:colcon.colcon_core.package_identification:_identify(/home/sangyuwan/lidar/src/lidar_bringup) by extension 'colcon_pkg'
[0.167s] Level 1:colcon.colcon_core.package_identification:_identify(/home/sangyuwan/lidar/src/lidar_bringup) by extensions ['colcon_meta']
[0.168s] Level 1:colcon.colcon_core.package_identification:_identify(/home/sangyuwan/lidar/src/lidar_bringup) by extension 'colcon_meta'
[0.168s] Level 1:colcon.colcon_core.package_identification:_identify(/home/sangyuwan/lidar/src/lidar_bringup) by extensions ['ros']
[0.168s] Level 1:colcon.colcon_core.package_identification:_identify(/home/sangyuwan/lidar/src/lidar_bringup) by extension 'ros'
[0.168s] DEBUG:colcon.colcon_core.package_identification:Package '/home/sangyuwan/lidar/src/lidar_bringup' with type 'ros.ament_cmake' and name 'lidar_bringup'
[0.168s] Level 1:colcon.colcon_core.package_identification:_identify(/home/sangyuwan/lidar/src/lidar_localization) by extensions ['ignore', 'ignore_ament_install']
[0.168s] Level 1:colcon.colcon_core.package_identification:_identify(/home/sangyuwan/lidar/src/lidar_localization) by extension 'ignore'
[0.168s] Level 1:colcon.colcon_core.package_identification:_identify(/home/sangyuwan/lidar/src/lidar_localization) by extension 'ignore_ament_install'
[0.168s] Level 1:colcon.colcon_core.package_identification:_identify(/home/sangyuwan/lidar/src/lidar_localization) by extensions ['colcon_pkg']
[0.168s] Level 1:colcon.colcon_core.package_identification:_identify(/home/sangyuwan/lidar/src/lidar_localization) by extension 'colcon_pkg'
[0.168s] Level 1:colcon.colcon_core.package_identification:_identify(/home/sangyuwan/lidar/src/lidar_localization) by extensions ['colcon_meta']
[0.168s] Level 1:colcon.colcon_core.package_identification:_identify(/home/sangyuwan/lidar/src/lidar_localization) by extension 'colcon_meta'
[0.168s] Level 1:colcon.colcon_core.package_identification:_identify(/home/sangyuwan/lidar/src/lidar_localization) by extensions ['ros']
[0.168s] Level 1:colcon.colcon_core.package_identification:_identify(/home/sangyuwan/lidar/src/lidar_localization) by extension 'ros'
[0.169s] DEBUG:colcon.colcon_core.package_identification:Package '/home/sangyuwan/lidar/src/lidar_localization' with type 'ros.ament_python' and name 'lidar_localization'
[0.169s] Level 1:colcon.colcon_core.package_identification:_identify(/home/sangyuwan/lidar/src/livox_ros_driver2) by extensions ['ignore', 'ignore_ament_install']
[0.169s] Level 1:colcon.colcon_core.package_identification:_identify(/home/sangyuwan/lidar/src/livox_ros_driver2) by extension 'ignore'
[0.169s] Level 1:colcon.colcon_core.package_identification:_identify(/home/sangyuwan/lidar/src/livox_ros_driver2) by extension 'ignore_ament_install'
[0.169s] Level 1:colcon.colcon_core.package_identification:_identify(/home/sangyuwan/lidar/src/livox_ros_driver2) by extensions ['colcon_pkg']
[0.169s] Level 1:colcon.colcon_core.package_identification:_identify(/home/sangyuwan/lidar/src/livox_ros_driver2) by extension 'colcon_pkg'
[0.169s] Level 1:colcon.colcon_core.package_identification:_identify(/home/sangyuwan/lidar/src/livox_ros_driver2) by extensions ['colcon_meta']
[0.169s] Level 1:colcon.colcon_core.package_identification:_identify(/home/sangyuwan/lidar/src/livox_ros_driver2) by extension 'colcon_meta'
[0.169s] Level 1:colcon.colcon_core.package_identification:_identify(/home/sangyuwan/lidar/src/livox_ros_driver2) by extensions ['ros']
[0.169s] Level 1:colcon.colcon_core.package_identification:_identify(/home/sangyuwan/lidar/src/livox_ros_driver2) by extension 'ros'
[0.170s] DEBUG:colcon.colcon_core.package_identification:Package '/home/sangyuwan/lidar/src/livox_ros_driver2' with type 'ros.ament_cmake' and name 'livox_ros_driver2'
[0.170s] Level 1:colcon.colcon_core.package_discovery:discover_packages(recursive) using defaults
[0.182s] Level 1:colcon.colcon_core.package_discovery:discover_packages(prefix_path) check parameters
[0.182s] Level 1:colcon.colcon_core.package_discovery:discover_packages(prefix_path) discover
[0.184s] DEBUG:colcon.colcon_installed_package_information.package_discovery:Found 273 installed packages in /opt/ros/humble
[0.195s] Level 1:colcon.colcon_core.package_discovery:discover_packages(prefix_path) using defaults
[0.217s] Level 5:colcon.colcon_core.verb:set package 'lidar_localization' build argument 'cmake_args' from command line to '['-DROS_EDITION=ROS2', '-DDISTRO_ROS=humble', '-DLIVOX_LIDAR_SDK_ROOT=/home/sangyuwan/lidar/third_party/Livox-SDK2/install', '-DCMAKE_BUILD_TYPE=Release']'
[0.217s] Level 5:colcon.colcon_core.verb:set package 'lidar_localization' build argument 'cmake_target' from command line to 'None'
[0.217s] Level 5:colcon.colcon_core.verb:set package 'lidar_localization' build argument 'cmake_target_skip_unavailable' from command line to 'False'
[0.217s] Level 5:colcon.colcon_core.verb:set package 'lidar_localization' build argument 'cmake_clean_cache' from command line to 'False'
[0.217s] Level 5:colcon.colcon_core.verb:set package 'lidar_localization' build argument 'cmake_clean_first' from command line to 'False'
[0.217s] Level 5:colcon.colcon_core.verb:set package 'lidar_localization' build argument 'cmake_force_configure' from command line to 'False'
[0.217s] Level 5:colcon.colcon_core.verb:set package 'lidar_localization' build argument 'ament_cmake_args' from command line to 'None'
[0.217s] Level 5:colcon.colcon_core.verb:set package 'lidar_localization' build argument 'catkin_cmake_args' from command line to 'None'
[0.217s] Level 5:colcon.colcon_core.verb:set package 'lidar_localization' build argument 'catkin_skip_building_tests' from command line to 'False'
[0.217s] DEBUG:colcon.colcon_core.verb:Building package 'lidar_localization' with the following arguments: {'ament_cmake_args': None, 'build_base': '/home/sangyuwan/lidar/build/lidar_localization', 'catkin_cmake_args': None, 'catkin_skip_building_tests': False, 'cmake_args': ['-DROS_EDITION=ROS2', '-DDISTRO_ROS=humble', '-DLIVOX_LIDAR_SDK_ROOT=/home/sangyuwan/lidar/third_party/Livox-SDK2/install', '-DCMAKE_BUILD_TYPE=Release'], 'cmake_clean_cache': False, 'cmake_clean_first': False, 'cmake_force_configure': False, 'cmake_target': None, 'cmake_target_skip_unavailable': False, 'install_base': '/home/sangyuwan/lidar/install/lidar_localization', 'merge_install': False, 'path': '/home/sangyuwan/lidar/src/lidar_localization', 'symlink_install': False, 'test_result_base': None}
[0.217s] Level 5:colcon.colcon_core.verb:set package 'livox_ros_driver2' build argument 'cmake_args' from command line to '['-DROS_EDITION=ROS2', '-DDISTRO_ROS=humble', '-DLIVOX_LIDAR_SDK_ROOT=/home/sangyuwan/lidar/third_party/Livox-SDK2/install', '-DCMAKE_BUILD_TYPE=Release']'
[0.217s] Level 5:colcon.colcon_core.verb:set package 'livox_ros_driver2' build argument 'cmake_target' from command line to 'None'
[0.217s] Level 5:colcon.colcon_core.verb:set package 'livox_ros_driver2' build argument 'cmake_target_skip_unavailable' from command line to 'False'
[0.217s] Level 5:colcon.colcon_core.verb:set package 'livox_ros_driver2' build argument 'cmake_clean_cache' from command line to 'False'
[0.217s] Level 5:colcon.colcon_core.verb:set package 'livox_ros_driver2' build argument 'cmake_clean_first' from command line to 'False'
[0.217s] Level 5:colcon.colcon_core.verb:set package 'livox_ros_driver2' build argument 'cmake_force_configure' from command line to 'False'
[0.217s] Level 5:colcon.colcon_core.verb:set package 'livox_ros_driver2' build argument 'ament_cmake_args' from command line to 'None'
[0.217s] Level 5:colcon.colcon_core.verb:set package 'livox_ros_driver2' build argument 'catkin_cmake_args' from command line to 'None'
[0.217s] Level 5:colcon.colcon_core.verb:set package 'livox_ros_driver2' build argument 'catkin_skip_building_tests' from command line to 'False'
[0.217s] DEBUG:colcon.colcon_core.verb:Building package 'livox_ros_driver2' with the following arguments: {'ament_cmake_args': None, 'build_base': '/home/sangyuwan/lidar/build/livox_ros_driver2', 'catkin_cmake_args': None, 'catkin_skip_building_tests': False, 'cmake_args': ['-DROS_EDITION=ROS2', '-DDISTRO_ROS=humble', '-DLIVOX_LIDAR_SDK_ROOT=/home/sangyuwan/lidar/third_party/Livox-SDK2/install', '-DCMAKE_BUILD_TYPE=Release'], 'cmake_clean_cache': False, 'cmake_clean_first': False, 'cmake_force_configure': False, 'cmake_target': None, 'cmake_target_skip_unavailable': False, 'install_base': '/home/sangyuwan/lidar/install/livox_ros_driver2', 'merge_install': False, 'path': '/home/sangyuwan/lidar/src/livox_ros_driver2', 'symlink_install': False, 'test_result_base': None}
[0.218s] Level 5:colcon.colcon_core.verb:set package 'fast_lio' build argument 'cmake_args' from command line to '['-DROS_EDITION=ROS2', '-DDISTRO_ROS=humble', '-DLIVOX_LIDAR_SDK_ROOT=/home/sangyuwan/lidar/third_party/Livox-SDK2/install', '-DCMAKE_BUILD_TYPE=Release']'
[0.218s] Level 5:colcon.colcon_core.verb:set package 'fast_lio' build argument 'cmake_target' from command line to 'None'
[0.218s] Level 5:colcon.colcon_core.verb:set package 'fast_lio' build argument 'cmake_target_skip_unavailable' from command line to 'False'
[0.218s] Level 5:colcon.colcon_core.verb:set package 'fast_lio' build argument 'cmake_clean_cache' from command line to 'False'
[0.218s] Level 5:colcon.colcon_core.verb:set package 'fast_lio' build argument 'cmake_clean_first' from command line to 'False'
[0.218s] Level 5:colcon.colcon_core.verb:set package 'fast_lio' build argument 'cmake_force_configure' from command line to 'False'
[0.218s] Level 5:colcon.colcon_core.verb:set package 'fast_lio' build argument 'ament_cmake_args' from command line to 'None'
[0.218s] Level 5:colcon.colcon_core.verb:set package 'fast_lio' build argument 'catkin_cmake_args' from command line to 'None'
[0.218s] Level 5:colcon.colcon_core.verb:set package 'fast_lio' build argument 'catkin_skip_building_tests' from command line to 'False'
[0.218s] DEBUG:colcon.colcon_core.verb:Building package 'fast_lio' with the following arguments: {'ament_cmake_args': None, 'build_base': '/home/sangyuwan/lidar/build/fast_lio', 'catkin_cmake_args': None, 'catkin_skip_building_tests': False, 'cmake_args': ['-DROS_EDITION=ROS2', '-DDISTRO_ROS=humble', '-DLIVOX_LIDAR_SDK_ROOT=/home/sangyuwan/lidar/third_party/Livox-SDK2/install', '-DCMAKE_BUILD_TYPE=Release'], 'cmake_clean_cache': False, 'cmake_clean_first': False, 'cmake_force_configure': False, 'cmake_target': None, 'cmake_target_skip_unavailable': False, 'install_base': '/home/sangyuwan/lidar/install/fast_lio', 'merge_install': False, 'path': '/home/sangyuwan/lidar/src/FAST_LIO', 'symlink_install': False, 'test_result_base': None}
[0.218s] Level 5:colcon.colcon_core.verb:set package 'lidar_bringup' build argument 'cmake_args' from command line to '['-DROS_EDITION=ROS2', '-DDISTRO_ROS=humble', '-DLIVOX_LIDAR_SDK_ROOT=/home/sangyuwan/lidar/third_party/Livox-SDK2/install', '-DCMAKE_BUILD_TYPE=Release']'
[0.218s] Level 5:colcon.colcon_core.verb:set package 'lidar_bringup' build argument 'cmake_target' from command line to 'None'
[0.218s] Level 5:colcon.colcon_core.verb:set package 'lidar_bringup' build argument 'cmake_target_skip_unavailable' from command line to 'False'
[0.218s] Level 5:colcon.colcon_core.verb:set package 'lidar_bringup' build argument 'cmake_clean_cache' from command line to 'False'
[0.218s] Level 5:colcon.colcon_core.verb:set package 'lidar_bringup' build argument 'cmake_clean_first' from command line to 'False'
[0.218s] Level 5:colcon.colcon_core.verb:set package 'lidar_bringup' build argument 'cmake_force_configure' from command line to 'False'
[0.218s] Level 5:colcon.colcon_core.verb:set package 'lidar_bringup' build argument 'ament_cmake_args' from command line to 'None'
[0.218s] Level 5:colcon.colcon_core.verb:set package 'lidar_bringup' build argument 'catkin_cmake_args' from command line to 'None'
[0.218s] Level 5:colcon.colcon_core.verb:set package 'lidar_bringup' build argument 'catkin_skip_building_tests' from command line to 'False'
[0.218s] DEBUG:colcon.colcon_core.verb:Building package 'lidar_bringup' with the following arguments: {'ament_cmake_args': None, 'build_base': '/home/sangyuwan/lidar/build/lidar_bringup', 'catkin_cmake_args': None, 'catkin_skip_building_tests': False, 'cmake_args': ['-DROS_EDITION=ROS2', '-DDISTRO_ROS=humble', '-DLIVOX_LIDAR_SDK_ROOT=/home/sangyuwan/lidar/third_party/Livox-SDK2/install', '-DCMAKE_BUILD_TYPE=Release'], 'cmake_clean_cache': False, 'cmake_clean_first': False, 'cmake_force_configure': False, 'cmake_target': None, 'cmake_target_skip_unavailable': False, 'install_base': '/home/sangyuwan/lidar/install/lidar_bringup', 'merge_install': False, 'path': '/home/sangyuwan/lidar/src/lidar_bringup', 'symlink_install': False, 'test_result_base': None}
[0.218s] INFO:colcon.colcon_core.executor:Executing jobs using 'parallel' executor
[0.219s] DEBUG:colcon.colcon_parallel_executor.executor.parallel:run_until_complete
[0.219s] INFO:colcon.colcon_ros.task.ament_cmake.build:Building ROS package in '/home/sangyuwan/lidar/src/livox_ros_driver2' with build type 'ament_cmake'
[0.219s] INFO:colcon.colcon_cmake.task.cmake.build:Building CMake package in '/home/sangyuwan/lidar/src/livox_ros_driver2'
[0.221s] INFO:colcon.colcon_core.plugin_system:Skipping extension 'colcon_core.shell.bat': Not used on non-Windows systems
[0.221s] INFO:colcon.colcon_core.shell:Skip shell extension 'powershell' for command environment: Not usable outside of PowerShell
[0.221s] DEBUG:colcon.colcon_core.shell:Skip shell extension 'dsv' for command environment
[0.223s] INFO:colcon.colcon_ros.task.ament_python.build:Building ROS package in '/home/sangyuwan/lidar/src/lidar_localization' with build type 'ament_python'
[0.223s] Level 1:colcon.colcon_core.shell:create_environment_hook('lidar_localization', 'ament_prefix_path')
[0.223s] INFO:colcon.colcon_core.shell:Creating environment hook '/home/sangyuwan/lidar/install/lidar_localization/share/lidar_localization/hook/ament_prefix_path.ps1'
[0.223s] INFO:colcon.colcon_core.shell:Creating environment descriptor '/home/sangyuwan/lidar/install/lidar_localization/share/lidar_localization/hook/ament_prefix_path.dsv'
[0.224s] INFO:colcon.colcon_core.shell:Creating environment hook '/home/sangyuwan/lidar/install/lidar_localization/share/lidar_localization/hook/ament_prefix_path.sh'
[0.224s] INFO:colcon.colcon_core.shell:Skip shell extension 'powershell' for command environment: Not usable outside of PowerShell
[0.224s] DEBUG:colcon.colcon_core.shell:Skip shell extension 'dsv' for command environment
[0.229s] DEBUG:colcon.colcon_core.event_handler.log_command:Invoking command in '/home/sangyuwan/lidar/build/livox_ros_driver2': CMAKE_PREFIX_PATH=/opt/ros/humble /usr/bin/cmake --build /home/sangyuwan/lidar/build/livox_ros_driver2 -- -j16 -l16
[0.374s] INFO:colcon.colcon_core.task.python.build:Building Python package in '/home/sangyuwan/lidar/src/lidar_localization'
[0.374s] INFO:colcon.colcon_core.shell:Skip shell extension 'powershell' for command environment: Not usable outside of PowerShell
[0.374s] DEBUG:colcon.colcon_core.shell:Skip shell extension 'dsv' for command environment
[0.586s] DEBUG:colcon.colcon_core.event_handler.log_command:Invoking command in '/home/sangyuwan/lidar/src/lidar_localization': PYTHONPATH=/home/sangyuwan/lidar/build/lidar_localization/prefix_override:/usr/lib/python3/dist-packages/colcon_core/task/python/colcon_distutils_commands:/home/sangyuwan/lidar/install/lidar_localization/lib/python3.10/site-packages:${PYTHONPATH} /usr/bin/python3 -W ignore:setup.py install is deprecated -W ignore:easy_install command is deprecated setup.py egg_info --egg-base ../../build/lidar_localization build --build-base /home/sangyuwan/lidar/build/lidar_localization/build install --record /home/sangyuwan/lidar/build/lidar_localization/install.log --single-version-externally-managed install_data
[0.758s] DEBUG:colcon.colcon_core.event_handler.log_command:Invoked command in '/home/sangyuwan/lidar/src/lidar_localization' returned '0': PYTHONPATH=/home/sangyuwan/lidar/build/lidar_localization/prefix_override:/usr/lib/python3/dist-packages/colcon_core/task/python/colcon_distutils_commands:/home/sangyuwan/lidar/install/lidar_localization/lib/python3.10/site-packages:${PYTHONPATH} /usr/bin/python3 -W ignore:setup.py install is deprecated -W ignore:easy_install command is deprecated setup.py egg_info --egg-base ../../build/lidar_localization build --build-base /home/sangyuwan/lidar/build/lidar_localization/build install --record /home/sangyuwan/lidar/build/lidar_localization/install.log --single-version-externally-managed install_data
[0.760s] Level 1:colcon.colcon_core.environment:checking '/home/sangyuwan/lidar/install/lidar_localization' for CMake module files
[0.760s] Level 1:colcon.colcon_core.environment:checking '/home/sangyuwan/lidar/install/lidar_localization' for CMake config files
[0.761s] Level 1:colcon.colcon_core.environment:checking '/home/sangyuwan/lidar/install/lidar_localization/lib'
[0.761s] Level 1:colcon.colcon_core.environment:checking '/home/sangyuwan/lidar/install/lidar_localization/bin'
[0.761s] Level 1:colcon.colcon_core.environment:checking '/home/sangyuwan/lidar/install/lidar_localization/lib/pkgconfig/lidar_localization.pc'
[0.761s] Level 1:colcon.colcon_core.environment:checking '/home/sangyuwan/lidar/install/lidar_localization/lib/python3.10/site-packages'
[0.762s] Level 1:colcon.colcon_core.shell:create_environment_hook('lidar_localization', 'pythonpath')
[0.762s] INFO:colcon.colcon_core.shell:Creating environment hook '/home/sangyuwan/lidar/install/lidar_localization/share/lidar_localization/hook/pythonpath.ps1'
[0.762s] INFO:colcon.colcon_core.shell:Creating environment descriptor '/home/sangyuwan/lidar/install/lidar_localization/share/lidar_localization/hook/pythonpath.dsv'
[0.762s] INFO:colcon.colcon_core.shell:Creating environment hook '/home/sangyuwan/lidar/install/lidar_localization/share/lidar_localization/hook/pythonpath.sh'
[0.763s] Level 1:colcon.colcon_core.environment:checking '/home/sangyuwan/lidar/install/lidar_localization/bin'
[0.763s] Level 1:colcon.colcon_core.environment:create_environment_scripts_only(lidar_localization)
[0.763s] INFO:colcon.colcon_core.shell:Creating package script '/home/sangyuwan/lidar/install/lidar_localization/share/lidar_localization/package.ps1'
[0.764s] INFO:colcon.colcon_core.shell:Creating package descriptor '/home/sangyuwan/lidar/install/lidar_localization/share/lidar_localization/package.dsv'
[0.764s] INFO:colcon.colcon_core.shell:Creating package script '/home/sangyuwan/lidar/install/lidar_localization/share/lidar_localization/package.sh'
[0.765s] INFO:colcon.colcon_core.shell:Creating package script '/home/sangyuwan/lidar/install/lidar_localization/share/lidar_localization/package.bash'
[0.765s] INFO:colcon.colcon_core.shell:Creating package script '/home/sangyuwan/lidar/install/lidar_localization/share/lidar_localization/package.zsh'
[0.766s] Level 1:colcon.colcon_core.environment:create_file_with_runtime_dependencies(/home/sangyuwan/lidar/install/lidar_localization/share/colcon-core/packages/lidar_localization)
[2.234s] DEBUG:colcon.colcon_core.event_handler.log_command:Invoked command in '/home/sangyuwan/lidar/build/livox_ros_driver2' returned '0': CMAKE_PREFIX_PATH=/opt/ros/humble /usr/bin/cmake --build /home/sangyuwan/lidar/build/livox_ros_driver2 -- -j16 -l16
[2.244s] DEBUG:colcon.colcon_core.event_handler.log_command:Invoking command in '/home/sangyuwan/lidar/build/livox_ros_driver2': CMAKE_PREFIX_PATH=/opt/ros/humble /usr/bin/cmake --install /home/sangyuwan/lidar/build/livox_ros_driver2
[2.286s] Level 1:colcon.colcon_core.environment:create_environment_scripts_only(livox_ros_driver2)
[2.287s] Level 1:colcon.colcon_core.environment:checking '/home/sangyuwan/lidar/install/livox_ros_driver2' for CMake module files
[2.287s] DEBUG:colcon.colcon_core.event_handler.log_command:Invoked command in '/home/sangyuwan/lidar/build/livox_ros_driver2' returned '0': CMAKE_PREFIX_PATH=/opt/ros/humble /usr/bin/cmake --install /home/sangyuwan/lidar/build/livox_ros_driver2
[2.287s] Level 1:colcon.colcon_core.environment:checking '/home/sangyuwan/lidar/install/livox_ros_driver2' for CMake config files
[2.288s] Level 1:colcon.colcon_core.shell:create_environment_hook('livox_ros_driver2', 'cmake_prefix_path')
[2.288s] INFO:colcon.colcon_core.shell:Creating environment hook '/home/sangyuwan/lidar/install/livox_ros_driver2/share/livox_ros_driver2/hook/cmake_prefix_path.ps1'
[2.289s] INFO:colcon.colcon_core.shell:Creating environment descriptor '/home/sangyuwan/lidar/install/livox_ros_driver2/share/livox_ros_driver2/hook/cmake_prefix_path.dsv'
[2.289s] INFO:colcon.colcon_core.shell:Creating environment hook '/home/sangyuwan/lidar/install/livox_ros_driver2/share/livox_ros_driver2/hook/cmake_prefix_path.sh'
[2.290s] Level 1:colcon.colcon_core.environment:checking '/home/sangyuwan/lidar/install/livox_ros_driver2/lib'
[2.290s] Level 1:colcon.colcon_core.shell:create_environment_hook('livox_ros_driver2', 'ld_library_path_lib')
[2.290s] INFO:colcon.colcon_core.shell:Creating environment hook '/home/sangyuwan/lidar/install/livox_ros_driver2/share/livox_ros_driver2/hook/ld_library_path_lib.ps1'
[2.290s] INFO:colcon.colcon_core.shell:Creating environment descriptor '/home/sangyuwan/lidar/install/livox_ros_driver2/share/livox_ros_driver2/hook/ld_library_path_lib.dsv'
[2.290s] INFO:colcon.colcon_core.shell:Creating environment hook '/home/sangyuwan/lidar/install/livox_ros_driver2/share/livox_ros_driver2/hook/ld_library_path_lib.sh'
[2.290s] Level 1:colcon.colcon_core.environment:checking '/home/sangyuwan/lidar/install/livox_ros_driver2/bin'
[2.290s] Level 1:colcon.colcon_core.environment:checking '/home/sangyuwan/lidar/install/livox_ros_driver2/lib/pkgconfig/livox_ros_driver2.pc'
[2.291s] Level 1:colcon.colcon_core.environment:checking '/home/sangyuwan/lidar/install/livox_ros_driver2/lib/python3.10/site-packages'
[2.291s] Level 1:colcon.colcon_core.environment:checking '/home/sangyuwan/lidar/install/livox_ros_driver2/bin'
[2.291s] INFO:colcon.colcon_core.shell:Creating package script '/home/sangyuwan/lidar/install/livox_ros_driver2/share/livox_ros_driver2/package.ps1'
[2.291s] INFO:colcon.colcon_core.shell:Creating package descriptor '/home/sangyuwan/lidar/install/livox_ros_driver2/share/livox_ros_driver2/package.dsv'
[2.292s] INFO:colcon.colcon_core.shell:Creating package script '/home/sangyuwan/lidar/install/livox_ros_driver2/share/livox_ros_driver2/package.sh'
[2.292s] INFO:colcon.colcon_core.shell:Creating package script '/home/sangyuwan/lidar/install/livox_ros_driver2/share/livox_ros_driver2/package.bash'
[2.292s] INFO:colcon.colcon_core.shell:Creating package script '/home/sangyuwan/lidar/install/livox_ros_driver2/share/livox_ros_driver2/package.zsh'
[2.292s] Level 1:colcon.colcon_core.environment:create_file_with_runtime_dependencies(/home/sangyuwan/lidar/install/livox_ros_driver2/share/colcon-core/packages/livox_ros_driver2)
[2.293s] Level 1:colcon.colcon_core.environment:create_environment_scripts_only(livox_ros_driver2)
[2.293s] Level 1:colcon.colcon_core.environment:checking '/home/sangyuwan/lidar/install/livox_ros_driver2' for CMake module files
[2.293s] Level 1:colcon.colcon_core.environment:checking '/home/sangyuwan/lidar/install/livox_ros_driver2' for CMake config files
[2.294s] Level 1:colcon.colcon_core.shell:create_environment_hook('livox_ros_driver2', 'cmake_prefix_path')
[2.294s] INFO:colcon.colcon_core.shell:Creating environment hook '/home/sangyuwan/lidar/install/livox_ros_driver2/share/livox_ros_driver2/hook/cmake_prefix_path.ps1'
[2.294s] INFO:colcon.colcon_core.shell:Creating environment descriptor '/home/sangyuwan/lidar/install/livox_ros_driver2/share/livox_ros_driver2/hook/cmake_prefix_path.dsv'
[2.294s] INFO:colcon.colcon_core.shell:Creating environment hook '/home/sangyuwan/lidar/install/livox_ros_driver2/share/livox_ros_driver2/hook/cmake_prefix_path.sh'
[2.295s] Level 1:colcon.colcon_core.environment:checking '/home/sangyuwan/lidar/install/livox_ros_driver2/lib'
[2.295s] Level 1:colcon.colcon_core.shell:create_environment_hook('livox_ros_driver2', 'ld_library_path_lib')
[2.295s] INFO:colcon.colcon_core.shell:Creating environment hook '/home/sangyuwan/lidar/install/livox_ros_driver2/share/livox_ros_driver2/hook/ld_library_path_lib.ps1'
[2.295s] INFO:colcon.colcon_core.shell:Creating environment descriptor '/home/sangyuwan/lidar/install/livox_ros_driver2/share/livox_ros_driver2/hook/ld_library_path_lib.dsv'
[2.295s] INFO:colcon.colcon_core.shell:Creating environment hook '/home/sangyuwan/lidar/install/livox_ros_driver2/share/livox_ros_driver2/hook/ld_library_path_lib.sh'
[2.295s] Level 1:colcon.colcon_core.environment:checking '/home/sangyuwan/lidar/install/livox_ros_driver2/bin'
[2.295s] Level 1:colcon.colcon_core.environment:checking '/home/sangyuwan/lidar/install/livox_ros_driver2/lib/pkgconfig/livox_ros_driver2.pc'
[2.295s] Level 1:colcon.colcon_core.environment:checking '/home/sangyuwan/lidar/install/livox_ros_driver2/lib/python3.10/site-packages'
[2.296s] Level 1:colcon.colcon_core.environment:checking '/home/sangyuwan/lidar/install/livox_ros_driver2/bin'
[2.296s] INFO:colcon.colcon_core.shell:Creating package script '/home/sangyuwan/lidar/install/livox_ros_driver2/share/livox_ros_driver2/package.ps1'
[2.296s] INFO:colcon.colcon_core.shell:Creating package descriptor '/home/sangyuwan/lidar/install/livox_ros_driver2/share/livox_ros_driver2/package.dsv'
[2.296s] INFO:colcon.colcon_core.shell:Creating package script '/home/sangyuwan/lidar/install/livox_ros_driver2/share/livox_ros_driver2/package.sh'
[2.297s] INFO:colcon.colcon_core.shell:Creating package script '/home/sangyuwan/lidar/install/livox_ros_driver2/share/livox_ros_driver2/package.bash'
[2.297s] INFO:colcon.colcon_core.shell:Creating package script '/home/sangyuwan/lidar/install/livox_ros_driver2/share/livox_ros_driver2/package.zsh'
[2.297s] Level 1:colcon.colcon_core.environment:create_file_with_runtime_dependencies(/home/sangyuwan/lidar/install/livox_ros_driver2/share/colcon-core/packages/livox_ros_driver2)
[2.297s] INFO:colcon.colcon_ros.task.ament_cmake.build:Building ROS package in '/home/sangyuwan/lidar/src/FAST_LIO' with build type 'ament_cmake'
[2.298s] INFO:colcon.colcon_cmake.task.cmake.build:Building CMake package in '/home/sangyuwan/lidar/src/FAST_LIO'
[2.298s] INFO:colcon.colcon_core.shell:Skip shell extension 'powershell' for command environment: Not usable outside of PowerShell
[2.298s] DEBUG:colcon.colcon_core.shell:Skip shell extension 'dsv' for command environment
[2.306s] DEBUG:colcon.colcon_core.event_handler.log_command:Invoking command in '/home/sangyuwan/lidar/build/fast_lio': AMENT_PREFIX_PATH=/home/sangyuwan/lidar/install/livox_ros_driver2:${AMENT_PREFIX_PATH} CMAKE_PREFIX_PATH=/home/sangyuwan/lidar/install/livox_ros_driver2:/opt/ros/humble LD_LIBRARY_PATH=/home/sangyuwan/lidar/install/livox_ros_driver2/lib:${LD_LIBRARY_PATH} PYTHONPATH=/home/sangyuwan/lidar/install/livox_ros_driver2/local/lib/python3.10/dist-packages:${PYTHONPATH} /usr/bin/cmake --build /home/sangyuwan/lidar/build/fast_lio -- -j16 -l16
[50.950s] DEBUG:colcon.colcon_core.event_handler.log_command:Invoked command in '/home/sangyuwan/lidar/build/fast_lio' returned '0': AMENT_PREFIX_PATH=/home/sangyuwan/lidar/install/livox_ros_driver2:${AMENT_PREFIX_PATH} CMAKE_PREFIX_PATH=/home/sangyuwan/lidar/install/livox_ros_driver2:/opt/ros/humble LD_LIBRARY_PATH=/home/sangyuwan/lidar/install/livox_ros_driver2/lib:${LD_LIBRARY_PATH} PYTHONPATH=/home/sangyuwan/lidar/install/livox_ros_driver2/local/lib/python3.10/dist-packages:${PYTHONPATH} /usr/bin/cmake --build /home/sangyuwan/lidar/build/fast_lio -- -j16 -l16
[50.952s] DEBUG:colcon.colcon_core.event_handler.log_command:Invoking command in '/home/sangyuwan/lidar/build/fast_lio': AMENT_PREFIX_PATH=/home/sangyuwan/lidar/install/livox_ros_driver2:${AMENT_PREFIX_PATH} CMAKE_PREFIX_PATH=/home/sangyuwan/lidar/install/livox_ros_driver2:/opt/ros/humble LD_LIBRARY_PATH=/home/sangyuwan/lidar/install/livox_ros_driver2/lib:${LD_LIBRARY_PATH} PYTHONPATH=/home/sangyuwan/lidar/install/livox_ros_driver2/local/lib/python3.10/dist-packages:${PYTHONPATH} /usr/bin/cmake --install /home/sangyuwan/lidar/build/fast_lio
[51.016s] Level 1:colcon.colcon_core.environment:create_environment_scripts_only(fast_lio)
[51.016s] Level 1:colcon.colcon_core.environment:checking '/home/sangyuwan/lidar/install/fast_lio' for CMake module files
[51.017s] DEBUG:colcon.colcon_core.event_handler.log_command:Invoked command in '/home/sangyuwan/lidar/build/fast_lio' returned '0': AMENT_PREFIX_PATH=/home/sangyuwan/lidar/install/livox_ros_driver2:${AMENT_PREFIX_PATH} CMAKE_PREFIX_PATH=/home/sangyuwan/lidar/install/livox_ros_driver2:/opt/ros/humble LD_LIBRARY_PATH=/home/sangyuwan/lidar/install/livox_ros_driver2/lib:${LD_LIBRARY_PATH} PYTHONPATH=/home/sangyuwan/lidar/install/livox_ros_driver2/local/lib/python3.10/dist-packages:${PYTHONPATH} /usr/bin/cmake --install /home/sangyuwan/lidar/build/fast_lio
[51.017s] Level 1:colcon.colcon_core.environment:checking '/home/sangyuwan/lidar/install/fast_lio' for CMake config files
[51.017s] Level 1:colcon.colcon_core.shell:create_environment_hook('fast_lio', 'cmake_prefix_path')
[51.018s] INFO:colcon.colcon_core.shell:Creating environment hook '/home/sangyuwan/lidar/install/fast_lio/share/fast_lio/hook/cmake_prefix_path.ps1'
[51.018s] INFO:colcon.colcon_core.shell:Creating environment descriptor '/home/sangyuwan/lidar/install/fast_lio/share/fast_lio/hook/cmake_prefix_path.dsv'
[51.018s] INFO:colcon.colcon_core.shell:Creating environment hook '/home/sangyuwan/lidar/install/fast_lio/share/fast_lio/hook/cmake_prefix_path.sh'
[51.019s] Level 1:colcon.colcon_core.environment:checking '/home/sangyuwan/lidar/install/fast_lio/lib'
[51.019s] Level 1:colcon.colcon_core.shell:create_environment_hook('fast_lio', 'ld_library_path_lib')
[51.019s] INFO:colcon.colcon_core.shell:Creating environment hook '/home/sangyuwan/lidar/install/fast_lio/share/fast_lio/hook/ld_library_path_lib.ps1'
[51.019s] INFO:colcon.colcon_core.shell:Creating environment descriptor '/home/sangyuwan/lidar/install/fast_lio/share/fast_lio/hook/ld_library_path_lib.dsv'
[51.019s] INFO:colcon.colcon_core.shell:Creating environment hook '/home/sangyuwan/lidar/install/fast_lio/share/fast_lio/hook/ld_library_path_lib.sh'
[51.020s] Level 1:colcon.colcon_core.environment:checking '/home/sangyuwan/lidar/install/fast_lio/bin'
[51.020s] Level 1:colcon.colcon_core.environment:checking '/home/sangyuwan/lidar/install/fast_lio/lib/pkgconfig/fast_lio.pc'
[51.020s] Level 1:colcon.colcon_core.environment:checking '/home/sangyuwan/lidar/install/fast_lio/lib/python3.10/site-packages'
[51.020s] Level 1:colcon.colcon_core.environment:checking '/home/sangyuwan/lidar/install/fast_lio/bin'
[51.020s] INFO:colcon.colcon_core.shell:Creating package script '/home/sangyuwan/lidar/install/fast_lio/share/fast_lio/package.ps1'
[51.021s] INFO:colcon.colcon_core.shell:Creating package descriptor '/home/sangyuwan/lidar/install/fast_lio/share/fast_lio/package.dsv'
[51.021s] INFO:colcon.colcon_core.shell:Creating package script '/home/sangyuwan/lidar/install/fast_lio/share/fast_lio/package.sh'
[51.021s] INFO:colcon.colcon_core.shell:Creating package script '/home/sangyuwan/lidar/install/fast_lio/share/fast_lio/package.bash'
[51.021s] INFO:colcon.colcon_core.shell:Creating package script '/home/sangyuwan/lidar/install/fast_lio/share/fast_lio/package.zsh'
[51.022s] Level 1:colcon.colcon_core.environment:create_file_with_runtime_dependencies(/home/sangyuwan/lidar/install/fast_lio/share/colcon-core/packages/fast_lio)
[51.022s] Level 1:colcon.colcon_core.environment:create_environment_scripts_only(fast_lio)
[51.022s] Level 1:colcon.colcon_core.environment:checking '/home/sangyuwan/lidar/install/fast_lio' for CMake module files
[51.023s] Level 1:colcon.colcon_core.environment:checking '/home/sangyuwan/lidar/install/fast_lio' for CMake config files
[51.023s] Level 1:colcon.colcon_core.shell:create_environment_hook('fast_lio', 'cmake_prefix_path')
[51.023s] INFO:colcon.colcon_core.shell:Creating environment hook '/home/sangyuwan/lidar/install/fast_lio/share/fast_lio/hook/cmake_prefix_path.ps1'
[51.023s] INFO:colcon.colcon_core.shell:Creating environment descriptor '/home/sangyuwan/lidar/install/fast_lio/share/fast_lio/hook/cmake_prefix_path.dsv'
[51.023s] INFO:colcon.colcon_core.shell:Creating environment hook '/home/sangyuwan/lidar/install/fast_lio/share/fast_lio/hook/cmake_prefix_path.sh'
[51.024s] Level 1:colcon.colcon_core.environment:checking '/home/sangyuwan/lidar/install/fast_lio/lib'
[51.024s] Level 1:colcon.colcon_core.shell:create_environment_hook('fast_lio', 'ld_library_path_lib')
[51.024s] INFO:colcon.colcon_core.shell:Creating environment hook '/home/sangyuwan/lidar/install/fast_lio/share/fast_lio/hook/ld_library_path_lib.ps1'
[51.024s] INFO:colcon.colcon_core.shell:Creating environment descriptor '/home/sangyuwan/lidar/install/fast_lio/share/fast_lio/hook/ld_library_path_lib.dsv'
[51.024s] INFO:colcon.colcon_core.shell:Creating environment hook '/home/sangyuwan/lidar/install/fast_lio/share/fast_lio/hook/ld_library_path_lib.sh'
[51.025s] Level 1:colcon.colcon_core.environment:checking '/home/sangyuwan/lidar/install/fast_lio/bin'
[51.025s] Level 1:colcon.colcon_core.environment:checking '/home/sangyuwan/lidar/install/fast_lio/lib/pkgconfig/fast_lio.pc'
[51.025s] Level 1:colcon.colcon_core.environment:checking '/home/sangyuwan/lidar/install/fast_lio/lib/python3.10/site-packages'
[51.025s] Level 1:colcon.colcon_core.environment:checking '/home/sangyuwan/lidar/install/fast_lio/bin'
[51.025s] INFO:colcon.colcon_core.shell:Creating package script '/home/sangyuwan/lidar/install/fast_lio/share/fast_lio/package.ps1'
[51.026s] INFO:colcon.colcon_core.shell:Creating package descriptor '/home/sangyuwan/lidar/install/fast_lio/share/fast_lio/package.dsv'
[51.026s] INFO:colcon.colcon_core.shell:Creating package script '/home/sangyuwan/lidar/install/fast_lio/share/fast_lio/package.sh'
[51.026s] INFO:colcon.colcon_core.shell:Creating package script '/home/sangyuwan/lidar/install/fast_lio/share/fast_lio/package.bash'
[51.026s] INFO:colcon.colcon_core.shell:Creating package script '/home/sangyuwan/lidar/install/fast_lio/share/fast_lio/package.zsh'
[51.027s] Level 1:colcon.colcon_core.environment:create_file_with_runtime_dependencies(/home/sangyuwan/lidar/install/fast_lio/share/colcon-core/packages/fast_lio)
[51.027s] INFO:colcon.colcon_ros.task.ament_cmake.build:Building ROS package in '/home/sangyuwan/lidar/src/lidar_bringup' with build type 'ament_cmake'
[51.027s] INFO:colcon.colcon_cmake.task.cmake.build:Building CMake package in '/home/sangyuwan/lidar/src/lidar_bringup'
[51.027s] INFO:colcon.colcon_core.shell:Skip shell extension 'powershell' for command environment: Not usable outside of PowerShell
[51.027s] DEBUG:colcon.colcon_core.shell:Skip shell extension 'dsv' for command environment
[51.039s] DEBUG:colcon.colcon_core.event_handler.log_command:Invoking command in '/home/sangyuwan/lidar/build/lidar_bringup': AMENT_PREFIX_PATH=/home/sangyuwan/lidar/install/fast_lio:/home/sangyuwan/lidar/install/livox_ros_driver2:/home/sangyuwan/lidar/install/lidar_localization:${AMENT_PREFIX_PATH} CMAKE_PREFIX_PATH=/home/sangyuwan/lidar/install/fast_lio:/home/sangyuwan/lidar/install/livox_ros_driver2:/opt/ros/humble LD_LIBRARY_PATH=/home/sangyuwan/lidar/install/fast_lio/lib:/home/sangyuwan/lidar/install/livox_ros_driver2/lib:${LD_LIBRARY_PATH} PYTHONPATH=/home/sangyuwan/lidar/install/fast_lio/local/lib/python3.10/dist-packages:/home/sangyuwan/lidar/install/livox_ros_driver2/local/lib/python3.10/dist-packages:/home/sangyuwan/lidar/install/lidar_localization/lib/python3.10/site-packages:${PYTHONPATH} /usr/bin/cmake --build /home/sangyuwan/lidar/build/lidar_bringup -- -j16 -l16
[51.213s] DEBUG:colcon.colcon_core.event_handler.log_command:Invoked command in '/home/sangyuwan/lidar/build/lidar_bringup' returned '0': AMENT_PREFIX_PATH=/home/sangyuwan/lidar/install/fast_lio:/home/sangyuwan/lidar/install/livox_ros_driver2:/home/sangyuwan/lidar/install/lidar_localization:${AMENT_PREFIX_PATH} CMAKE_PREFIX_PATH=/home/sangyuwan/lidar/install/fast_lio:/home/sangyuwan/lidar/install/livox_ros_driver2:/opt/ros/humble LD_LIBRARY_PATH=/home/sangyuwan/lidar/install/fast_lio/lib:/home/sangyuwan/lidar/install/livox_ros_driver2/lib:${LD_LIBRARY_PATH} PYTHONPATH=/home/sangyuwan/lidar/install/fast_lio/local/lib/python3.10/dist-packages:/home/sangyuwan/lidar/install/livox_ros_driver2/local/lib/python3.10/dist-packages:/home/sangyuwan/lidar/install/lidar_localization/lib/python3.10/site-packages:${PYTHONPATH} /usr/bin/cmake --build /home/sangyuwan/lidar/build/lidar_bringup -- -j16 -l16
[51.214s] DEBUG:colcon.colcon_core.event_handler.log_command:Invoking command in '/home/sangyuwan/lidar/build/lidar_bringup': AMENT_PREFIX_PATH=/home/sangyuwan/lidar/install/fast_lio:/home/sangyuwan/lidar/install/livox_ros_driver2:/home/sangyuwan/lidar/install/lidar_localization:${AMENT_PREFIX_PATH} CMAKE_PREFIX_PATH=/home/sangyuwan/lidar/install/fast_lio:/home/sangyuwan/lidar/install/livox_ros_driver2:/opt/ros/humble LD_LIBRARY_PATH=/home/sangyuwan/lidar/install/fast_lio/lib:/home/sangyuwan/lidar/install/livox_ros_driver2/lib:${LD_LIBRARY_PATH} PYTHONPATH=/home/sangyuwan/lidar/install/fast_lio/local/lib/python3.10/dist-packages:/home/sangyuwan/lidar/install/livox_ros_driver2/local/lib/python3.10/dist-packages:/home/sangyuwan/lidar/install/lidar_localization/lib/python3.10/site-packages:${PYTHONPATH} /usr/bin/cmake --install /home/sangyuwan/lidar/build/lidar_bringup
[51.223s] Level 1:colcon.colcon_core.environment:create_environment_scripts_only(lidar_bringup)
[51.224s] Level 1:colcon.colcon_core.environment:checking '/home/sangyuwan/lidar/install/lidar_bringup' for CMake module files
[51.224s] DEBUG:colcon.colcon_core.event_handler.log_command:Invoked command in '/home/sangyuwan/lidar/build/lidar_bringup' returned '0': AMENT_PREFIX_PATH=/home/sangyuwan/lidar/install/fast_lio:/home/sangyuwan/lidar/install/livox_ros_driver2:/home/sangyuwan/lidar/install/lidar_localization:${AMENT_PREFIX_PATH} CMAKE_PREFIX_PATH=/home/sangyuwan/lidar/install/fast_lio:/home/sangyuwan/lidar/install/livox_ros_driver2:/opt/ros/humble LD_LIBRARY_PATH=/home/sangyuwan/lidar/install/fast_lio/lib:/home/sangyuwan/lidar/install/livox_ros_driver2/lib:${LD_LIBRARY_PATH} PYTHONPATH=/home/sangyuwan/lidar/install/fast_lio/local/lib/python3.10/dist-packages:/home/sangyuwan/lidar/install/livox_ros_driver2/local/lib/python3.10/dist-packages:/home/sangyuwan/lidar/install/lidar_localization/lib/python3.10/site-packages:${PYTHONPATH} /usr/bin/cmake --install /home/sangyuwan/lidar/build/lidar_bringup
[51.224s] Level 1:colcon.colcon_core.environment:checking '/home/sangyuwan/lidar/install/lidar_bringup' for CMake config files
[51.225s] Level 1:colcon.colcon_core.shell:create_environment_hook('lidar_bringup', 'cmake_prefix_path')
[51.225s] INFO:colcon.colcon_core.shell:Creating environment hook '/home/sangyuwan/lidar/install/lidar_bringup/share/lidar_bringup/hook/cmake_prefix_path.ps1'
[51.225s] INFO:colcon.colcon_core.shell:Creating environment descriptor '/home/sangyuwan/lidar/install/lidar_bringup/share/lidar_bringup/hook/cmake_prefix_path.dsv'
[51.226s] INFO:colcon.colcon_core.shell:Creating environment hook '/home/sangyuwan/lidar/install/lidar_bringup/share/lidar_bringup/hook/cmake_prefix_path.sh'
[51.226s] Level 1:colcon.colcon_core.environment:checking '/home/sangyuwan/lidar/install/lidar_bringup/bin'
[51.226s] Level 1:colcon.colcon_core.environment:checking '/home/sangyuwan/lidar/install/lidar_bringup/lib/pkgconfig/lidar_bringup.pc'
[51.226s] Level 1:colcon.colcon_core.environment:checking '/home/sangyuwan/lidar/install/lidar_bringup/lib/python3.10/site-packages'
[51.227s] Level 1:colcon.colcon_core.environment:checking '/home/sangyuwan/lidar/install/lidar_bringup/bin'
[51.227s] INFO:colcon.colcon_core.shell:Creating package script '/home/sangyuwan/lidar/install/lidar_bringup/share/lidar_bringup/package.ps1'
[51.227s] INFO:colcon.colcon_core.shell:Creating package descriptor '/home/sangyuwan/lidar/install/lidar_bringup/share/lidar_bringup/package.dsv'
[51.228s] INFO:colcon.colcon_core.shell:Creating package script '/home/sangyuwan/lidar/install/lidar_bringup/share/lidar_bringup/package.sh'
[51.228s] INFO:colcon.colcon_core.shell:Creating package script '/home/sangyuwan/lidar/install/lidar_bringup/share/lidar_bringup/package.bash'
[51.228s] INFO:colcon.colcon_core.shell:Creating package script '/home/sangyuwan/lidar/install/lidar_bringup/share/lidar_bringup/package.zsh'
[51.229s] Level 1:colcon.colcon_core.environment:create_file_with_runtime_dependencies(/home/sangyuwan/lidar/install/lidar_bringup/share/colcon-core/packages/lidar_bringup)
[51.229s] Level 1:colcon.colcon_core.environment:create_environment_scripts_only(lidar_bringup)
[51.229s] Level 1:colcon.colcon_core.environment:checking '/home/sangyuwan/lidar/install/lidar_bringup' for CMake module files
[51.230s] Level 1:colcon.colcon_core.environment:checking '/home/sangyuwan/lidar/install/lidar_bringup' for CMake config files
[51.230s] Level 1:colcon.colcon_core.shell:create_environment_hook('lidar_bringup', 'cmake_prefix_path')
[51.230s] INFO:colcon.colcon_core.shell:Creating environment hook '/home/sangyuwan/lidar/install/lidar_bringup/share/lidar_bringup/hook/cmake_prefix_path.ps1'
[51.230s] INFO:colcon.colcon_core.shell:Creating environment descriptor '/home/sangyuwan/lidar/install/lidar_bringup/share/lidar_bringup/hook/cmake_prefix_path.dsv'
[51.230s] INFO:colcon.colcon_core.shell:Creating environment hook '/home/sangyuwan/lidar/install/lidar_bringup/share/lidar_bringup/hook/cmake_prefix_path.sh'
[51.231s] Level 1:colcon.colcon_core.environment:checking '/home/sangyuwan/lidar/install/lidar_bringup/bin'
[51.231s] Level 1:colcon.colcon_core.environment:checking '/home/sangyuwan/lidar/install/lidar_bringup/lib/pkgconfig/lidar_bringup.pc'
[51.231s] Level 1:colcon.colcon_core.environment:checking '/home/sangyuwan/lidar/install/lidar_bringup/lib/python3.10/site-packages'
[51.231s] Level 1:colcon.colcon_core.environment:checking '/home/sangyuwan/lidar/install/lidar_bringup/bin'
[51.231s] INFO:colcon.colcon_core.shell:Creating package script '/home/sangyuwan/lidar/install/lidar_bringup/share/lidar_bringup/package.ps1'
[51.232s] INFO:colcon.colcon_core.shell:Creating package descriptor '/home/sangyuwan/lidar/install/lidar_bringup/share/lidar_bringup/package.dsv'
[51.232s] INFO:colcon.colcon_core.shell:Creating package script '/home/sangyuwan/lidar/install/lidar_bringup/share/lidar_bringup/package.sh'
[51.232s] INFO:colcon.colcon_core.shell:Creating package script '/home/sangyuwan/lidar/install/lidar_bringup/share/lidar_bringup/package.bash'
[51.232s] INFO:colcon.colcon_core.shell:Creating package script '/home/sangyuwan/lidar/install/lidar_bringup/share/lidar_bringup/package.zsh'
[51.233s] Level 1:colcon.colcon_core.environment:create_file_with_runtime_dependencies(/home/sangyuwan/lidar/install/lidar_bringup/share/colcon-core/packages/lidar_bringup)
[51.233s] DEBUG:colcon.colcon_parallel_executor.executor.parallel:closing loop
[51.233s] DEBUG:colcon.colcon_parallel_executor.executor.parallel:loop closed
[51.233s] DEBUG:colcon.colcon_parallel_executor.executor.parallel:run_until_complete finished with '0'
[51.233s] DEBUG:colcon.colcon_core.event_reactor:joining thread
[51.238s] INFO:colcon.colcon_core.plugin_system:Skipping extension 'colcon_notification.desktop_notification.terminal_notifier': Not used on non-Darwin systems
[51.239s] INFO:colcon.colcon_core.plugin_system:Skipping extension 'colcon_notification.desktop_notification.win32': Not used on non-Windows systems
[51.239s] INFO:colcon.colcon_notification.desktop_notification:Sending desktop notification using 'notify2'
[51.247s] DEBUG:colcon.colcon_core.event_reactor:joined thread
[51.247s] INFO:colcon.colcon_core.shell:Creating prefix script '/home/sangyuwan/lidar/install/local_setup.ps1'
[51.249s] INFO:colcon.colcon_core.shell:Creating prefix util module '/home/sangyuwan/lidar/install/_local_setup_util_ps1.py'
[51.250s] INFO:colcon.colcon_core.shell:Creating prefix chain script '/home/sangyuwan/lidar/install/setup.ps1'
[51.250s] INFO:colcon.colcon_core.shell:Creating prefix script '/home/sangyuwan/lidar/install/local_setup.sh'
[51.251s] INFO:colcon.colcon_core.shell:Creating prefix util module '/home/sangyuwan/lidar/install/_local_setup_util_sh.py'
[51.251s] INFO:colcon.colcon_core.shell:Creating prefix chain script '/home/sangyuwan/lidar/install/setup.sh'
[51.252s] INFO:colcon.colcon_core.shell:Creating prefix script '/home/sangyuwan/lidar/install/local_setup.bash'
[51.252s] INFO:colcon.colcon_core.shell:Creating prefix chain script '/home/sangyuwan/lidar/install/setup.bash'
[51.252s] INFO:colcon.colcon_core.shell:Creating prefix script '/home/sangyuwan/lidar/install/local_setup.zsh'
[51.253s] INFO:colcon.colcon_core.shell:Creating prefix chain script '/home/sangyuwan/lidar/install/setup.zsh'
