[0.007s] Invoking command in '/home/sangyuwan/lidar/build/fast_lio': AMENT_PREFIX_PATH=/home/sangyuwan/lidar/install/livox_ros_driver2:${AMENT_PREFIX_PATH} CMAKE_PREFIX_PATH=/home/sangyuwan/lidar/install/livox_ros_driver2:/opt/ros/humble LD_LIBRARY_PATH=/home/sangyuwan/lidar/install/livox_ros_driver2/lib:${LD_LIBRARY_PATH} PYTHONPATH=/home/sangyuwan/lidar/install/livox_ros_driver2/local/lib/python3.10/dist-packages:${PYTHONPATH} /usr/bin/cmake /home/sangyuwan/lidar/src/FAST_LIO -DROS_EDITION=ROS2 -DDISTRO_ROS=humble -DLIVOX_LIDAR_SDK_ROOT=/home/sangyuwan/lidar/third_party/Livox-SDK2/install -DCMAKE_BUILD_TYPE=Release -DCMAKE_INSTALL_PREFIX=/home/sangyuwan/lidar/install/fast_lio
[0.059s] -- The C compiler identification is GNU 12.3.0
[0.101s] -- The CXX compiler identification is GNU 11.4.0
[0.108s] -- Detecting C compiler ABI info
[0.172s] -- Detecting C compiler ABI info - done
[0.176s] -- Check for working C compiler: /usr/bin/cc - skipped
[0.176s] -- Detecting C compile features
[0.177s] -- Detecting C compile features - done
[0.179s] -- Detecting CXX compiler ABI info
[0.244s] -- Detecting CXX compiler ABI info - done
[0.250s] -- Check for working CXX compiler: /usr/bin/c++ - skipped
[0.250s] -- Detecting CXX compile features
[0.250s] -- Detecting CXX compile features - done
[0.251s] Current CPU archtecture: x86_64
[0.257s] Processer number:  16
[0.258s] core for MP: 3
[0.550s] -- Found PythonLibs: /usr/lib/x86_64-linux-gnu/libpython3.10.so (found version "3.10.12") 
[0.552s] -- Found ament_cmake: 1.3.14 (/opt/ros/humble/share/ament_cmake/cmake)
[0.657s] -- Found Python3: /usr/bin/python3 (found version "3.10.12") found components: Interpreter 
[0.716s] -- Found rclcpp: 16.0.19 (/opt/ros/humble/share/rclcpp/cmake)
[0.737s] -- Found rosidl_generator_c: 3.1.8 (/opt/ros/humble/share/rosidl_generator_c/cmake)
[0.739s] -- Found rosidl_adapter: 3.1.8 (/opt/ros/humble/share/rosidl_adapter/cmake)
[0.744s] -- Found rosidl_generator_cpp: 3.1.8 (/opt/ros/humble/share/rosidl_generator_cpp/cmake)
[0.750s] -- Using all available rosidl_typesupport_c: rosidl_typesupport_fastrtps_c;rosidl_typesupport_introspection_c
[0.759s] -- Using all available rosidl_typesupport_cpp: rosidl_typesupport_fastrtps_cpp;rosidl_typesupport_introspection_cpp
[0.784s] -- Found rmw_implementation_cmake: 6.1.2 (/opt/ros/humble/share/rmw_implementation_cmake/cmake)
[0.785s] -- Found rmw_fastrtps_cpp: 6.2.10 (/opt/ros/humble/share/rmw_fastrtps_cpp/cmake)
[0.852s] -- Found OpenSSL: /usr/lib/x86_64-linux-gnu/libcrypto.so (found version "3.0.2")  
[0.869s] -- Found FastRTPS: /opt/ros/humble/include  
[0.897s] -- Using RMW implementation 'rmw_fastrtps_cpp' as default
[0.901s] -- Looking for pthread.h
[0.966s] -- Looking for pthread.h - found
[0.966s] -- Performing Test CMAKE_HAVE_LIBC_PTHREAD
[1.031s] -- Performing Test CMAKE_HAVE_LIBC_PTHREAD - Success
[1.032s] -- Found Threads: TRUE  
[1.062s] -- Found rclcpp_components: 16.0.19 (/opt/ros/humble/share/rclcpp_components/cmake)
[1.079s] -- Found geometry_msgs: 4.9.1 (/opt/ros/humble/share/geometry_msgs/cmake)
[1.089s] -- Found nav_msgs: 4.9.1 (/opt/ros/humble/share/nav_msgs/cmake)
[1.102s] -- Found sensor_msgs: 4.9.1 (/opt/ros/humble/share/sensor_msgs/cmake)
[1.112s] -- Found std_srvs: 4.9.1 (/opt/ros/humble/share/std_srvs/cmake)
[1.122s] -- Found visualization_msgs: 4.9.1 (/opt/ros/humble/share/visualization_msgs/cmake)
[1.143s] CMake Error at CMakeLists.txt:60 (find_package):
[1.143s]   By not providing "Findpcl_ros.cmake" in CMAKE_MODULE_PATH this project has
[1.143s]   asked CMake to find a package configuration file provided by "pcl_ros", but
[1.143s]   CMake did not find one.
[1.143s] 
[1.143s]   Could not find a package configuration file provided by "pcl_ros" with any
[1.143s]   of the following names:
[1.144s] 
[1.144s]     pcl_rosConfig.cmake
[1.144s]     pcl_ros-config.cmake
[1.144s] 
[1.144s]   Add the installation prefix of "pcl_ros" to CMAKE_PREFIX_PATH or set
[1.144s]   "pcl_ros_DIR" to a directory containing one of the above files.  If
[1.144s]   "pcl_ros" provides a separate development package or SDK, be sure it has
[1.144s]   been installed.
[1.144s] 
[1.144s] 
[1.144s] -- Configuring incomplete, errors occurred!
[1.144s] See also "/home/sangyuwan/lidar/build/fast_lio/CMakeFiles/CMakeOutput.log".
[1.151s] Invoked command in '/home/sangyuwan/lidar/build/fast_lio' returned '1': AMENT_PREFIX_PATH=/home/sangyuwan/lidar/install/livox_ros_driver2:${AMENT_PREFIX_PATH} CMAKE_PREFIX_PATH=/home/sangyuwan/lidar/install/livox_ros_driver2:/opt/ros/humble LD_LIBRARY_PATH=/home/sangyuwan/lidar/install/livox_ros_driver2/lib:${LD_LIBRARY_PATH} PYTHONPATH=/home/sangyuwan/lidar/install/livox_ros_driver2/local/lib/python3.10/dist-packages:${PYTHONPATH} /usr/bin/cmake /home/sangyuwan/lidar/src/FAST_LIO -DROS_EDITION=ROS2 -DDISTRO_ROS=humble -DLIVOX_LIDAR_SDK_ROOT=/home/sangyuwan/lidar/third_party/Livox-SDK2/install -DCMAKE_BUILD_TYPE=Release -DCMAKE_INSTALL_PREFIX=/home/sangyuwan/lidar/install/fast_lio
